[0.677s] Invoking command in '/home/psh/py_bt_ros/src/yolo_ros/yolo_ros': AMENT_PREFIX_PATH=/home/psh/py_bt_ros/install/yolo_msgs:${AMENT_PREFIX_PATH} CMAKE_PREFIX_PATH=/home/psh/py_bt_ros/install/yolo_msgs:${CMAKE_PREFIX_PATH} LD_LIBRARY_PATH=/home/psh/py_bt_ros/install/yolo_msgs/lib:${LD_LIBRARY_PATH} PYTHONPATH=/home/psh/py_bt_ros/build/yolo_ros/prefix_override:/usr/lib/python3/dist-packages/colcon_core/task/python/colcon_distutils_commands:/home/psh/py_bt_ros/install/yolo_ros/lib/python3.10/site-packages:/home/psh/py_bt_ros/install/yolo_msgs/local/lib/python3.10/dist-packages:${PYTHONPATH} /usr/bin/python3 -W ignore:setup.py install is deprecated -W ignore:easy_install command is deprecated setup.py egg_info --egg-base ../../../build/yolo_ros build --build-base /home/psh/py_bt_ros/build/yolo_ros/build install --record /home/psh/py_bt_ros/build/yolo_ros/install.log --single-version-externally-managed install_data
[0.951s] running egg_info
[0.951s] writing ../../../build/yolo_ros/yolo_ros.egg-info/PKG-INFO
[0.952s] writing dependency_links to ../../../build/yolo_ros/yolo_ros.egg-info/dependency_links.txt
[0.952s] writing entry points to ../../../build/yolo_ros/yolo_ros.egg-info/entry_points.txt
[0.952s] writing requirements to ../../../build/yolo_ros/yolo_ros.egg-info/requires.txt
[0.952s] writing top-level names to ../../../build/yolo_ros/yolo_ros.egg-info/top_level.txt
[0.954s] reading manifest file '../../../build/yolo_ros/yolo_ros.egg-info/SOURCES.txt'
[0.955s] writing manifest file '../../../build/yolo_ros/yolo_ros.egg-info/SOURCES.txt'
[0.955s] running build
[0.955s] running build_py
[0.955s] running install
[0.956s] running install_lib
[0.957s] running install_data
[0.957s] running install_egg_info
[0.959s] removing '/home/psh/py_bt_ros/install/yolo_ros/lib/python3.10/site-packages/yolo_ros-0.0.0-py3.10.egg-info' (and everything under it)
[0.959s] Copying ../../../build/yolo_ros/yolo_ros.egg-info to /home/psh/py_bt_ros/install/yolo_ros/lib/python3.10/site-packages/yolo_ros-0.0.0-py3.10.egg-info
[0.960s] running install_scripts
[0.982s] Installing debug_node script to /home/psh/py_bt_ros/install/yolo_ros/lib/yolo_ros
[0.982s] Installing detect_3d_node script to /home/psh/py_bt_ros/install/yolo_ros/lib/yolo_ros
[0.983s] Installing tracking_node script to /home/psh/py_bt_ros/install/yolo_ros/lib/yolo_ros
[0.983s] Installing yolo_node script to /home/psh/py_bt_ros/install/yolo_ros/lib/yolo_ros
[0.983s] writing list of installed files to '/home/psh/py_bt_ros/build/yolo_ros/install.log'
[1.012s] Invoked command in '/home/psh/py_bt_ros/src/yolo_ros/yolo_ros' returned '0': AMENT_PREFIX_PATH=/home/psh/py_bt_ros/install/yolo_msgs:${AMENT_PREFIX_PATH} CMAKE_PREFIX_PATH=/home/psh/py_bt_ros/install/yolo_msgs:${CMAKE_PREFIX_PATH} LD_LIBRARY_PATH=/home/psh/py_bt_ros/install/yolo_msgs/lib:${LD_LIBRARY_PATH} PYTHONPATH=/home/psh/py_bt_ros/build/yolo_ros/prefix_override:/usr/lib/python3/dist-packages/colcon_core/task/python/colcon_distutils_commands:/home/psh/py_bt_ros/install/yolo_ros/lib/python3.10/site-packages:/home/psh/py_bt_ros/install/yolo_msgs/local/lib/python3.10/dist-packages:${PYTHONPATH} /usr/bin/python3 -W ignore:setup.py install is deprecated -W ignore:easy_install command is deprecated setup.py egg_info --egg-base ../../../build/yolo_ros build --build-base /home/psh/py_bt_ros/build/yolo_ros/build install --record /home/psh/py_bt_ros/build/yolo_ros/install.log --single-version-externally-managed install_data
