[0.000000] (-) TimerEvent: {}
[0.000269] (-) JobUnselected: {'identifier': 'yolo_bringup'}
[0.000551] (-) JobUnselected: {'identifier': 'yolo_msgs'}
[0.000582] (-) JobUnselected: {'identifier': 'yolo_ros'}
[0.000740] (instant_messaging_interfaces) JobQueued: {'identifier': 'instant_messaging_interfaces', 'dependencies': OrderedDict()}
[0.000924] (telegram_ros2) JobQueued: {'identifier': 'telegram_ros2', 'dependencies': OrderedDict([('instant_messaging_interfaces', '/home/psh/py_bt_ros/install/instant_messaging_interfaces')])}
[0.001010] (instant_messaging_interfaces) JobStarted: {'identifier': 'instant_messaging_interfaces'}
[0.013420] (instant_messaging_interfaces) JobProgress: {'identifier': 'instant_messaging_interfaces', 'progress': 'cmake'}
[0.014449] (instant_messaging_interfaces) JobProgress: {'identifier': 'instant_messaging_interfaces', 'progress': 'build'}
[0.015682] (instant_messaging_interfaces) Command: {'cmd': ['/usr/bin/cmake', '--build', '/home/psh/py_bt_ros/build/instant_messaging_interfaces', '--', '-j22', '-l22'], 'cwd': '/home/psh/py_bt_ros/build/instant_messaging_interfaces', 'env': OrderedDict([('LESSOPEN', '| /usr/bin/lesspipe %s'), ('VSCODE_CWD', '/home/psh/py_bt_ros'), ('VSCODE_ESM_ENTRYPOINT', 'vs/workbench/api/node/extensionHostProcess'), ('LANGUAGE', 'en_US:en'), ('USER', 'psh'), ('LC_TIME', 'en_US.UTF-8'), ('VSCODE_NLS_CONFIG', '{"userLocale":"en-us","osLocale":"en-us","resolvedLanguage":"en","defaultMessagesFile":"/usr/share/cursor/resources/app/out/nls.messages.json","locale":"en-us","availableLanguages":{}}'), ('VSCODE_HANDLES_UNCAUGHT_ERRORS', 'true'), ('XDG_SESSION_TYPE', 'wayland'), ('__GLX_VENDOR_LIBRARY_NAME', 'nvidia'), ('SHLVL', '2'), ('LIBGL_ALWAYS_SOFTWARE', '0'), ('LD_LIBRARY_PATH', '/home/psh/wego_ws/install/slam_toolbox/lib:/home/psh/wego_ws/install/orbbec_camera/lib:/home/psh/wego_ws/install/orbbec_camera_msgs/lib:/home/psh/wego_ws/install/limo_msgs/lib:/usr/lib/x86_64-linux-gnu/gazebo-11/plugins:/opt/ros/humble/opt/rviz_ogre_vendor/lib:/opt/ros/humble/lib/x86_64-linux-gnu:/opt/ros/humble/lib'), ('HOME', '/home/psh'), ('CHROME_DESKTOP', 'cursor.desktop'), ('OLDPWD', '/home/psh/py_bt_ros'), ('DESKTOP_SESSION', 'ubuntu'), ('VSCODE_IPC_HOOK', '/run/user/1000/vscode-e94409fa-2.1.-main.sock'), ('ROS_PYTHON_VERSION', '3'), ('GNOME_SHELL_SESSION_MODE', 'ubuntu'), ('GTK_MODULES', 'gail:atk-bridge'), ('LC_MONETARY', 'en_US.UTF-8'), ('MANAGERPID', '2147'), ('SYSTEMD_EXEC_PID', '3012'), ('NO_COLOR', '1'), ('DBUS_SESSION_BUS_ADDRESS', 'unix:path=/run/user/1000/bus'), ('COLORTERM', 'truecolor'), ('TERMINATOR_DBUS_NAME', 'net.tenshu.Terminator25ef4b219e3b005583550f2b0f9f990c3'), ('GIO_LAUNCHED_DESKTOP_FILE_PID', '3820'), ('VSCODE_CRASH_REPORTER_PROCESS_TYPE', 'extensionHost'), ('WAYLAND_DISPLAY', 'wayland-0'), ('COLCON_PREFIX_PATH', '/home/psh/wego_ws/install'), ('ROS_DISTRO', 'humble'), ('GTK_IM_MODULE', 'ibus'), ('LOGNAME', 'psh'), ('FORCE_COLOR', '0'), ('__VK_LAYER_NV_optimus', 'NVIDIA_only'), ('JOURNAL_STREAM', '8:695'), ('_', '/usr/bin/colcon'), ('ROS_VERSION', '2'), ('XDG_SESSION_CLASS', 'user'), ('USERNAME', 'psh'), ('TERM', 'dumb'), ('GNOME_DESKTOP_SESSION_ID', 'this-is-deprecated'), ('ROS_LOCALHOST_ONLY', '0'), ('COMPOSER_NO_INTERACTION', '1'), ('PATH', '/home/psh/.local/bin:/home/psh/bin:/home/psh/bin:/home/psh/wego_ws/install/ydlidar_sdk/bin:/home/psh/bin:/opt/ros/humble/bin:/home/psh/.local/bin:/home/psh/bin:/usr/local/sbin:/usr/local/bin:/usr/sbin:/usr/bin:/sbin:/bin:/usr/games:/usr/local/games:/snap/bin:/snap/bin'), ('SESSION_MANAGER', 'local/psh-960xgl:@/tmp/.ICE-unix/2739,unix/psh-960xgl:/tmp/.ICE-unix/2739'), ('INVOCATION_ID', '48a22a4b4ef04180be8f5818f20cbdf0'), ('PAPERSIZE', 'letter'), ('XDG_MENU_PREFIX', 'gnome-'), ('LC_ADDRESS', 'en_US.UTF-8'), ('VSCODE_PROCESS_TITLE', 'extension-host  [1-1]'), ('GNOME_SETUP_DISPLAY', ':1'), ('XDG_RUNTIME_DIR', '/run/user/1000'), ('GDK_BACKEND', 'x11'), ('CURSOR_AGENT', '1'), ('DISPLAY', ':0'), ('TERMINATOR_DBUS_PATH', '/net/tenshu/Terminator2'), ('LANG', 'en_US.UTF-8'), ('XDG_CURRENT_DESKTOP', 'Unity'), ('IBUS_DISABLE_SNOOPER', '1'), ('LC_TELEPHONE', 'en_US.UTF-8'), ('__NV_PRIME_RENDER_OFFLOAD', '1'), ('RMW_IMPLEMENTATION', 'rmw_cyclonedds_cpp'), ('XMODIFIERS', '@im=ibus'), ('XDG_SESSION_DESKTOP', 'ubuntu'), ('XAUTHORITY', '/run/user/1000/.mutter-Xwaylandauth.283VG3'), ('LS_COLORS', ''), ('CURSOR_TRACE_ID', 'c400e13517da406e827211ee0df4e196'), ('SSH_AGENT_LAUNCHER', 'gnome-keyring'), ('SSH_AUTH_SOCK', '/run/user/1000/keyring/ssh'), ('ROS_DOMAIN_ID', '30'), ('AMENT_PREFIX_PATH', '/home/psh/wego_ws/install/ydlidar_ros2_driver:/home/psh/wego_ws/install/slam_toolbox:/home/psh/wego_ws/install/orbbec_description:/home/psh/wego_ws/install/orbbec_camera:/home/psh/wego_ws/install/orbbec_camera_msgs:/home/psh/wego_ws/install/limo_base:/home/psh/wego_ws/install/limo_msgs:/home/psh/wego_ws/install/limo_description:/home/psh/wego_ws/install/limo_car:/opt/ros/humble'), ('CURSOR_CLI_MODE', 'local'), ('ORIGINAL_XDG_CURRENT_DESKTOP', 'ubuntu:GNOME'), ('SHELL', '/bin/bash'), ('LC_NAME', 'en_US.UTF-8'), ('TERMINATOR_UUID', 'urn:uuid:52b8a75d-6185-4f91-8ad5-25ad2ac5a67e'), ('QT_ACCESSIBILITY', '1'), ('CURSOR_CLI', 'ELECTRON_RUN_AS_NODE=1 "/usr/share/cursor/bin/../cursor" "/usr/share/cursor/bin/../resources/app/out/cli.js"'), ('GDMSESSION', 'ubuntu'), ('LESSCLOSE', '/usr/bin/lesspipe %s %s'), ('LC_MEASUREMENT', 'en_US.UTF-8'), ('LC_IDENTIFICATION', 'en_US.UTF-8'), ('DRI_PRIME', '1'), ('QT_IM_MODULE', 'ibus'), ('PWD', '/home/psh/py_bt_ros/build/instant_messaging_interfaces'), ('VSCODE_CLI', '1'), ('LC_ALL', 'en_US.UTF-8'), ('XDG_CONFIG_DIRS', '/etc/xdg/xdg-ubuntu:/etc/xdg'), ('VSCODE_CODE_CACHE_PATH', '/home/psh/.config/Cursor/CachedData/60d42bed27e5775c43ec0428d8c653c49e58e260'), ('XDG_DATA_DIRS', '/usr/share/ubuntu:/usr/local/share/:/usr/share/:/var/lib/snapd/desktop'), ('PYTHONPATH', '/home/psh/wego_ws/install/slam_toolbox/local/lib/python3.10/dist-packages:/home/psh/wego_ws/install/orbbec_camera_msgs/local/lib/python3.10/dist-packages:/home/psh/wego_ws/install/limo_msgs/local/lib/python3.10/dist-packages:/opt/ros/humble/lib/python3.10/site-packages:/opt/ros/humble/local/lib/python3.10/dist-packages'), ('LC_NUMERIC', 'en_US.UTF-8'), ('LC_PAPER', 'en_US.UTF-8'), ('COLCON', '1'), ('_ZO_DOCTOR', '0'), ('VTE_VERSION', '6800'), ('ELECTRON_NO_ATTACH_CONSOLE', '1'), ('CMAKE_PREFIX_PATH', '/home/psh/wego_ws/install/ydlidar_sdk:/home/psh/wego_ws/install/ydlidar_ros2_driver:/home/psh/wego_ws/install/slam_toolbox:/home/psh/wego_ws/install/orbbec_description:/home/psh/wego_ws/install/orbbec_camera:/home/psh/wego_ws/install/orbbec_camera_msgs:/home/psh/wego_ws/install/limo_base:/home/psh/wego_ws/install/limo_msgs:/home/psh/wego_ws/install/limo_description:/home/psh/wego_ws/install/limo_car:/opt/ros/humble'), ('VSCODE_PID', '5610')]), 'shell': False}
[0.085283] (instant_messaging_interfaces) StdoutLine: {'line': b'[  9%] Built target instant_messaging_interfaces__rosidl_generator_c\n'}
[0.085668] (instant_messaging_interfaces) StdoutLine: {'line': b'[ 12%] Built target instant_messaging_interfaces__cpp\n'}
[0.090792] (instant_messaging_interfaces) StdoutLine: {'line': b'[ 12%] Built target ament_cmake_python_copy_instant_messaging_interfaces\n'}
[0.099689] (-) TimerEvent: {}
[0.110139] (instant_messaging_interfaces) StdoutLine: {'line': b'[ 22%] Built target instant_messaging_interfaces__rosidl_typesupport_introspection_c\n'}
[0.112138] (instant_messaging_interfaces) StdoutLine: {'line': b'[ 32%] Built target instant_messaging_interfaces__rosidl_typesupport_c\n'}
[0.113070] (instant_messaging_interfaces) StdoutLine: {'line': b'[ 41%] Built target instant_messaging_interfaces__rosidl_typesupport_introspection_cpp\n'}
[0.116513] (instant_messaging_interfaces) StdoutLine: {'line': b'[ 51%] Built target instant_messaging_interfaces__rosidl_typesupport_cpp\n'}
[0.119494] (instant_messaging_interfaces) StdoutLine: {'line': b'[ 67%] Built target instant_messaging_interfaces__rosidl_typesupport_fastrtps_c\n'}
[0.119688] (instant_messaging_interfaces) StdoutLine: {'line': b'[ 70%] Built target instant_messaging_interfaces__rosidl_typesupport_fastrtps_cpp\n'}
[0.144882] (instant_messaging_interfaces) StdoutLine: {'line': b'[ 70%] Built target instant_messaging_interfaces\n'}
[0.170479] (instant_messaging_interfaces) StdoutLine: {'line': b'[ 74%] Built target instant_messaging_interfaces__py\n'}
[0.196670] (instant_messaging_interfaces) StdoutLine: {'line': b'[ 80%] Built target instant_messaging_interfaces__rosidl_generator_py\n'}
[0.199797] (-) TimerEvent: {}
[0.224484] (instant_messaging_interfaces) StdoutLine: {'line': b'[ 87%] Built target instant_messaging_interfaces__rosidl_typesupport_fastrtps_c__pyext\n'}
[0.226000] (instant_messaging_interfaces) StdoutLine: {'line': b'[ 93%] Built target instant_messaging_interfaces__rosidl_typesupport_c__pyext\n'}
[0.229302] (instant_messaging_interfaces) StdoutLine: {'line': b'[100%] Built target instant_messaging_interfaces__rosidl_typesupport_introspection_c__pyext\n'}
[0.299913] (-) TimerEvent: {}
[0.400231] (-) TimerEvent: {}
[0.401885] (instant_messaging_interfaces) StdoutLine: {'line': b'running egg_info\n'}
[0.402895] (instant_messaging_interfaces) StdoutLine: {'line': b'writing instant_messaging_interfaces.egg-info/PKG-INFO\n'}
[0.403191] (instant_messaging_interfaces) StdoutLine: {'line': b'writing dependency_links to instant_messaging_interfaces.egg-info/dependency_links.txt\n'}
[0.403491] (instant_messaging_interfaces) StdoutLine: {'line': b'writing top-level names to instant_messaging_interfaces.egg-info/top_level.txt\n'}
[0.407311] (instant_messaging_interfaces) StdoutLine: {'line': b"reading manifest file 'instant_messaging_interfaces.egg-info/SOURCES.txt'\n"}
[0.408083] (instant_messaging_interfaces) StdoutLine: {'line': b"writing manifest file 'instant_messaging_interfaces.egg-info/SOURCES.txt'\n"}
[0.441030] (instant_messaging_interfaces) StdoutLine: {'line': b'[100%] Built target ament_cmake_python_build_instant_messaging_interfaces_egg\n'}
[0.455808] (instant_messaging_interfaces) CommandEnded: {'returncode': 0}
[0.458068] (instant_messaging_interfaces) JobProgress: {'identifier': 'instant_messaging_interfaces', 'progress': 'install'}
[0.468356] (instant_messaging_interfaces) Command: {'cmd': ['/usr/bin/cmake', '--install', '/home/psh/py_bt_ros/build/instant_messaging_interfaces'], 'cwd': '/home/psh/py_bt_ros/build/instant_messaging_interfaces', 'env': OrderedDict([('LESSOPEN', '| /usr/bin/lesspipe %s'), ('VSCODE_CWD', '/home/psh/py_bt_ros'), ('VSCODE_ESM_ENTRYPOINT', 'vs/workbench/api/node/extensionHostProcess'), ('LANGUAGE', 'en_US:en'), ('USER', 'psh'), ('LC_TIME', 'en_US.UTF-8'), ('VSCODE_NLS_CONFIG', '{"userLocale":"en-us","osLocale":"en-us","resolvedLanguage":"en","defaultMessagesFile":"/usr/share/cursor/resources/app/out/nls.messages.json","locale":"en-us","availableLanguages":{}}'), ('VSCODE_HANDLES_UNCAUGHT_ERRORS', 'true'), ('XDG_SESSION_TYPE', 'wayland'), ('__GLX_VENDOR_LIBRARY_NAME', 'nvidia'), ('SHLVL', '2'), ('LIBGL_ALWAYS_SOFTWARE', '0'), ('LD_LIBRARY_PATH', '/home/psh/wego_ws/install/slam_toolbox/lib:/home/psh/wego_ws/install/orbbec_camera/lib:/home/psh/wego_ws/install/orbbec_camera_msgs/lib:/home/psh/wego_ws/install/limo_msgs/lib:/usr/lib/x86_64-linux-gnu/gazebo-11/plugins:/opt/ros/humble/opt/rviz_ogre_vendor/lib:/opt/ros/humble/lib/x86_64-linux-gnu:/opt/ros/humble/lib'), ('HOME', '/home/psh'), ('CHROME_DESKTOP', 'cursor.desktop'), ('OLDPWD', '/home/psh/py_bt_ros'), ('DESKTOP_SESSION', 'ubuntu'), ('VSCODE_IPC_HOOK', '/run/user/1000/vscode-e94409fa-2.1.-main.sock'), ('ROS_PYTHON_VERSION', '3'), ('GNOME_SHELL_SESSION_MODE', 'ubuntu'), ('GTK_MODULES', 'gail:atk-bridge'), ('LC_MONETARY', 'en_US.UTF-8'), ('MANAGERPID', '2147'), ('SYSTEMD_EXEC_PID', '3012'), ('NO_COLOR', '1'), ('DBUS_SESSION_BUS_ADDRESS', 'unix:path=/run/user/1000/bus'), ('COLORTERM', 'truecolor'), ('TERMINATOR_DBUS_NAME', 'net.tenshu.Terminator25ef4b219e3b005583550f2b0f9f990c3'), ('GIO_LAUNCHED_DESKTOP_FILE_PID', '3820'), ('VSCODE_CRASH_REPORTER_PROCESS_TYPE', 'extensionHost'), ('WAYLAND_DISPLAY', 'wayland-0'), ('COLCON_PREFIX_PATH', '/home/psh/wego_ws/install'), ('ROS_DISTRO', 'humble'), ('GTK_IM_MODULE', 'ibus'), ('LOGNAME', 'psh'), ('FORCE_COLOR', '0'), ('__VK_LAYER_NV_optimus', 'NVIDIA_only'), ('JOURNAL_STREAM', '8:695'), ('_', '/usr/bin/colcon'), ('ROS_VERSION', '2'), ('XDG_SESSION_CLASS', 'user'), ('USERNAME', 'psh'), ('TERM', 'dumb'), ('GNOME_DESKTOP_SESSION_ID', 'this-is-deprecated'), ('ROS_LOCALHOST_ONLY', '0'), ('COMPOSER_NO_INTERACTION', '1'), ('PATH', '/home/psh/.local/bin:/home/psh/bin:/home/psh/bin:/home/psh/wego_ws/install/ydlidar_sdk/bin:/home/psh/bin:/opt/ros/humble/bin:/home/psh/.local/bin:/home/psh/bin:/usr/local/sbin:/usr/local/bin:/usr/sbin:/usr/bin:/sbin:/bin:/usr/games:/usr/local/games:/snap/bin:/snap/bin'), ('SESSION_MANAGER', 'local/psh-960xgl:@/tmp/.ICE-unix/2739,unix/psh-960xgl:/tmp/.ICE-unix/2739'), ('INVOCATION_ID', '48a22a4b4ef04180be8f5818f20cbdf0'), ('PAPERSIZE', 'letter'), ('XDG_MENU_PREFIX', 'gnome-'), ('LC_ADDRESS', 'en_US.UTF-8'), ('VSCODE_PROCESS_TITLE', 'extension-host  [1-1]'), ('GNOME_SETUP_DISPLAY', ':1'), ('XDG_RUNTIME_DIR', '/run/user/1000'), ('GDK_BACKEND', 'x11'), ('CURSOR_AGENT', '1'), ('DISPLAY', ':0'), ('TERMINATOR_DBUS_PATH', '/net/tenshu/Terminator2'), ('LANG', 'en_US.UTF-8'), ('XDG_CURRENT_DESKTOP', 'Unity'), ('IBUS_DISABLE_SNOOPER', '1'), ('LC_TELEPHONE', 'en_US.UTF-8'), ('__NV_PRIME_RENDER_OFFLOAD', '1'), ('RMW_IMPLEMENTATION', 'rmw_cyclonedds_cpp'), ('XMODIFIERS', '@im=ibus'), ('XDG_SESSION_DESKTOP', 'ubuntu'), ('XAUTHORITY', '/run/user/1000/.mutter-Xwaylandauth.283VG3'), ('LS_COLORS', ''), ('CURSOR_TRACE_ID', 'c400e13517da406e827211ee0df4e196'), ('SSH_AGENT_LAUNCHER', 'gnome-keyring'), ('SSH_AUTH_SOCK', '/run/user/1000/keyring/ssh'), ('ROS_DOMAIN_ID', '30'), ('AMENT_PREFIX_PATH', '/home/psh/wego_ws/install/ydlidar_ros2_driver:/home/psh/wego_ws/install/slam_toolbox:/home/psh/wego_ws/install/orbbec_description:/home/psh/wego_ws/install/orbbec_camera:/home/psh/wego_ws/install/orbbec_camera_msgs:/home/psh/wego_ws/install/limo_base:/home/psh/wego_ws/install/limo_msgs:/home/psh/wego_ws/install/limo_description:/home/psh/wego_ws/install/limo_car:/opt/ros/humble'), ('CURSOR_CLI_MODE', 'local'), ('ORIGINAL_XDG_CURRENT_DESKTOP', 'ubuntu:GNOME'), ('SHELL', '/bin/bash'), ('LC_NAME', 'en_US.UTF-8'), ('TERMINATOR_UUID', 'urn:uuid:52b8a75d-6185-4f91-8ad5-25ad2ac5a67e'), ('QT_ACCESSIBILITY', '1'), ('CURSOR_CLI', 'ELECTRON_RUN_AS_NODE=1 "/usr/share/cursor/bin/../cursor" "/usr/share/cursor/bin/../resources/app/out/cli.js"'), ('GDMSESSION', 'ubuntu'), ('LESSCLOSE', '/usr/bin/lesspipe %s %s'), ('LC_MEASUREMENT', 'en_US.UTF-8'), ('LC_IDENTIFICATION', 'en_US.UTF-8'), ('DRI_PRIME', '1'), ('QT_IM_MODULE', 'ibus'), ('PWD', '/home/psh/py_bt_ros/build/instant_messaging_interfaces'), ('VSCODE_CLI', '1'), ('LC_ALL', 'en_US.UTF-8'), ('XDG_CONFIG_DIRS', '/etc/xdg/xdg-ubuntu:/etc/xdg'), ('VSCODE_CODE_CACHE_PATH', '/home/psh/.config/Cursor/CachedData/60d42bed27e5775c43ec0428d8c653c49e58e260'), ('XDG_DATA_DIRS', '/usr/share/ubuntu:/usr/local/share/:/usr/share/:/var/lib/snapd/desktop'), ('PYTHONPATH', '/home/psh/wego_ws/install/slam_toolbox/local/lib/python3.10/dist-packages:/home/psh/wego_ws/install/orbbec_camera_msgs/local/lib/python3.10/dist-packages:/home/psh/wego_ws/install/limo_msgs/local/lib/python3.10/dist-packages:/opt/ros/humble/lib/python3.10/site-packages:/opt/ros/humble/local/lib/python3.10/dist-packages'), ('LC_NUMERIC', 'en_US.UTF-8'), ('LC_PAPER', 'en_US.UTF-8'), ('COLCON', '1'), ('_ZO_DOCTOR', '0'), ('VTE_VERSION', '6800'), ('ELECTRON_NO_ATTACH_CONSOLE', '1'), ('CMAKE_PREFIX_PATH', '/home/psh/wego_ws/install/ydlidar_sdk:/home/psh/wego_ws/install/ydlidar_ros2_driver:/home/psh/wego_ws/install/slam_toolbox:/home/psh/wego_ws/install/orbbec_description:/home/psh/wego_ws/install/orbbec_camera:/home/psh/wego_ws/install/orbbec_camera_msgs:/home/psh/wego_ws/install/limo_base:/home/psh/wego_ws/install/limo_msgs:/home/psh/wego_ws/install/limo_description:/home/psh/wego_ws/install/limo_car:/opt/ros/humble'), ('VSCODE_PID', '5610')]), 'shell': False}
[0.479243] (instant_messaging_interfaces) StdoutLine: {'line': b'-- Install configuration: ""\n'}
[0.479800] (instant_messaging_interfaces) StdoutLine: {'line': b'-- Up-to-date: /home/psh/py_bt_ros/install/instant_messaging_interfaces/share/ament_index/resource_index/rosidl_interfaces/instant_messaging_interfaces\n'}
[0.480070] (instant_messaging_interfaces) StdoutLine: {'line': b'-- Up-to-date: /home/psh/py_bt_ros/install/instant_messaging_interfaces/include/instant_messaging_interfaces/instant_messaging_interfaces\n'}
[0.480172] (instant_messaging_interfaces) StdoutLine: {'line': b'-- Up-to-date: /home/psh/py_bt_ros/install/instant_messaging_interfaces/include/instant_messaging_interfaces/instant_messaging_interfaces/msg\n'}
[0.480264] (instant_messaging_interfaces) StdoutLine: {'line': b'-- Up-to-date: /home/psh/py_bt_ros/install/instant_messaging_interfaces/include/instant_messaging_interfaces/instant_messaging_interfaces/msg/options.h\n'}
[0.480355] (instant_messaging_interfaces) StdoutLine: {'line': b'-- Up-to-date: /home/psh/py_bt_ros/install/instant_messaging_interfaces/include/instant_messaging_interfaces/instant_messaging_interfaces/msg/rosidl_generator_c__visibility_control.h\n'}
[0.480446] (instant_messaging_interfaces) StdoutLine: {'line': b'-- Up-to-date: /home/psh/py_bt_ros/install/instant_messaging_interfaces/include/instant_messaging_interfaces/instant_messaging_interfaces/msg/detail\n'}
[0.480535] (instant_messaging_interfaces) StdoutLine: {'line': b'-- Up-to-date: /home/psh/py_bt_ros/install/instant_messaging_interfaces/include/instant_messaging_interfaces/instant_messaging_interfaces/msg/detail/options__functions.h\n'}
[0.481346] (instant_messaging_interfaces) StdoutLine: {'line': b'-- Up-to-date: /home/psh/py_bt_ros/install/instant_messaging_interfaces/include/instant_messaging_interfaces/instant_messaging_interfaces/msg/detail/options__functions.c\n'}
[0.481480] (instant_messaging_interfaces) StdoutLine: {'line': b'-- Up-to-date: /home/psh/py_bt_ros/install/instant_messaging_interfaces/include/instant_messaging_interfaces/instant_messaging_interfaces/msg/detail/options__struct.h\n'}
[0.481562] (instant_messaging_interfaces) StdoutLine: {'line': b'-- Up-to-date: /home/psh/py_bt_ros/install/instant_messaging_interfaces/include/instant_messaging_interfaces/instant_messaging_interfaces/msg/detail/options__type_support.h\n'}
[0.482025] (instant_messaging_interfaces) StdoutLine: {'line': b'-- Up-to-date: /home/psh/py_bt_ros/install/instant_messaging_interfaces/share/instant_messaging_interfaces/environment/library_path.sh\n'}
[0.482272] (instant_messaging_interfaces) StdoutLine: {'line': b'-- Up-to-date: /home/psh/py_bt_ros/install/instant_messaging_interfaces/share/instant_messaging_interfaces/environment/library_path.dsv\n'}
[0.482364] (instant_messaging_interfaces) StdoutLine: {'line': b'-- Up-to-date: /home/psh/py_bt_ros/install/instant_messaging_interfaces/lib/libinstant_messaging_interfaces__rosidl_generator_c.so\n'}
[0.482452] (instant_messaging_interfaces) StdoutLine: {'line': b'-- Up-to-date: /home/psh/py_bt_ros/install/instant_messaging_interfaces/include/instant_messaging_interfaces/instant_messaging_interfaces\n'}
[0.482541] (instant_messaging_interfaces) StdoutLine: {'line': b'-- Up-to-date: /home/psh/py_bt_ros/install/instant_messaging_interfaces/include/instant_messaging_interfaces/instant_messaging_interfaces/msg\n'}
[0.482639] (instant_messaging_interfaces) StdoutLine: {'line': b'-- Up-to-date: /home/psh/py_bt_ros/install/instant_messaging_interfaces/include/instant_messaging_interfaces/instant_messaging_interfaces/msg/rosidl_typesupport_fastrtps_c__visibility_control.h\n'}
[0.482909] (instant_messaging_interfaces) StdoutLine: {'line': b'-- Up-to-date: /home/psh/py_bt_ros/install/instant_messaging_interfaces/include/instant_messaging_interfaces/instant_messaging_interfaces/msg/detail\n'}
[0.483003] (instant_messaging_interfaces) StdoutLine: {'line': b'-- Up-to-date: /home/psh/py_bt_ros/install/instant_messaging_interfaces/include/instant_messaging_interfaces/instant_messaging_interfaces/msg/detail/options__rosidl_typesupport_fastrtps_c.h\n'}
[0.483083] (instant_messaging_interfaces) StdoutLine: {'line': b'-- Up-to-date: /home/psh/py_bt_ros/install/instant_messaging_interfaces/lib/libinstant_messaging_interfaces__rosidl_typesupport_fastrtps_c.so\n'}
[0.483169] (instant_messaging_interfaces) StdoutLine: {'line': b'-- Up-to-date: /home/psh/py_bt_ros/install/instant_messaging_interfaces/include/instant_messaging_interfaces/instant_messaging_interfaces\n'}
[0.483250] (instant_messaging_interfaces) StdoutLine: {'line': b'-- Up-to-date: /home/psh/py_bt_ros/install/instant_messaging_interfaces/include/instant_messaging_interfaces/instant_messaging_interfaces/msg\n'}
[0.483331] (instant_messaging_interfaces) StdoutLine: {'line': b'-- Up-to-date: /home/psh/py_bt_ros/install/instant_messaging_interfaces/include/instant_messaging_interfaces/instant_messaging_interfaces/msg/rosidl_typesupport_introspection_c__visibility_control.h\n'}
[0.483413] (instant_messaging_interfaces) StdoutLine: {'line': b'-- Up-to-date: /home/psh/py_bt_ros/install/instant_messaging_interfaces/include/instant_messaging_interfaces/instant_messaging_interfaces/msg/detail\n'}
[0.483493] (instant_messaging_interfaces) StdoutLine: {'line': b'-- Up-to-date: /home/psh/py_bt_ros/install/instant_messaging_interfaces/include/instant_messaging_interfaces/instant_messaging_interfaces/msg/detail/options__type_support.c\n'}
[0.483573] (instant_messaging_interfaces) StdoutLine: {'line': b'-- Up-to-date: /home/psh/py_bt_ros/install/instant_messaging_interfaces/include/instant_messaging_interfaces/instant_messaging_interfaces/msg/detail/options__rosidl_typesupport_introspection_c.h\n'}
[0.483793] (instant_messaging_interfaces) StdoutLine: {'line': b'-- Up-to-date: /home/psh/py_bt_ros/install/instant_messaging_interfaces/lib/libinstant_messaging_interfaces__rosidl_typesupport_introspection_c.so\n'}
[0.483880] (instant_messaging_interfaces) StdoutLine: {'line': b'-- Up-to-date: /home/psh/py_bt_ros/install/instant_messaging_interfaces/lib/libinstant_messaging_interfaces__rosidl_typesupport_c.so\n'}
[0.483936] (instant_messaging_interfaces) StdoutLine: {'line': b'-- Up-to-date: /home/psh/py_bt_ros/install/instant_messaging_interfaces/include/instant_messaging_interfaces/instant_messaging_interfaces\n'}
[0.483986] (instant_messaging_interfaces) StdoutLine: {'line': b'-- Up-to-date: /home/psh/py_bt_ros/install/instant_messaging_interfaces/include/instant_messaging_interfaces/instant_messaging_interfaces/msg\n'}
[0.484034] (instant_messaging_interfaces) StdoutLine: {'line': b'-- Up-to-date: /home/psh/py_bt_ros/install/instant_messaging_interfaces/include/instant_messaging_interfaces/instant_messaging_interfaces/msg/options.hpp\n'}
[0.484081] (instant_messaging_interfaces) StdoutLine: {'line': b'-- Up-to-date: /home/psh/py_bt_ros/install/instant_messaging_interfaces/include/instant_messaging_interfaces/instant_messaging_interfaces/msg/rosidl_generator_cpp__visibility_control.hpp\n'}
[0.484130] (instant_messaging_interfaces) StdoutLine: {'line': b'-- Up-to-date: /home/psh/py_bt_ros/install/instant_messaging_interfaces/include/instant_messaging_interfaces/instant_messaging_interfaces/msg/detail\n'}
[0.484177] (instant_messaging_interfaces) StdoutLine: {'line': b'-- Up-to-date: /home/psh/py_bt_ros/install/instant_messaging_interfaces/include/instant_messaging_interfaces/instant_messaging_interfaces/msg/detail/options__struct.hpp\n'}
[0.484227] (instant_messaging_interfaces) StdoutLine: {'line': b'-- Up-to-date: /home/psh/py_bt_ros/install/instant_messaging_interfaces/include/instant_messaging_interfaces/instant_messaging_interfaces/msg/detail/options__builder.hpp\n'}
[0.484288] (instant_messaging_interfaces) StdoutLine: {'line': b'-- Up-to-date: /home/psh/py_bt_ros/install/instant_messaging_interfaces/include/instant_messaging_interfaces/instant_messaging_interfaces/msg/detail/options__traits.hpp\n'}
[0.484359] (instant_messaging_interfaces) StdoutLine: {'line': b'-- Up-to-date: /home/psh/py_bt_ros/install/instant_messaging_interfaces/include/instant_messaging_interfaces/instant_messaging_interfaces/msg/detail/options__type_support.hpp\n'}
[0.484440] (instant_messaging_interfaces) StdoutLine: {'line': b'-- Up-to-date: /home/psh/py_bt_ros/install/instant_messaging_interfaces/include/instant_messaging_interfaces/instant_messaging_interfaces\n'}
[0.484502] (instant_messaging_interfaces) StdoutLine: {'line': b'-- Up-to-date: /home/psh/py_bt_ros/install/instant_messaging_interfaces/include/instant_messaging_interfaces/instant_messaging_interfaces/msg\n'}
[0.484571] (instant_messaging_interfaces) StdoutLine: {'line': b'-- Up-to-date: /home/psh/py_bt_ros/install/instant_messaging_interfaces/include/instant_messaging_interfaces/instant_messaging_interfaces/msg/rosidl_typesupport_fastrtps_cpp__visibility_control.h\n'}
[0.484634] (instant_messaging_interfaces) StdoutLine: {'line': b'-- Up-to-date: /home/psh/py_bt_ros/install/instant_messaging_interfaces/include/instant_messaging_interfaces/instant_messaging_interfaces/msg/detail\n'}
[0.484686] (instant_messaging_interfaces) StdoutLine: {'line': b'-- Up-to-date: /home/psh/py_bt_ros/install/instant_messaging_interfaces/include/instant_messaging_interfaces/instant_messaging_interfaces/msg/detail/options__rosidl_typesupport_fastrtps_cpp.hpp\n'}
[0.484733] (instant_messaging_interfaces) StdoutLine: {'line': b'-- Up-to-date: /home/psh/py_bt_ros/install/instant_messaging_interfaces/include/instant_messaging_interfaces/instant_messaging_interfaces/msg/detail/dds_fastrtps\n'}
[0.484785] (instant_messaging_interfaces) StdoutLine: {'line': b'-- Up-to-date: /home/psh/py_bt_ros/install/instant_messaging_interfaces/lib/libinstant_messaging_interfaces__rosidl_typesupport_fastrtps_cpp.so\n'}
[0.484830] (instant_messaging_interfaces) StdoutLine: {'line': b'-- Up-to-date: /home/psh/py_bt_ros/install/instant_messaging_interfaces/include/instant_messaging_interfaces/instant_messaging_interfaces\n'}
[0.484874] (instant_messaging_interfaces) StdoutLine: {'line': b'-- Up-to-date: /home/psh/py_bt_ros/install/instant_messaging_interfaces/include/instant_messaging_interfaces/instant_messaging_interfaces/msg\n'}
[0.484919] (instant_messaging_interfaces) StdoutLine: {'line': b'-- Up-to-date: /home/psh/py_bt_ros/install/instant_messaging_interfaces/include/instant_messaging_interfaces/instant_messaging_interfaces/msg/detail\n'}
[0.484963] (instant_messaging_interfaces) StdoutLine: {'line': b'-- Up-to-date: /home/psh/py_bt_ros/install/instant_messaging_interfaces/include/instant_messaging_interfaces/instant_messaging_interfaces/msg/detail/options__rosidl_typesupport_introspection_cpp.hpp\n'}
[0.485008] (instant_messaging_interfaces) StdoutLine: {'line': b'-- Up-to-date: /home/psh/py_bt_ros/install/instant_messaging_interfaces/include/instant_messaging_interfaces/instant_messaging_interfaces/msg/detail/options__type_support.cpp\n'}
[0.485053] (instant_messaging_interfaces) StdoutLine: {'line': b'-- Up-to-date: /home/psh/py_bt_ros/install/instant_messaging_interfaces/lib/libinstant_messaging_interfaces__rosidl_typesupport_introspection_cpp.so\n'}
[0.485098] (instant_messaging_interfaces) StdoutLine: {'line': b'-- Up-to-date: /home/psh/py_bt_ros/install/instant_messaging_interfaces/lib/libinstant_messaging_interfaces__rosidl_typesupport_cpp.so\n'}
[0.485142] (instant_messaging_interfaces) StdoutLine: {'line': b'-- Up-to-date: /home/psh/py_bt_ros/install/instant_messaging_interfaces/share/instant_messaging_interfaces/environment/pythonpath.sh\n'}
[0.485187] (instant_messaging_interfaces) StdoutLine: {'line': b'-- Up-to-date: /home/psh/py_bt_ros/install/instant_messaging_interfaces/share/instant_messaging_interfaces/environment/pythonpath.dsv\n'}
[0.485230] (instant_messaging_interfaces) StdoutLine: {'line': b'-- Up-to-date: /home/psh/py_bt_ros/install/instant_messaging_interfaces/local/lib/python3.10/dist-packages/instant_messaging_interfaces-0.0.0-py3.10.egg-info\n'}
[0.485274] (instant_messaging_interfaces) StdoutLine: {'line': b'-- Installing: /home/psh/py_bt_ros/install/instant_messaging_interfaces/local/lib/python3.10/dist-packages/instant_messaging_interfaces-0.0.0-py3.10.egg-info/PKG-INFO\n'}
[0.485320] (instant_messaging_interfaces) StdoutLine: {'line': b'-- Installing: /home/psh/py_bt_ros/install/instant_messaging_interfaces/local/lib/python3.10/dist-packages/instant_messaging_interfaces-0.0.0-py3.10.egg-info/top_level.txt\n'}
[0.485369] (instant_messaging_interfaces) StdoutLine: {'line': b'-- Installing: /home/psh/py_bt_ros/install/instant_messaging_interfaces/local/lib/python3.10/dist-packages/instant_messaging_interfaces-0.0.0-py3.10.egg-info/SOURCES.txt\n'}
[0.485414] (instant_messaging_interfaces) StdoutLine: {'line': b'-- Installing: /home/psh/py_bt_ros/install/instant_messaging_interfaces/local/lib/python3.10/dist-packages/instant_messaging_interfaces-0.0.0-py3.10.egg-info/dependency_links.txt\n'}
[0.485461] (instant_messaging_interfaces) StdoutLine: {'line': b'-- Up-to-date: /home/psh/py_bt_ros/install/instant_messaging_interfaces/local/lib/python3.10/dist-packages/instant_messaging_interfaces\n'}
[0.485507] (instant_messaging_interfaces) StdoutLine: {'line': b'-- Up-to-date: /home/psh/py_bt_ros/install/instant_messaging_interfaces/local/lib/python3.10/dist-packages/instant_messaging_interfaces/msg\n'}
[0.485557] (instant_messaging_interfaces) StdoutLine: {'line': b'-- Up-to-date: /home/psh/py_bt_ros/install/instant_messaging_interfaces/local/lib/python3.10/dist-packages/instant_messaging_interfaces/msg/_options.py\n'}
[0.485602] (instant_messaging_interfaces) StdoutLine: {'line': b'-- Up-to-date: /home/psh/py_bt_ros/install/instant_messaging_interfaces/local/lib/python3.10/dist-packages/instant_messaging_interfaces/msg/__init__.py\n'}
[0.485656] (instant_messaging_interfaces) StdoutLine: {'line': b'-- Up-to-date: /home/psh/py_bt_ros/install/instant_messaging_interfaces/local/lib/python3.10/dist-packages/instant_messaging_interfaces/msg/_options_s.c\n'}
[0.485704] (instant_messaging_interfaces) StdoutLine: {'line': b'-- Up-to-date: /home/psh/py_bt_ros/install/instant_messaging_interfaces/local/lib/python3.10/dist-packages/instant_messaging_interfaces/instant_messaging_interfaces_s__rosidl_typesupport_introspection_c.cpython-310-x86_64-linux-gnu.so\n'}
[0.485752] (instant_messaging_interfaces) StdoutLine: {'line': b'-- Up-to-date: /home/psh/py_bt_ros/install/instant_messaging_interfaces/local/lib/python3.10/dist-packages/instant_messaging_interfaces/_instant_messaging_interfaces_s.ep.rosidl_typesupport_fastrtps_c.c\n'}
[0.485798] (instant_messaging_interfaces) StdoutLine: {'line': b'-- Up-to-date: /home/psh/py_bt_ros/install/instant_messaging_interfaces/local/lib/python3.10/dist-packages/instant_messaging_interfaces/__init__.py\n'}
[0.485844] (instant_messaging_interfaces) StdoutLine: {'line': b'-- Up-to-date: /home/psh/py_bt_ros/install/instant_messaging_interfaces/local/lib/python3.10/dist-packages/instant_messaging_interfaces/libinstant_messaging_interfaces__rosidl_generator_py.so\n'}
[0.485889] (instant_messaging_interfaces) StdoutLine: {'line': b'-- Up-to-date: /home/psh/py_bt_ros/install/instant_messaging_interfaces/local/lib/python3.10/dist-packages/instant_messaging_interfaces/_instant_messaging_interfaces_s.ep.rosidl_typesupport_introspection_c.c\n'}
[0.485940] (instant_messaging_interfaces) StdoutLine: {'line': b'-- Up-to-date: /home/psh/py_bt_ros/install/instant_messaging_interfaces/local/lib/python3.10/dist-packages/instant_messaging_interfaces/instant_messaging_interfaces_s__rosidl_typesupport_fastrtps_c.cpython-310-x86_64-linux-gnu.so\n'}
[0.485986] (instant_messaging_interfaces) StdoutLine: {'line': b'-- Up-to-date: /home/psh/py_bt_ros/install/instant_messaging_interfaces/local/lib/python3.10/dist-packages/instant_messaging_interfaces/instant_messaging_interfaces_s__rosidl_typesupport_c.cpython-310-x86_64-linux-gnu.so\n'}
[0.486033] (instant_messaging_interfaces) StdoutLine: {'line': b'-- Up-to-date: /home/psh/py_bt_ros/install/instant_messaging_interfaces/local/lib/python3.10/dist-packages/instant_messaging_interfaces/_instant_messaging_interfaces_s.ep.rosidl_typesupport_c.c\n'}
[0.500334] (-) TimerEvent: {}
[0.527173] (instant_messaging_interfaces) StdoutLine: {'line': b"Listing '/home/psh/py_bt_ros/install/instant_messaging_interfaces/local/lib/python3.10/dist-packages/instant_messaging_interfaces'...\n"}
[0.527375] (instant_messaging_interfaces) StdoutLine: {'line': b"Listing '/home/psh/py_bt_ros/install/instant_messaging_interfaces/local/lib/python3.10/dist-packages/instant_messaging_interfaces/msg'...\n"}
[0.534021] (instant_messaging_interfaces) StdoutLine: {'line': b'-- Up-to-date: /home/psh/py_bt_ros/install/instant_messaging_interfaces/local/lib/python3.10/dist-packages/instant_messaging_interfaces/instant_messaging_interfaces_s__rosidl_typesupport_fastrtps_c.cpython-310-x86_64-linux-gnu.so\n'}
[0.534542] (instant_messaging_interfaces) StdoutLine: {'line': b'-- Up-to-date: /home/psh/py_bt_ros/install/instant_messaging_interfaces/local/lib/python3.10/dist-packages/instant_messaging_interfaces/instant_messaging_interfaces_s__rosidl_typesupport_introspection_c.cpython-310-x86_64-linux-gnu.so\n'}
[0.534916] (instant_messaging_interfaces) StdoutLine: {'line': b'-- Up-to-date: /home/psh/py_bt_ros/install/instant_messaging_interfaces/local/lib/python3.10/dist-packages/instant_messaging_interfaces/instant_messaging_interfaces_s__rosidl_typesupport_c.cpython-310-x86_64-linux-gnu.so\n'}
[0.535495] (instant_messaging_interfaces) StdoutLine: {'line': b'-- Up-to-date: /home/psh/py_bt_ros/install/instant_messaging_interfaces/lib/libinstant_messaging_interfaces__rosidl_generator_py.so\n'}
[0.536294] (instant_messaging_interfaces) StdoutLine: {'line': b'-- Up-to-date: /home/psh/py_bt_ros/install/instant_messaging_interfaces/share/instant_messaging_interfaces/msg/Options.idl\n'}
[0.536501] (instant_messaging_interfaces) StdoutLine: {'line': b'-- Up-to-date: /home/psh/py_bt_ros/install/instant_messaging_interfaces/share/instant_messaging_interfaces/msg/Options.msg\n'}
[0.536578] (instant_messaging_interfaces) StdoutLine: {'line': b'-- Up-to-date: /home/psh/py_bt_ros/install/instant_messaging_interfaces/share/ament_index/resource_index/package_run_dependencies/instant_messaging_interfaces\n'}
[0.537308] (instant_messaging_interfaces) StdoutLine: {'line': b'-- Up-to-date: /home/psh/py_bt_ros/install/instant_messaging_interfaces/share/ament_index/resource_index/parent_prefix_path/instant_messaging_interfaces\n'}
[0.537672] (instant_messaging_interfaces) StdoutLine: {'line': b'-- Up-to-date: /home/psh/py_bt_ros/install/instant_messaging_interfaces/share/instant_messaging_interfaces/environment/ament_prefix_path.sh\n'}
[0.538094] (instant_messaging_interfaces) StdoutLine: {'line': b'-- Up-to-date: /home/psh/py_bt_ros/install/instant_messaging_interfaces/share/instant_messaging_interfaces/environment/ament_prefix_path.dsv\n'}
[0.538604] (instant_messaging_interfaces) StdoutLine: {'line': b'-- Up-to-date: /home/psh/py_bt_ros/install/instant_messaging_interfaces/share/instant_messaging_interfaces/environment/path.sh\n'}
[0.538748] (instant_messaging_interfaces) StdoutLine: {'line': b'-- Up-to-date: /home/psh/py_bt_ros/install/instant_messaging_interfaces/share/instant_messaging_interfaces/environment/path.dsv\n'}
[0.538839] (instant_messaging_interfaces) StdoutLine: {'line': b'-- Up-to-date: /home/psh/py_bt_ros/install/instant_messaging_interfaces/share/instant_messaging_interfaces/local_setup.bash\n'}
[0.538925] (instant_messaging_interfaces) StdoutLine: {'line': b'-- Up-to-date: /home/psh/py_bt_ros/install/instant_messaging_interfaces/share/instant_messaging_interfaces/local_setup.sh\n'}
[0.539014] (instant_messaging_interfaces) StdoutLine: {'line': b'-- Up-to-date: /home/psh/py_bt_ros/install/instant_messaging_interfaces/share/instant_messaging_interfaces/local_setup.zsh\n'}
[0.539162] (instant_messaging_interfaces) StdoutLine: {'line': b'-- Up-to-date: /home/psh/py_bt_ros/install/instant_messaging_interfaces/share/instant_messaging_interfaces/local_setup.dsv\n'}
[0.539239] (instant_messaging_interfaces) StdoutLine: {'line': b'-- Installing: /home/psh/py_bt_ros/install/instant_messaging_interfaces/share/instant_messaging_interfaces/package.dsv\n'}
[0.539293] (instant_messaging_interfaces) StdoutLine: {'line': b'-- Up-to-date: /home/psh/py_bt_ros/install/instant_messaging_interfaces/share/ament_index/resource_index/packages/instant_messaging_interfaces\n'}
[0.539345] (instant_messaging_interfaces) StdoutLine: {'line': b'-- Up-to-date: /home/psh/py_bt_ros/install/instant_messaging_interfaces/share/instant_messaging_interfaces/cmake/export_instant_messaging_interfaces__rosidl_generator_cExport.cmake\n'}
[0.539413] (instant_messaging_interfaces) StdoutLine: {'line': b'-- Up-to-date: /home/psh/py_bt_ros/install/instant_messaging_interfaces/share/instant_messaging_interfaces/cmake/export_instant_messaging_interfaces__rosidl_generator_cExport-noconfig.cmake\n'}
[0.539463] (instant_messaging_interfaces) StdoutLine: {'line': b'-- Up-to-date: /home/psh/py_bt_ros/install/instant_messaging_interfaces/share/instant_messaging_interfaces/cmake/export_instant_messaging_interfaces__rosidl_typesupport_fastrtps_cExport.cmake\n'}
[0.539526] (instant_messaging_interfaces) StdoutLine: {'line': b'-- Up-to-date: /home/psh/py_bt_ros/install/instant_messaging_interfaces/share/instant_messaging_interfaces/cmake/export_instant_messaging_interfaces__rosidl_typesupport_fastrtps_cExport-noconfig.cmake\n'}
[0.539586] (instant_messaging_interfaces) StdoutLine: {'line': b'-- Up-to-date: /home/psh/py_bt_ros/install/instant_messaging_interfaces/share/instant_messaging_interfaces/cmake/instant_messaging_interfaces__rosidl_typesupport_introspection_cExport.cmake\n'}
[0.539660] (instant_messaging_interfaces) StdoutLine: {'line': b'-- Up-to-date: /home/psh/py_bt_ros/install/instant_messaging_interfaces/share/instant_messaging_interfaces/cmake/instant_messaging_interfaces__rosidl_typesupport_introspection_cExport-noconfig.cmake\n'}
[0.539727] (instant_messaging_interfaces) StdoutLine: {'line': b'-- Up-to-date: /home/psh/py_bt_ros/install/instant_messaging_interfaces/share/instant_messaging_interfaces/cmake/instant_messaging_interfaces__rosidl_typesupport_cExport.cmake\n'}
[0.539791] (instant_messaging_interfaces) StdoutLine: {'line': b'-- Up-to-date: /home/psh/py_bt_ros/install/instant_messaging_interfaces/share/instant_messaging_interfaces/cmake/instant_messaging_interfaces__rosidl_typesupport_cExport-noconfig.cmake\n'}
[0.539858] (instant_messaging_interfaces) StdoutLine: {'line': b'-- Up-to-date: /home/psh/py_bt_ros/install/instant_messaging_interfaces/share/instant_messaging_interfaces/cmake/export_instant_messaging_interfaces__rosidl_generator_cppExport.cmake\n'}
[0.539918] (instant_messaging_interfaces) StdoutLine: {'line': b'-- Up-to-date: /home/psh/py_bt_ros/install/instant_messaging_interfaces/share/instant_messaging_interfaces/cmake/export_instant_messaging_interfaces__rosidl_typesupport_fastrtps_cppExport.cmake\n'}
[0.539981] (instant_messaging_interfaces) StdoutLine: {'line': b'-- Up-to-date: /home/psh/py_bt_ros/install/instant_messaging_interfaces/share/instant_messaging_interfaces/cmake/export_instant_messaging_interfaces__rosidl_typesupport_fastrtps_cppExport-noconfig.cmake\n'}
[0.540048] (instant_messaging_interfaces) StdoutLine: {'line': b'-- Up-to-date: /home/psh/py_bt_ros/install/instant_messaging_interfaces/share/instant_messaging_interfaces/cmake/instant_messaging_interfaces__rosidl_typesupport_introspection_cppExport.cmake\n'}
[0.540117] (instant_messaging_interfaces) StdoutLine: {'line': b'-- Up-to-date: /home/psh/py_bt_ros/install/instant_messaging_interfaces/share/instant_messaging_interfaces/cmake/instant_messaging_interfaces__rosidl_typesupport_introspection_cppExport-noconfig.cmake\n'}
[0.540181] (instant_messaging_interfaces) StdoutLine: {'line': b'-- Up-to-date: /home/psh/py_bt_ros/install/instant_messaging_interfaces/share/instant_messaging_interfaces/cmake/instant_messaging_interfaces__rosidl_typesupport_cppExport.cmake\n'}
[0.540229] (instant_messaging_interfaces) StdoutLine: {'line': b'-- Up-to-date: /home/psh/py_bt_ros/install/instant_messaging_interfaces/share/instant_messaging_interfaces/cmake/instant_messaging_interfaces__rosidl_typesupport_cppExport-noconfig.cmake\n'}
[0.540281] (instant_messaging_interfaces) StdoutLine: {'line': b'-- Up-to-date: /home/psh/py_bt_ros/install/instant_messaging_interfaces/share/instant_messaging_interfaces/cmake/export_instant_messaging_interfaces__rosidl_generator_pyExport.cmake\n'}
[0.540328] (instant_messaging_interfaces) StdoutLine: {'line': b'-- Up-to-date: /home/psh/py_bt_ros/install/instant_messaging_interfaces/share/instant_messaging_interfaces/cmake/export_instant_messaging_interfaces__rosidl_generator_pyExport-noconfig.cmake\n'}
[0.540376] (instant_messaging_interfaces) StdoutLine: {'line': b'-- Up-to-date: /home/psh/py_bt_ros/install/instant_messaging_interfaces/share/instant_messaging_interfaces/cmake/rosidl_cmake-extras.cmake\n'}
[0.540422] (instant_messaging_interfaces) StdoutLine: {'line': b'-- Up-to-date: /home/psh/py_bt_ros/install/instant_messaging_interfaces/share/instant_messaging_interfaces/cmake/ament_cmake_export_include_directories-extras.cmake\n'}
[0.540469] (instant_messaging_interfaces) StdoutLine: {'line': b'-- Up-to-date: /home/psh/py_bt_ros/install/instant_messaging_interfaces/share/instant_messaging_interfaces/cmake/ament_cmake_export_libraries-extras.cmake\n'}
[0.540515] (instant_messaging_interfaces) StdoutLine: {'line': b'-- Up-to-date: /home/psh/py_bt_ros/install/instant_messaging_interfaces/share/instant_messaging_interfaces/cmake/ament_cmake_export_targets-extras.cmake\n'}
[0.540560] (instant_messaging_interfaces) StdoutLine: {'line': b'-- Up-to-date: /home/psh/py_bt_ros/install/instant_messaging_interfaces/share/instant_messaging_interfaces/cmake/rosidl_cmake_export_typesupport_targets-extras.cmake\n'}
[0.540605] (instant_messaging_interfaces) StdoutLine: {'line': b'-- Up-to-date: /home/psh/py_bt_ros/install/instant_messaging_interfaces/share/instant_messaging_interfaces/cmake/ament_cmake_export_dependencies-extras.cmake\n'}
[0.540665] (instant_messaging_interfaces) StdoutLine: {'line': b'-- Up-to-date: /home/psh/py_bt_ros/install/instant_messaging_interfaces/share/instant_messaging_interfaces/cmake/rosidl_cmake_export_typesupport_libraries-extras.cmake\n'}
[0.540711] (instant_messaging_interfaces) StdoutLine: {'line': b'-- Up-to-date: /home/psh/py_bt_ros/install/instant_messaging_interfaces/share/instant_messaging_interfaces/cmake/instant_messaging_interfacesConfig.cmake\n'}
[0.540757] (instant_messaging_interfaces) StdoutLine: {'line': b'-- Up-to-date: /home/psh/py_bt_ros/install/instant_messaging_interfaces/share/instant_messaging_interfaces/cmake/instant_messaging_interfacesConfig-version.cmake\n'}
[0.540807] (instant_messaging_interfaces) StdoutLine: {'line': b'-- Up-to-date: /home/psh/py_bt_ros/install/instant_messaging_interfaces/share/instant_messaging_interfaces/package.xml\n'}
[0.543508] (instant_messaging_interfaces) CommandEnded: {'returncode': 0}
[0.572705] (instant_messaging_interfaces) JobEnded: {'identifier': 'instant_messaging_interfaces', 'rc': 0}
[0.574149] (telegram_ros2) JobStarted: {'identifier': 'telegram_ros2'}
[0.600578] (-) TimerEvent: {}
[0.700854] (-) TimerEvent: {}
[0.801152] (-) TimerEvent: {}
[0.901387] (-) TimerEvent: {}
[1.001620] (-) TimerEvent: {}
[1.101871] (-) TimerEvent: {}
[1.202208] (-) TimerEvent: {}
[1.302518] (-) TimerEvent: {}
[1.402780] (-) TimerEvent: {}
[1.479949] (telegram_ros2) Command: {'cmd': ['/usr/bin/python3', '-W', 'ignore:setup.py install is deprecated', '-W', 'ignore:easy_install command is deprecated', 'setup.py', 'egg_info', '--egg-base', '../../build/telegram_ros2', 'build', '--build-base', '/home/psh/py_bt_ros/build/telegram_ros2/build', 'install', '--record', '/home/psh/py_bt_ros/build/telegram_ros2/install.log', '--install-scripts', '$base/lib/telegram_ros2', '--single-version-externally-managed', 'install_data'], 'cwd': '/home/psh/py_bt_ros/src/telegram_ros2', 'env': {'LESSOPEN': '| /usr/bin/lesspipe %s', 'VSCODE_CWD': '/home/psh/py_bt_ros', 'VSCODE_ESM_ENTRYPOINT': 'vs/workbench/api/node/extensionHostProcess', 'LANGUAGE': 'en_US:en', 'USER': 'psh', 'LC_TIME': 'en_US.UTF-8', 'VSCODE_NLS_CONFIG': '{"userLocale":"en-us","osLocale":"en-us","resolvedLanguage":"en","defaultMessagesFile":"/usr/share/cursor/resources/app/out/nls.messages.json","locale":"en-us","availableLanguages":{}}', 'VSCODE_HANDLES_UNCAUGHT_ERRORS': 'true', 'XDG_SESSION_TYPE': 'wayland', '__GLX_VENDOR_LIBRARY_NAME': 'nvidia', 'SHLVL': '2', 'LIBGL_ALWAYS_SOFTWARE': '0', 'LD_LIBRARY_PATH': '/home/psh/py_bt_ros/install/instant_messaging_interfaces/lib:/home/psh/wego_ws/install/slam_toolbox/lib:/home/psh/wego_ws/install/orbbec_camera/lib:/home/psh/wego_ws/install/orbbec_camera_msgs/lib:/home/psh/wego_ws/install/limo_msgs/lib:/usr/lib/x86_64-linux-gnu/gazebo-11/plugins:/opt/ros/humble/opt/rviz_ogre_vendor/lib:/opt/ros/humble/lib/x86_64-linux-gnu:/opt/ros/humble/lib', 'HOME': '/home/psh', 'CHROME_DESKTOP': 'cursor.desktop', 'OLDPWD': '/home/psh/py_bt_ros', 'DESKTOP_SESSION': 'ubuntu', 'VSCODE_IPC_HOOK': '/run/user/1000/vscode-e94409fa-2.1.-main.sock', 'ROS_PYTHON_VERSION': '3', 'GNOME_SHELL_SESSION_MODE': 'ubuntu', 'GTK_MODULES': 'gail:atk-bridge', 'LC_MONETARY': 'en_US.UTF-8', 'MANAGERPID': '2147', 'SYSTEMD_EXEC_PID': '3012', 'NO_COLOR': '1', 'DBUS_SESSION_BUS_ADDRESS': 'unix:path=/run/user/1000/bus', 'COLORTERM': 'truecolor', 'TERMINATOR_DBUS_NAME': 'net.tenshu.Terminator25ef4b219e3b005583550f2b0f9f990c3', 'GIO_LAUNCHED_DESKTOP_FILE_PID': '3820', 'VSCODE_CRASH_REPORTER_PROCESS_TYPE': 'extensionHost', 'WAYLAND_DISPLAY': 'wayland-0', 'COLCON_PREFIX_PATH': '/home/psh/wego_ws/install', 'ROS_DISTRO': 'humble', 'GTK_IM_MODULE': 'ibus', 'LOGNAME': 'psh', 'FORCE_COLOR': '0', '__VK_LAYER_NV_optimus': 'NVIDIA_only', 'JOURNAL_STREAM': '8:695', '_': '/usr/bin/colcon', 'ROS_VERSION': '2', 'XDG_SESSION_CLASS': 'user', 'USERNAME': 'psh', 'TERM': 'dumb', 'GNOME_DESKTOP_SESSION_ID': 'this-is-deprecated', 'ROS_LOCALHOST_ONLY': '0', 'COMPOSER_NO_INTERACTION': '1', 'PATH': '/home/psh/.local/bin:/home/psh/bin:/home/psh/bin:/home/psh/wego_ws/install/ydlidar_sdk/bin:/home/psh/bin:/opt/ros/humble/bin:/home/psh/.local/bin:/home/psh/bin:/usr/local/sbin:/usr/local/bin:/usr/sbin:/usr/bin:/sbin:/bin:/usr/games:/usr/local/games:/snap/bin:/snap/bin', 'SESSION_MANAGER': 'local/psh-960xgl:@/tmp/.ICE-unix/2739,unix/psh-960xgl:/tmp/.ICE-unix/2739', 'INVOCATION_ID': '48a22a4b4ef04180be8f5818f20cbdf0', 'PAPERSIZE': 'letter', 'XDG_MENU_PREFIX': 'gnome-', 'LC_ADDRESS': 'en_US.UTF-8', 'VSCODE_PROCESS_TITLE': 'extension-host  [1-1]', 'GNOME_SETUP_DISPLAY': ':1', 'XDG_RUNTIME_DIR': '/run/user/1000', 'GDK_BACKEND': 'x11', 'CURSOR_AGENT': '1', 'DISPLAY': ':0', 'TERMINATOR_DBUS_PATH': '/net/tenshu/Terminator2', 'LANG': 'en_US.UTF-8', 'XDG_CURRENT_DESKTOP': 'Unity', 'IBUS_DISABLE_SNOOPER': '1', 'LC_TELEPHONE': 'en_US.UTF-8', '__NV_PRIME_RENDER_OFFLOAD': '1', 'RMW_IMPLEMENTATION': 'rmw_cyclonedds_cpp', 'XMODIFIERS': '@im=ibus', 'XDG_SESSION_DESKTOP': 'ubuntu', 'XAUTHORITY': '/run/user/1000/.mutter-Xwaylandauth.283VG3', 'LS_COLORS': '', 'CURSOR_TRACE_ID': 'c400e13517da406e827211ee0df4e196', 'SSH_AGENT_LAUNCHER': 'gnome-keyring', 'SSH_AUTH_SOCK': '/run/user/1000/keyring/ssh', 'ROS_DOMAIN_ID': '30', 'AMENT_PREFIX_PATH': '/home/psh/py_bt_ros/install/instant_messaging_interfaces:/home/psh/wego_ws/install/ydlidar_ros2_driver:/home/psh/wego_ws/install/slam_toolbox:/home/psh/wego_ws/install/orbbec_description:/home/psh/wego_ws/install/orbbec_camera:/home/psh/wego_ws/install/orbbec_camera_msgs:/home/psh/wego_ws/install/limo_base:/home/psh/wego_ws/install/limo_msgs:/home/psh/wego_ws/install/limo_description:/home/psh/wego_ws/install/limo_car:/opt/ros/humble', 'CURSOR_CLI_MODE': 'local', 'ORIGINAL_XDG_CURRENT_DESKTOP': 'ubuntu:GNOME', 'SHELL': '/bin/bash', 'LC_NAME': 'en_US.UTF-8', 'TERMINATOR_UUID': 'urn:uuid:52b8a75d-6185-4f91-8ad5-25ad2ac5a67e', 'QT_ACCESSIBILITY': '1', 'CURSOR_CLI': 'ELECTRON_RUN_AS_NODE=1 "/usr/share/cursor/bin/../cursor" "/usr/share/cursor/bin/../resources/app/out/cli.js"', 'GDMSESSION': 'ubuntu', 'LESSCLOSE': '/usr/bin/lesspipe %s %s', 'LC_MEASUREMENT': 'en_US.UTF-8', 'LC_IDENTIFICATION': 'en_US.UTF-8', 'DRI_PRIME': '1', 'QT_IM_MODULE': 'ibus', 'PWD': '/home/psh/py_bt_ros/build/telegram_ros2', 'VSCODE_CLI': '1', 'LC_ALL': 'en_US.UTF-8', 'XDG_CONFIG_DIRS': '/etc/xdg/xdg-ubuntu:/etc/xdg', 'VSCODE_CODE_CACHE_PATH': '/home/psh/.config/Cursor/CachedData/60d42bed27e5775c43ec0428d8c653c49e58e260', 'XDG_DATA_DIRS': '/usr/share/ubuntu:/usr/local/share/:/usr/share/:/var/lib/snapd/desktop', 'PYTHONPATH': '/home/psh/py_bt_ros/build/telegram_ros2/prefix_override:/usr/lib/python3/dist-packages/colcon_core/task/python/colcon_distutils_commands:/home/psh/py_bt_ros/install/telegram_ros2/lib/python3.10/site-packages:/home/psh/py_bt_ros/install/instant_messaging_interfaces/local/lib/python3.10/dist-packages:/home/psh/wego_ws/install/slam_toolbox/local/lib/python3.10/dist-packages:/home/psh/wego_ws/install/orbbec_camera_msgs/local/lib/python3.10/dist-packages:/home/psh/wego_ws/install/limo_msgs/local/lib/python3.10/dist-packages:/opt/ros/humble/lib/python3.10/site-packages:/opt/ros/humble/local/lib/python3.10/dist-packages', 'LC_NUMERIC': 'en_US.UTF-8', 'LC_PAPER': 'en_US.UTF-8', 'COLCON': '1', '_ZO_DOCTOR': '0', 'VTE_VERSION': '6800', 'ELECTRON_NO_ATTACH_CONSOLE': '1', 'CMAKE_PREFIX_PATH': '/home/psh/py_bt_ros/install/instant_messaging_interfaces:/home/psh/wego_ws/install/ydlidar_sdk:/home/psh/wego_ws/install/ydlidar_ros2_driver:/home/psh/wego_ws/install/slam_toolbox:/home/psh/wego_ws/install/orbbec_description:/home/psh/wego_ws/install/orbbec_camera:/home/psh/wego_ws/install/orbbec_camera_msgs:/home/psh/wego_ws/install/limo_base:/home/psh/wego_ws/install/limo_msgs:/home/psh/wego_ws/install/limo_description:/home/psh/wego_ws/install/limo_car', 'VSCODE_PID': '5610'}, 'shell': False}
[1.502986] (-) TimerEvent: {}
[1.603346] (-) TimerEvent: {}
[1.703620] (-) TimerEvent: {}
[1.777292] (telegram_ros2) StderrLine: {'line': b"/usr/lib/python3/dist-packages/setuptools/dist.py:723: UserWarning: Usage of dash-separated 'script-dir' will not be supported in future versions. Please use the underscore name 'script_dir' instead\n"}
[1.777727] (telegram_ros2) StderrLine: {'line': b'  warnings.warn(\n'}
[1.787846] (telegram_ros2) StdoutLine: {'line': b'running egg_info\n'}
[1.788660] (telegram_ros2) StdoutLine: {'line': b'writing ../../build/telegram_ros2/telegram_ros2.egg-info/PKG-INFO\n'}
[1.789267] (telegram_ros2) StdoutLine: {'line': b'writing dependency_links to ../../build/telegram_ros2/telegram_ros2.egg-info/dependency_links.txt\n'}
[1.789529] (telegram_ros2) StdoutLine: {'line': b'writing entry points to ../../build/telegram_ros2/telegram_ros2.egg-info/entry_points.txt\n'}
[1.789616] (telegram_ros2) StdoutLine: {'line': b'writing requirements to ../../build/telegram_ros2/telegram_ros2.egg-info/requires.txt\n'}
[1.789702] (telegram_ros2) StdoutLine: {'line': b'writing top-level names to ../../build/telegram_ros2/telegram_ros2.egg-info/top_level.txt\n'}
[1.792179] (telegram_ros2) StdoutLine: {'line': b"reading manifest file '../../build/telegram_ros2/telegram_ros2.egg-info/SOURCES.txt'\n"}
[1.792534] (telegram_ros2) StdoutLine: {'line': b"adding license file 'LICENSE'\n"}
[1.793632] (telegram_ros2) StdoutLine: {'line': b"writing manifest file '../../build/telegram_ros2/telegram_ros2.egg-info/SOURCES.txt'\n"}
[1.793970] (telegram_ros2) StdoutLine: {'line': b'running build\n'}
[1.794082] (telegram_ros2) StdoutLine: {'line': b'running build_py\n'}
[1.794304] (telegram_ros2) StdoutLine: {'line': b'running install\n'}
[1.794861] (telegram_ros2) StdoutLine: {'line': b'running install_lib\n'}
[1.796754] (telegram_ros2) StdoutLine: {'line': b'running install_data\n'}
[1.796924] (telegram_ros2) StdoutLine: {'line': b'running install_egg_info\n'}
[1.799353] (telegram_ros2) StdoutLine: {'line': b"removing '/home/psh/py_bt_ros/install/telegram_ros2/lib/python3.10/site-packages/telegram_ros2-0.0.0-py3.10.egg-info' (and everything under it)\n"}
[1.799712] (telegram_ros2) StdoutLine: {'line': b'Copying ../../build/telegram_ros2/telegram_ros2.egg-info to /home/psh/py_bt_ros/install/telegram_ros2/lib/python3.10/site-packages/telegram_ros2-0.0.0-py3.10.egg-info\n'}
[1.800430] (telegram_ros2) StdoutLine: {'line': b'running install_scripts\n'}
[1.803671] (-) TimerEvent: {}
[1.826259] (telegram_ros2) StdoutLine: {'line': b'Installing telegram_ros2_bridge script to /home/psh/py_bt_ros/install/telegram_ros2/lib/telegram_ros2\n'}
[1.826727] (telegram_ros2) StdoutLine: {'line': b"writing list of installed files to '/home/psh/py_bt_ros/build/telegram_ros2/install.log'\n"}
[1.857052] (telegram_ros2) CommandEnded: {'returncode': 0}
[1.863765] (telegram_ros2) JobEnded: {'identifier': 'telegram_ros2', 'rc': 0}
[1.864345] (-) EventReactorShutdown: {}
