[0.013s] Invoking command in '/home/psh/py_bt_ros/build/instant_messaging_interfaces': CMAKE_PREFIX_PATH=${CMAKE_PREFIX_PATH}:/home/psh/py_bt_ros/install/yolo_ros:/opt/ros/humble /usr/bin/cmake /home/psh/py_bt_ros/src/instant_messaging_interfaces -DCMAKE_INSTALL_PREFIX=/home/psh/py_bt_ros/install/instant_messaging_interfaces
[0.082s] -- The C compiler identification is GNU 11.4.0
[0.149s] -- The CXX compiler identification is GNU 11.4.0
[0.157s] -- Detecting C compiler ABI info
[0.243s] -- Detecting C compiler ABI info - done
[0.253s] -- Check for working C compiler: /usr/bin/cc - skipped
[0.253s] -- Detecting C compile features
[0.253s] -- Detecting C compile features - done
[0.257s] -- Detecting CXX compiler ABI info
[0.363s] -- Detecting CXX compiler ABI info - done
[0.370s] -- Check for working CXX compiler: /usr/bin/c++ - skipped
[0.370s] -- Detecting CXX compile features
[0.371s] -- Detecting CXX compile features - done
[0.374s] -- Found ament_cmake: 1.3.12 (/opt/ros/humble/share/ament_cmake/cmake)
[0.596s] -- Found Python3: /usr/bin/python3 (found version "3.10.12") found components: Interpreter 
[0.713s] -- Found rosidl_default_generators: 1.2.0 (/opt/ros/humble/share/rosidl_default_generators/cmake)
[0.719s] -- Using all available rosidl_typesupport_c: rosidl_typesupport_fastrtps_c;rosidl_typesupport_introspection_c
[0.730s] -- Found rosidl_adapter: 3.1.7 (/opt/ros/humble/share/rosidl_adapter/cmake)
[0.784s] -- Using all available rosidl_typesupport_cpp: rosidl_typesupport_fastrtps_cpp;rosidl_typesupport_introspection_cpp
[1.125s] -- Found ament_cmake_ros: 0.10.0 (/opt/ros/humble/share/ament_cmake_ros/cmake)
[1.374s] -- Using all available rosidl_typesupport_c: rosidl_typesupport_fastrtps_c;rosidl_typesupport_introspection_c
[1.719s] -- Using all available rosidl_typesupport_cpp: rosidl_typesupport_fastrtps_cpp;rosidl_typesupport_introspection_cpp
[1.759s] -- Found PythonInterp: /usr/bin/python3 (found suitable version "3.10.12", minimum required is "3.6") 
[1.763s] -- Found python_cmake_module: 0.10.0 (/opt/ros/humble/share/python_cmake_module/cmake)
[1.801s] -- Found PythonLibs: /usr/lib/x86_64-linux-gnu/libpython3.10.so (found suitable version "3.10.12", minimum required is "3.5") 
[1.801s] -- Using PYTHON_EXECUTABLE: /usr/bin/python3
[1.801s] -- Using PYTHON_INCLUDE_DIRS: /usr/include/python3.10
[1.801s] -- Using PYTHON_LIBRARIES: /usr/lib/x86_64-linux-gnu/libpython3.10.so
[1.828s] -- Found PythonExtra: .so  
[1.872s] -- Found ament_lint_auto: 0.12.14 (/opt/ros/humble/share/ament_lint_auto/cmake)
[1.901s] -- Added test 'lint_cmake' to check CMake code style
[1.903s] -- Added test 'xmllint' to check XML markup files
[1.906s] -- Configuring done
[1.931s] -- Generating done
[1.941s] -- Build files have been written to: /home/psh/py_bt_ros/build/instant_messaging_interfaces
[1.950s] Invoked command in '/home/psh/py_bt_ros/build/instant_messaging_interfaces' returned '0': CMAKE_PREFIX_PATH=${CMAKE_PREFIX_PATH}:/home/psh/py_bt_ros/install/yolo_ros:/opt/ros/humble /usr/bin/cmake /home/psh/py_bt_ros/src/instant_messaging_interfaces -DCMAKE_INSTALL_PREFIX=/home/psh/py_bt_ros/install/instant_messaging_interfaces
[1.951s] Invoking command in '/home/psh/py_bt_ros/build/instant_messaging_interfaces': CMAKE_PREFIX_PATH=${CMAKE_PREFIX_PATH}:/home/psh/py_bt_ros/install/yolo_ros:/opt/ros/humble /usr/bin/cmake --build /home/psh/py_bt_ros/build/instant_messaging_interfaces -- -j22 -l22
[2.008s] [  3%] [34m[1mGenerating C code for ROS interfaces[0m
[2.021s] [  6%] [34m[1mGenerating C++ code for ROS interfaces[0m
[2.033s] [  6%] Built target ament_cmake_python_copy_instant_messaging_interfaces
[2.294s] [  9%] [32mBuilding C object CMakeFiles/instant_messaging_interfaces__rosidl_generator_c.dir/rosidl_generator_c/instant_messaging_interfaces/msg/detail/options__functions.c.o[0m
[2.301s] [  9%] Built target instant_messaging_interfaces__cpp
[2.313s] running egg_info
[2.313s] creating instant_messaging_interfaces.egg-info
[2.313s] writing instant_messaging_interfaces.egg-info/PKG-INFO
[2.314s] writing dependency_links to instant_messaging_interfaces.egg-info/dependency_links.txt
[2.314s] writing top-level names to instant_messaging_interfaces.egg-info/top_level.txt
[2.314s] writing manifest file 'instant_messaging_interfaces.egg-info/SOURCES.txt'
[2.316s] [ 12%] [34m[1mGenerating C++ type support for eProsima Fast-RTPS[0m
[2.316s] reading manifest file 'instant_messaging_interfaces.egg-info/SOURCES.txt'
[2.317s] writing manifest file 'instant_messaging_interfaces.egg-info/SOURCES.txt'
[2.317s] [ 19%] [34m[1mGenerating C++ type support dispatch for ROS interfaces[0m
[2.317s] [ 19%] [34m[1mGenerating C++ introspection for ROS interfaces[0m
[2.350s] [ 22%] [32m[1mLinking C shared library libinstant_messaging_interfaces__rosidl_generator_c.so[0m
[2.352s] [ 22%] Built target ament_cmake_python_build_instant_messaging_interfaces_egg
[2.395s] [ 22%] Built target instant_messaging_interfaces__rosidl_generator_c
[2.410s] [ 25%] [34m[1mGenerating C type support for eProsima Fast-RTPS[0m
[2.410s] [ 29%] [34m[1mGenerating C type support dispatch for ROS interfaces[0m
[2.411s] [ 32%] [34m[1mGenerating C introspection for ROS interfaces[0m
[2.566s] [ 35%] [32mBuilding CXX object CMakeFiles/instant_messaging_interfaces__rosidl_typesupport_cpp.dir/rosidl_typesupport_cpp/instant_messaging_interfaces/msg/options__type_support.cpp.o[0m
[2.581s] [ 38%] [32mBuilding CXX object CMakeFiles/instant_messaging_interfaces__rosidl_typesupport_fastrtps_cpp.dir/rosidl_typesupport_fastrtps_cpp/instant_messaging_interfaces/msg/detail/dds_fastrtps/options__type_support.cpp.o[0m
[2.587s] [ 41%] [32mBuilding CXX object CMakeFiles/instant_messaging_interfaces__rosidl_typesupport_introspection_cpp.dir/rosidl_typesupport_introspection_cpp/instant_messaging_interfaces/msg/detail/options__type_support.cpp.o[0m
[2.644s] [ 45%] [32mBuilding CXX object CMakeFiles/instant_messaging_interfaces__rosidl_typesupport_c.dir/rosidl_typesupport_c/instant_messaging_interfaces/msg/options__type_support.cpp.o[0m
[2.674s] [ 48%] [32mBuilding CXX object CMakeFiles/instant_messaging_interfaces__rosidl_typesupport_fastrtps_c.dir/rosidl_typesupport_fastrtps_c/instant_messaging_interfaces/msg/detail/options__type_support_c.cpp.o[0m
[2.684s] [ 51%] [32m[1mLinking CXX shared library libinstant_messaging_interfaces__rosidl_typesupport_c.so[0m
[2.737s] [ 51%] Built target instant_messaging_interfaces__rosidl_typesupport_c
[2.739s] [ 54%] [32mBuilding C object CMakeFiles/instant_messaging_interfaces__rosidl_typesupport_introspection_c.dir/rosidl_typesupport_introspection_c/instant_messaging_interfaces/msg/detail/options__type_support.c.o[0m
[2.788s] [ 58%] [32m[1mLinking C shared library libinstant_messaging_interfaces__rosidl_typesupport_introspection_c.so[0m
[2.831s] [ 58%] Built target instant_messaging_interfaces__rosidl_typesupport_introspection_c
[2.833s] [ 61%] [32m[1mLinking CXX shared library libinstant_messaging_interfaces__rosidl_typesupport_cpp.so[0m
[2.894s] [ 61%] Built target instant_messaging_interfaces__rosidl_typesupport_cpp
[2.991s] [ 64%] [32m[1mLinking CXX shared library libinstant_messaging_interfaces__rosidl_typesupport_introspection_cpp.so[0m
[3.028s] [ 67%] [32m[1mLinking CXX shared library libinstant_messaging_interfaces__rosidl_typesupport_fastrtps_c.so[0m
[3.031s] [ 70%] [32m[1mLinking CXX shared library libinstant_messaging_interfaces__rosidl_typesupport_fastrtps_cpp.so[0m
[3.108s] [ 70%] Built target instant_messaging_interfaces__rosidl_typesupport_introspection_cpp
[3.115s] [ 70%] Built target instant_messaging_interfaces__rosidl_typesupport_fastrtps_c
[3.122s] [ 70%] Built target instant_messaging_interfaces__rosidl_typesupport_fastrtps_cpp
[3.147s] [ 70%] Built target instant_messaging_interfaces
[3.173s] [ 74%] [34m[1mGenerating Python code for ROS interfaces[0m
[3.488s] [ 74%] Built target instant_messaging_interfaces__py
[3.513s] [ 77%] [32mBuilding C object CMakeFiles/instant_messaging_interfaces__rosidl_generator_py.dir/rosidl_generator_py/instant_messaging_interfaces/msg/_options_s.c.o[0m
[3.633s] [ 80%] [32m[1mLinking C shared library rosidl_generator_py/instant_messaging_interfaces/libinstant_messaging_interfaces__rosidl_generator_py.so[0m
[3.687s] [ 80%] Built target instant_messaging_interfaces__rosidl_generator_py
[3.716s] [ 90%] [32mBuilding C object CMakeFiles/instant_messaging_interfaces__rosidl_typesupport_introspection_c__pyext.dir/rosidl_generator_py/instant_messaging_interfaces/_instant_messaging_interfaces_s.ep.rosidl_typesupport_introspection_c.c.o[0m
[3.716s] [ 90%] [32mBuilding C object CMakeFiles/instant_messaging_interfaces__rosidl_typesupport_fastrtps_c__pyext.dir/rosidl_generator_py/instant_messaging_interfaces/_instant_messaging_interfaces_s.ep.rosidl_typesupport_fastrtps_c.c.o[0m
[3.716s] [ 90%] [32mBuilding C object CMakeFiles/instant_messaging_interfaces__rosidl_typesupport_c__pyext.dir/rosidl_generator_py/instant_messaging_interfaces/_instant_messaging_interfaces_s.ep.rosidl_typesupport_c.c.o[0m
[3.821s] [ 93%] [32m[1mLinking C shared library rosidl_generator_py/instant_messaging_interfaces/instant_messaging_interfaces_s__rosidl_typesupport_c.cpython-310-x86_64-linux-gnu.so[0m
[3.822s] [ 96%] [32m[1mLinking C shared library rosidl_generator_py/instant_messaging_interfaces/instant_messaging_interfaces_s__rosidl_typesupport_fastrtps_c.cpython-310-x86_64-linux-gnu.so[0m
[3.825s] [100%] [32m[1mLinking C shared library rosidl_generator_py/instant_messaging_interfaces/instant_messaging_interfaces_s__rosidl_typesupport_introspection_c.cpython-310-x86_64-linux-gnu.so[0m
[3.864s] [100%] Built target instant_messaging_interfaces__rosidl_typesupport_fastrtps_c__pyext
[3.864s] [100%] Built target instant_messaging_interfaces__rosidl_typesupport_c__pyext
[3.865s] [100%] Built target instant_messaging_interfaces__rosidl_typesupport_introspection_c__pyext
[3.880s] Invoked command in '/home/psh/py_bt_ros/build/instant_messaging_interfaces' returned '0': CMAKE_PREFIX_PATH=${CMAKE_PREFIX_PATH}:/home/psh/py_bt_ros/install/yolo_ros:/opt/ros/humble /usr/bin/cmake --build /home/psh/py_bt_ros/build/instant_messaging_interfaces -- -j22 -l22
[3.883s] Invoking command in '/home/psh/py_bt_ros/build/instant_messaging_interfaces': CMAKE_PREFIX_PATH=${CMAKE_PREFIX_PATH}:/home/psh/py_bt_ros/install/yolo_ros:/opt/ros/humble /usr/bin/cmake --install /home/psh/py_bt_ros/build/instant_messaging_interfaces
[3.893s] -- Install configuration: ""
[3.894s] -- Installing: /home/psh/py_bt_ros/install/instant_messaging_interfaces/share/ament_index/resource_index/rosidl_interfaces/instant_messaging_interfaces
[3.894s] -- Installing: /home/psh/py_bt_ros/install/instant_messaging_interfaces/include/instant_messaging_interfaces/instant_messaging_interfaces
[3.894s] -- Installing: /home/psh/py_bt_ros/install/instant_messaging_interfaces/include/instant_messaging_interfaces/instant_messaging_interfaces/msg
[3.894s] -- Installing: /home/psh/py_bt_ros/install/instant_messaging_interfaces/include/instant_messaging_interfaces/instant_messaging_interfaces/msg/options.h
[3.894s] -- Installing: /home/psh/py_bt_ros/install/instant_messaging_interfaces/include/instant_messaging_interfaces/instant_messaging_interfaces/msg/rosidl_generator_c__visibility_control.h
[3.894s] -- Installing: /home/psh/py_bt_ros/install/instant_messaging_interfaces/include/instant_messaging_interfaces/instant_messaging_interfaces/msg/detail
[3.894s] -- Installing: /home/psh/py_bt_ros/install/instant_messaging_interfaces/include/instant_messaging_interfaces/instant_messaging_interfaces/msg/detail/options__functions.h
[3.894s] -- Installing: /home/psh/py_bt_ros/install/instant_messaging_interfaces/include/instant_messaging_interfaces/instant_messaging_interfaces/msg/detail/options__functions.c
[3.894s] -- Installing: /home/psh/py_bt_ros/install/instant_messaging_interfaces/include/instant_messaging_interfaces/instant_messaging_interfaces/msg/detail/options__struct.h
[3.894s] -- Installing: /home/psh/py_bt_ros/install/instant_messaging_interfaces/include/instant_messaging_interfaces/instant_messaging_interfaces/msg/detail/options__type_support.h
[3.895s] -- Installing: /home/psh/py_bt_ros/install/instant_messaging_interfaces/share/instant_messaging_interfaces/environment/library_path.sh
[3.895s] -- Installing: /home/psh/py_bt_ros/install/instant_messaging_interfaces/share/instant_messaging_interfaces/environment/library_path.dsv
[3.895s] -- Installing: /home/psh/py_bt_ros/install/instant_messaging_interfaces/lib/libinstant_messaging_interfaces__rosidl_generator_c.so
[3.895s] -- Set runtime path of "/home/psh/py_bt_ros/install/instant_messaging_interfaces/lib/libinstant_messaging_interfaces__rosidl_generator_c.so" to ""
[3.895s] -- Up-to-date: /home/psh/py_bt_ros/install/instant_messaging_interfaces/include/instant_messaging_interfaces/instant_messaging_interfaces
[3.895s] -- Up-to-date: /home/psh/py_bt_ros/install/instant_messaging_interfaces/include/instant_messaging_interfaces/instant_messaging_interfaces/msg
[3.895s] -- Installing: /home/psh/py_bt_ros/install/instant_messaging_interfaces/include/instant_messaging_interfaces/instant_messaging_interfaces/msg/rosidl_typesupport_fastrtps_c__visibility_control.h
[3.896s] -- Up-to-date: /home/psh/py_bt_ros/install/instant_messaging_interfaces/include/instant_messaging_interfaces/instant_messaging_interfaces/msg/detail
[3.896s] -- Installing: /home/psh/py_bt_ros/install/instant_messaging_interfaces/include/instant_messaging_interfaces/instant_messaging_interfaces/msg/detail/options__rosidl_typesupport_fastrtps_c.h
[3.896s] -- Installing: /home/psh/py_bt_ros/install/instant_messaging_interfaces/lib/libinstant_messaging_interfaces__rosidl_typesupport_fastrtps_c.so
[3.896s] -- Set runtime path of "/home/psh/py_bt_ros/install/instant_messaging_interfaces/lib/libinstant_messaging_interfaces__rosidl_typesupport_fastrtps_c.so" to ""
[3.896s] -- Up-to-date: /home/psh/py_bt_ros/install/instant_messaging_interfaces/include/instant_messaging_interfaces/instant_messaging_interfaces
[3.896s] -- Up-to-date: /home/psh/py_bt_ros/install/instant_messaging_interfaces/include/instant_messaging_interfaces/instant_messaging_interfaces/msg
[3.896s] -- Installing: /home/psh/py_bt_ros/install/instant_messaging_interfaces/include/instant_messaging_interfaces/instant_messaging_interfaces/msg/rosidl_typesupport_introspection_c__visibility_control.h
[3.896s] -- Up-to-date: /home/psh/py_bt_ros/install/instant_messaging_interfaces/include/instant_messaging_interfaces/instant_messaging_interfaces/msg/detail
[3.897s] -- Installing: /home/psh/py_bt_ros/install/instant_messaging_interfaces/include/instant_messaging_interfaces/instant_messaging_interfaces/msg/detail/options__type_support.c
[3.897s] -- Installing: /home/psh/py_bt_ros/install/instant_messaging_interfaces/include/instant_messaging_interfaces/instant_messaging_interfaces/msg/detail/options__rosidl_typesupport_introspection_c.h
[3.897s] -- Installing: /home/psh/py_bt_ros/install/instant_messaging_interfaces/lib/libinstant_messaging_interfaces__rosidl_typesupport_introspection_c.so
[3.897s] -- Set runtime path of "/home/psh/py_bt_ros/install/instant_messaging_interfaces/lib/libinstant_messaging_interfaces__rosidl_typesupport_introspection_c.so" to ""
[3.897s] -- Installing: /home/psh/py_bt_ros/install/instant_messaging_interfaces/lib/libinstant_messaging_interfaces__rosidl_typesupport_c.so
[3.897s] -- Set runtime path of "/home/psh/py_bt_ros/install/instant_messaging_interfaces/lib/libinstant_messaging_interfaces__rosidl_typesupport_c.so" to ""
[3.897s] -- Up-to-date: /home/psh/py_bt_ros/install/instant_messaging_interfaces/include/instant_messaging_interfaces/instant_messaging_interfaces
[3.897s] -- Up-to-date: /home/psh/py_bt_ros/install/instant_messaging_interfaces/include/instant_messaging_interfaces/instant_messaging_interfaces/msg
[3.897s] -- Installing: /home/psh/py_bt_ros/install/instant_messaging_interfaces/include/instant_messaging_interfaces/instant_messaging_interfaces/msg/options.hpp
[3.897s] -- Installing: /home/psh/py_bt_ros/install/instant_messaging_interfaces/include/instant_messaging_interfaces/instant_messaging_interfaces/msg/rosidl_generator_cpp__visibility_control.hpp
[3.897s] -- Up-to-date: /home/psh/py_bt_ros/install/instant_messaging_interfaces/include/instant_messaging_interfaces/instant_messaging_interfaces/msg/detail
[3.898s] -- Installing: /home/psh/py_bt_ros/install/instant_messaging_interfaces/include/instant_messaging_interfaces/instant_messaging_interfaces/msg/detail/options__struct.hpp
[3.898s] -- Installing: /home/psh/py_bt_ros/install/instant_messaging_interfaces/include/instant_messaging_interfaces/instant_messaging_interfaces/msg/detail/options__builder.hpp
[3.898s] -- Installing: /home/psh/py_bt_ros/install/instant_messaging_interfaces/include/instant_messaging_interfaces/instant_messaging_interfaces/msg/detail/options__traits.hpp
[3.898s] -- Installing: /home/psh/py_bt_ros/install/instant_messaging_interfaces/include/instant_messaging_interfaces/instant_messaging_interfaces/msg/detail/options__type_support.hpp
[3.898s] -- Up-to-date: /home/psh/py_bt_ros/install/instant_messaging_interfaces/include/instant_messaging_interfaces/instant_messaging_interfaces
[3.898s] -- Up-to-date: /home/psh/py_bt_ros/install/instant_messaging_interfaces/include/instant_messaging_interfaces/instant_messaging_interfaces/msg
[3.898s] -- Installing: /home/psh/py_bt_ros/install/instant_messaging_interfaces/include/instant_messaging_interfaces/instant_messaging_interfaces/msg/rosidl_typesupport_fastrtps_cpp__visibility_control.h
[3.898s] -- Up-to-date: /home/psh/py_bt_ros/install/instant_messaging_interfaces/include/instant_messaging_interfaces/instant_messaging_interfaces/msg/detail
[3.898s] -- Installing: /home/psh/py_bt_ros/install/instant_messaging_interfaces/include/instant_messaging_interfaces/instant_messaging_interfaces/msg/detail/options__rosidl_typesupport_fastrtps_cpp.hpp
[3.898s] -- Installing: /home/psh/py_bt_ros/install/instant_messaging_interfaces/include/instant_messaging_interfaces/instant_messaging_interfaces/msg/detail/dds_fastrtps
[3.898s] -- Installing: /home/psh/py_bt_ros/install/instant_messaging_interfaces/lib/libinstant_messaging_interfaces__rosidl_typesupport_fastrtps_cpp.so
[3.899s] -- Set runtime path of "/home/psh/py_bt_ros/install/instant_messaging_interfaces/lib/libinstant_messaging_interfaces__rosidl_typesupport_fastrtps_cpp.so" to ""
[3.899s] -- Up-to-date: /home/psh/py_bt_ros/install/instant_messaging_interfaces/include/instant_messaging_interfaces/instant_messaging_interfaces
[3.899s] -- Up-to-date: /home/psh/py_bt_ros/install/instant_messaging_interfaces/include/instant_messaging_interfaces/instant_messaging_interfaces/msg
[3.899s] -- Up-to-date: /home/psh/py_bt_ros/install/instant_messaging_interfaces/include/instant_messaging_interfaces/instant_messaging_interfaces/msg/detail
[3.899s] -- Installing: /home/psh/py_bt_ros/install/instant_messaging_interfaces/include/instant_messaging_interfaces/instant_messaging_interfaces/msg/detail/options__rosidl_typesupport_introspection_cpp.hpp
[3.899s] -- Installing: /home/psh/py_bt_ros/install/instant_messaging_interfaces/include/instant_messaging_interfaces/instant_messaging_interfaces/msg/detail/options__type_support.cpp
[3.899s] -- Installing: /home/psh/py_bt_ros/install/instant_messaging_interfaces/lib/libinstant_messaging_interfaces__rosidl_typesupport_introspection_cpp.so
[3.899s] -- Set runtime path of "/home/psh/py_bt_ros/install/instant_messaging_interfaces/lib/libinstant_messaging_interfaces__rosidl_typesupport_introspection_cpp.so" to ""
[3.899s] -- Installing: /home/psh/py_bt_ros/install/instant_messaging_interfaces/lib/libinstant_messaging_interfaces__rosidl_typesupport_cpp.so
[3.899s] -- Set runtime path of "/home/psh/py_bt_ros/install/instant_messaging_interfaces/lib/libinstant_messaging_interfaces__rosidl_typesupport_cpp.so" to ""
[3.899s] -- Installing: /home/psh/py_bt_ros/install/instant_messaging_interfaces/share/instant_messaging_interfaces/environment/pythonpath.sh
[3.900s] -- Installing: /home/psh/py_bt_ros/install/instant_messaging_interfaces/share/instant_messaging_interfaces/environment/pythonpath.dsv
[3.900s] -- Installing: /home/psh/py_bt_ros/install/instant_messaging_interfaces/local/lib/python3.10/dist-packages/instant_messaging_interfaces-0.0.0-py3.10.egg-info
[3.900s] -- Installing: /home/psh/py_bt_ros/install/instant_messaging_interfaces/local/lib/python3.10/dist-packages/instant_messaging_interfaces-0.0.0-py3.10.egg-info/PKG-INFO
[3.900s] -- Installing: /home/psh/py_bt_ros/install/instant_messaging_interfaces/local/lib/python3.10/dist-packages/instant_messaging_interfaces-0.0.0-py3.10.egg-info/top_level.txt
[3.900s] -- Installing: /home/psh/py_bt_ros/install/instant_messaging_interfaces/local/lib/python3.10/dist-packages/instant_messaging_interfaces-0.0.0-py3.10.egg-info/SOURCES.txt
[3.900s] -- Installing: /home/psh/py_bt_ros/install/instant_messaging_interfaces/local/lib/python3.10/dist-packages/instant_messaging_interfaces-0.0.0-py3.10.egg-info/dependency_links.txt
[3.900s] -- Installing: /home/psh/py_bt_ros/install/instant_messaging_interfaces/local/lib/python3.10/dist-packages/instant_messaging_interfaces
[3.900s] -- Installing: /home/psh/py_bt_ros/install/instant_messaging_interfaces/local/lib/python3.10/dist-packages/instant_messaging_interfaces/msg
[3.901s] -- Installing: /home/psh/py_bt_ros/install/instant_messaging_interfaces/local/lib/python3.10/dist-packages/instant_messaging_interfaces/msg/_options.py
[3.901s] -- Installing: /home/psh/py_bt_ros/install/instant_messaging_interfaces/local/lib/python3.10/dist-packages/instant_messaging_interfaces/msg/__init__.py
[3.901s] -- Installing: /home/psh/py_bt_ros/install/instant_messaging_interfaces/local/lib/python3.10/dist-packages/instant_messaging_interfaces/msg/_options_s.c
[3.901s] -- Installing: /home/psh/py_bt_ros/install/instant_messaging_interfaces/local/lib/python3.10/dist-packages/instant_messaging_interfaces/instant_messaging_interfaces_s__rosidl_typesupport_introspection_c.cpython-310-x86_64-linux-gnu.so
[3.901s] -- Installing: /home/psh/py_bt_ros/install/instant_messaging_interfaces/local/lib/python3.10/dist-packages/instant_messaging_interfaces/_instant_messaging_interfaces_s.ep.rosidl_typesupport_fastrtps_c.c
[3.901s] -- Installing: /home/psh/py_bt_ros/install/instant_messaging_interfaces/local/lib/python3.10/dist-packages/instant_messaging_interfaces/__init__.py
[3.901s] -- Installing: /home/psh/py_bt_ros/install/instant_messaging_interfaces/local/lib/python3.10/dist-packages/instant_messaging_interfaces/libinstant_messaging_interfaces__rosidl_generator_py.so
[3.901s] -- Installing: /home/psh/py_bt_ros/install/instant_messaging_interfaces/local/lib/python3.10/dist-packages/instant_messaging_interfaces/_instant_messaging_interfaces_s.ep.rosidl_typesupport_introspection_c.c
[3.901s] -- Installing: /home/psh/py_bt_ros/install/instant_messaging_interfaces/local/lib/python3.10/dist-packages/instant_messaging_interfaces/instant_messaging_interfaces_s__rosidl_typesupport_fastrtps_c.cpython-310-x86_64-linux-gnu.so
[3.902s] -- Installing: /home/psh/py_bt_ros/install/instant_messaging_interfaces/local/lib/python3.10/dist-packages/instant_messaging_interfaces/instant_messaging_interfaces_s__rosidl_typesupport_c.cpython-310-x86_64-linux-gnu.so
[3.902s] -- Installing: /home/psh/py_bt_ros/install/instant_messaging_interfaces/local/lib/python3.10/dist-packages/instant_messaging_interfaces/_instant_messaging_interfaces_s.ep.rosidl_typesupport_c.c
[3.943s] Listing '/home/psh/py_bt_ros/install/instant_messaging_interfaces/local/lib/python3.10/dist-packages/instant_messaging_interfaces'...
[3.944s] Compiling '/home/psh/py_bt_ros/install/instant_messaging_interfaces/local/lib/python3.10/dist-packages/instant_messaging_interfaces/__init__.py'...
[3.944s] Listing '/home/psh/py_bt_ros/install/instant_messaging_interfaces/local/lib/python3.10/dist-packages/instant_messaging_interfaces/msg'...
[3.944s] Compiling '/home/psh/py_bt_ros/install/instant_messaging_interfaces/local/lib/python3.10/dist-packages/instant_messaging_interfaces/msg/__init__.py'...
[3.944s] Compiling '/home/psh/py_bt_ros/install/instant_messaging_interfaces/local/lib/python3.10/dist-packages/instant_messaging_interfaces/msg/_options.py'...
[3.950s] -- Installing: /home/psh/py_bt_ros/install/instant_messaging_interfaces/local/lib/python3.10/dist-packages/instant_messaging_interfaces/instant_messaging_interfaces_s__rosidl_typesupport_fastrtps_c.cpython-310-x86_64-linux-gnu.so
[3.950s] -- Set runtime path of "/home/psh/py_bt_ros/install/instant_messaging_interfaces/local/lib/python3.10/dist-packages/instant_messaging_interfaces/instant_messaging_interfaces_s__rosidl_typesupport_fastrtps_c.cpython-310-x86_64-linux-gnu.so" to ""
[3.950s] -- Installing: /home/psh/py_bt_ros/install/instant_messaging_interfaces/local/lib/python3.10/dist-packages/instant_messaging_interfaces/instant_messaging_interfaces_s__rosidl_typesupport_introspection_c.cpython-310-x86_64-linux-gnu.so
[3.951s] -- Set runtime path of "/home/psh/py_bt_ros/install/instant_messaging_interfaces/local/lib/python3.10/dist-packages/instant_messaging_interfaces/instant_messaging_interfaces_s__rosidl_typesupport_introspection_c.cpython-310-x86_64-linux-gnu.so" to ""
[3.951s] -- Installing: /home/psh/py_bt_ros/install/instant_messaging_interfaces/local/lib/python3.10/dist-packages/instant_messaging_interfaces/instant_messaging_interfaces_s__rosidl_typesupport_c.cpython-310-x86_64-linux-gnu.so
[3.951s] -- Set runtime path of "/home/psh/py_bt_ros/install/instant_messaging_interfaces/local/lib/python3.10/dist-packages/instant_messaging_interfaces/instant_messaging_interfaces_s__rosidl_typesupport_c.cpython-310-x86_64-linux-gnu.so" to ""
[3.951s] -- Installing: /home/psh/py_bt_ros/install/instant_messaging_interfaces/lib/libinstant_messaging_interfaces__rosidl_generator_py.so
[3.952s] -- Set runtime path of "/home/psh/py_bt_ros/install/instant_messaging_interfaces/lib/libinstant_messaging_interfaces__rosidl_generator_py.so" to ""
[3.952s] -- Installing: /home/psh/py_bt_ros/install/instant_messaging_interfaces/share/instant_messaging_interfaces/msg/Options.idl
[3.952s] -- Installing: /home/psh/py_bt_ros/install/instant_messaging_interfaces/share/instant_messaging_interfaces/msg/Options.msg
[3.952s] -- Installing: /home/psh/py_bt_ros/install/instant_messaging_interfaces/share/ament_index/resource_index/package_run_dependencies/instant_messaging_interfaces
[3.952s] -- Installing: /home/psh/py_bt_ros/install/instant_messaging_interfaces/share/ament_index/resource_index/parent_prefix_path/instant_messaging_interfaces
[3.952s] -- Installing: /home/psh/py_bt_ros/install/instant_messaging_interfaces/share/instant_messaging_interfaces/environment/ament_prefix_path.sh
[3.952s] -- Installing: /home/psh/py_bt_ros/install/instant_messaging_interfaces/share/instant_messaging_interfaces/environment/ament_prefix_path.dsv
[3.952s] -- Installing: /home/psh/py_bt_ros/install/instant_messaging_interfaces/share/instant_messaging_interfaces/environment/path.sh
[3.953s] -- Installing: /home/psh/py_bt_ros/install/instant_messaging_interfaces/share/instant_messaging_interfaces/environment/path.dsv
[3.953s] -- Installing: /home/psh/py_bt_ros/install/instant_messaging_interfaces/share/instant_messaging_interfaces/local_setup.bash
[3.953s] -- Installing: /home/psh/py_bt_ros/install/instant_messaging_interfaces/share/instant_messaging_interfaces/local_setup.sh
[3.953s] -- Installing: /home/psh/py_bt_ros/install/instant_messaging_interfaces/share/instant_messaging_interfaces/local_setup.zsh
[3.953s] -- Installing: /home/psh/py_bt_ros/install/instant_messaging_interfaces/share/instant_messaging_interfaces/local_setup.dsv
[3.953s] -- Installing: /home/psh/py_bt_ros/install/instant_messaging_interfaces/share/instant_messaging_interfaces/package.dsv
[3.953s] -- Installing: /home/psh/py_bt_ros/install/instant_messaging_interfaces/share/ament_index/resource_index/packages/instant_messaging_interfaces
[3.954s] -- Installing: /home/psh/py_bt_ros/install/instant_messaging_interfaces/share/instant_messaging_interfaces/cmake/export_instant_messaging_interfaces__rosidl_generator_cExport.cmake
[3.954s] -- Installing: /home/psh/py_bt_ros/install/instant_messaging_interfaces/share/instant_messaging_interfaces/cmake/export_instant_messaging_interfaces__rosidl_generator_cExport-noconfig.cmake
[3.954s] -- Installing: /home/psh/py_bt_ros/install/instant_messaging_interfaces/share/instant_messaging_interfaces/cmake/export_instant_messaging_interfaces__rosidl_typesupport_fastrtps_cExport.cmake
[3.954s] -- Installing: /home/psh/py_bt_ros/install/instant_messaging_interfaces/share/instant_messaging_interfaces/cmake/export_instant_messaging_interfaces__rosidl_typesupport_fastrtps_cExport-noconfig.cmake
[3.954s] -- Installing: /home/psh/py_bt_ros/install/instant_messaging_interfaces/share/instant_messaging_interfaces/cmake/instant_messaging_interfaces__rosidl_typesupport_introspection_cExport.cmake
[3.954s] -- Installing: /home/psh/py_bt_ros/install/instant_messaging_interfaces/share/instant_messaging_interfaces/cmake/instant_messaging_interfaces__rosidl_typesupport_introspection_cExport-noconfig.cmake
[3.954s] -- Installing: /home/psh/py_bt_ros/install/instant_messaging_interfaces/share/instant_messaging_interfaces/cmake/instant_messaging_interfaces__rosidl_typesupport_cExport.cmake
[3.954s] -- Installing: /home/psh/py_bt_ros/install/instant_messaging_interfaces/share/instant_messaging_interfaces/cmake/instant_messaging_interfaces__rosidl_typesupport_cExport-noconfig.cmake
[3.955s] -- Installing: /home/psh/py_bt_ros/install/instant_messaging_interfaces/share/instant_messaging_interfaces/cmake/export_instant_messaging_interfaces__rosidl_generator_cppExport.cmake
[3.955s] -- Installing: /home/psh/py_bt_ros/install/instant_messaging_interfaces/share/instant_messaging_interfaces/cmake/export_instant_messaging_interfaces__rosidl_typesupport_fastrtps_cppExport.cmake
[3.955s] -- Installing: /home/psh/py_bt_ros/install/instant_messaging_interfaces/share/instant_messaging_interfaces/cmake/export_instant_messaging_interfaces__rosidl_typesupport_fastrtps_cppExport-noconfig.cmake
[3.955s] -- Installing: /home/psh/py_bt_ros/install/instant_messaging_interfaces/share/instant_messaging_interfaces/cmake/instant_messaging_interfaces__rosidl_typesupport_introspection_cppExport.cmake
[3.955s] -- Installing: /home/psh/py_bt_ros/install/instant_messaging_interfaces/share/instant_messaging_interfaces/cmake/instant_messaging_interfaces__rosidl_typesupport_introspection_cppExport-noconfig.cmake
[3.955s] -- Installing: /home/psh/py_bt_ros/install/instant_messaging_interfaces/share/instant_messaging_interfaces/cmake/instant_messaging_interfaces__rosidl_typesupport_cppExport.cmake
[3.955s] -- Installing: /home/psh/py_bt_ros/install/instant_messaging_interfaces/share/instant_messaging_interfaces/cmake/instant_messaging_interfaces__rosidl_typesupport_cppExport-noconfig.cmake
[3.955s] -- Installing: /home/psh/py_bt_ros/install/instant_messaging_interfaces/share/instant_messaging_interfaces/cmake/export_instant_messaging_interfaces__rosidl_generator_pyExport.cmake
[3.956s] -- Installing: /home/psh/py_bt_ros/install/instant_messaging_interfaces/share/instant_messaging_interfaces/cmake/export_instant_messaging_interfaces__rosidl_generator_pyExport-noconfig.cmake
[3.956s] -- Installing: /home/psh/py_bt_ros/install/instant_messaging_interfaces/share/instant_messaging_interfaces/cmake/rosidl_cmake-extras.cmake
[3.956s] -- Installing: /home/psh/py_bt_ros/install/instant_messaging_interfaces/share/instant_messaging_interfaces/cmake/ament_cmake_export_include_directories-extras.cmake
[3.956s] -- Installing: /home/psh/py_bt_ros/install/instant_messaging_interfaces/share/instant_messaging_interfaces/cmake/ament_cmake_export_libraries-extras.cmake
[3.956s] -- Installing: /home/psh/py_bt_ros/install/instant_messaging_interfaces/share/instant_messaging_interfaces/cmake/ament_cmake_export_targets-extras.cmake
[3.956s] -- Installing: /home/psh/py_bt_ros/install/instant_messaging_interfaces/share/instant_messaging_interfaces/cmake/rosidl_cmake_export_typesupport_targets-extras.cmake
[3.956s] -- Installing: /home/psh/py_bt_ros/install/instant_messaging_interfaces/share/instant_messaging_interfaces/cmake/ament_cmake_export_dependencies-extras.cmake
[3.956s] -- Installing: /home/psh/py_bt_ros/install/instant_messaging_interfaces/share/instant_messaging_interfaces/cmake/rosidl_cmake_export_typesupport_libraries-extras.cmake
[3.957s] -- Installing: /home/psh/py_bt_ros/install/instant_messaging_interfaces/share/instant_messaging_interfaces/cmake/instant_messaging_interfacesConfig.cmake
[3.957s] -- Installing: /home/psh/py_bt_ros/install/instant_messaging_interfaces/share/instant_messaging_interfaces/cmake/instant_messaging_interfacesConfig-version.cmake
[3.957s] -- Installing: /home/psh/py_bt_ros/install/instant_messaging_interfaces/share/instant_messaging_interfaces/package.xml
[3.961s] Invoked command in '/home/psh/py_bt_ros/build/instant_messaging_interfaces' returned '0': CMAKE_PREFIX_PATH=${CMAKE_PREFIX_PATH}:/home/psh/py_bt_ros/install/yolo_ros:/opt/ros/humble /usr/bin/cmake --install /home/psh/py_bt_ros/build/instant_messaging_interfaces
