[0.017s] Invoking command in '/home/psh/py_bt_ros/build/yolo_bringup': AMENT_PREFIX_PATH=/home/psh/py_bt_ros/install/yolo_ros:/home/psh/py_bt_ros/install/yolo_msgs:${AMENT_PREFIX_PATH} CMAKE_PREFIX_PATH=/home/psh/py_bt_ros/install/yolo_msgs:/home/psh/wego_ws/install/ydlidar_sdk:/home/psh/wego_ws/install/ydlidar_ros2_driver:/home/psh/wego_ws/install/slam_toolbox:/home/psh/wego_ws/install/orbbec_description:/home/psh/wego_ws/install/orbbec_camera:/home/psh/wego_ws/install/orbbec_camera_msgs:/home/psh/wego_ws/install/limo_base:/home/psh/wego_ws/install/limo_msgs:/home/psh/wego_ws/install/limo_description:/home/psh/wego_ws/install/limo_car:/opt/ros/humble LD_LIBRARY_PATH=/home/psh/py_bt_ros/install/yolo_msgs/lib:${LD_LIBRARY_PATH} PYTHONPATH=/home/psh/py_bt_ros/install/yolo_ros/lib/python3.10/site-packages:/home/psh/py_bt_ros/install/yolo_msgs/local/lib/python3.10/dist-packages:${PYTHONPATH} /usr/bin/cmake --build /home/psh/py_bt_ros/build/yolo_bringup -- -j22 -l22
[0.067s] Invoked command in '/home/psh/py_bt_ros/build/yolo_bringup' returned '0': AMENT_PREFIX_PATH=/home/psh/py_bt_ros/install/yolo_ros:/home/psh/py_bt_ros/install/yolo_msgs:${AMENT_PREFIX_PATH} CMAKE_PREFIX_PATH=/home/psh/py_bt_ros/install/yolo_msgs:/home/psh/wego_ws/install/ydlidar_sdk:/home/psh/wego_ws/install/ydlidar_ros2_driver:/home/psh/wego_ws/install/slam_toolbox:/home/psh/wego_ws/install/orbbec_description:/home/psh/wego_ws/install/orbbec_camera:/home/psh/wego_ws/install/orbbec_camera_msgs:/home/psh/wego_ws/install/limo_base:/home/psh/wego_ws/install/limo_msgs:/home/psh/wego_ws/install/limo_description:/home/psh/wego_ws/install/limo_car:/opt/ros/humble LD_LIBRARY_PATH=/home/psh/py_bt_ros/install/yolo_msgs/lib:${LD_LIBRARY_PATH} PYTHONPATH=/home/psh/py_bt_ros/install/yolo_ros/lib/python3.10/site-packages:/home/psh/py_bt_ros/install/yolo_msgs/local/lib/python3.10/dist-packages:${PYTHONPATH} /usr/bin/cmake --build /home/psh/py_bt_ros/build/yolo_bringup -- -j22 -l22
[0.070s] Invoking command in '/home/psh/py_bt_ros/build/yolo_bringup': AMENT_PREFIX_PATH=/home/psh/py_bt_ros/install/yolo_ros:/home/psh/py_bt_ros/install/yolo_msgs:${AMENT_PREFIX_PATH} CMAKE_PREFIX_PATH=/home/psh/py_bt_ros/install/yolo_msgs:/home/psh/wego_ws/install/ydlidar_sdk:/home/psh/wego_ws/install/ydlidar_ros2_driver:/home/psh/wego_ws/install/slam_toolbox:/home/psh/wego_ws/install/orbbec_description:/home/psh/wego_ws/install/orbbec_camera:/home/psh/wego_ws/install/orbbec_camera_msgs:/home/psh/wego_ws/install/limo_base:/home/psh/wego_ws/install/limo_msgs:/home/psh/wego_ws/install/limo_description:/home/psh/wego_ws/install/limo_car:/opt/ros/humble LD_LIBRARY_PATH=/home/psh/py_bt_ros/install/yolo_msgs/lib:${LD_LIBRARY_PATH} PYTHONPATH=/home/psh/py_bt_ros/install/yolo_ros/lib/python3.10/site-packages:/home/psh/py_bt_ros/install/yolo_msgs/local/lib/python3.10/dist-packages:${PYTHONPATH} /usr/bin/cmake --install /home/psh/py_bt_ros/build/yolo_bringup
[0.083s] -- Install configuration: ""
[0.083s] -- Up-to-date: /home/psh/py_bt_ros/install/yolo_bringup/share/yolo_bringup//launch
[0.084s] -- Up-to-date: /home/psh/py_bt_ros/install/yolo_bringup/share/yolo_bringup//launch/yolo-world.launch.py
[0.084s] -- Up-to-date: /home/psh/py_bt_ros/install/yolo_bringup/share/yolo_bringup//launch/yolov10.launch.py
[0.084s] -- Up-to-date: /home/psh/py_bt_ros/install/yolo_bringup/share/yolo_bringup//launch/yolo.launch.py
[0.084s] -- Up-to-date: /home/psh/py_bt_ros/install/yolo_bringup/share/yolo_bringup//launch/yolov11.launch.py
[0.084s] -- Up-to-date: /home/psh/py_bt_ros/install/yolo_bringup/share/yolo_bringup//launch/yolov12.launch.py
[0.084s] -- Up-to-date: /home/psh/py_bt_ros/install/yolo_bringup/share/yolo_bringup//launch/yoloe.launch.py
[0.084s] -- Up-to-date: /home/psh/py_bt_ros/install/yolo_bringup/share/yolo_bringup//launch/yolov8.launch.py
[0.084s] -- Up-to-date: /home/psh/py_bt_ros/install/yolo_bringup/share/yolo_bringup//launch/yolov5.launch.py
[0.085s] -- Up-to-date: /home/psh/py_bt_ros/install/yolo_bringup/share/yolo_bringup//launch/yolov9.launch.py
[0.085s] -- Up-to-date: /home/psh/py_bt_ros/install/yolo_bringup/share/ament_index/resource_index/package_run_dependencies/yolo_bringup
[0.085s] -- Up-to-date: /home/psh/py_bt_ros/install/yolo_bringup/share/ament_index/resource_index/parent_prefix_path/yolo_bringup
[0.085s] -- Up-to-date: /home/psh/py_bt_ros/install/yolo_bringup/share/yolo_bringup/environment/ament_prefix_path.sh
[0.085s] -- Up-to-date: /home/psh/py_bt_ros/install/yolo_bringup/share/yolo_bringup/environment/ament_prefix_path.dsv
[0.085s] -- Up-to-date: /home/psh/py_bt_ros/install/yolo_bringup/share/yolo_bringup/environment/path.sh
[0.086s] -- Up-to-date: /home/psh/py_bt_ros/install/yolo_bringup/share/yolo_bringup/environment/path.dsv
[0.086s] -- Up-to-date: /home/psh/py_bt_ros/install/yolo_bringup/share/yolo_bringup/local_setup.bash
[0.086s] -- Up-to-date: /home/psh/py_bt_ros/install/yolo_bringup/share/yolo_bringup/local_setup.sh
[0.086s] -- Up-to-date: /home/psh/py_bt_ros/install/yolo_bringup/share/yolo_bringup/local_setup.zsh
[0.086s] -- Up-to-date: /home/psh/py_bt_ros/install/yolo_bringup/share/yolo_bringup/local_setup.dsv
[0.087s] -- Installing: /home/psh/py_bt_ros/install/yolo_bringup/share/yolo_bringup/package.dsv
[0.087s] -- Up-to-date: /home/psh/py_bt_ros/install/yolo_bringup/share/ament_index/resource_index/packages/yolo_bringup
[0.088s] -- Up-to-date: /home/psh/py_bt_ros/install/yolo_bringup/share/yolo_bringup/cmake/yolo_bringupConfig.cmake
[0.088s] -- Up-to-date: /home/psh/py_bt_ros/install/yolo_bringup/share/yolo_bringup/cmake/yolo_bringupConfig-version.cmake
[0.088s] -- Up-to-date: /home/psh/py_bt_ros/install/yolo_bringup/share/yolo_bringup/package.xml
[0.088s] Invoked command in '/home/psh/py_bt_ros/build/yolo_bringup' returned '0': AMENT_PREFIX_PATH=/home/psh/py_bt_ros/install/yolo_ros:/home/psh/py_bt_ros/install/yolo_msgs:${AMENT_PREFIX_PATH} CMAKE_PREFIX_PATH=/home/psh/py_bt_ros/install/yolo_msgs:/home/psh/wego_ws/install/ydlidar_sdk:/home/psh/wego_ws/install/ydlidar_ros2_driver:/home/psh/wego_ws/install/slam_toolbox:/home/psh/wego_ws/install/orbbec_description:/home/psh/wego_ws/install/orbbec_camera:/home/psh/wego_ws/install/orbbec_camera_msgs:/home/psh/wego_ws/install/limo_base:/home/psh/wego_ws/install/limo_msgs:/home/psh/wego_ws/install/limo_description:/home/psh/wego_ws/install/limo_car:/opt/ros/humble LD_LIBRARY_PATH=/home/psh/py_bt_ros/install/yolo_msgs/lib:${LD_LIBRARY_PATH} PYTHONPATH=/home/psh/py_bt_ros/install/yolo_ros/lib/python3.10/site-packages:/home/psh/py_bt_ros/install/yolo_msgs/local/lib/python3.10/dist-packages:${PYTHONPATH} /usr/bin/cmake --install /home/psh/py_bt_ros/build/yolo_bringup
