[0.045s] Invoking command in '/home/wego/Downloads/py_bt_ros_spy/build/yolo_msgs': CMAKE_PREFIX_PATH=${CMAKE_PREFIX_PATH}:/home/wego/wego_ws/install/limo_ros2_application:/home/wego/wego_ws/install/nav2_simple_commander:/home/wego/wego_ws/install/dl_ros2_application:/home/wego/Downloads/backups/wego_ws/install/limo_ros2_application:/home/wego/Downloads/backups/wego_ws/install/nav2_simple_commander:/home/wego/Downloads/backups/wego_ws/install/dl_ros2_application:/opt/ros/humble /usr/bin/cmake --build /home/wego/Downloads/py_bt_ros_spy/build/yolo_msgs -- -j6 -l6
[0.237s] [  0%] Built target yolo_msgs__cpp
[0.299s] [  0%] Built target ament_cmake_python_symlink_yolo_msgs
[0.374s] [ 12%] Built target yolo_msgs__rosidl_typesupport_introspection_cpp
[0.981s] running egg_info
[1.033s] writing yolo_msgs.egg-info/PKG-INFO
[1.034s] writing dependency_links to yolo_msgs.egg-info/dependency_links.txt
[1.034s] writing top-level names to yolo_msgs.egg-info/top_level.txt
[1.175s] reading manifest file 'yolo_msgs.egg-info/SOURCES.txt'
[1.177s] writing manifest file 'yolo_msgs.egg-info/SOURCES.txt'
[1.267s] [ 12%] Built target ament_cmake_python_build_yolo_msgs_egg
[1.339s] [ 24%] Built target yolo_msgs__rosidl_typesupport_fastrtps_cpp
[1.403s] [ 36%] Built target yolo_msgs__rosidl_typesupport_cpp
[1.464s] [ 48%] Built target yolo_msgs__rosidl_generator_c
[1.532s] [ 60%] Built target yolo_msgs__rosidl_typesupport_fastrtps_c
[1.582s] [ 72%] Built target yolo_msgs__rosidl_typesupport_c
[1.645s] [ 84%] Built target yolo_msgs__rosidl_typesupport_introspection_c
[1.686s] [ 84%] Built target yolo_msgs
[1.735s] [ 85%] Built target yolo_msgs__py
[1.805s] [ 96%] Built target yolo_msgs__rosidl_generator_py
[1.849s] [ 97%] Built target yolo_msgs__rosidl_typesupport_fastrtps_c__pyext
[1.901s] [ 98%] Built target yolo_msgs__rosidl_typesupport_c__pyext
[1.944s] [100%] Built target yolo_msgs__rosidl_typesupport_introspection_c__pyext
[1.973s] Invoked command in '/home/wego/Downloads/py_bt_ros_spy/build/yolo_msgs' returned '0': CMAKE_PREFIX_PATH=${CMAKE_PREFIX_PATH}:/home/wego/wego_ws/install/limo_ros2_application:/home/wego/wego_ws/install/nav2_simple_commander:/home/wego/wego_ws/install/dl_ros2_application:/home/wego/Downloads/backups/wego_ws/install/limo_ros2_application:/home/wego/Downloads/backups/wego_ws/install/nav2_simple_commander:/home/wego/Downloads/backups/wego_ws/install/dl_ros2_application:/opt/ros/humble /usr/bin/cmake --build /home/wego/Downloads/py_bt_ros_spy/build/yolo_msgs -- -j6 -l6
[1.993s] Invoking command in '/home/wego/Downloads/py_bt_ros_spy/build/yolo_msgs': CMAKE_PREFIX_PATH=${CMAKE_PREFIX_PATH}:/home/wego/wego_ws/install/limo_ros2_application:/home/wego/wego_ws/install/nav2_simple_commander:/home/wego/wego_ws/install/dl_ros2_application:/home/wego/Downloads/backups/wego_ws/install/limo_ros2_application:/home/wego/Downloads/backups/wego_ws/install/nav2_simple_commander:/home/wego/Downloads/backups/wego_ws/install/dl_ros2_application:/opt/ros/humble /usr/bin/cmake --install /home/wego/Downloads/py_bt_ros_spy/build/yolo_msgs
[2.007s] -- Install configuration: ""
[2.009s] -- Execute custom install script
[2.010s] -- Up-to-date symlink: /home/wego/Downloads/py_bt_ros_spy/install/yolo_msgs/share/ament_index/resource_index/rosidl_interfaces/yolo_msgs
[2.012s] -- Up-to-date symlink: /home/wego/Downloads/py_bt_ros_spy/install/yolo_msgs/include/yolo_msgs/yolo_msgs/msg/bounding_box2_d.h
[2.012s] -- Up-to-date symlink: /home/wego/Downloads/py_bt_ros_spy/install/yolo_msgs/include/yolo_msgs/yolo_msgs/msg/bounding_box3_d.h
[2.012s] -- Up-to-date symlink: /home/wego/Downloads/py_bt_ros_spy/install/yolo_msgs/include/yolo_msgs/yolo_msgs/msg/detail/bounding_box2_d__functions.h
[2.013s] -- Up-to-date symlink: /home/wego/Downloads/py_bt_ros_spy/install/yolo_msgs/include/yolo_msgs/yolo_msgs/msg/detail/bounding_box2_d__struct.h
[2.013s] -- Up-to-date symlink: /home/wego/Downloads/py_bt_ros_spy/install/yolo_msgs/include/yolo_msgs/yolo_msgs/msg/detail/bounding_box2_d__type_support.h
[2.013s] -- Up-to-date symlink: /home/wego/Downloads/py_bt_ros_spy/install/yolo_msgs/include/yolo_msgs/yolo_msgs/msg/detail/bounding_box3_d__functions.h
[2.013s] -- Up-to-date symlink: /home/wego/Downloads/py_bt_ros_spy/install/yolo_msgs/include/yolo_msgs/yolo_msgs/msg/detail/bounding_box3_d__struct.h
[2.013s] -- Up-to-date symlink: /home/wego/Downloads/py_bt_ros_spy/install/yolo_msgs/include/yolo_msgs/yolo_msgs/msg/detail/bounding_box3_d__type_support.h
[2.014s] -- Up-to-date symlink: /home/wego/Downloads/py_bt_ros_spy/install/yolo_msgs/include/yolo_msgs/yolo_msgs/msg/detail/detection__functions.h
[2.014s] -- Up-to-date symlink: /home/wego/Downloads/py_bt_ros_spy/install/yolo_msgs/include/yolo_msgs/yolo_msgs/msg/detail/detection__struct.h
[2.014s] -- Up-to-date symlink: /home/wego/Downloads/py_bt_ros_spy/install/yolo_msgs/include/yolo_msgs/yolo_msgs/msg/detail/detection__type_support.h
[2.014s] -- Up-to-date symlink: /home/wego/Downloads/py_bt_ros_spy/install/yolo_msgs/include/yolo_msgs/yolo_msgs/msg/detail/detection_array__functions.h
[2.015s] -- Up-to-date symlink: /home/wego/Downloads/py_bt_ros_spy/install/yolo_msgs/include/yolo_msgs/yolo_msgs/msg/detail/detection_array__struct.h
[2.015s] -- Up-to-date symlink: /home/wego/Downloads/py_bt_ros_spy/install/yolo_msgs/include/yolo_msgs/yolo_msgs/msg/detail/detection_array__type_support.h
[2.015s] -- Up-to-date symlink: /home/wego/Downloads/py_bt_ros_spy/install/yolo_msgs/include/yolo_msgs/yolo_msgs/msg/detail/key_point2_d__functions.h
[2.015s] -- Up-to-date symlink: /home/wego/Downloads/py_bt_ros_spy/install/yolo_msgs/include/yolo_msgs/yolo_msgs/msg/detail/key_point2_d__struct.h
[2.015s] -- Up-to-date symlink: /home/wego/Downloads/py_bt_ros_spy/install/yolo_msgs/include/yolo_msgs/yolo_msgs/msg/detail/key_point2_d__type_support.h
[2.016s] -- Up-to-date symlink: /home/wego/Downloads/py_bt_ros_spy/install/yolo_msgs/include/yolo_msgs/yolo_msgs/msg/detail/key_point2_d_array__functions.h
[2.016s] -- Up-to-date symlink: /home/wego/Downloads/py_bt_ros_spy/install/yolo_msgs/include/yolo_msgs/yolo_msgs/msg/detail/key_point2_d_array__struct.h
[2.016s] -- Up-to-date symlink: /home/wego/Downloads/py_bt_ros_spy/install/yolo_msgs/include/yolo_msgs/yolo_msgs/msg/detail/key_point2_d_array__type_support.h
[2.016s] -- Up-to-date symlink: /home/wego/Downloads/py_bt_ros_spy/install/yolo_msgs/include/yolo_msgs/yolo_msgs/msg/detail/key_point3_d__functions.h
[2.017s] -- Up-to-date symlink: /home/wego/Downloads/py_bt_ros_spy/install/yolo_msgs/include/yolo_msgs/yolo_msgs/msg/detail/key_point3_d__struct.h
[2.017s] -- Up-to-date symlink: /home/wego/Downloads/py_bt_ros_spy/install/yolo_msgs/include/yolo_msgs/yolo_msgs/msg/detail/key_point3_d__type_support.h
[2.017s] -- Up-to-date symlink: /home/wego/Downloads/py_bt_ros_spy/install/yolo_msgs/include/yolo_msgs/yolo_msgs/msg/detail/key_point3_d_array__functions.h
[2.017s] -- Up-to-date symlink: /home/wego/Downloads/py_bt_ros_spy/install/yolo_msgs/include/yolo_msgs/yolo_msgs/msg/detail/key_point3_d_array__struct.h
[2.017s] -- Up-to-date symlink: /home/wego/Downloads/py_bt_ros_spy/install/yolo_msgs/include/yolo_msgs/yolo_msgs/msg/detail/key_point3_d_array__type_support.h
[2.018s] -- Up-to-date symlink: /home/wego/Downloads/py_bt_ros_spy/install/yolo_msgs/include/yolo_msgs/yolo_msgs/msg/detail/mask__functions.h
[2.018s] -- Up-to-date symlink: /home/wego/Downloads/py_bt_ros_spy/install/yolo_msgs/include/yolo_msgs/yolo_msgs/msg/detail/mask__struct.h
[2.018s] -- Up-to-date symlink: /home/wego/Downloads/py_bt_ros_spy/install/yolo_msgs/include/yolo_msgs/yolo_msgs/msg/detail/mask__type_support.h
[2.020s] -- Up-to-date symlink: /home/wego/Downloads/py_bt_ros_spy/install/yolo_msgs/include/yolo_msgs/yolo_msgs/msg/detail/point2_d__functions.h
[2.020s] -- Up-to-date symlink: /home/wego/Downloads/py_bt_ros_spy/install/yolo_msgs/include/yolo_msgs/yolo_msgs/msg/detail/point2_d__struct.h
[2.020s] -- Up-to-date symlink: /home/wego/Downloads/py_bt_ros_spy/install/yolo_msgs/include/yolo_msgs/yolo_msgs/msg/detail/point2_d__type_support.h
[2.021s] -- Up-to-date symlink: /home/wego/Downloads/py_bt_ros_spy/install/yolo_msgs/include/yolo_msgs/yolo_msgs/msg/detail/pose2_d__functions.h
[2.021s] -- Up-to-date symlink: /home/wego/Downloads/py_bt_ros_spy/install/yolo_msgs/include/yolo_msgs/yolo_msgs/msg/detail/pose2_d__struct.h
[2.022s] -- Up-to-date symlink: /home/wego/Downloads/py_bt_ros_spy/install/yolo_msgs/include/yolo_msgs/yolo_msgs/msg/detail/pose2_d__type_support.h
[2.024s] -- Up-to-date symlink: /home/wego/Downloads/py_bt_ros_spy/install/yolo_msgs/include/yolo_msgs/yolo_msgs/msg/detail/vector2__functions.h
[2.024s] -- Up-to-date symlink: /home/wego/Downloads/py_bt_ros_spy/install/yolo_msgs/include/yolo_msgs/yolo_msgs/msg/detail/vector2__struct.h
[2.025s] -- Up-to-date symlink: /home/wego/Downloads/py_bt_ros_spy/install/yolo_msgs/include/yolo_msgs/yolo_msgs/msg/detail/vector2__type_support.h
[2.025s] -- Up-to-date symlink: /home/wego/Downloads/py_bt_ros_spy/install/yolo_msgs/include/yolo_msgs/yolo_msgs/msg/detection.h
[2.029s] -- Up-to-date symlink: /home/wego/Downloads/py_bt_ros_spy/install/yolo_msgs/include/yolo_msgs/yolo_msgs/msg/detection_array.h
[2.029s] -- Up-to-date symlink: /home/wego/Downloads/py_bt_ros_spy/install/yolo_msgs/include/yolo_msgs/yolo_msgs/msg/key_point2_d.h
[2.029s] -- Up-to-date symlink: /home/wego/Downloads/py_bt_ros_spy/install/yolo_msgs/include/yolo_msgs/yolo_msgs/msg/key_point2_d_array.h
[2.031s] -- Up-to-date symlink: /home/wego/Downloads/py_bt_ros_spy/install/yolo_msgs/include/yolo_msgs/yolo_msgs/msg/key_point3_d.h
[2.031s] -- Up-to-date symlink: /home/wego/Downloads/py_bt_ros_spy/install/yolo_msgs/include/yolo_msgs/yolo_msgs/msg/key_point3_d_array.h
[2.032s] -- Up-to-date symlink: /home/wego/Downloads/py_bt_ros_spy/install/yolo_msgs/include/yolo_msgs/yolo_msgs/msg/mask.h
[2.034s] -- Up-to-date symlink: /home/wego/Downloads/py_bt_ros_spy/install/yolo_msgs/include/yolo_msgs/yolo_msgs/msg/point2_d.h
[2.034s] -- Up-to-date symlink: /home/wego/Downloads/py_bt_ros_spy/install/yolo_msgs/include/yolo_msgs/yolo_msgs/msg/pose2_d.h
[2.035s] -- Up-to-date symlink: /home/wego/Downloads/py_bt_ros_spy/install/yolo_msgs/include/yolo_msgs/yolo_msgs/msg/rosidl_generator_c__visibility_control.h
[2.035s] -- Up-to-date symlink: /home/wego/Downloads/py_bt_ros_spy/install/yolo_msgs/include/yolo_msgs/yolo_msgs/msg/vector2.h
[2.037s] -- Up-to-date symlink: /home/wego/Downloads/py_bt_ros_spy/install/yolo_msgs/include/yolo_msgs/yolo_msgs/srv/detail/set_classes__functions.h
[2.038s] -- Up-to-date symlink: /home/wego/Downloads/py_bt_ros_spy/install/yolo_msgs/include/yolo_msgs/yolo_msgs/srv/detail/set_classes__struct.h
[2.038s] -- Up-to-date symlink: /home/wego/Downloads/py_bt_ros_spy/install/yolo_msgs/include/yolo_msgs/yolo_msgs/srv/detail/set_classes__type_support.h
[2.039s] -- Up-to-date symlink: /home/wego/Downloads/py_bt_ros_spy/install/yolo_msgs/include/yolo_msgs/yolo_msgs/srv/set_classes.h
[2.039s] -- Up-to-date symlink: /home/wego/Downloads/py_bt_ros_spy/install/yolo_msgs/share/yolo_msgs/environment/library_path.sh
[2.039s] -- Up-to-date symlink: /home/wego/Downloads/py_bt_ros_spy/install/yolo_msgs/share/yolo_msgs/environment/library_path.dsv
[2.040s] -- Up-to-date symlink: /home/wego/Downloads/py_bt_ros_spy/install/yolo_msgs/include/yolo_msgs/yolo_msgs/msg/detail/bounding_box2_d__rosidl_typesupport_fastrtps_c.h
[2.040s] -- Up-to-date symlink: /home/wego/Downloads/py_bt_ros_spy/install/yolo_msgs/include/yolo_msgs/yolo_msgs/msg/detail/bounding_box3_d__rosidl_typesupport_fastrtps_c.h
[2.040s] -- Up-to-date symlink: /home/wego/Downloads/py_bt_ros_spy/install/yolo_msgs/include/yolo_msgs/yolo_msgs/msg/detail/detection__rosidl_typesupport_fastrtps_c.h
[2.040s] -- Up-to-date symlink: /home/wego/Downloads/py_bt_ros_spy/install/yolo_msgs/include/yolo_msgs/yolo_msgs/msg/detail/detection_array__rosidl_typesupport_fastrtps_c.h
[2.041s] -- Up-to-date symlink: /home/wego/Downloads/py_bt_ros_spy/install/yolo_msgs/include/yolo_msgs/yolo_msgs/msg/detail/key_point2_d__rosidl_typesupport_fastrtps_c.h
[2.041s] -- Up-to-date symlink: /home/wego/Downloads/py_bt_ros_spy/install/yolo_msgs/include/yolo_msgs/yolo_msgs/msg/detail/key_point2_d_array__rosidl_typesupport_fastrtps_c.h
[2.042s] -- Up-to-date symlink: /home/wego/Downloads/py_bt_ros_spy/install/yolo_msgs/include/yolo_msgs/yolo_msgs/msg/detail/key_point3_d__rosidl_typesupport_fastrtps_c.h
[2.042s] -- Up-to-date symlink: /home/wego/Downloads/py_bt_ros_spy/install/yolo_msgs/include/yolo_msgs/yolo_msgs/msg/detail/key_point3_d_array__rosidl_typesupport_fastrtps_c.h
[2.042s] -- Up-to-date symlink: /home/wego/Downloads/py_bt_ros_spy/install/yolo_msgs/include/yolo_msgs/yolo_msgs/msg/detail/mask__rosidl_typesupport_fastrtps_c.h
[2.042s] -- Up-to-date symlink: /home/wego/Downloads/py_bt_ros_spy/install/yolo_msgs/include/yolo_msgs/yolo_msgs/msg/detail/point2_d__rosidl_typesupport_fastrtps_c.h
[2.043s] -- Up-to-date symlink: /home/wego/Downloads/py_bt_ros_spy/install/yolo_msgs/include/yolo_msgs/yolo_msgs/msg/detail/pose2_d__rosidl_typesupport_fastrtps_c.h
[2.043s] -- Up-to-date symlink: /home/wego/Downloads/py_bt_ros_spy/install/yolo_msgs/include/yolo_msgs/yolo_msgs/msg/detail/vector2__rosidl_typesupport_fastrtps_c.h
[2.044s] -- Up-to-date symlink: /home/wego/Downloads/py_bt_ros_spy/install/yolo_msgs/include/yolo_msgs/yolo_msgs/msg/rosidl_typesupport_fastrtps_c__visibility_control.h
[2.044s] -- Up-to-date symlink: /home/wego/Downloads/py_bt_ros_spy/install/yolo_msgs/include/yolo_msgs/yolo_msgs/srv/detail/set_classes__rosidl_typesupport_fastrtps_c.h
[2.045s] -- Up-to-date symlink: /home/wego/Downloads/py_bt_ros_spy/install/yolo_msgs/include/yolo_msgs/yolo_msgs/msg/detail/bounding_box2_d__rosidl_typesupport_introspection_c.h
[2.045s] -- Up-to-date symlink: /home/wego/Downloads/py_bt_ros_spy/install/yolo_msgs/include/yolo_msgs/yolo_msgs/msg/detail/bounding_box3_d__rosidl_typesupport_introspection_c.h
[2.046s] -- Up-to-date symlink: /home/wego/Downloads/py_bt_ros_spy/install/yolo_msgs/include/yolo_msgs/yolo_msgs/msg/detail/detection__rosidl_typesupport_introspection_c.h
[2.047s] -- Up-to-date symlink: /home/wego/Downloads/py_bt_ros_spy/install/yolo_msgs/include/yolo_msgs/yolo_msgs/msg/detail/detection_array__rosidl_typesupport_introspection_c.h
[2.047s] -- Up-to-date symlink: /home/wego/Downloads/py_bt_ros_spy/install/yolo_msgs/include/yolo_msgs/yolo_msgs/msg/detail/key_point2_d__rosidl_typesupport_introspection_c.h
[2.047s] -- Up-to-date symlink: /home/wego/Downloads/py_bt_ros_spy/install/yolo_msgs/include/yolo_msgs/yolo_msgs/msg/detail/key_point2_d_array__rosidl_typesupport_introspection_c.h
[2.048s] -- Up-to-date symlink: /home/wego/Downloads/py_bt_ros_spy/install/yolo_msgs/include/yolo_msgs/yolo_msgs/msg/detail/key_point3_d__rosidl_typesupport_introspection_c.h
[2.048s] -- Up-to-date symlink: /home/wego/Downloads/py_bt_ros_spy/install/yolo_msgs/include/yolo_msgs/yolo_msgs/msg/detail/key_point3_d_array__rosidl_typesupport_introspection_c.h
[2.048s] -- Up-to-date symlink: /home/wego/Downloads/py_bt_ros_spy/install/yolo_msgs/include/yolo_msgs/yolo_msgs/msg/detail/mask__rosidl_typesupport_introspection_c.h
[2.049s] -- Up-to-date symlink: /home/wego/Downloads/py_bt_ros_spy/install/yolo_msgs/include/yolo_msgs/yolo_msgs/msg/detail/point2_d__rosidl_typesupport_introspection_c.h
[2.049s] -- Up-to-date symlink: /home/wego/Downloads/py_bt_ros_spy/install/yolo_msgs/include/yolo_msgs/yolo_msgs/msg/detail/pose2_d__rosidl_typesupport_introspection_c.h
[2.049s] -- Up-to-date symlink: /home/wego/Downloads/py_bt_ros_spy/install/yolo_msgs/include/yolo_msgs/yolo_msgs/msg/detail/vector2__rosidl_typesupport_introspection_c.h
[2.049s] -- Up-to-date symlink: /home/wego/Downloads/py_bt_ros_spy/install/yolo_msgs/include/yolo_msgs/yolo_msgs/msg/rosidl_typesupport_introspection_c__visibility_control.h
[2.050s] -- Up-to-date symlink: /home/wego/Downloads/py_bt_ros_spy/install/yolo_msgs/include/yolo_msgs/yolo_msgs/srv/detail/set_classes__rosidl_typesupport_introspection_c.h
[2.050s] -- Up-to-date symlink: /home/wego/Downloads/py_bt_ros_spy/install/yolo_msgs/include/yolo_msgs/yolo_msgs/msg/bounding_box2_d.hpp
[2.050s] -- Up-to-date symlink: /home/wego/Downloads/py_bt_ros_spy/install/yolo_msgs/include/yolo_msgs/yolo_msgs/msg/bounding_box3_d.hpp
[2.051s] -- Up-to-date symlink: /home/wego/Downloads/py_bt_ros_spy/install/yolo_msgs/include/yolo_msgs/yolo_msgs/msg/detail/bounding_box2_d__builder.hpp
[2.051s] -- Up-to-date symlink: /home/wego/Downloads/py_bt_ros_spy/install/yolo_msgs/include/yolo_msgs/yolo_msgs/msg/detail/bounding_box2_d__struct.hpp
[2.052s] -- Up-to-date symlink: /home/wego/Downloads/py_bt_ros_spy/install/yolo_msgs/include/yolo_msgs/yolo_msgs/msg/detail/bounding_box2_d__traits.hpp
[2.052s] -- Up-to-date symlink: /home/wego/Downloads/py_bt_ros_spy/install/yolo_msgs/include/yolo_msgs/yolo_msgs/msg/detail/bounding_box2_d__type_support.hpp
[2.052s] -- Up-to-date symlink: /home/wego/Downloads/py_bt_ros_spy/install/yolo_msgs/include/yolo_msgs/yolo_msgs/msg/detail/bounding_box3_d__builder.hpp
[2.052s] -- Up-to-date symlink: /home/wego/Downloads/py_bt_ros_spy/install/yolo_msgs/include/yolo_msgs/yolo_msgs/msg/detail/bounding_box3_d__struct.hpp
[2.053s] -- Up-to-date symlink: /home/wego/Downloads/py_bt_ros_spy/install/yolo_msgs/include/yolo_msgs/yolo_msgs/msg/detail/bounding_box3_d__traits.hpp
[2.053s] -- Up-to-date symlink: /home/wego/Downloads/py_bt_ros_spy/install/yolo_msgs/include/yolo_msgs/yolo_msgs/msg/detail/bounding_box3_d__type_support.hpp
[2.053s] -- Up-to-date symlink: /home/wego/Downloads/py_bt_ros_spy/install/yolo_msgs/include/yolo_msgs/yolo_msgs/msg/detail/detection__builder.hpp
[2.054s] -- Up-to-date symlink: /home/wego/Downloads/py_bt_ros_spy/install/yolo_msgs/include/yolo_msgs/yolo_msgs/msg/detail/detection__struct.hpp
[2.054s] -- Up-to-date symlink: /home/wego/Downloads/py_bt_ros_spy/install/yolo_msgs/include/yolo_msgs/yolo_msgs/msg/detail/detection__traits.hpp
[2.054s] -- Up-to-date symlink: /home/wego/Downloads/py_bt_ros_spy/install/yolo_msgs/include/yolo_msgs/yolo_msgs/msg/detail/detection__type_support.hpp
[2.054s] -- Up-to-date symlink: /home/wego/Downloads/py_bt_ros_spy/install/yolo_msgs/include/yolo_msgs/yolo_msgs/msg/detail/detection_array__builder.hpp
[2.055s] -- Up-to-date symlink: /home/wego/Downloads/py_bt_ros_spy/install/yolo_msgs/include/yolo_msgs/yolo_msgs/msg/detail/detection_array__struct.hpp
[2.055s] -- Up-to-date symlink: /home/wego/Downloads/py_bt_ros_spy/install/yolo_msgs/include/yolo_msgs/yolo_msgs/msg/detail/detection_array__traits.hpp
[2.055s] -- Up-to-date symlink: /home/wego/Downloads/py_bt_ros_spy/install/yolo_msgs/include/yolo_msgs/yolo_msgs/msg/detail/detection_array__type_support.hpp
[2.055s] -- Up-to-date symlink: /home/wego/Downloads/py_bt_ros_spy/install/yolo_msgs/include/yolo_msgs/yolo_msgs/msg/detail/key_point2_d__builder.hpp
[2.056s] -- Up-to-date symlink: /home/wego/Downloads/py_bt_ros_spy/install/yolo_msgs/include/yolo_msgs/yolo_msgs/msg/detail/key_point2_d__struct.hpp
[2.056s] -- Up-to-date symlink: /home/wego/Downloads/py_bt_ros_spy/install/yolo_msgs/include/yolo_msgs/yolo_msgs/msg/detail/key_point2_d__traits.hpp
[2.056s] -- Up-to-date symlink: /home/wego/Downloads/py_bt_ros_spy/install/yolo_msgs/include/yolo_msgs/yolo_msgs/msg/detail/key_point2_d__type_support.hpp
[2.056s] -- Up-to-date symlink: /home/wego/Downloads/py_bt_ros_spy/install/yolo_msgs/include/yolo_msgs/yolo_msgs/msg/detail/key_point2_d_array__builder.hpp
[2.056s] -- Up-to-date symlink: /home/wego/Downloads/py_bt_ros_spy/install/yolo_msgs/include/yolo_msgs/yolo_msgs/msg/detail/key_point2_d_array__struct.hpp
[2.057s] -- Up-to-date symlink: /home/wego/Downloads/py_bt_ros_spy/install/yolo_msgs/include/yolo_msgs/yolo_msgs/msg/detail/key_point2_d_array__traits.hpp
[2.057s] -- Up-to-date symlink: /home/wego/Downloads/py_bt_ros_spy/install/yolo_msgs/include/yolo_msgs/yolo_msgs/msg/detail/key_point2_d_array__type_support.hpp
[2.057s] -- Up-to-date symlink: /home/wego/Downloads/py_bt_ros_spy/install/yolo_msgs/include/yolo_msgs/yolo_msgs/msg/detail/key_point3_d__builder.hpp
[2.057s] -- Up-to-date symlink: /home/wego/Downloads/py_bt_ros_spy/install/yolo_msgs/include/yolo_msgs/yolo_msgs/msg/detail/key_point3_d__struct.hpp
[2.058s] -- Up-to-date symlink: /home/wego/Downloads/py_bt_ros_spy/install/yolo_msgs/include/yolo_msgs/yolo_msgs/msg/detail/key_point3_d__traits.hpp
[2.058s] -- Up-to-date symlink: /home/wego/Downloads/py_bt_ros_spy/install/yolo_msgs/include/yolo_msgs/yolo_msgs/msg/detail/key_point3_d__type_support.hpp
[2.058s] -- Up-to-date symlink: /home/wego/Downloads/py_bt_ros_spy/install/yolo_msgs/include/yolo_msgs/yolo_msgs/msg/detail/key_point3_d_array__builder.hpp
[2.058s] -- Up-to-date symlink: /home/wego/Downloads/py_bt_ros_spy/install/yolo_msgs/include/yolo_msgs/yolo_msgs/msg/detail/key_point3_d_array__struct.hpp
[2.059s] -- Up-to-date symlink: /home/wego/Downloads/py_bt_ros_spy/install/yolo_msgs/include/yolo_msgs/yolo_msgs/msg/detail/key_point3_d_array__traits.hpp
[2.059s] -- Up-to-date symlink: /home/wego/Downloads/py_bt_ros_spy/install/yolo_msgs/include/yolo_msgs/yolo_msgs/msg/detail/key_point3_d_array__type_support.hpp
[2.059s] -- Up-to-date symlink: /home/wego/Downloads/py_bt_ros_spy/install/yolo_msgs/include/yolo_msgs/yolo_msgs/msg/detail/mask__builder.hpp
[2.059s] -- Up-to-date symlink: /home/wego/Downloads/py_bt_ros_spy/install/yolo_msgs/include/yolo_msgs/yolo_msgs/msg/detail/mask__struct.hpp
[2.060s] -- Up-to-date symlink: /home/wego/Downloads/py_bt_ros_spy/install/yolo_msgs/include/yolo_msgs/yolo_msgs/msg/detail/mask__traits.hpp
[2.060s] -- Up-to-date symlink: /home/wego/Downloads/py_bt_ros_spy/install/yolo_msgs/include/yolo_msgs/yolo_msgs/msg/detail/mask__type_support.hpp
[2.060s] -- Up-to-date symlink: /home/wego/Downloads/py_bt_ros_spy/install/yolo_msgs/include/yolo_msgs/yolo_msgs/msg/detail/point2_d__builder.hpp
[2.060s] -- Up-to-date symlink: /home/wego/Downloads/py_bt_ros_spy/install/yolo_msgs/include/yolo_msgs/yolo_msgs/msg/detail/point2_d__struct.hpp
[2.060s] -- Up-to-date symlink: /home/wego/Downloads/py_bt_ros_spy/install/yolo_msgs/include/yolo_msgs/yolo_msgs/msg/detail/point2_d__traits.hpp
[2.061s] -- Up-to-date symlink: /home/wego/Downloads/py_bt_ros_spy/install/yolo_msgs/include/yolo_msgs/yolo_msgs/msg/detail/point2_d__type_support.hpp
[2.061s] -- Up-to-date symlink: /home/wego/Downloads/py_bt_ros_spy/install/yolo_msgs/include/yolo_msgs/yolo_msgs/msg/detail/pose2_d__builder.hpp
[2.061s] -- Up-to-date symlink: /home/wego/Downloads/py_bt_ros_spy/install/yolo_msgs/include/yolo_msgs/yolo_msgs/msg/detail/pose2_d__struct.hpp
[2.061s] -- Up-to-date symlink: /home/wego/Downloads/py_bt_ros_spy/install/yolo_msgs/include/yolo_msgs/yolo_msgs/msg/detail/pose2_d__traits.hpp
[2.061s] -- Up-to-date symlink: /home/wego/Downloads/py_bt_ros_spy/install/yolo_msgs/include/yolo_msgs/yolo_msgs/msg/detail/pose2_d__type_support.hpp
[2.061s] -- Up-to-date symlink: /home/wego/Downloads/py_bt_ros_spy/install/yolo_msgs/include/yolo_msgs/yolo_msgs/msg/detail/vector2__builder.hpp
[2.062s] -- Up-to-date symlink: /home/wego/Downloads/py_bt_ros_spy/install/yolo_msgs/include/yolo_msgs/yolo_msgs/msg/detail/vector2__struct.hpp
[2.062s] -- Up-to-date symlink: /home/wego/Downloads/py_bt_ros_spy/install/yolo_msgs/include/yolo_msgs/yolo_msgs/msg/detail/vector2__traits.hpp
[2.062s] -- Up-to-date symlink: /home/wego/Downloads/py_bt_ros_spy/install/yolo_msgs/include/yolo_msgs/yolo_msgs/msg/detail/vector2__type_support.hpp
[2.062s] -- Up-to-date symlink: /home/wego/Downloads/py_bt_ros_spy/install/yolo_msgs/include/yolo_msgs/yolo_msgs/msg/detection.hpp
[2.063s] -- Up-to-date symlink: /home/wego/Downloads/py_bt_ros_spy/install/yolo_msgs/include/yolo_msgs/yolo_msgs/msg/detection_array.hpp
[2.063s] -- Up-to-date symlink: /home/wego/Downloads/py_bt_ros_spy/install/yolo_msgs/include/yolo_msgs/yolo_msgs/msg/key_point2_d.hpp
[2.063s] -- Up-to-date symlink: /home/wego/Downloads/py_bt_ros_spy/install/yolo_msgs/include/yolo_msgs/yolo_msgs/msg/key_point2_d_array.hpp
[2.063s] -- Up-to-date symlink: /home/wego/Downloads/py_bt_ros_spy/install/yolo_msgs/include/yolo_msgs/yolo_msgs/msg/key_point3_d.hpp
[2.064s] -- Up-to-date symlink: /home/wego/Downloads/py_bt_ros_spy/install/yolo_msgs/include/yolo_msgs/yolo_msgs/msg/key_point3_d_array.hpp
[2.064s] -- Up-to-date symlink: /home/wego/Downloads/py_bt_ros_spy/install/yolo_msgs/include/yolo_msgs/yolo_msgs/msg/mask.hpp
[2.064s] -- Up-to-date symlink: /home/wego/Downloads/py_bt_ros_spy/install/yolo_msgs/include/yolo_msgs/yolo_msgs/msg/point2_d.hpp
[2.064s] -- Up-to-date symlink: /home/wego/Downloads/py_bt_ros_spy/install/yolo_msgs/include/yolo_msgs/yolo_msgs/msg/pose2_d.hpp
[2.065s] -- Up-to-date symlink: /home/wego/Downloads/py_bt_ros_spy/install/yolo_msgs/include/yolo_msgs/yolo_msgs/msg/rosidl_generator_cpp__visibility_control.hpp
[2.065s] -- Up-to-date symlink: /home/wego/Downloads/py_bt_ros_spy/install/yolo_msgs/include/yolo_msgs/yolo_msgs/msg/vector2.hpp
[2.065s] -- Up-to-date symlink: /home/wego/Downloads/py_bt_ros_spy/install/yolo_msgs/include/yolo_msgs/yolo_msgs/srv/detail/set_classes__builder.hpp
[2.065s] -- Up-to-date symlink: /home/wego/Downloads/py_bt_ros_spy/install/yolo_msgs/include/yolo_msgs/yolo_msgs/srv/detail/set_classes__struct.hpp
[2.066s] -- Up-to-date symlink: /home/wego/Downloads/py_bt_ros_spy/install/yolo_msgs/include/yolo_msgs/yolo_msgs/srv/detail/set_classes__traits.hpp
[2.066s] -- Up-to-date symlink: /home/wego/Downloads/py_bt_ros_spy/install/yolo_msgs/include/yolo_msgs/yolo_msgs/srv/detail/set_classes__type_support.hpp
[2.066s] -- Up-to-date symlink: /home/wego/Downloads/py_bt_ros_spy/install/yolo_msgs/include/yolo_msgs/yolo_msgs/srv/set_classes.hpp
[2.066s] -- Up-to-date symlink: /home/wego/Downloads/py_bt_ros_spy/install/yolo_msgs/include/yolo_msgs/yolo_msgs/msg/detail/bounding_box2_d__rosidl_typesupport_fastrtps_cpp.hpp
[2.066s] -- Up-to-date symlink: /home/wego/Downloads/py_bt_ros_spy/install/yolo_msgs/include/yolo_msgs/yolo_msgs/msg/detail/bounding_box3_d__rosidl_typesupport_fastrtps_cpp.hpp
[2.067s] -- Up-to-date symlink: /home/wego/Downloads/py_bt_ros_spy/install/yolo_msgs/include/yolo_msgs/yolo_msgs/msg/detail/detection__rosidl_typesupport_fastrtps_cpp.hpp
[2.067s] -- Up-to-date symlink: /home/wego/Downloads/py_bt_ros_spy/install/yolo_msgs/include/yolo_msgs/yolo_msgs/msg/detail/detection_array__rosidl_typesupport_fastrtps_cpp.hpp
[2.067s] -- Up-to-date symlink: /home/wego/Downloads/py_bt_ros_spy/install/yolo_msgs/include/yolo_msgs/yolo_msgs/msg/detail/key_point2_d__rosidl_typesupport_fastrtps_cpp.hpp
[2.067s] -- Up-to-date symlink: /home/wego/Downloads/py_bt_ros_spy/install/yolo_msgs/include/yolo_msgs/yolo_msgs/msg/detail/key_point2_d_array__rosidl_typesupport_fastrtps_cpp.hpp
[2.067s] -- Up-to-date symlink: /home/wego/Downloads/py_bt_ros_spy/install/yolo_msgs/include/yolo_msgs/yolo_msgs/msg/detail/key_point3_d__rosidl_typesupport_fastrtps_cpp.hpp
[2.067s] -- Up-to-date symlink: /home/wego/Downloads/py_bt_ros_spy/install/yolo_msgs/include/yolo_msgs/yolo_msgs/msg/detail/key_point3_d_array__rosidl_typesupport_fastrtps_cpp.hpp
[2.068s] -- Up-to-date symlink: /home/wego/Downloads/py_bt_ros_spy/install/yolo_msgs/include/yolo_msgs/yolo_msgs/msg/detail/mask__rosidl_typesupport_fastrtps_cpp.hpp
[2.068s] -- Up-to-date symlink: /home/wego/Downloads/py_bt_ros_spy/install/yolo_msgs/include/yolo_msgs/yolo_msgs/msg/detail/point2_d__rosidl_typesupport_fastrtps_cpp.hpp
[2.068s] -- Up-to-date symlink: /home/wego/Downloads/py_bt_ros_spy/install/yolo_msgs/include/yolo_msgs/yolo_msgs/msg/detail/pose2_d__rosidl_typesupport_fastrtps_cpp.hpp
[2.068s] -- Up-to-date symlink: /home/wego/Downloads/py_bt_ros_spy/install/yolo_msgs/include/yolo_msgs/yolo_msgs/msg/detail/vector2__rosidl_typesupport_fastrtps_cpp.hpp
[2.068s] -- Up-to-date symlink: /home/wego/Downloads/py_bt_ros_spy/install/yolo_msgs/include/yolo_msgs/yolo_msgs/msg/rosidl_typesupport_fastrtps_cpp__visibility_control.h
[2.069s] -- Up-to-date symlink: /home/wego/Downloads/py_bt_ros_spy/install/yolo_msgs/include/yolo_msgs/yolo_msgs/srv/detail/set_classes__rosidl_typesupport_fastrtps_cpp.hpp
[2.069s] -- Up-to-date symlink: /home/wego/Downloads/py_bt_ros_spy/install/yolo_msgs/include/yolo_msgs/yolo_msgs/msg/detail/bounding_box2_d__rosidl_typesupport_introspection_cpp.hpp
[2.069s] -- Up-to-date symlink: /home/wego/Downloads/py_bt_ros_spy/install/yolo_msgs/include/yolo_msgs/yolo_msgs/msg/detail/bounding_box3_d__rosidl_typesupport_introspection_cpp.hpp
[2.069s] -- Up-to-date symlink: /home/wego/Downloads/py_bt_ros_spy/install/yolo_msgs/include/yolo_msgs/yolo_msgs/msg/detail/detection__rosidl_typesupport_introspection_cpp.hpp
[2.069s] -- Up-to-date symlink: /home/wego/Downloads/py_bt_ros_spy/install/yolo_msgs/include/yolo_msgs/yolo_msgs/msg/detail/detection_array__rosidl_typesupport_introspection_cpp.hpp
[2.070s] -- Up-to-date symlink: /home/wego/Downloads/py_bt_ros_spy/install/yolo_msgs/include/yolo_msgs/yolo_msgs/msg/detail/key_point2_d__rosidl_typesupport_introspection_cpp.hpp
[2.070s] -- Up-to-date symlink: /home/wego/Downloads/py_bt_ros_spy/install/yolo_msgs/include/yolo_msgs/yolo_msgs/msg/detail/key_point2_d_array__rosidl_typesupport_introspection_cpp.hpp
[2.070s] -- Up-to-date symlink: /home/wego/Downloads/py_bt_ros_spy/install/yolo_msgs/include/yolo_msgs/yolo_msgs/msg/detail/key_point3_d__rosidl_typesupport_introspection_cpp.hpp
[2.070s] -- Up-to-date symlink: /home/wego/Downloads/py_bt_ros_spy/install/yolo_msgs/include/yolo_msgs/yolo_msgs/msg/detail/key_point3_d_array__rosidl_typesupport_introspection_cpp.hpp
[2.070s] -- Up-to-date symlink: /home/wego/Downloads/py_bt_ros_spy/install/yolo_msgs/include/yolo_msgs/yolo_msgs/msg/detail/mask__rosidl_typesupport_introspection_cpp.hpp
[2.071s] -- Up-to-date symlink: /home/wego/Downloads/py_bt_ros_spy/install/yolo_msgs/include/yolo_msgs/yolo_msgs/msg/detail/point2_d__rosidl_typesupport_introspection_cpp.hpp
[2.071s] -- Up-to-date symlink: /home/wego/Downloads/py_bt_ros_spy/install/yolo_msgs/include/yolo_msgs/yolo_msgs/msg/detail/pose2_d__rosidl_typesupport_introspection_cpp.hpp
[2.071s] -- Up-to-date symlink: /home/wego/Downloads/py_bt_ros_spy/install/yolo_msgs/include/yolo_msgs/yolo_msgs/msg/detail/vector2__rosidl_typesupport_introspection_cpp.hpp
[2.071s] -- Up-to-date symlink: /home/wego/Downloads/py_bt_ros_spy/install/yolo_msgs/include/yolo_msgs/yolo_msgs/srv/detail/set_classes__rosidl_typesupport_introspection_cpp.hpp
[2.071s] -- Up-to-date symlink: /home/wego/Downloads/py_bt_ros_spy/install/yolo_msgs/share/yolo_msgs/environment/pythonpath.sh
[2.072s] -- Up-to-date symlink: /home/wego/Downloads/py_bt_ros_spy/install/yolo_msgs/share/yolo_msgs/environment/pythonpath.dsv
[2.072s] -- Up-to-date symlink: /home/wego/Downloads/py_bt_ros_spy/install/yolo_msgs/local/lib/python3.10/dist-packages/yolo_msgs-4.3.1-py3.10.egg-info/PKG-INFO
[2.072s] -- Up-to-date symlink: /home/wego/Downloads/py_bt_ros_spy/install/yolo_msgs/local/lib/python3.10/dist-packages/yolo_msgs-4.3.1-py3.10.egg-info/SOURCES.txt
[2.072s] -- Up-to-date symlink: /home/wego/Downloads/py_bt_ros_spy/install/yolo_msgs/local/lib/python3.10/dist-packages/yolo_msgs-4.3.1-py3.10.egg-info/dependency_links.txt
[2.073s] -- Up-to-date symlink: /home/wego/Downloads/py_bt_ros_spy/install/yolo_msgs/local/lib/python3.10/dist-packages/yolo_msgs-4.3.1-py3.10.egg-info/top_level.txt
[2.073s] -- Up-to-date symlink: /home/wego/Downloads/py_bt_ros_spy/install/yolo_msgs/local/lib/python3.10/dist-packages/yolo_msgs/__init__.py
[2.073s] -- Up-to-date symlink: /home/wego/Downloads/py_bt_ros_spy/install/yolo_msgs/local/lib/python3.10/dist-packages/yolo_msgs/_yolo_msgs_s.ep.rosidl_typesupport_c.c
[2.073s] -- Up-to-date symlink: /home/wego/Downloads/py_bt_ros_spy/install/yolo_msgs/local/lib/python3.10/dist-packages/yolo_msgs/_yolo_msgs_s.ep.rosidl_typesupport_fastrtps_c.c
[2.073s] -- Up-to-date symlink: /home/wego/Downloads/py_bt_ros_spy/install/yolo_msgs/local/lib/python3.10/dist-packages/yolo_msgs/_yolo_msgs_s.ep.rosidl_typesupport_introspection_c.c
[2.074s] -- Up-to-date symlink: /home/wego/Downloads/py_bt_ros_spy/install/yolo_msgs/local/lib/python3.10/dist-packages/yolo_msgs/libyolo_msgs__rosidl_generator_py.so
[2.074s] -- Up-to-date symlink: /home/wego/Downloads/py_bt_ros_spy/install/yolo_msgs/local/lib/python3.10/dist-packages/yolo_msgs/msg/__init__.py
[2.074s] -- Up-to-date symlink: /home/wego/Downloads/py_bt_ros_spy/install/yolo_msgs/local/lib/python3.10/dist-packages/yolo_msgs/msg/_bounding_box2_d.py
[2.074s] -- Up-to-date symlink: /home/wego/Downloads/py_bt_ros_spy/install/yolo_msgs/local/lib/python3.10/dist-packages/yolo_msgs/msg/_bounding_box2_d_s.c
[2.074s] -- Up-to-date symlink: /home/wego/Downloads/py_bt_ros_spy/install/yolo_msgs/local/lib/python3.10/dist-packages/yolo_msgs/msg/_bounding_box3_d.py
[2.075s] -- Up-to-date symlink: /home/wego/Downloads/py_bt_ros_spy/install/yolo_msgs/local/lib/python3.10/dist-packages/yolo_msgs/msg/_bounding_box3_d_s.c
[2.075s] -- Up-to-date symlink: /home/wego/Downloads/py_bt_ros_spy/install/yolo_msgs/local/lib/python3.10/dist-packages/yolo_msgs/msg/_detection.py
[2.075s] -- Up-to-date symlink: /home/wego/Downloads/py_bt_ros_spy/install/yolo_msgs/local/lib/python3.10/dist-packages/yolo_msgs/msg/_detection_array.py
[2.075s] -- Up-to-date symlink: /home/wego/Downloads/py_bt_ros_spy/install/yolo_msgs/local/lib/python3.10/dist-packages/yolo_msgs/msg/_detection_array_s.c
[2.075s] -- Up-to-date symlink: /home/wego/Downloads/py_bt_ros_spy/install/yolo_msgs/local/lib/python3.10/dist-packages/yolo_msgs/msg/_detection_s.c
[2.075s] -- Up-to-date symlink: /home/wego/Downloads/py_bt_ros_spy/install/yolo_msgs/local/lib/python3.10/dist-packages/yolo_msgs/msg/_key_point2_d.py
[2.076s] -- Up-to-date symlink: /home/wego/Downloads/py_bt_ros_spy/install/yolo_msgs/local/lib/python3.10/dist-packages/yolo_msgs/msg/_key_point2_d_array.py
[2.076s] -- Up-to-date symlink: /home/wego/Downloads/py_bt_ros_spy/install/yolo_msgs/local/lib/python3.10/dist-packages/yolo_msgs/msg/_key_point2_d_array_s.c
[2.076s] -- Up-to-date symlink: /home/wego/Downloads/py_bt_ros_spy/install/yolo_msgs/local/lib/python3.10/dist-packages/yolo_msgs/msg/_key_point2_d_s.c
[2.077s] -- Up-to-date symlink: /home/wego/Downloads/py_bt_ros_spy/install/yolo_msgs/local/lib/python3.10/dist-packages/yolo_msgs/msg/_key_point3_d.py
[2.077s] -- Up-to-date symlink: /home/wego/Downloads/py_bt_ros_spy/install/yolo_msgs/local/lib/python3.10/dist-packages/yolo_msgs/msg/_key_point3_d_array.py
[2.077s] -- Up-to-date symlink: /home/wego/Downloads/py_bt_ros_spy/install/yolo_msgs/local/lib/python3.10/dist-packages/yolo_msgs/msg/_key_point3_d_array_s.c
[2.078s] -- Up-to-date symlink: /home/wego/Downloads/py_bt_ros_spy/install/yolo_msgs/local/lib/python3.10/dist-packages/yolo_msgs/msg/_key_point3_d_s.c
[2.078s] -- Up-to-date symlink: /home/wego/Downloads/py_bt_ros_spy/install/yolo_msgs/local/lib/python3.10/dist-packages/yolo_msgs/msg/_mask.py
[2.078s] -- Up-to-date symlink: /home/wego/Downloads/py_bt_ros_spy/install/yolo_msgs/local/lib/python3.10/dist-packages/yolo_msgs/msg/_mask_s.c
[2.078s] -- Up-to-date symlink: /home/wego/Downloads/py_bt_ros_spy/install/yolo_msgs/local/lib/python3.10/dist-packages/yolo_msgs/msg/_point2_d.py
[2.080s] -- Up-to-date symlink: /home/wego/Downloads/py_bt_ros_spy/install/yolo_msgs/local/lib/python3.10/dist-packages/yolo_msgs/msg/_point2_d_s.c
[2.080s] -- Up-to-date symlink: /home/wego/Downloads/py_bt_ros_spy/install/yolo_msgs/local/lib/python3.10/dist-packages/yolo_msgs/msg/_pose2_d.py
[2.080s] -- Up-to-date symlink: /home/wego/Downloads/py_bt_ros_spy/install/yolo_msgs/local/lib/python3.10/dist-packages/yolo_msgs/msg/_pose2_d_s.c
[2.080s] -- Up-to-date symlink: /home/wego/Downloads/py_bt_ros_spy/install/yolo_msgs/local/lib/python3.10/dist-packages/yolo_msgs/msg/_vector2.py
[2.080s] -- Up-to-date symlink: /home/wego/Downloads/py_bt_ros_spy/install/yolo_msgs/local/lib/python3.10/dist-packages/yolo_msgs/msg/_vector2_s.c
[2.081s] -- Up-to-date symlink: /home/wego/Downloads/py_bt_ros_spy/install/yolo_msgs/local/lib/python3.10/dist-packages/yolo_msgs/srv/__init__.py
[2.081s] -- Up-to-date symlink: /home/wego/Downloads/py_bt_ros_spy/install/yolo_msgs/local/lib/python3.10/dist-packages/yolo_msgs/srv/_set_classes.py
[2.081s] -- Up-to-date symlink: /home/wego/Downloads/py_bt_ros_spy/install/yolo_msgs/local/lib/python3.10/dist-packages/yolo_msgs/srv/_set_classes_s.c
[2.082s] -- Up-to-date symlink: /home/wego/Downloads/py_bt_ros_spy/install/yolo_msgs/local/lib/python3.10/dist-packages/yolo_msgs/yolo_msgs_s__rosidl_typesupport_c.cpython-310-aarch64-linux-gnu.so
[2.082s] -- Up-to-date symlink: /home/wego/Downloads/py_bt_ros_spy/install/yolo_msgs/local/lib/python3.10/dist-packages/yolo_msgs/yolo_msgs_s__rosidl_typesupport_fastrtps_c.cpython-310-aarch64-linux-gnu.so
[2.082s] -- Up-to-date symlink: /home/wego/Downloads/py_bt_ros_spy/install/yolo_msgs/local/lib/python3.10/dist-packages/yolo_msgs/yolo_msgs_s__rosidl_typesupport_introspection_c.cpython-310-aarch64-linux-gnu.so
[2.082s] -- Up-to-date symlink: /home/wego/Downloads/py_bt_ros_spy/install/yolo_msgs/local/lib/python3.10/dist-packages/yolo_msgs/yolo_msgs_s__rosidl_typesupport_fastrtps_c.cpython-310-aarch64-linux-gnu.so
[2.082s] -- Up-to-date symlink: /home/wego/Downloads/py_bt_ros_spy/install/yolo_msgs/local/lib/python3.10/dist-packages/yolo_msgs/yolo_msgs_s__rosidl_typesupport_introspection_c.cpython-310-aarch64-linux-gnu.so
[2.082s] -- Up-to-date symlink: /home/wego/Downloads/py_bt_ros_spy/install/yolo_msgs/local/lib/python3.10/dist-packages/yolo_msgs/yolo_msgs_s__rosidl_typesupport_c.cpython-310-aarch64-linux-gnu.so
[2.083s] -- Up-to-date symlink: /home/wego/Downloads/py_bt_ros_spy/install/yolo_msgs/share/yolo_msgs/msg/Point2D.idl
[2.083s] -- Up-to-date symlink: /home/wego/Downloads/py_bt_ros_spy/install/yolo_msgs/share/yolo_msgs/msg/Vector2.idl
[2.083s] -- Up-to-date symlink: /home/wego/Downloads/py_bt_ros_spy/install/yolo_msgs/share/yolo_msgs/msg/Pose2D.idl
[2.084s] -- Up-to-date symlink: /home/wego/Downloads/py_bt_ros_spy/install/yolo_msgs/share/yolo_msgs/msg/BoundingBox2D.idl
[2.085s] -- Up-to-date symlink: /home/wego/Downloads/py_bt_ros_spy/install/yolo_msgs/share/yolo_msgs/msg/BoundingBox3D.idl
[2.085s] -- Up-to-date symlink: /home/wego/Downloads/py_bt_ros_spy/install/yolo_msgs/share/yolo_msgs/msg/Mask.idl
[2.086s] -- Up-to-date symlink: /home/wego/Downloads/py_bt_ros_spy/install/yolo_msgs/share/yolo_msgs/msg/KeyPoint2D.idl
[2.086s] -- Up-to-date symlink: /home/wego/Downloads/py_bt_ros_spy/install/yolo_msgs/share/yolo_msgs/msg/KeyPoint2DArray.idl
[2.086s] -- Up-to-date symlink: /home/wego/Downloads/py_bt_ros_spy/install/yolo_msgs/share/yolo_msgs/msg/KeyPoint3D.idl
[2.087s] -- Up-to-date symlink: /home/wego/Downloads/py_bt_ros_spy/install/yolo_msgs/share/yolo_msgs/msg/KeyPoint3DArray.idl
[2.087s] -- Up-to-date symlink: /home/wego/Downloads/py_bt_ros_spy/install/yolo_msgs/share/yolo_msgs/msg/Detection.idl
[2.087s] -- Up-to-date symlink: /home/wego/Downloads/py_bt_ros_spy/install/yolo_msgs/share/yolo_msgs/msg/DetectionArray.idl
[2.088s] -- Up-to-date symlink: /home/wego/Downloads/py_bt_ros_spy/install/yolo_msgs/share/yolo_msgs/srv/SetClasses.idl
[2.088s] -- Up-to-date symlink: /home/wego/Downloads/py_bt_ros_spy/install/yolo_msgs/share/yolo_msgs/msg/Point2D.msg
[2.088s] -- Up-to-date symlink: /home/wego/Downloads/py_bt_ros_spy/install/yolo_msgs/share/yolo_msgs/msg/Vector2.msg
[2.088s] -- Up-to-date symlink: /home/wego/Downloads/py_bt_ros_spy/install/yolo_msgs/share/yolo_msgs/msg/Pose2D.msg
[2.089s] -- Up-to-date symlink: /home/wego/Downloads/py_bt_ros_spy/install/yolo_msgs/share/yolo_msgs/msg/BoundingBox2D.msg
[2.091s] -- Up-to-date symlink: /home/wego/Downloads/py_bt_ros_spy/install/yolo_msgs/share/yolo_msgs/msg/BoundingBox3D.msg
[2.091s] -- Up-to-date symlink: /home/wego/Downloads/py_bt_ros_spy/install/yolo_msgs/share/yolo_msgs/msg/Mask.msg
[2.092s] -- Up-to-date symlink: /home/wego/Downloads/py_bt_ros_spy/install/yolo_msgs/share/yolo_msgs/msg/KeyPoint2D.msg
[2.092s] -- Up-to-date symlink: /home/wego/Downloads/py_bt_ros_spy/install/yolo_msgs/share/yolo_msgs/msg/KeyPoint2DArray.msg
[2.092s] -- Up-to-date symlink: /home/wego/Downloads/py_bt_ros_spy/install/yolo_msgs/share/yolo_msgs/msg/KeyPoint3D.msg
[2.092s] -- Up-to-date symlink: /home/wego/Downloads/py_bt_ros_spy/install/yolo_msgs/share/yolo_msgs/msg/KeyPoint3DArray.msg
[2.092s] -- Up-to-date symlink: /home/wego/Downloads/py_bt_ros_spy/install/yolo_msgs/share/yolo_msgs/msg/Detection.msg
[2.093s] -- Up-to-date symlink: /home/wego/Downloads/py_bt_ros_spy/install/yolo_msgs/share/yolo_msgs/msg/DetectionArray.msg
[2.093s] -- Up-to-date symlink: /home/wego/Downloads/py_bt_ros_spy/install/yolo_msgs/share/yolo_msgs/srv/SetClasses.srv
[2.093s] -- Up-to-date symlink: /home/wego/Downloads/py_bt_ros_spy/install/yolo_msgs/share/yolo_msgs/srv/SetClasses_Request.msg
[2.094s] -- Up-to-date symlink: /home/wego/Downloads/py_bt_ros_spy/install/yolo_msgs/share/yolo_msgs/srv/SetClasses_Response.msg
[2.094s] -- Up-to-date symlink: /home/wego/Downloads/py_bt_ros_spy/install/yolo_msgs/share/ament_index/resource_index/package_run_dependencies/yolo_msgs
[2.094s] -- Up-to-date symlink: /home/wego/Downloads/py_bt_ros_spy/install/yolo_msgs/share/ament_index/resource_index/parent_prefix_path/yolo_msgs
[2.095s] -- Up-to-date symlink: /home/wego/Downloads/py_bt_ros_spy/install/yolo_msgs/share/yolo_msgs/environment/ament_prefix_path.sh
[2.095s] -- Up-to-date symlink: /home/wego/Downloads/py_bt_ros_spy/install/yolo_msgs/share/yolo_msgs/environment/ament_prefix_path.dsv
[2.095s] -- Up-to-date symlink: /home/wego/Downloads/py_bt_ros_spy/install/yolo_msgs/share/yolo_msgs/environment/path.sh
[2.095s] -- Up-to-date symlink: /home/wego/Downloads/py_bt_ros_spy/install/yolo_msgs/share/yolo_msgs/environment/path.dsv
[2.096s] -- Up-to-date symlink: /home/wego/Downloads/py_bt_ros_spy/install/yolo_msgs/share/yolo_msgs/local_setup.bash
[2.096s] -- Up-to-date symlink: /home/wego/Downloads/py_bt_ros_spy/install/yolo_msgs/share/yolo_msgs/local_setup.sh
[2.096s] -- Up-to-date symlink: /home/wego/Downloads/py_bt_ros_spy/install/yolo_msgs/share/yolo_msgs/local_setup.zsh
[2.097s] -- Up-to-date symlink: /home/wego/Downloads/py_bt_ros_spy/install/yolo_msgs/share/yolo_msgs/local_setup.dsv
[2.097s] -- Symlinking: /home/wego/Downloads/py_bt_ros_spy/install/yolo_msgs/share/yolo_msgs/package.dsv
[2.115s] -- Up-to-date symlink: /home/wego/Downloads/py_bt_ros_spy/install/yolo_msgs/share/ament_index/resource_index/packages/yolo_msgs
[2.115s] -- Up-to-date symlink: /home/wego/Downloads/py_bt_ros_spy/install/yolo_msgs/share/yolo_msgs/cmake/rosidl_cmake-extras.cmake
[2.115s] -- Up-to-date symlink: /home/wego/Downloads/py_bt_ros_spy/install/yolo_msgs/share/yolo_msgs/cmake/ament_cmake_export_dependencies-extras.cmake
[2.115s] -- Up-to-date symlink: /home/wego/Downloads/py_bt_ros_spy/install/yolo_msgs/share/yolo_msgs/cmake/ament_cmake_export_include_directories-extras.cmake
[2.115s] -- Up-to-date symlink: /home/wego/Downloads/py_bt_ros_spy/install/yolo_msgs/share/yolo_msgs/cmake/ament_cmake_export_libraries-extras.cmake
[2.116s] -- Up-to-date symlink: /home/wego/Downloads/py_bt_ros_spy/install/yolo_msgs/share/yolo_msgs/cmake/ament_cmake_export_targets-extras.cmake
[2.116s] -- Up-to-date symlink: /home/wego/Downloads/py_bt_ros_spy/install/yolo_msgs/share/yolo_msgs/cmake/rosidl_cmake_export_typesupport_targets-extras.cmake
[2.117s] -- Up-to-date symlink: /home/wego/Downloads/py_bt_ros_spy/install/yolo_msgs/share/yolo_msgs/cmake/rosidl_cmake_export_typesupport_libraries-extras.cmake
[2.118s] -- Up-to-date symlink: /home/wego/Downloads/py_bt_ros_spy/install/yolo_msgs/share/yolo_msgs/cmake/yolo_msgsConfig.cmake
[2.118s] -- Up-to-date symlink: /home/wego/Downloads/py_bt_ros_spy/install/yolo_msgs/share/yolo_msgs/cmake/yolo_msgsConfig-version.cmake
[2.118s] -- Up-to-date symlink: /home/wego/Downloads/py_bt_ros_spy/install/yolo_msgs/share/yolo_msgs/package.xml
[2.119s] -- Up-to-date: /home/wego/Downloads/py_bt_ros_spy/install/yolo_msgs/lib/libyolo_msgs__rosidl_generator_c.so
[2.120s] -- Up-to-date: /home/wego/Downloads/py_bt_ros_spy/install/yolo_msgs/lib/libyolo_msgs__rosidl_typesupport_fastrtps_c.so
[2.121s] -- Up-to-date: /home/wego/Downloads/py_bt_ros_spy/install/yolo_msgs/lib/libyolo_msgs__rosidl_typesupport_introspection_c.so
[2.122s] -- Up-to-date: /home/wego/Downloads/py_bt_ros_spy/install/yolo_msgs/lib/libyolo_msgs__rosidl_typesupport_c.so
[2.123s] -- Up-to-date: /home/wego/Downloads/py_bt_ros_spy/install/yolo_msgs/lib/libyolo_msgs__rosidl_typesupport_fastrtps_cpp.so
[2.124s] -- Up-to-date: /home/wego/Downloads/py_bt_ros_spy/install/yolo_msgs/lib/libyolo_msgs__rosidl_typesupport_introspection_cpp.so
[2.125s] -- Up-to-date: /home/wego/Downloads/py_bt_ros_spy/install/yolo_msgs/lib/libyolo_msgs__rosidl_typesupport_cpp.so
[2.263s] Listing '/home/wego/Downloads/py_bt_ros_spy/install/yolo_msgs/local/lib/python3.10/dist-packages/yolo_msgs'...
[2.263s] Listing '/home/wego/Downloads/py_bt_ros_spy/install/yolo_msgs/local/lib/python3.10/dist-packages/yolo_msgs/msg'...
[2.263s] Listing '/home/wego/Downloads/py_bt_ros_spy/install/yolo_msgs/local/lib/python3.10/dist-packages/yolo_msgs/srv'...
[2.280s] -- Up-to-date: /home/wego/Downloads/py_bt_ros_spy/install/yolo_msgs/lib/libyolo_msgs__rosidl_generator_py.so
[2.280s] -- Up-to-date: /home/wego/Downloads/py_bt_ros_spy/install/yolo_msgs/share/yolo_msgs/cmake/export_yolo_msgs__rosidl_generator_cExport.cmake
[2.281s] -- Up-to-date: /home/wego/Downloads/py_bt_ros_spy/install/yolo_msgs/share/yolo_msgs/cmake/export_yolo_msgs__rosidl_generator_cExport-noconfig.cmake
[2.281s] -- Up-to-date: /home/wego/Downloads/py_bt_ros_spy/install/yolo_msgs/share/yolo_msgs/cmake/export_yolo_msgs__rosidl_typesupport_fastrtps_cExport.cmake
[2.282s] -- Up-to-date: /home/wego/Downloads/py_bt_ros_spy/install/yolo_msgs/share/yolo_msgs/cmake/export_yolo_msgs__rosidl_typesupport_fastrtps_cExport-noconfig.cmake
[2.282s] -- Up-to-date: /home/wego/Downloads/py_bt_ros_spy/install/yolo_msgs/share/yolo_msgs/cmake/yolo_msgs__rosidl_typesupport_introspection_cExport.cmake
[2.282s] -- Up-to-date: /home/wego/Downloads/py_bt_ros_spy/install/yolo_msgs/share/yolo_msgs/cmake/yolo_msgs__rosidl_typesupport_introspection_cExport-noconfig.cmake
[2.283s] -- Up-to-date: /home/wego/Downloads/py_bt_ros_spy/install/yolo_msgs/share/yolo_msgs/cmake/yolo_msgs__rosidl_typesupport_cExport.cmake
[2.283s] -- Up-to-date: /home/wego/Downloads/py_bt_ros_spy/install/yolo_msgs/share/yolo_msgs/cmake/yolo_msgs__rosidl_typesupport_cExport-noconfig.cmake
[2.285s] -- Up-to-date: /home/wego/Downloads/py_bt_ros_spy/install/yolo_msgs/share/yolo_msgs/cmake/export_yolo_msgs__rosidl_generator_cppExport.cmake
[2.285s] -- Up-to-date: /home/wego/Downloads/py_bt_ros_spy/install/yolo_msgs/share/yolo_msgs/cmake/export_yolo_msgs__rosidl_typesupport_fastrtps_cppExport.cmake
[2.285s] -- Up-to-date: /home/wego/Downloads/py_bt_ros_spy/install/yolo_msgs/share/yolo_msgs/cmake/export_yolo_msgs__rosidl_typesupport_fastrtps_cppExport-noconfig.cmake
[2.286s] -- Up-to-date: /home/wego/Downloads/py_bt_ros_spy/install/yolo_msgs/share/yolo_msgs/cmake/yolo_msgs__rosidl_typesupport_introspection_cppExport.cmake
[2.287s] -- Up-to-date: /home/wego/Downloads/py_bt_ros_spy/install/yolo_msgs/share/yolo_msgs/cmake/yolo_msgs__rosidl_typesupport_introspection_cppExport-noconfig.cmake
[2.288s] -- Up-to-date: /home/wego/Downloads/py_bt_ros_spy/install/yolo_msgs/share/yolo_msgs/cmake/yolo_msgs__rosidl_typesupport_cppExport.cmake
[2.288s] -- Up-to-date: /home/wego/Downloads/py_bt_ros_spy/install/yolo_msgs/share/yolo_msgs/cmake/yolo_msgs__rosidl_typesupport_cppExport-noconfig.cmake
[2.289s] -- Up-to-date: /home/wego/Downloads/py_bt_ros_spy/install/yolo_msgs/share/yolo_msgs/cmake/export_yolo_msgs__rosidl_generator_pyExport.cmake
[2.289s] -- Up-to-date: /home/wego/Downloads/py_bt_ros_spy/install/yolo_msgs/share/yolo_msgs/cmake/export_yolo_msgs__rosidl_generator_pyExport-noconfig.cmake
[2.299s] Invoked command in '/home/wego/Downloads/py_bt_ros_spy/build/yolo_msgs' returned '0': CMAKE_PREFIX_PATH=${CMAKE_PREFIX_PATH}:/home/wego/wego_ws/install/limo_ros2_application:/home/wego/wego_ws/install/nav2_simple_commander:/home/wego/wego_ws/install/dl_ros2_application:/home/wego/Downloads/backups/wego_ws/install/limo_ros2_application:/home/wego/Downloads/backups/wego_ws/install/nav2_simple_commander:/home/wego/Downloads/backups/wego_ws/install/dl_ros2_application:/opt/ros/humble /usr/bin/cmake --install /home/wego/Downloads/py_bt_ros_spy/build/yolo_msgs
