[0.020s] Invoking command in '/home/psh/py_bt_ros/build/instant_messaging_interfaces': CMAKE_PREFIX_PATH=${CMAKE_PREFIX_PATH}:/opt/ros/humble /usr/bin/cmake --build /home/psh/py_bt_ros/build/instant_messaging_interfaces -- -j22 -l22
[0.092s] [35m[1mConsolidate compiler generated dependencies of target instant_messaging_interfaces__rosidl_generator_c[0m
[0.101s] [  3%] Built target instant_messaging_interfaces__cpp
[0.115s] [  3%] Built target ament_cmake_python_copy_instant_messaging_interfaces
[0.116s] [35m[1mConsolidate compiler generated dependencies of target instant_messaging_interfaces__rosidl_typesupport_cpp[0m
[0.116s] [ 12%] Built target instant_messaging_interfaces__rosidl_generator_c
[0.118s] [35m[1mConsolidate compiler generated dependencies of target instant_messaging_interfaces__rosidl_typesupport_fastrtps_cpp[0m
[0.118s] [35m[1mConsolidate compiler generated dependencies of target instant_messaging_interfaces__rosidl_typesupport_introspection_cpp[0m
[0.129s] [35m[1mConsolidate compiler generated dependencies of target instant_messaging_interfaces__rosidl_typesupport_introspection_c[0m
[0.132s] [35m[1mConsolidate compiler generated dependencies of target instant_messaging_interfaces__rosidl_typesupport_fastrtps_c[0m
[0.136s] [35m[1mConsolidate compiler generated dependencies of target instant_messaging_interfaces__rosidl_typesupport_c[0m
[0.140s] [ 22%] Built target instant_messaging_interfaces__rosidl_typesupport_introspection_cpp
[0.142s] [ 32%] Built target instant_messaging_interfaces__rosidl_typesupport_cpp
[0.142s] [ 41%] Built target instant_messaging_interfaces__rosidl_typesupport_fastrtps_cpp
[0.145s] [ 51%] Built target instant_messaging_interfaces__rosidl_typesupport_introspection_c
[0.153s] [ 61%] Built target instant_messaging_interfaces__rosidl_typesupport_fastrtps_c
[0.154s] [ 70%] Built target instant_messaging_interfaces__rosidl_typesupport_c
[0.183s] [ 70%] Built target instant_messaging_interfaces
[0.211s] [ 74%] Built target instant_messaging_interfaces__py
[0.223s] [35m[1mConsolidate compiler generated dependencies of target instant_messaging_interfaces__rosidl_generator_py[0m
[0.246s] [ 80%] Built target instant_messaging_interfaces__rosidl_generator_py
[0.261s] [35m[1mConsolidate compiler generated dependencies of target instant_messaging_interfaces__rosidl_typesupport_c__pyext[0m
[0.262s] [35m[1mConsolidate compiler generated dependencies of target instant_messaging_interfaces__rosidl_typesupport_fastrtps_c__pyext[0m
[0.262s] [35m[1mConsolidate compiler generated dependencies of target instant_messaging_interfaces__rosidl_typesupport_introspection_c__pyext[0m
[0.278s] [ 87%] Built target instant_messaging_interfaces__rosidl_typesupport_c__pyext
[0.279s] [ 93%] Built target instant_messaging_interfaces__rosidl_typesupport_introspection_c__pyext
[0.280s] [100%] Built target instant_messaging_interfaces__rosidl_typesupport_fastrtps_c__pyext
[0.477s] running egg_info
[0.478s] writing instant_messaging_interfaces.egg-info/PKG-INFO
[0.478s] writing dependency_links to instant_messaging_interfaces.egg-info/dependency_links.txt
[0.478s] writing top-level names to instant_messaging_interfaces.egg-info/top_level.txt
[0.481s] reading manifest file 'instant_messaging_interfaces.egg-info/SOURCES.txt'
[0.482s] writing manifest file 'instant_messaging_interfaces.egg-info/SOURCES.txt'
[0.524s] [100%] Built target ament_cmake_python_build_instant_messaging_interfaces_egg
[0.551s] Invoked command in '/home/psh/py_bt_ros/build/instant_messaging_interfaces' returned '0': CMAKE_PREFIX_PATH=${CMAKE_PREFIX_PATH}:/opt/ros/humble /usr/bin/cmake --build /home/psh/py_bt_ros/build/instant_messaging_interfaces -- -j22 -l22
[0.554s] Invoking command in '/home/psh/py_bt_ros/build/instant_messaging_interfaces': CMAKE_PREFIX_PATH=${CMAKE_PREFIX_PATH}:/opt/ros/humble /usr/bin/cmake --install /home/psh/py_bt_ros/build/instant_messaging_interfaces
[0.570s] -- Install configuration: ""
[0.570s] -- Up-to-date: /home/psh/py_bt_ros/install/instant_messaging_interfaces/share/ament_index/resource_index/rosidl_interfaces/instant_messaging_interfaces
[0.570s] -- Up-to-date: /home/psh/py_bt_ros/install/instant_messaging_interfaces/include/instant_messaging_interfaces/instant_messaging_interfaces
[0.570s] -- Up-to-date: /home/psh/py_bt_ros/install/instant_messaging_interfaces/include/instant_messaging_interfaces/instant_messaging_interfaces/msg
[0.570s] -- Up-to-date: /home/psh/py_bt_ros/install/instant_messaging_interfaces/include/instant_messaging_interfaces/instant_messaging_interfaces/msg/options.h
[0.570s] -- Up-to-date: /home/psh/py_bt_ros/install/instant_messaging_interfaces/include/instant_messaging_interfaces/instant_messaging_interfaces/msg/rosidl_generator_c__visibility_control.h
[0.571s] -- Up-to-date: /home/psh/py_bt_ros/install/instant_messaging_interfaces/include/instant_messaging_interfaces/instant_messaging_interfaces/msg/detail
[0.571s] -- Up-to-date: /home/psh/py_bt_ros/install/instant_messaging_interfaces/include/instant_messaging_interfaces/instant_messaging_interfaces/msg/detail/options__functions.h
[0.571s] -- Up-to-date: /home/psh/py_bt_ros/install/instant_messaging_interfaces/include/instant_messaging_interfaces/instant_messaging_interfaces/msg/detail/options__functions.c
[0.571s] -- Up-to-date: /home/psh/py_bt_ros/install/instant_messaging_interfaces/include/instant_messaging_interfaces/instant_messaging_interfaces/msg/detail/options__struct.h
[0.571s] -- Up-to-date: /home/psh/py_bt_ros/install/instant_messaging_interfaces/include/instant_messaging_interfaces/instant_messaging_interfaces/msg/detail/options__type_support.h
[0.571s] -- Up-to-date: /home/psh/py_bt_ros/install/instant_messaging_interfaces/share/instant_messaging_interfaces/environment/library_path.sh
[0.571s] -- Up-to-date: /home/psh/py_bt_ros/install/instant_messaging_interfaces/share/instant_messaging_interfaces/environment/library_path.dsv
[0.571s] -- Up-to-date: /home/psh/py_bt_ros/install/instant_messaging_interfaces/lib/libinstant_messaging_interfaces__rosidl_generator_c.so
[0.571s] -- Up-to-date: /home/psh/py_bt_ros/install/instant_messaging_interfaces/include/instant_messaging_interfaces/instant_messaging_interfaces
[0.571s] -- Up-to-date: /home/psh/py_bt_ros/install/instant_messaging_interfaces/include/instant_messaging_interfaces/instant_messaging_interfaces/msg
[0.571s] -- Up-to-date: /home/psh/py_bt_ros/install/instant_messaging_interfaces/include/instant_messaging_interfaces/instant_messaging_interfaces/msg/rosidl_typesupport_fastrtps_c__visibility_control.h
[0.572s] -- Up-to-date: /home/psh/py_bt_ros/install/instant_messaging_interfaces/include/instant_messaging_interfaces/instant_messaging_interfaces/msg/detail
[0.572s] -- Up-to-date: /home/psh/py_bt_ros/install/instant_messaging_interfaces/include/instant_messaging_interfaces/instant_messaging_interfaces/msg/detail/options__rosidl_typesupport_fastrtps_c.h
[0.572s] -- Up-to-date: /home/psh/py_bt_ros/install/instant_messaging_interfaces/lib/libinstant_messaging_interfaces__rosidl_typesupport_fastrtps_c.so
[0.574s] -- Up-to-date: /home/psh/py_bt_ros/install/instant_messaging_interfaces/include/instant_messaging_interfaces/instant_messaging_interfaces
[0.574s] -- Up-to-date: /home/psh/py_bt_ros/install/instant_messaging_interfaces/include/instant_messaging_interfaces/instant_messaging_interfaces/msg
[0.574s] -- Up-to-date: /home/psh/py_bt_ros/install/instant_messaging_interfaces/include/instant_messaging_interfaces/instant_messaging_interfaces/msg/rosidl_typesupport_introspection_c__visibility_control.h
[0.574s] -- Up-to-date: /home/psh/py_bt_ros/install/instant_messaging_interfaces/include/instant_messaging_interfaces/instant_messaging_interfaces/msg/detail
[0.574s] -- Up-to-date: /home/psh/py_bt_ros/install/instant_messaging_interfaces/include/instant_messaging_interfaces/instant_messaging_interfaces/msg/detail/options__type_support.c
[0.574s] -- Up-to-date: /home/psh/py_bt_ros/install/instant_messaging_interfaces/include/instant_messaging_interfaces/instant_messaging_interfaces/msg/detail/options__rosidl_typesupport_introspection_c.h
[0.574s] -- Up-to-date: /home/psh/py_bt_ros/install/instant_messaging_interfaces/lib/libinstant_messaging_interfaces__rosidl_typesupport_introspection_c.so
[0.574s] -- Up-to-date: /home/psh/py_bt_ros/install/instant_messaging_interfaces/lib/libinstant_messaging_interfaces__rosidl_typesupport_c.so
[0.574s] -- Up-to-date: /home/psh/py_bt_ros/install/instant_messaging_interfaces/include/instant_messaging_interfaces/instant_messaging_interfaces
[0.574s] -- Up-to-date: /home/psh/py_bt_ros/install/instant_messaging_interfaces/include/instant_messaging_interfaces/instant_messaging_interfaces/msg
[0.574s] -- Up-to-date: /home/psh/py_bt_ros/install/instant_messaging_interfaces/include/instant_messaging_interfaces/instant_messaging_interfaces/msg/options.hpp
[0.575s] -- Up-to-date: /home/psh/py_bt_ros/install/instant_messaging_interfaces/include/instant_messaging_interfaces/instant_messaging_interfaces/msg/rosidl_generator_cpp__visibility_control.hpp
[0.575s] -- Up-to-date: /home/psh/py_bt_ros/install/instant_messaging_interfaces/include/instant_messaging_interfaces/instant_messaging_interfaces/msg/detail
[0.575s] -- Up-to-date: /home/psh/py_bt_ros/install/instant_messaging_interfaces/include/instant_messaging_interfaces/instant_messaging_interfaces/msg/detail/options__struct.hpp
[0.575s] -- Up-to-date: /home/psh/py_bt_ros/install/instant_messaging_interfaces/include/instant_messaging_interfaces/instant_messaging_interfaces/msg/detail/options__builder.hpp
[0.575s] -- Up-to-date: /home/psh/py_bt_ros/install/instant_messaging_interfaces/include/instant_messaging_interfaces/instant_messaging_interfaces/msg/detail/options__traits.hpp
[0.575s] -- Up-to-date: /home/psh/py_bt_ros/install/instant_messaging_interfaces/include/instant_messaging_interfaces/instant_messaging_interfaces/msg/detail/options__type_support.hpp
[0.575s] -- Up-to-date: /home/psh/py_bt_ros/install/instant_messaging_interfaces/include/instant_messaging_interfaces/instant_messaging_interfaces
[0.575s] -- Up-to-date: /home/psh/py_bt_ros/install/instant_messaging_interfaces/include/instant_messaging_interfaces/instant_messaging_interfaces/msg
[0.575s] -- Up-to-date: /home/psh/py_bt_ros/install/instant_messaging_interfaces/include/instant_messaging_interfaces/instant_messaging_interfaces/msg/rosidl_typesupport_fastrtps_cpp__visibility_control.h
[0.575s] -- Up-to-date: /home/psh/py_bt_ros/install/instant_messaging_interfaces/include/instant_messaging_interfaces/instant_messaging_interfaces/msg/detail
[0.575s] -- Up-to-date: /home/psh/py_bt_ros/install/instant_messaging_interfaces/include/instant_messaging_interfaces/instant_messaging_interfaces/msg/detail/options__rosidl_typesupport_fastrtps_cpp.hpp
[0.575s] -- Up-to-date: /home/psh/py_bt_ros/install/instant_messaging_interfaces/include/instant_messaging_interfaces/instant_messaging_interfaces/msg/detail/dds_fastrtps
[0.576s] -- Up-to-date: /home/psh/py_bt_ros/install/instant_messaging_interfaces/lib/libinstant_messaging_interfaces__rosidl_typesupport_fastrtps_cpp.so
[0.576s] -- Up-to-date: /home/psh/py_bt_ros/install/instant_messaging_interfaces/include/instant_messaging_interfaces/instant_messaging_interfaces
[0.576s] -- Up-to-date: /home/psh/py_bt_ros/install/instant_messaging_interfaces/include/instant_messaging_interfaces/instant_messaging_interfaces/msg
[0.576s] -- Up-to-date: /home/psh/py_bt_ros/install/instant_messaging_interfaces/include/instant_messaging_interfaces/instant_messaging_interfaces/msg/detail
[0.576s] -- Up-to-date: /home/psh/py_bt_ros/install/instant_messaging_interfaces/include/instant_messaging_interfaces/instant_messaging_interfaces/msg/detail/options__rosidl_typesupport_introspection_cpp.hpp
[0.576s] -- Up-to-date: /home/psh/py_bt_ros/install/instant_messaging_interfaces/include/instant_messaging_interfaces/instant_messaging_interfaces/msg/detail/options__type_support.cpp
[0.576s] -- Up-to-date: /home/psh/py_bt_ros/install/instant_messaging_interfaces/lib/libinstant_messaging_interfaces__rosidl_typesupport_introspection_cpp.so
[0.576s] -- Up-to-date: /home/psh/py_bt_ros/install/instant_messaging_interfaces/lib/libinstant_messaging_interfaces__rosidl_typesupport_cpp.so
[0.576s] -- Up-to-date: /home/psh/py_bt_ros/install/instant_messaging_interfaces/share/instant_messaging_interfaces/environment/pythonpath.sh
[0.576s] -- Up-to-date: /home/psh/py_bt_ros/install/instant_messaging_interfaces/share/instant_messaging_interfaces/environment/pythonpath.dsv
[0.576s] -- Up-to-date: /home/psh/py_bt_ros/install/instant_messaging_interfaces/local/lib/python3.10/dist-packages/instant_messaging_interfaces-0.0.0-py3.10.egg-info
[0.576s] -- Installing: /home/psh/py_bt_ros/install/instant_messaging_interfaces/local/lib/python3.10/dist-packages/instant_messaging_interfaces-0.0.0-py3.10.egg-info/PKG-INFO
[0.577s] -- Installing: /home/psh/py_bt_ros/install/instant_messaging_interfaces/local/lib/python3.10/dist-packages/instant_messaging_interfaces-0.0.0-py3.10.egg-info/top_level.txt
[0.577s] -- Installing: /home/psh/py_bt_ros/install/instant_messaging_interfaces/local/lib/python3.10/dist-packages/instant_messaging_interfaces-0.0.0-py3.10.egg-info/SOURCES.txt
[0.577s] -- Installing: /home/psh/py_bt_ros/install/instant_messaging_interfaces/local/lib/python3.10/dist-packages/instant_messaging_interfaces-0.0.0-py3.10.egg-info/dependency_links.txt
[0.577s] -- Up-to-date: /home/psh/py_bt_ros/install/instant_messaging_interfaces/local/lib/python3.10/dist-packages/instant_messaging_interfaces
[0.577s] -- Up-to-date: /home/psh/py_bt_ros/install/instant_messaging_interfaces/local/lib/python3.10/dist-packages/instant_messaging_interfaces/msg
[0.577s] -- Up-to-date: /home/psh/py_bt_ros/install/instant_messaging_interfaces/local/lib/python3.10/dist-packages/instant_messaging_interfaces/msg/_options.py
[0.577s] -- Up-to-date: /home/psh/py_bt_ros/install/instant_messaging_interfaces/local/lib/python3.10/dist-packages/instant_messaging_interfaces/msg/__init__.py
[0.577s] -- Up-to-date: /home/psh/py_bt_ros/install/instant_messaging_interfaces/local/lib/python3.10/dist-packages/instant_messaging_interfaces/msg/_options_s.c
[0.577s] -- Up-to-date: /home/psh/py_bt_ros/install/instant_messaging_interfaces/local/lib/python3.10/dist-packages/instant_messaging_interfaces/instant_messaging_interfaces_s__rosidl_typesupport_introspection_c.cpython-310-x86_64-linux-gnu.so
[0.577s] -- Up-to-date: /home/psh/py_bt_ros/install/instant_messaging_interfaces/local/lib/python3.10/dist-packages/instant_messaging_interfaces/_instant_messaging_interfaces_s.ep.rosidl_typesupport_fastrtps_c.c
[0.577s] -- Up-to-date: /home/psh/py_bt_ros/install/instant_messaging_interfaces/local/lib/python3.10/dist-packages/instant_messaging_interfaces/__init__.py
[0.577s] -- Up-to-date: /home/psh/py_bt_ros/install/instant_messaging_interfaces/local/lib/python3.10/dist-packages/instant_messaging_interfaces/libinstant_messaging_interfaces__rosidl_generator_py.so
[0.578s] -- Up-to-date: /home/psh/py_bt_ros/install/instant_messaging_interfaces/local/lib/python3.10/dist-packages/instant_messaging_interfaces/_instant_messaging_interfaces_s.ep.rosidl_typesupport_introspection_c.c
[0.578s] -- Up-to-date: /home/psh/py_bt_ros/install/instant_messaging_interfaces/local/lib/python3.10/dist-packages/instant_messaging_interfaces/instant_messaging_interfaces_s__rosidl_typesupport_fastrtps_c.cpython-310-x86_64-linux-gnu.so
[0.578s] -- Up-to-date: /home/psh/py_bt_ros/install/instant_messaging_interfaces/local/lib/python3.10/dist-packages/instant_messaging_interfaces/instant_messaging_interfaces_s__rosidl_typesupport_c.cpython-310-x86_64-linux-gnu.so
[0.578s] -- Up-to-date: /home/psh/py_bt_ros/install/instant_messaging_interfaces/local/lib/python3.10/dist-packages/instant_messaging_interfaces/_instant_messaging_interfaces_s.ep.rosidl_typesupport_c.c
[0.604s] Listing '/home/psh/py_bt_ros/install/instant_messaging_interfaces/local/lib/python3.10/dist-packages/instant_messaging_interfaces'...
[0.604s] Listing '/home/psh/py_bt_ros/install/instant_messaging_interfaces/local/lib/python3.10/dist-packages/instant_messaging_interfaces/msg'...
[0.612s] -- Up-to-date: /home/psh/py_bt_ros/install/instant_messaging_interfaces/local/lib/python3.10/dist-packages/instant_messaging_interfaces/instant_messaging_interfaces_s__rosidl_typesupport_fastrtps_c.cpython-310-x86_64-linux-gnu.so
[0.613s] -- Up-to-date: /home/psh/py_bt_ros/install/instant_messaging_interfaces/local/lib/python3.10/dist-packages/instant_messaging_interfaces/instant_messaging_interfaces_s__rosidl_typesupport_introspection_c.cpython-310-x86_64-linux-gnu.so
[0.614s] -- Up-to-date: /home/psh/py_bt_ros/install/instant_messaging_interfaces/local/lib/python3.10/dist-packages/instant_messaging_interfaces/instant_messaging_interfaces_s__rosidl_typesupport_c.cpython-310-x86_64-linux-gnu.so
[0.614s] -- Up-to-date: /home/psh/py_bt_ros/install/instant_messaging_interfaces/lib/libinstant_messaging_interfaces__rosidl_generator_py.so
[0.614s] -- Up-to-date: /home/psh/py_bt_ros/install/instant_messaging_interfaces/share/instant_messaging_interfaces/msg/Options.idl
[0.614s] -- Up-to-date: /home/psh/py_bt_ros/install/instant_messaging_interfaces/share/instant_messaging_interfaces/msg/Options.msg
[0.615s] -- Up-to-date: /home/psh/py_bt_ros/install/instant_messaging_interfaces/share/ament_index/resource_index/package_run_dependencies/instant_messaging_interfaces
[0.615s] -- Up-to-date: /home/psh/py_bt_ros/install/instant_messaging_interfaces/share/ament_index/resource_index/parent_prefix_path/instant_messaging_interfaces
[0.615s] -- Up-to-date: /home/psh/py_bt_ros/install/instant_messaging_interfaces/share/instant_messaging_interfaces/environment/ament_prefix_path.sh
[0.615s] -- Up-to-date: /home/psh/py_bt_ros/install/instant_messaging_interfaces/share/instant_messaging_interfaces/environment/ament_prefix_path.dsv
[0.615s] -- Up-to-date: /home/psh/py_bt_ros/install/instant_messaging_interfaces/share/instant_messaging_interfaces/environment/path.sh
[0.616s] -- Up-to-date: /home/psh/py_bt_ros/install/instant_messaging_interfaces/share/instant_messaging_interfaces/environment/path.dsv
[0.616s] -- Up-to-date: /home/psh/py_bt_ros/install/instant_messaging_interfaces/share/instant_messaging_interfaces/local_setup.bash
[0.616s] -- Up-to-date: /home/psh/py_bt_ros/install/instant_messaging_interfaces/share/instant_messaging_interfaces/local_setup.sh
[0.617s] -- Up-to-date: /home/psh/py_bt_ros/install/instant_messaging_interfaces/share/instant_messaging_interfaces/local_setup.zsh
[0.617s] -- Up-to-date: /home/psh/py_bt_ros/install/instant_messaging_interfaces/share/instant_messaging_interfaces/local_setup.dsv
[0.617s] -- Installing: /home/psh/py_bt_ros/install/instant_messaging_interfaces/share/instant_messaging_interfaces/package.dsv
[0.617s] -- Up-to-date: /home/psh/py_bt_ros/install/instant_messaging_interfaces/share/ament_index/resource_index/packages/instant_messaging_interfaces
[0.617s] -- Up-to-date: /home/psh/py_bt_ros/install/instant_messaging_interfaces/share/instant_messaging_interfaces/cmake/export_instant_messaging_interfaces__rosidl_generator_cExport.cmake
[0.617s] -- Up-to-date: /home/psh/py_bt_ros/install/instant_messaging_interfaces/share/instant_messaging_interfaces/cmake/export_instant_messaging_interfaces__rosidl_generator_cExport-noconfig.cmake
[0.617s] -- Up-to-date: /home/psh/py_bt_ros/install/instant_messaging_interfaces/share/instant_messaging_interfaces/cmake/export_instant_messaging_interfaces__rosidl_typesupport_fastrtps_cExport.cmake
[0.617s] -- Up-to-date: /home/psh/py_bt_ros/install/instant_messaging_interfaces/share/instant_messaging_interfaces/cmake/export_instant_messaging_interfaces__rosidl_typesupport_fastrtps_cExport-noconfig.cmake
[0.618s] -- Up-to-date: /home/psh/py_bt_ros/install/instant_messaging_interfaces/share/instant_messaging_interfaces/cmake/instant_messaging_interfaces__rosidl_typesupport_introspection_cExport.cmake
[0.618s] -- Up-to-date: /home/psh/py_bt_ros/install/instant_messaging_interfaces/share/instant_messaging_interfaces/cmake/instant_messaging_interfaces__rosidl_typesupport_introspection_cExport-noconfig.cmake
[0.618s] -- Up-to-date: /home/psh/py_bt_ros/install/instant_messaging_interfaces/share/instant_messaging_interfaces/cmake/instant_messaging_interfaces__rosidl_typesupport_cExport.cmake
[0.619s] -- Up-to-date: /home/psh/py_bt_ros/install/instant_messaging_interfaces/share/instant_messaging_interfaces/cmake/instant_messaging_interfaces__rosidl_typesupport_cExport-noconfig.cmake
[0.620s] -- Up-to-date: /home/psh/py_bt_ros/install/instant_messaging_interfaces/share/instant_messaging_interfaces/cmake/export_instant_messaging_interfaces__rosidl_generator_cppExport.cmake
[0.622s] -- Up-to-date: /home/psh/py_bt_ros/install/instant_messaging_interfaces/share/instant_messaging_interfaces/cmake/export_instant_messaging_interfaces__rosidl_typesupport_fastrtps_cppExport.cmake
[0.623s] -- Up-to-date: /home/psh/py_bt_ros/install/instant_messaging_interfaces/share/instant_messaging_interfaces/cmake/export_instant_messaging_interfaces__rosidl_typesupport_fastrtps_cppExport-noconfig.cmake
[0.624s] -- Up-to-date: /home/psh/py_bt_ros/install/instant_messaging_interfaces/share/instant_messaging_interfaces/cmake/instant_messaging_interfaces__rosidl_typesupport_introspection_cppExport.cmake
[0.624s] -- Up-to-date: /home/psh/py_bt_ros/install/instant_messaging_interfaces/share/instant_messaging_interfaces/cmake/instant_messaging_interfaces__rosidl_typesupport_introspection_cppExport-noconfig.cmake
[0.624s] -- Up-to-date: /home/psh/py_bt_ros/install/instant_messaging_interfaces/share/instant_messaging_interfaces/cmake/instant_messaging_interfaces__rosidl_typesupport_cppExport.cmake
[0.624s] -- Up-to-date: /home/psh/py_bt_ros/install/instant_messaging_interfaces/share/instant_messaging_interfaces/cmake/instant_messaging_interfaces__rosidl_typesupport_cppExport-noconfig.cmake
[0.624s] -- Up-to-date: /home/psh/py_bt_ros/install/instant_messaging_interfaces/share/instant_messaging_interfaces/cmake/export_instant_messaging_interfaces__rosidl_generator_pyExport.cmake
[0.625s] -- Up-to-date: /home/psh/py_bt_ros/install/instant_messaging_interfaces/share/instant_messaging_interfaces/cmake/export_instant_messaging_interfaces__rosidl_generator_pyExport-noconfig.cmake
[0.625s] -- Up-to-date: /home/psh/py_bt_ros/install/instant_messaging_interfaces/share/instant_messaging_interfaces/cmake/rosidl_cmake-extras.cmake
[0.625s] -- Up-to-date: /home/psh/py_bt_ros/install/instant_messaging_interfaces/share/instant_messaging_interfaces/cmake/ament_cmake_export_include_directories-extras.cmake
[0.625s] -- Up-to-date: /home/psh/py_bt_ros/install/instant_messaging_interfaces/share/instant_messaging_interfaces/cmake/ament_cmake_export_libraries-extras.cmake
[0.625s] -- Up-to-date: /home/psh/py_bt_ros/install/instant_messaging_interfaces/share/instant_messaging_interfaces/cmake/ament_cmake_export_targets-extras.cmake
[0.625s] -- Up-to-date: /home/psh/py_bt_ros/install/instant_messaging_interfaces/share/instant_messaging_interfaces/cmake/rosidl_cmake_export_typesupport_targets-extras.cmake
[0.626s] -- Up-to-date: /home/psh/py_bt_ros/install/instant_messaging_interfaces/share/instant_messaging_interfaces/cmake/ament_cmake_export_dependencies-extras.cmake
[0.626s] -- Up-to-date: /home/psh/py_bt_ros/install/instant_messaging_interfaces/share/instant_messaging_interfaces/cmake/rosidl_cmake_export_typesupport_libraries-extras.cmake
[0.626s] -- Up-to-date: /home/psh/py_bt_ros/install/instant_messaging_interfaces/share/instant_messaging_interfaces/cmake/instant_messaging_interfacesConfig.cmake
[0.626s] -- Up-to-date: /home/psh/py_bt_ros/install/instant_messaging_interfaces/share/instant_messaging_interfaces/cmake/instant_messaging_interfacesConfig-version.cmake
[0.627s] -- Up-to-date: /home/psh/py_bt_ros/install/instant_messaging_interfaces/share/instant_messaging_interfaces/package.xml
[0.637s] Invoked command in '/home/psh/py_bt_ros/build/instant_messaging_interfaces' returned '0': CMAKE_PREFIX_PATH=${CMAKE_PREFIX_PATH}:/opt/ros/humble /usr/bin/cmake --install /home/psh/py_bt_ros/build/instant_messaging_interfaces
