[35m[1mConsolidate compiler generated dependencies of target yolo_msgs__rosidl_generator_c[0m
[  8%] Built target ament_cmake_python_symlink_yolo_msgs
[ 12%] Built target yolo_msgs__rosidl_generator_c
[ 12%] Built target yolo_msgs__cpp
[35m[1mConsolidate compiler generated dependencies of target yolo_msgs__rosidl_typesupport_c[0m
[35m[1mConsolidate compiler generated dependencies of target yolo_msgs__rosidl_typesupport_cpp[0m
[35m[1mConsolidate compiler generated dependencies of target yolo_msgs__rosidl_typesupport_introspection_c[0m
[35m[1mConsolidate compiler generated dependencies of target yolo_msgs__rosidl_typesupport_fastrtps_c[0m
[35m[1mConsolidate compiler generated dependencies of target yolo_msgs__rosidl_typesupport_fastrtps_cpp[0m
[ 24%] Built target yolo_msgs__rosidl_typesupport_c
[ 36%] Built target yolo_msgs__rosidl_typesupport_introspection_c
[ 48%] Built target yolo_msgs__rosidl_typesupport_cpp
[ 60%] Built target yolo_msgs__rosidl_typesupport_fastrtps_cpp
[ 72%] Built target yolo_msgs__rosidl_typesupport_fastrtps_c
[35m[1mConsolidate compiler generated dependencies of target yolo_msgs__rosidl_typesupport_introspection_cpp[0m
[ 84%] Built target yolo_msgs__rosidl_typesupport_introspection_cpp
[ 84%] Built target yolo_msgs
[ 85%] Built target yolo_msgs__py
[35m[1mConsolidate compiler generated dependencies of target yolo_msgs__rosidl_generator_py[0m
[ 96%] Built target yolo_msgs__rosidl_generator_py
[35m[1mConsolidate compiler generated dependencies of target yolo_msgs__rosidl_typesupport_introspection_c__pyext[0m
[35m[1mConsolidate compiler generated dependencies of target yolo_msgs__rosidl_typesupport_c__pyext[0m
[35m[1mConsolidate compiler generated dependencies of target yolo_msgs__rosidl_typesupport_fastrtps_c__pyext[0m
[ 99%] Built target yolo_msgs__rosidl_typesupport_c__pyext
[ 99%] Built target yolo_msgs__rosidl_typesupport_introspection_c__pyext
[100%] Built target yolo_msgs__rosidl_typesupport_fastrtps_c__pyext
running egg_info
writing yolo_msgs.egg-info/PKG-INFO
writing dependency_links to yolo_msgs.egg-info/dependency_links.txt
writing top-level names to yolo_msgs.egg-info/top_level.txt
reading manifest file 'yolo_msgs.egg-info/SOURCES.txt'
writing manifest file 'yolo_msgs.egg-info/SOURCES.txt'
[100%] Built target ament_cmake_python_build_yolo_msgs_egg
-- Install configuration: ""
-- Execute custom install script
-- Up-to-date symlink: /home/wego/Downloads/py_bt_ros_spy/install/yolo_msgs/share/ament_index/resource_index/rosidl_interfaces/yolo_msgs
-- Up-to-date symlink: /home/wego/Downloads/py_bt_ros_spy/install/yolo_msgs/include/yolo_msgs/yolo_msgs/msg/bounding_box2_d.h
-- Up-to-date symlink: /home/wego/Downloads/py_bt_ros_spy/install/yolo_msgs/include/yolo_msgs/yolo_msgs/msg/bounding_box3_d.h
-- Up-to-date symlink: /home/wego/Downloads/py_bt_ros_spy/install/yolo_msgs/include/yolo_msgs/yolo_msgs/msg/detail/bounding_box2_d__functions.h
-- Up-to-date symlink: /home/wego/Downloads/py_bt_ros_spy/install/yolo_msgs/include/yolo_msgs/yolo_msgs/msg/detail/bounding_box2_d__struct.h
-- Up-to-date symlink: /home/wego/Downloads/py_bt_ros_spy/install/yolo_msgs/include/yolo_msgs/yolo_msgs/msg/detail/bounding_box2_d__type_support.h
-- Up-to-date symlink: /home/wego/Downloads/py_bt_ros_spy/install/yolo_msgs/include/yolo_msgs/yolo_msgs/msg/detail/bounding_box3_d__functions.h
-- Up-to-date symlink: /home/wego/Downloads/py_bt_ros_spy/install/yolo_msgs/include/yolo_msgs/yolo_msgs/msg/detail/bounding_box3_d__struct.h
-- Up-to-date symlink: /home/wego/Downloads/py_bt_ros_spy/install/yolo_msgs/include/yolo_msgs/yolo_msgs/msg/detail/bounding_box3_d__type_support.h
-- Up-to-date symlink: /home/wego/Downloads/py_bt_ros_spy/install/yolo_msgs/include/yolo_msgs/yolo_msgs/msg/detail/detection__functions.h
-- Up-to-date symlink: /home/wego/Downloads/py_bt_ros_spy/install/yolo_msgs/include/yolo_msgs/yolo_msgs/msg/detail/detection__struct.h
-- Up-to-date symlink: /home/wego/Downloads/py_bt_ros_spy/install/yolo_msgs/include/yolo_msgs/yolo_msgs/msg/detail/detection__type_support.h
-- Up-to-date symlink: /home/wego/Downloads/py_bt_ros_spy/install/yolo_msgs/include/yolo_msgs/yolo_msgs/msg/detail/detection_array__functions.h
-- Up-to-date symlink: /home/wego/Downloads/py_bt_ros_spy/install/yolo_msgs/include/yolo_msgs/yolo_msgs/msg/detail/detection_array__struct.h
-- Up-to-date symlink: /home/wego/Downloads/py_bt_ros_spy/install/yolo_msgs/include/yolo_msgs/yolo_msgs/msg/detail/detection_array__type_support.h
-- Up-to-date symlink: /home/wego/Downloads/py_bt_ros_spy/install/yolo_msgs/include/yolo_msgs/yolo_msgs/msg/detail/key_point2_d__functions.h
-- Up-to-date symlink: /home/wego/Downloads/py_bt_ros_spy/install/yolo_msgs/include/yolo_msgs/yolo_msgs/msg/detail/key_point2_d__struct.h
-- Up-to-date symlink: /home/wego/Downloads/py_bt_ros_spy/install/yolo_msgs/include/yolo_msgs/yolo_msgs/msg/detail/key_point2_d__type_support.h
-- Up-to-date symlink: /home/wego/Downloads/py_bt_ros_spy/install/yolo_msgs/include/yolo_msgs/yolo_msgs/msg/detail/key_point2_d_array__functions.h
-- Up-to-date symlink: /home/wego/Downloads/py_bt_ros_spy/install/yolo_msgs/include/yolo_msgs/yolo_msgs/msg/detail/key_point2_d_array__struct.h
-- Up-to-date symlink: /home/wego/Downloads/py_bt_ros_spy/install/yolo_msgs/include/yolo_msgs/yolo_msgs/msg/detail/key_point2_d_array__type_support.h
-- Up-to-date symlink: /home/wego/Downloads/py_bt_ros_spy/install/yolo_msgs/include/yolo_msgs/yolo_msgs/msg/detail/key_point3_d__functions.h
-- Up-to-date symlink: /home/wego/Downloads/py_bt_ros_spy/install/yolo_msgs/include/yolo_msgs/yolo_msgs/msg/detail/key_point3_d__struct.h
-- Up-to-date symlink: /home/wego/Downloads/py_bt_ros_spy/install/yolo_msgs/include/yolo_msgs/yolo_msgs/msg/detail/key_point3_d__type_support.h
-- Up-to-date symlink: /home/wego/Downloads/py_bt_ros_spy/install/yolo_msgs/include/yolo_msgs/yolo_msgs/msg/detail/key_point3_d_array__functions.h
-- Up-to-date symlink: /home/wego/Downloads/py_bt_ros_spy/install/yolo_msgs/include/yolo_msgs/yolo_msgs/msg/detail/key_point3_d_array__struct.h
-- Up-to-date symlink: /home/wego/Downloads/py_bt_ros_spy/install/yolo_msgs/include/yolo_msgs/yolo_msgs/msg/detail/key_point3_d_array__type_support.h
-- Up-to-date symlink: /home/wego/Downloads/py_bt_ros_spy/install/yolo_msgs/include/yolo_msgs/yolo_msgs/msg/detail/mask__functions.h
-- Up-to-date symlink: /home/wego/Downloads/py_bt_ros_spy/install/yolo_msgs/include/yolo_msgs/yolo_msgs/msg/detail/mask__struct.h
-- Up-to-date symlink: /home/wego/Downloads/py_bt_ros_spy/install/yolo_msgs/include/yolo_msgs/yolo_msgs/msg/detail/mask__type_support.h
-- Up-to-date symlink: /home/wego/Downloads/py_bt_ros_spy/install/yolo_msgs/include/yolo_msgs/yolo_msgs/msg/detail/point2_d__functions.h
-- Up-to-date symlink: /home/wego/Downloads/py_bt_ros_spy/install/yolo_msgs/include/yolo_msgs/yolo_msgs/msg/detail/point2_d__struct.h
-- Up-to-date symlink: /home/wego/Downloads/py_bt_ros_spy/install/yolo_msgs/include/yolo_msgs/yolo_msgs/msg/detail/point2_d__type_support.h
-- Up-to-date symlink: /home/wego/Downloads/py_bt_ros_spy/install/yolo_msgs/include/yolo_msgs/yolo_msgs/msg/detail/pose2_d__functions.h
-- Up-to-date symlink: /home/wego/Downloads/py_bt_ros_spy/install/yolo_msgs/include/yolo_msgs/yolo_msgs/msg/detail/pose2_d__struct.h
-- Up-to-date symlink: /home/wego/Downloads/py_bt_ros_spy/install/yolo_msgs/include/yolo_msgs/yolo_msgs/msg/detail/pose2_d__type_support.h
-- Up-to-date symlink: /home/wego/Downloads/py_bt_ros_spy/install/yolo_msgs/include/yolo_msgs/yolo_msgs/msg/detail/vector2__functions.h
-- Up-to-date symlink: /home/wego/Downloads/py_bt_ros_spy/install/yolo_msgs/include/yolo_msgs/yolo_msgs/msg/detail/vector2__struct.h
-- Up-to-date symlink: /home/wego/Downloads/py_bt_ros_spy/install/yolo_msgs/include/yolo_msgs/yolo_msgs/msg/detail/vector2__type_support.h
-- Up-to-date symlink: /home/wego/Downloads/py_bt_ros_spy/install/yolo_msgs/include/yolo_msgs/yolo_msgs/msg/detection.h
-- Up-to-date symlink: /home/wego/Downloads/py_bt_ros_spy/install/yolo_msgs/include/yolo_msgs/yolo_msgs/msg/detection_array.h
-- Up-to-date symlink: /home/wego/Downloads/py_bt_ros_spy/install/yolo_msgs/include/yolo_msgs/yolo_msgs/msg/key_point2_d.h
-- Up-to-date symlink: /home/wego/Downloads/py_bt_ros_spy/install/yolo_msgs/include/yolo_msgs/yolo_msgs/msg/key_point2_d_array.h
-- Up-to-date symlink: /home/wego/Downloads/py_bt_ros_spy/install/yolo_msgs/include/yolo_msgs/yolo_msgs/msg/key_point3_d.h
-- Up-to-date symlink: /home/wego/Downloads/py_bt_ros_spy/install/yolo_msgs/include/yolo_msgs/yolo_msgs/msg/key_point3_d_array.h
-- Symlinking: /home/wego/Downloads/py_bt_ros_spy/install/yolo_msgs/include/yolo_msgs/yolo_msgs/msg/mask.h
-- Symlinking: /home/wego/Downloads/py_bt_ros_spy/install/yolo_msgs/include/yolo_msgs/yolo_msgs/msg/point2_d.h
-- Symlinking: /home/wego/Downloads/py_bt_ros_spy/install/yolo_msgs/include/yolo_msgs/yolo_msgs/msg/pose2_d.h
-- Symlinking: /home/wego/Downloads/py_bt_ros_spy/install/yolo_msgs/include/yolo_msgs/yolo_msgs/msg/rosidl_generator_c__visibility_control.h
-- Symlinking: /home/wego/Downloads/py_bt_ros_spy/install/yolo_msgs/include/yolo_msgs/yolo_msgs/msg/vector2.h
-- Symlinking: /home/wego/Downloads/py_bt_ros_spy/install/yolo_msgs/include/yolo_msgs/yolo_msgs/srv/detail/set_classes__functions.h
-- Symlinking: /home/wego/Downloads/py_bt_ros_spy/install/yolo_msgs/include/yolo_msgs/yolo_msgs/srv/detail/set_classes__struct.h
-- Symlinking: /home/wego/Downloads/py_bt_ros_spy/install/yolo_msgs/include/yolo_msgs/yolo_msgs/srv/detail/set_classes__type_support.h
-- Symlinking: /home/wego/Downloads/py_bt_ros_spy/install/yolo_msgs/include/yolo_msgs/yolo_msgs/srv/set_classes.h
-- Symlinking: /home/wego/Downloads/py_bt_ros_spy/install/yolo_msgs/share/yolo_msgs/environment/library_path.sh
-- Symlinking: /home/wego/Downloads/py_bt_ros_spy/install/yolo_msgs/share/yolo_msgs/environment/library_path.dsv
-- Symlinking: /home/wego/Downloads/py_bt_ros_spy/install/yolo_msgs/include/yolo_msgs/yolo_msgs/msg/detail/bounding_box2_d__rosidl_typesupport_fastrtps_c.h
-- Symlinking: /home/wego/Downloads/py_bt_ros_spy/install/yolo_msgs/include/yolo_msgs/yolo_msgs/msg/detail/bounding_box3_d__rosidl_typesupport_fastrtps_c.h
-- Symlinking: /home/wego/Downloads/py_bt_ros_spy/install/yolo_msgs/include/yolo_msgs/yolo_msgs/msg/detail/detection__rosidl_typesupport_fastrtps_c.h
-- Symlinking: /home/wego/Downloads/py_bt_ros_spy/install/yolo_msgs/include/yolo_msgs/yolo_msgs/msg/detail/detection_array__rosidl_typesupport_fastrtps_c.h
-- Symlinking: /home/wego/Downloads/py_bt_ros_spy/install/yolo_msgs/include/yolo_msgs/yolo_msgs/msg/detail/key_point2_d__rosidl_typesupport_fastrtps_c.h
-- Symlinking: /home/wego/Downloads/py_bt_ros_spy/install/yolo_msgs/include/yolo_msgs/yolo_msgs/msg/detail/key_point2_d_array__rosidl_typesupport_fastrtps_c.h
-- Symlinking: /home/wego/Downloads/py_bt_ros_spy/install/yolo_msgs/include/yolo_msgs/yolo_msgs/msg/detail/key_point3_d__rosidl_typesupport_fastrtps_c.h
-- Symlinking: /home/wego/Downloads/py_bt_ros_spy/install/yolo_msgs/include/yolo_msgs/yolo_msgs/msg/detail/key_point3_d_array__rosidl_typesupport_fastrtps_c.h
-- Symlinking: /home/wego/Downloads/py_bt_ros_spy/install/yolo_msgs/include/yolo_msgs/yolo_msgs/msg/detail/mask__rosidl_typesupport_fastrtps_c.h
-- Symlinking: /home/wego/Downloads/py_bt_ros_spy/install/yolo_msgs/include/yolo_msgs/yolo_msgs/msg/detail/point2_d__rosidl_typesupport_fastrtps_c.h
-- Symlinking: /home/wego/Downloads/py_bt_ros_spy/install/yolo_msgs/include/yolo_msgs/yolo_msgs/msg/detail/pose2_d__rosidl_typesupport_fastrtps_c.h
-- Symlinking: /home/wego/Downloads/py_bt_ros_spy/install/yolo_msgs/include/yolo_msgs/yolo_msgs/msg/detail/vector2__rosidl_typesupport_fastrtps_c.h
-- Symlinking: /home/wego/Downloads/py_bt_ros_spy/install/yolo_msgs/include/yolo_msgs/yolo_msgs/msg/rosidl_typesupport_fastrtps_c__visibility_control.h
-- Symlinking: /home/wego/Downloads/py_bt_ros_spy/install/yolo_msgs/include/yolo_msgs/yolo_msgs/srv/detail/set_classes__rosidl_typesupport_fastrtps_c.h
-- Symlinking: /home/wego/Downloads/py_bt_ros_spy/install/yolo_msgs/include/yolo_msgs/yolo_msgs/msg/detail/bounding_box2_d__rosidl_typesupport_introspection_c.h
-- Symlinking: /home/wego/Downloads/py_bt_ros_spy/install/yolo_msgs/include/yolo_msgs/yolo_msgs/msg/detail/bounding_box3_d__rosidl_typesupport_introspection_c.h
-- Symlinking: /home/wego/Downloads/py_bt_ros_spy/install/yolo_msgs/include/yolo_msgs/yolo_msgs/msg/detail/detection__rosidl_typesupport_introspection_c.h
-- Symlinking: /home/wego/Downloads/py_bt_ros_spy/install/yolo_msgs/include/yolo_msgs/yolo_msgs/msg/detail/detection_array__rosidl_typesupport_introspection_c.h
-- Symlinking: /home/wego/Downloads/py_bt_ros_spy/install/yolo_msgs/include/yolo_msgs/yolo_msgs/msg/detail/key_point2_d__rosidl_typesupport_introspection_c.h
-- Symlinking: /home/wego/Downloads/py_bt_ros_spy/install/yolo_msgs/include/yolo_msgs/yolo_msgs/msg/detail/key_point2_d_array__rosidl_typesupport_introspection_c.h
-- Symlinking: /home/wego/Downloads/py_bt_ros_spy/install/yolo_msgs/include/yolo_msgs/yolo_msgs/msg/detail/key_point3_d__rosidl_typesupport_introspection_c.h
-- Symlinking: /home/wego/Downloads/py_bt_ros_spy/install/yolo_msgs/include/yolo_msgs/yolo_msgs/msg/detail/key_point3_d_array__rosidl_typesupport_introspection_c.h
-- Symlinking: /home/wego/Downloads/py_bt_ros_spy/install/yolo_msgs/include/yolo_msgs/yolo_msgs/msg/detail/mask__rosidl_typesupport_introspection_c.h
-- Symlinking: /home/wego/Downloads/py_bt_ros_spy/install/yolo_msgs/include/yolo_msgs/yolo_msgs/msg/detail/point2_d__rosidl_typesupport_introspection_c.h
-- Symlinking: /home/wego/Downloads/py_bt_ros_spy/install/yolo_msgs/include/yolo_msgs/yolo_msgs/msg/detail/pose2_d__rosidl_typesupport_introspection_c.h
-- Symlinking: /home/wego/Downloads/py_bt_ros_spy/install/yolo_msgs/include/yolo_msgs/yolo_msgs/msg/detail/vector2__rosidl_typesupport_introspection_c.h
-- Symlinking: /home/wego/Downloads/py_bt_ros_spy/install/yolo_msgs/include/yolo_msgs/yolo_msgs/msg/rosidl_typesupport_introspection_c__visibility_control.h
-- Symlinking: /home/wego/Downloads/py_bt_ros_spy/install/yolo_msgs/include/yolo_msgs/yolo_msgs/srv/detail/set_classes__rosidl_typesupport_introspection_c.h
-- Symlinking: /home/wego/Downloads/py_bt_ros_spy/install/yolo_msgs/include/yolo_msgs/yolo_msgs/msg/bounding_box2_d.hpp
-- Symlinking: /home/wego/Downloads/py_bt_ros_spy/install/yolo_msgs/include/yolo_msgs/yolo_msgs/msg/bounding_box3_d.hpp
-- Symlinking: /home/wego/Downloads/py_bt_ros_spy/install/yolo_msgs/include/yolo_msgs/yolo_msgs/msg/detail/bounding_box2_d__builder.hpp
-- Symlinking: /home/wego/Downloads/py_bt_ros_spy/install/yolo_msgs/include/yolo_msgs/yolo_msgs/msg/detail/bounding_box2_d__struct.hpp
-- Symlinking: /home/wego/Downloads/py_bt_ros_spy/install/yolo_msgs/include/yolo_msgs/yolo_msgs/msg/detail/bounding_box2_d__traits.hpp
-- Symlinking: /home/wego/Downloads/py_bt_ros_spy/install/yolo_msgs/include/yolo_msgs/yolo_msgs/msg/detail/bounding_box2_d__type_support.hpp
-- Symlinking: /home/wego/Downloads/py_bt_ros_spy/install/yolo_msgs/include/yolo_msgs/yolo_msgs/msg/detail/bounding_box3_d__builder.hpp
-- Symlinking: /home/wego/Downloads/py_bt_ros_spy/install/yolo_msgs/include/yolo_msgs/yolo_msgs/msg/detail/bounding_box3_d__struct.hpp
-- Symlinking: /home/wego/Downloads/py_bt_ros_spy/install/yolo_msgs/include/yolo_msgs/yolo_msgs/msg/detail/bounding_box3_d__traits.hpp
-- Symlinking: /home/wego/Downloads/py_bt_ros_spy/install/yolo_msgs/include/yolo_msgs/yolo_msgs/msg/detail/bounding_box3_d__type_support.hpp
-- Symlinking: /home/wego/Downloads/py_bt_ros_spy/install/yolo_msgs/include/yolo_msgs/yolo_msgs/msg/detail/detection__builder.hpp
-- Symlinking: /home/wego/Downloads/py_bt_ros_spy/install/yolo_msgs/include/yolo_msgs/yolo_msgs/msg/detail/detection__struct.hpp
-- Symlinking: /home/wego/Downloads/py_bt_ros_spy/install/yolo_msgs/include/yolo_msgs/yolo_msgs/msg/detail/detection__traits.hpp
-- Symlinking: /home/wego/Downloads/py_bt_ros_spy/install/yolo_msgs/include/yolo_msgs/yolo_msgs/msg/detail/detection__type_support.hpp
-- Symlinking: /home/wego/Downloads/py_bt_ros_spy/install/yolo_msgs/include/yolo_msgs/yolo_msgs/msg/detail/detection_array__builder.hpp
-- Symlinking: /home/wego/Downloads/py_bt_ros_spy/install/yolo_msgs/include/yolo_msgs/yolo_msgs/msg/detail/detection_array__struct.hpp
-- Symlinking: /home/wego/Downloads/py_bt_ros_spy/install/yolo_msgs/include/yolo_msgs/yolo_msgs/msg/detail/detection_array__traits.hpp
-- Symlinking: /home/wego/Downloads/py_bt_ros_spy/install/yolo_msgs/include/yolo_msgs/yolo_msgs/msg/detail/detection_array__type_support.hpp
-- Symlinking: /home/wego/Downloads/py_bt_ros_spy/install/yolo_msgs/include/yolo_msgs/yolo_msgs/msg/detail/key_point2_d__builder.hpp
-- Symlinking: /home/wego/Downloads/py_bt_ros_spy/install/yolo_msgs/include/yolo_msgs/yolo_msgs/msg/detail/key_point2_d__struct.hpp
-- Symlinking: /home/wego/Downloads/py_bt_ros_spy/install/yolo_msgs/include/yolo_msgs/yolo_msgs/msg/detail/key_point2_d__traits.hpp
-- Symlinking: /home/wego/Downloads/py_bt_ros_spy/install/yolo_msgs/include/yolo_msgs/yolo_msgs/msg/detail/key_point2_d__type_support.hpp
-- Symlinking: /home/wego/Downloads/py_bt_ros_spy/install/yolo_msgs/include/yolo_msgs/yolo_msgs/msg/detail/key_point2_d_array__builder.hpp
-- Symlinking: /home/wego/Downloads/py_bt_ros_spy/install/yolo_msgs/include/yolo_msgs/yolo_msgs/msg/detail/key_point2_d_array__struct.hpp
-- Symlinking: /home/wego/Downloads/py_bt_ros_spy/install/yolo_msgs/include/yolo_msgs/yolo_msgs/msg/detail/key_point2_d_array__traits.hpp
-- Symlinking: /home/wego/Downloads/py_bt_ros_spy/install/yolo_msgs/include/yolo_msgs/yolo_msgs/msg/detail/key_point2_d_array__type_support.hpp
-- Symlinking: /home/wego/Downloads/py_bt_ros_spy/install/yolo_msgs/include/yolo_msgs/yolo_msgs/msg/detail/key_point3_d__builder.hpp
-- Symlinking: /home/wego/Downloads/py_bt_ros_spy/install/yolo_msgs/include/yolo_msgs/yolo_msgs/msg/detail/key_point3_d__struct.hpp
-- Symlinking: /home/wego/Downloads/py_bt_ros_spy/install/yolo_msgs/include/yolo_msgs/yolo_msgs/msg/detail/key_point3_d__traits.hpp
-- Symlinking: /home/wego/Downloads/py_bt_ros_spy/install/yolo_msgs/include/yolo_msgs/yolo_msgs/msg/detail/key_point3_d__type_support.hpp
-- Symlinking: /home/wego/Downloads/py_bt_ros_spy/install/yolo_msgs/include/yolo_msgs/yolo_msgs/msg/detail/key_point3_d_array__builder.hpp
-- Symlinking: /home/wego/Downloads/py_bt_ros_spy/install/yolo_msgs/include/yolo_msgs/yolo_msgs/msg/detail/key_point3_d_array__struct.hpp
-- Symlinking: /home/wego/Downloads/py_bt_ros_spy/install/yolo_msgs/include/yolo_msgs/yolo_msgs/msg/detail/key_point3_d_array__traits.hpp
-- Symlinking: /home/wego/Downloads/py_bt_ros_spy/install/yolo_msgs/include/yolo_msgs/yolo_msgs/msg/detail/key_point3_d_array__type_support.hpp
-- Symlinking: /home/wego/Downloads/py_bt_ros_spy/install/yolo_msgs/include/yolo_msgs/yolo_msgs/msg/detail/mask__builder.hpp
-- Symlinking: /home/wego/Downloads/py_bt_ros_spy/install/yolo_msgs/include/yolo_msgs/yolo_msgs/msg/detail/mask__struct.hpp
-- Symlinking: /home/wego/Downloads/py_bt_ros_spy/install/yolo_msgs/include/yolo_msgs/yolo_msgs/msg/detail/mask__traits.hpp
-- Symlinking: /home/wego/Downloads/py_bt_ros_spy/install/yolo_msgs/include/yolo_msgs/yolo_msgs/msg/detail/mask__type_support.hpp
-- Symlinking: /home/wego/Downloads/py_bt_ros_spy/install/yolo_msgs/include/yolo_msgs/yolo_msgs/msg/detail/point2_d__builder.hpp
-- Symlinking: /home/wego/Downloads/py_bt_ros_spy/install/yolo_msgs/include/yolo_msgs/yolo_msgs/msg/detail/point2_d__struct.hpp
-- Symlinking: /home/wego/Downloads/py_bt_ros_spy/install/yolo_msgs/include/yolo_msgs/yolo_msgs/msg/detail/point2_d__traits.hpp
-- Symlinking: /home/wego/Downloads/py_bt_ros_spy/install/yolo_msgs/include/yolo_msgs/yolo_msgs/msg/detail/point2_d__type_support.hpp
-- Symlinking: /home/wego/Downloads/py_bt_ros_spy/install/yolo_msgs/include/yolo_msgs/yolo_msgs/msg/detail/pose2_d__builder.hpp
-- Symlinking: /home/wego/Downloads/py_bt_ros_spy/install/yolo_msgs/include/yolo_msgs/yolo_msgs/msg/detail/pose2_d__struct.hpp
-- Symlinking: /home/wego/Downloads/py_bt_ros_spy/install/yolo_msgs/include/yolo_msgs/yolo_msgs/msg/detail/pose2_d__traits.hpp
-- Symlinking: /home/wego/Downloads/py_bt_ros_spy/install/yolo_msgs/include/yolo_msgs/yolo_msgs/msg/detail/pose2_d__type_support.hpp
-- Symlinking: /home/wego/Downloads/py_bt_ros_spy/install/yolo_msgs/include/yolo_msgs/yolo_msgs/msg/detail/vector2__builder.hpp
-- Symlinking: /home/wego/Downloads/py_bt_ros_spy/install/yolo_msgs/include/yolo_msgs/yolo_msgs/msg/detail/vector2__struct.hpp
-- Symlinking: /home/wego/Downloads/py_bt_ros_spy/install/yolo_msgs/include/yolo_msgs/yolo_msgs/msg/detail/vector2__traits.hpp
-- Symlinking: /home/wego/Downloads/py_bt_ros_spy/install/yolo_msgs/include/yolo_msgs/yolo_msgs/msg/detail/vector2__type_support.hpp
-- Symlinking: /home/wego/Downloads/py_bt_ros_spy/install/yolo_msgs/include/yolo_msgs/yolo_msgs/msg/detection.hpp
-- Symlinking: /home/wego/Downloads/py_bt_ros_spy/install/yolo_msgs/include/yolo_msgs/yolo_msgs/msg/detection_array.hpp
-- Symlinking: /home/wego/Downloads/py_bt_ros_spy/install/yolo_msgs/include/yolo_msgs/yolo_msgs/msg/key_point2_d.hpp
-- Symlinking: /home/wego/Downloads/py_bt_ros_spy/install/yolo_msgs/include/yolo_msgs/yolo_msgs/msg/key_point2_d_array.hpp
-- Symlinking: /home/wego/Downloads/py_bt_ros_spy/install/yolo_msgs/include/yolo_msgs/yolo_msgs/msg/key_point3_d.hpp
-- Symlinking: /home/wego/Downloads/py_bt_ros_spy/install/yolo_msgs/include/yolo_msgs/yolo_msgs/msg/key_point3_d_array.hpp
-- Symlinking: /home/wego/Downloads/py_bt_ros_spy/install/yolo_msgs/include/yolo_msgs/yolo_msgs/msg/mask.hpp
-- Symlinking: /home/wego/Downloads/py_bt_ros_spy/install/yolo_msgs/include/yolo_msgs/yolo_msgs/msg/point2_d.hpp
-- Symlinking: /home/wego/Downloads/py_bt_ros_spy/install/yolo_msgs/include/yolo_msgs/yolo_msgs/msg/pose2_d.hpp
-- Symlinking: /home/wego/Downloads/py_bt_ros_spy/install/yolo_msgs/include/yolo_msgs/yolo_msgs/msg/rosidl_generator_cpp__visibility_control.hpp
-- Symlinking: /home/wego/Downloads/py_bt_ros_spy/install/yolo_msgs/include/yolo_msgs/yolo_msgs/msg/vector2.hpp
-- Symlinking: /home/wego/Downloads/py_bt_ros_spy/install/yolo_msgs/include/yolo_msgs/yolo_msgs/srv/detail/set_classes__builder.hpp
-- Symlinking: /home/wego/Downloads/py_bt_ros_spy/install/yolo_msgs/include/yolo_msgs/yolo_msgs/srv/detail/set_classes__struct.hpp
-- Symlinking: /home/wego/Downloads/py_bt_ros_spy/install/yolo_msgs/include/yolo_msgs/yolo_msgs/srv/detail/set_classes__traits.hpp
-- Symlinking: /home/wego/Downloads/py_bt_ros_spy/install/yolo_msgs/include/yolo_msgs/yolo_msgs/srv/detail/set_classes__type_support.hpp
-- Symlinking: /home/wego/Downloads/py_bt_ros_spy/install/yolo_msgs/include/yolo_msgs/yolo_msgs/srv/set_classes.hpp
-- Symlinking: /home/wego/Downloads/py_bt_ros_spy/install/yolo_msgs/include/yolo_msgs/yolo_msgs/msg/detail/bounding_box2_d__rosidl_typesupport_fastrtps_cpp.hpp
-- Symlinking: /home/wego/Downloads/py_bt_ros_spy/install/yolo_msgs/include/yolo_msgs/yolo_msgs/msg/detail/bounding_box3_d__rosidl_typesupport_fastrtps_cpp.hpp
-- Symlinking: /home/wego/Downloads/py_bt_ros_spy/install/yolo_msgs/include/yolo_msgs/yolo_msgs/msg/detail/detection__rosidl_typesupport_fastrtps_cpp.hpp
-- Symlinking: /home/wego/Downloads/py_bt_ros_spy/install/yolo_msgs/include/yolo_msgs/yolo_msgs/msg/detail/detection_array__rosidl_typesupport_fastrtps_cpp.hpp
-- Symlinking: /home/wego/Downloads/py_bt_ros_spy/install/yolo_msgs/include/yolo_msgs/yolo_msgs/msg/detail/key_point2_d__rosidl_typesupport_fastrtps_cpp.hpp
-- Symlinking: /home/wego/Downloads/py_bt_ros_spy/install/yolo_msgs/include/yolo_msgs/yolo_msgs/msg/detail/key_point2_d_array__rosidl_typesupport_fastrtps_cpp.hpp
-- Symlinking: /home/wego/Downloads/py_bt_ros_spy/install/yolo_msgs/include/yolo_msgs/yolo_msgs/msg/detail/key_point3_d__rosidl_typesupport_fastrtps_cpp.hpp
-- Symlinking: /home/wego/Downloads/py_bt_ros_spy/install/yolo_msgs/include/yolo_msgs/yolo_msgs/msg/detail/key_point3_d_array__rosidl_typesupport_fastrtps_cpp.hpp
-- Symlinking: /home/wego/Downloads/py_bt_ros_spy/install/yolo_msgs/include/yolo_msgs/yolo_msgs/msg/detail/mask__rosidl_typesupport_fastrtps_cpp.hpp
-- Symlinking: /home/wego/Downloads/py_bt_ros_spy/install/yolo_msgs/include/yolo_msgs/yolo_msgs/msg/detail/point2_d__rosidl_typesupport_fastrtps_cpp.hpp
-- Symlinking: /home/wego/Downloads/py_bt_ros_spy/install/yolo_msgs/include/yolo_msgs/yolo_msgs/msg/detail/pose2_d__rosidl_typesupport_fastrtps_cpp.hpp
-- Symlinking: /home/wego/Downloads/py_bt_ros_spy/install/yolo_msgs/include/yolo_msgs/yolo_msgs/msg/detail/vector2__rosidl_typesupport_fastrtps_cpp.hpp
-- Symlinking: /home/wego/Downloads/py_bt_ros_spy/install/yolo_msgs/include/yolo_msgs/yolo_msgs/msg/rosidl_typesupport_fastrtps_cpp__visibility_control.h
-- Symlinking: /home/wego/Downloads/py_bt_ros_spy/install/yolo_msgs/include/yolo_msgs/yolo_msgs/srv/detail/set_classes__rosidl_typesupport_fastrtps_cpp.hpp
-- Symlinking: /home/wego/Downloads/py_bt_ros_spy/install/yolo_msgs/include/yolo_msgs/yolo_msgs/msg/detail/bounding_box2_d__rosidl_typesupport_introspection_cpp.hpp
-- Symlinking: /home/wego/Downloads/py_bt_ros_spy/install/yolo_msgs/include/yolo_msgs/yolo_msgs/msg/detail/bounding_box3_d__rosidl_typesupport_introspection_cpp.hpp
-- Symlinking: /home/wego/Downloads/py_bt_ros_spy/install/yolo_msgs/include/yolo_msgs/yolo_msgs/msg/detail/detection__rosidl_typesupport_introspection_cpp.hpp
-- Symlinking: /home/wego/Downloads/py_bt_ros_spy/install/yolo_msgs/include/yolo_msgs/yolo_msgs/msg/detail/detection_array__rosidl_typesupport_introspection_cpp.hpp
-- Symlinking: /home/wego/Downloads/py_bt_ros_spy/install/yolo_msgs/include/yolo_msgs/yolo_msgs/msg/detail/key_point2_d__rosidl_typesupport_introspection_cpp.hpp
-- Symlinking: /home/wego/Downloads/py_bt_ros_spy/install/yolo_msgs/include/yolo_msgs/yolo_msgs/msg/detail/key_point2_d_array__rosidl_typesupport_introspection_cpp.hpp
-- Symlinking: /home/wego/Downloads/py_bt_ros_spy/install/yolo_msgs/include/yolo_msgs/yolo_msgs/msg/detail/key_point3_d__rosidl_typesupport_introspection_cpp.hpp
-- Symlinking: /home/wego/Downloads/py_bt_ros_spy/install/yolo_msgs/include/yolo_msgs/yolo_msgs/msg/detail/key_point3_d_array__rosidl_typesupport_introspection_cpp.hpp
-- Symlinking: /home/wego/Downloads/py_bt_ros_spy/install/yolo_msgs/include/yolo_msgs/yolo_msgs/msg/detail/mask__rosidl_typesupport_introspection_cpp.hpp
-- Symlinking: /home/wego/Downloads/py_bt_ros_spy/install/yolo_msgs/include/yolo_msgs/yolo_msgs/msg/detail/point2_d__rosidl_typesupport_introspection_cpp.hpp
-- Symlinking: /home/wego/Downloads/py_bt_ros_spy/install/yolo_msgs/include/yolo_msgs/yolo_msgs/msg/detail/pose2_d__rosidl_typesupport_introspection_cpp.hpp
-- Symlinking: /home/wego/Downloads/py_bt_ros_spy/install/yolo_msgs/include/yolo_msgs/yolo_msgs/msg/detail/vector2__rosidl_typesupport_introspection_cpp.hpp
-- Symlinking: /home/wego/Downloads/py_bt_ros_spy/install/yolo_msgs/include/yolo_msgs/yolo_msgs/srv/detail/set_classes__rosidl_typesupport_introspection_cpp.hpp
-- Symlinking: /home/wego/Downloads/py_bt_ros_spy/install/yolo_msgs/share/yolo_msgs/environment/pythonpath.sh
-- Symlinking: /home/wego/Downloads/py_bt_ros_spy/install/yolo_msgs/share/yolo_msgs/environment/pythonpath.dsv
-- Symlinking: /home/wego/Downloads/py_bt_ros_spy/install/yolo_msgs/local/lib/python3.10/dist-packages/yolo_msgs-4.3.1-py3.10.egg-info/PKG-INFO
-- Symlinking: /home/wego/Downloads/py_bt_ros_spy/install/yolo_msgs/local/lib/python3.10/dist-packages/yolo_msgs-4.3.1-py3.10.egg-info/SOURCES.txt
-- Symlinking: /home/wego/Downloads/py_bt_ros_spy/install/yolo_msgs/local/lib/python3.10/dist-packages/yolo_msgs-4.3.1-py3.10.egg-info/dependency_links.txt
-- Symlinking: /home/wego/Downloads/py_bt_ros_spy/install/yolo_msgs/local/lib/python3.10/dist-packages/yolo_msgs-4.3.1-py3.10.egg-info/top_level.txt
-- Symlinking: /home/wego/Downloads/py_bt_ros_spy/install/yolo_msgs/local/lib/python3.10/dist-packages/yolo_msgs/__init__.py
-- Symlinking: /home/wego/Downloads/py_bt_ros_spy/install/yolo_msgs/local/lib/python3.10/dist-packages/yolo_msgs/_yolo_msgs_s.ep.rosidl_typesupport_c.c
-- Symlinking: /home/wego/Downloads/py_bt_ros_spy/install/yolo_msgs/local/lib/python3.10/dist-packages/yolo_msgs/_yolo_msgs_s.ep.rosidl_typesupport_fastrtps_c.c
-- Symlinking: /home/wego/Downloads/py_bt_ros_spy/install/yolo_msgs/local/lib/python3.10/dist-packages/yolo_msgs/_yolo_msgs_s.ep.rosidl_typesupport_introspection_c.c
-- Symlinking: /home/wego/Downloads/py_bt_ros_spy/install/yolo_msgs/local/lib/python3.10/dist-packages/yolo_msgs/libyolo_msgs__rosidl_generator_py.so
-- Symlinking: /home/wego/Downloads/py_bt_ros_spy/install/yolo_msgs/local/lib/python3.10/dist-packages/yolo_msgs/msg/__init__.py
-- Symlinking: /home/wego/Downloads/py_bt_ros_spy/install/yolo_msgs/local/lib/python3.10/dist-packages/yolo_msgs/msg/_bounding_box2_d.py
-- Symlinking: /home/wego/Downloads/py_bt_ros_spy/install/yolo_msgs/local/lib/python3.10/dist-packages/yolo_msgs/msg/_bounding_box2_d_s.c
-- Symlinking: /home/wego/Downloads/py_bt_ros_spy/install/yolo_msgs/local/lib/python3.10/dist-packages/yolo_msgs/msg/_bounding_box3_d.py
-- Symlinking: /home/wego/Downloads/py_bt_ros_spy/install/yolo_msgs/local/lib/python3.10/dist-packages/yolo_msgs/msg/_bounding_box3_d_s.c
-- Symlinking: /home/wego/Downloads/py_bt_ros_spy/install/yolo_msgs/local/lib/python3.10/dist-packages/yolo_msgs/msg/_detection.py
-- Symlinking: /home/wego/Downloads/py_bt_ros_spy/install/yolo_msgs/local/lib/python3.10/dist-packages/yolo_msgs/msg/_detection_array.py
-- Symlinking: /home/wego/Downloads/py_bt_ros_spy/install/yolo_msgs/local/lib/python3.10/dist-packages/yolo_msgs/msg/_detection_array_s.c
-- Symlinking: /home/wego/Downloads/py_bt_ros_spy/install/yolo_msgs/local/lib/python3.10/dist-packages/yolo_msgs/msg/_detection_s.c
-- Symlinking: /home/wego/Downloads/py_bt_ros_spy/install/yolo_msgs/local/lib/python3.10/dist-packages/yolo_msgs/msg/_key_point2_d.py
-- Symlinking: /home/wego/Downloads/py_bt_ros_spy/install/yolo_msgs/local/lib/python3.10/dist-packages/yolo_msgs/msg/_key_point2_d_array.py
-- Symlinking: /home/wego/Downloads/py_bt_ros_spy/install/yolo_msgs/local/lib/python3.10/dist-packages/yolo_msgs/msg/_key_point2_d_array_s.c
-- Symlinking: /home/wego/Downloads/py_bt_ros_spy/install/yolo_msgs/local/lib/python3.10/dist-packages/yolo_msgs/msg/_key_point2_d_s.c
-- Symlinking: /home/wego/Downloads/py_bt_ros_spy/install/yolo_msgs/local/lib/python3.10/dist-packages/yolo_msgs/msg/_key_point3_d.py
-- Symlinking: /home/wego/Downloads/py_bt_ros_spy/install/yolo_msgs/local/lib/python3.10/dist-packages/yolo_msgs/msg/_key_point3_d_array.py
-- Symlinking: /home/wego/Downloads/py_bt_ros_spy/install/yolo_msgs/local/lib/python3.10/dist-packages/yolo_msgs/msg/_key_point3_d_array_s.c
-- Symlinking: /home/wego/Downloads/py_bt_ros_spy/install/yolo_msgs/local/lib/python3.10/dist-packages/yolo_msgs/msg/_key_point3_d_s.c
-- Symlinking: /home/wego/Downloads/py_bt_ros_spy/install/yolo_msgs/local/lib/python3.10/dist-packages/yolo_msgs/msg/_mask.py
-- Symlinking: /home/wego/Downloads/py_bt_ros_spy/install/yolo_msgs/local/lib/python3.10/dist-packages/yolo_msgs/msg/_mask_s.c
-- Symlinking: /home/wego/Downloads/py_bt_ros_spy/install/yolo_msgs/local/lib/python3.10/dist-packages/yolo_msgs/msg/_point2_d.py
-- Symlinking: /home/wego/Downloads/py_bt_ros_spy/install/yolo_msgs/local/lib/python3.10/dist-packages/yolo_msgs/msg/_point2_d_s.c
-- Symlinking: /home/wego/Downloads/py_bt_ros_spy/install/yolo_msgs/local/lib/python3.10/dist-packages/yolo_msgs/msg/_pose2_d.py
-- Symlinking: /home/wego/Downloads/py_bt_ros_spy/install/yolo_msgs/local/lib/python3.10/dist-packages/yolo_msgs/msg/_pose2_d_s.c
-- Symlinking: /home/wego/Downloads/py_bt_ros_spy/install/yolo_msgs/local/lib/python3.10/dist-packages/yolo_msgs/msg/_vector2.py
-- Symlinking: /home/wego/Downloads/py_bt_ros_spy/install/yolo_msgs/local/lib/python3.10/dist-packages/yolo_msgs/msg/_vector2_s.c
-- Symlinking: /home/wego/Downloads/py_bt_ros_spy/install/yolo_msgs/local/lib/python3.10/dist-packages/yolo_msgs/srv/__init__.py
-- Symlinking: /home/wego/Downloads/py_bt_ros_spy/install/yolo_msgs/local/lib/python3.10/dist-packages/yolo_msgs/srv/_set_classes.py
-- Symlinking: /home/wego/Downloads/py_bt_ros_spy/install/yolo_msgs/local/lib/python3.10/dist-packages/yolo_msgs/srv/_set_classes_s.c
-- Symlinking: /home/wego/Downloads/py_bt_ros_spy/install/yolo_msgs/local/lib/python3.10/dist-packages/yolo_msgs/yolo_msgs_s__rosidl_typesupport_c.cpython-310-aarch64-linux-gnu.so
-- Symlinking: /home/wego/Downloads/py_bt_ros_spy/install/yolo_msgs/local/lib/python3.10/dist-packages/yolo_msgs/yolo_msgs_s__rosidl_typesupport_fastrtps_c.cpython-310-aarch64-linux-gnu.so
-- Symlinking: /home/wego/Downloads/py_bt_ros_spy/install/yolo_msgs/local/lib/python3.10/dist-packages/yolo_msgs/yolo_msgs_s__rosidl_typesupport_introspection_c.cpython-310-aarch64-linux-gnu.so
-- Up-to-date symlink: /home/wego/Downloads/py_bt_ros_spy/install/yolo_msgs/local/lib/python3.10/dist-packages/yolo_msgs/yolo_msgs_s__rosidl_typesupport_fastrtps_c.cpython-310-aarch64-linux-gnu.so
-- Up-to-date symlink: /home/wego/Downloads/py_bt_ros_spy/install/yolo_msgs/local/lib/python3.10/dist-packages/yolo_msgs/yolo_msgs_s__rosidl_typesupport_introspection_c.cpython-310-aarch64-linux-gnu.so
-- Up-to-date symlink: /home/wego/Downloads/py_bt_ros_spy/install/yolo_msgs/local/lib/python3.10/dist-packages/yolo_msgs/yolo_msgs_s__rosidl_typesupport_c.cpython-310-aarch64-linux-gnu.so
-- Symlinking: /home/wego/Downloads/py_bt_ros_spy/install/yolo_msgs/share/yolo_msgs/msg/Point2D.idl
-- Symlinking: /home/wego/Downloads/py_bt_ros_spy/install/yolo_msgs/share/yolo_msgs/msg/Vector2.idl
-- Symlinking: /home/wego/Downloads/py_bt_ros_spy/install/yolo_msgs/share/yolo_msgs/msg/Pose2D.idl
-- Symlinking: /home/wego/Downloads/py_bt_ros_spy/install/yolo_msgs/share/yolo_msgs/msg/BoundingBox2D.idl
-- Symlinking: /home/wego/Downloads/py_bt_ros_spy/install/yolo_msgs/share/yolo_msgs/msg/BoundingBox3D.idl
-- Symlinking: /home/wego/Downloads/py_bt_ros_spy/install/yolo_msgs/share/yolo_msgs/msg/Mask.idl
-- Symlinking: /home/wego/Downloads/py_bt_ros_spy/install/yolo_msgs/share/yolo_msgs/msg/KeyPoint2D.idl
-- Symlinking: /home/wego/Downloads/py_bt_ros_spy/install/yolo_msgs/share/yolo_msgs/msg/KeyPoint2DArray.idl
-- Symlinking: /home/wego/Downloads/py_bt_ros_spy/install/yolo_msgs/share/yolo_msgs/msg/KeyPoint3D.idl
-- Symlinking: /home/wego/Downloads/py_bt_ros_spy/install/yolo_msgs/share/yolo_msgs/msg/KeyPoint3DArray.idl
-- Symlinking: /home/wego/Downloads/py_bt_ros_spy/install/yolo_msgs/share/yolo_msgs/msg/Detection.idl
-- Symlinking: /home/wego/Downloads/py_bt_ros_spy/install/yolo_msgs/share/yolo_msgs/msg/DetectionArray.idl
-- Symlinking: /home/wego/Downloads/py_bt_ros_spy/install/yolo_msgs/share/yolo_msgs/srv/SetClasses.idl
-- Symlinking: /home/wego/Downloads/py_bt_ros_spy/install/yolo_msgs/share/yolo_msgs/msg/Point2D.msg
-- Symlinking: /home/wego/Downloads/py_bt_ros_spy/install/yolo_msgs/share/yolo_msgs/msg/Vector2.msg
-- Symlinking: /home/wego/Downloads/py_bt_ros_spy/install/yolo_msgs/share/yolo_msgs/msg/Pose2D.msg
-- Symlinking: /home/wego/Downloads/py_bt_ros_spy/install/yolo_msgs/share/yolo_msgs/msg/BoundingBox2D.msg
-- Symlinking: /home/wego/Downloads/py_bt_ros_spy/install/yolo_msgs/share/yolo_msgs/msg/BoundingBox3D.msg
-- Symlinking: /home/wego/Downloads/py_bt_ros_spy/install/yolo_msgs/share/yolo_msgs/msg/Mask.msg
-- Symlinking: /home/wego/Downloads/py_bt_ros_spy/install/yolo_msgs/share/yolo_msgs/msg/KeyPoint2D.msg
-- Symlinking: /home/wego/Downloads/py_bt_ros_spy/install/yolo_msgs/share/yolo_msgs/msg/KeyPoint2DArray.msg
-- Symlinking: /home/wego/Downloads/py_bt_ros_spy/install/yolo_msgs/share/yolo_msgs/msg/KeyPoint3D.msg
-- Symlinking: /home/wego/Downloads/py_bt_ros_spy/install/yolo_msgs/share/yolo_msgs/msg/KeyPoint3DArray.msg
-- Symlinking: /home/wego/Downloads/py_bt_ros_spy/install/yolo_msgs/share/yolo_msgs/msg/Detection.msg
-- Symlinking: /home/wego/Downloads/py_bt_ros_spy/install/yolo_msgs/share/yolo_msgs/msg/DetectionArray.msg
-- Symlinking: /home/wego/Downloads/py_bt_ros_spy/install/yolo_msgs/share/yolo_msgs/srv/SetClasses.srv
-- Symlinking: /home/wego/Downloads/py_bt_ros_spy/install/yolo_msgs/share/yolo_msgs/srv/SetClasses_Request.msg
-- Symlinking: /home/wego/Downloads/py_bt_ros_spy/install/yolo_msgs/share/yolo_msgs/srv/SetClasses_Response.msg
-- Symlinking: /home/wego/Downloads/py_bt_ros_spy/install/yolo_msgs/share/ament_index/resource_index/package_run_dependencies/yolo_msgs
-- Symlinking: /home/wego/Downloads/py_bt_ros_spy/install/yolo_msgs/share/ament_index/resource_index/parent_prefix_path/yolo_msgs
-- Symlinking: /home/wego/Downloads/py_bt_ros_spy/install/yolo_msgs/share/yolo_msgs/environment/ament_prefix_path.sh
-- Symlinking: /home/wego/Downloads/py_bt_ros_spy/install/yolo_msgs/share/yolo_msgs/environment/ament_prefix_path.dsv
-- Symlinking: /home/wego/Downloads/py_bt_ros_spy/install/yolo_msgs/share/yolo_msgs/environment/path.sh
-- Symlinking: /home/wego/Downloads/py_bt_ros_spy/install/yolo_msgs/share/yolo_msgs/environment/path.dsv
-- Symlinking: /home/wego/Downloads/py_bt_ros_spy/install/yolo_msgs/share/yolo_msgs/local_setup.bash
-- Symlinking: /home/wego/Downloads/py_bt_ros_spy/install/yolo_msgs/share/yolo_msgs/local_setup.sh
-- Symlinking: /home/wego/Downloads/py_bt_ros_spy/install/yolo_msgs/share/yolo_msgs/local_setup.zsh
-- Symlinking: /home/wego/Downloads/py_bt_ros_spy/install/yolo_msgs/share/yolo_msgs/local_setup.dsv
-- Symlinking: /home/wego/Downloads/py_bt_ros_spy/install/yolo_msgs/share/yolo_msgs/package.dsv
-- Symlinking: /home/wego/Downloads/py_bt_ros_spy/install/yolo_msgs/share/ament_index/resource_index/packages/yolo_msgs
-- Symlinking: /home/wego/Downloads/py_bt_ros_spy/install/yolo_msgs/share/yolo_msgs/cmake/rosidl_cmake-extras.cmake
-- Symlinking: /home/wego/Downloads/py_bt_ros_spy/install/yolo_msgs/share/yolo_msgs/cmake/ament_cmake_export_dependencies-extras.cmake
-- Symlinking: /home/wego/Downloads/py_bt_ros_spy/install/yolo_msgs/share/yolo_msgs/cmake/ament_cmake_export_include_directories-extras.cmake
-- Symlinking: /home/wego/Downloads/py_bt_ros_spy/install/yolo_msgs/share/yolo_msgs/cmake/ament_cmake_export_libraries-extras.cmake
-- Symlinking: /home/wego/Downloads/py_bt_ros_spy/install/yolo_msgs/share/yolo_msgs/cmake/ament_cmake_export_targets-extras.cmake
-- Symlinking: /home/wego/Downloads/py_bt_ros_spy/install/yolo_msgs/share/yolo_msgs/cmake/rosidl_cmake_export_typesupport_targets-extras.cmake
-- Symlinking: /home/wego/Downloads/py_bt_ros_spy/install/yolo_msgs/share/yolo_msgs/cmake/rosidl_cmake_export_typesupport_libraries-extras.cmake
-- Symlinking: /home/wego/Downloads/py_bt_ros_spy/install/yolo_msgs/share/yolo_msgs/cmake/yolo_msgsConfig.cmake
-- Symlinking: /home/wego/Downloads/py_bt_ros_spy/install/yolo_msgs/share/yolo_msgs/cmake/yolo_msgsConfig-version.cmake
-- Symlinking: /home/wego/Downloads/py_bt_ros_spy/install/yolo_msgs/share/yolo_msgs/package.xml
-- Installing: /home/wego/Downloads/py_bt_ros_spy/install/yolo_msgs/lib/libyolo_msgs__rosidl_generator_c.so
-- Set runtime path of "/home/wego/Downloads/py_bt_ros_spy/install/yolo_msgs/lib/libyolo_msgs__rosidl_generator_c.so" to ""
-- Installing: /home/wego/Downloads/py_bt_ros_spy/install/yolo_msgs/lib/libyolo_msgs__rosidl_typesupport_fastrtps_c.so
-- Set runtime path of "/home/wego/Downloads/py_bt_ros_spy/install/yolo_msgs/lib/libyolo_msgs__rosidl_typesupport_fastrtps_c.so" to ""
-- Installing: /home/wego/Downloads/py_bt_ros_spy/install/yolo_msgs/lib/libyolo_msgs__rosidl_typesupport_introspection_c.so
-- Set runtime path of "/home/wego/Downloads/py_bt_ros_spy/install/yolo_msgs/lib/libyolo_msgs__rosidl_typesupport_introspection_c.so" to ""
-- Installing: /home/wego/Downloads/py_bt_ros_spy/install/yolo_msgs/lib/libyolo_msgs__rosidl_typesupport_c.so
-- Set runtime path of "/home/wego/Downloads/py_bt_ros_spy/install/yolo_msgs/lib/libyolo_msgs__rosidl_typesupport_c.so" to ""
-- Installing: /home/wego/Downloads/py_bt_ros_spy/install/yolo_msgs/lib/libyolo_msgs__rosidl_typesupport_fastrtps_cpp.so
-- Set runtime path of "/home/wego/Downloads/py_bt_ros_spy/install/yolo_msgs/lib/libyolo_msgs__rosidl_typesupport_fastrtps_cpp.so" to ""
-- Installing: /home/wego/Downloads/py_bt_ros_spy/install/yolo_msgs/lib/libyolo_msgs__rosidl_typesupport_introspection_cpp.so
-- Set runtime path of "/home/wego/Downloads/py_bt_ros_spy/install/yolo_msgs/lib/libyolo_msgs__rosidl_typesupport_introspection_cpp.so" to ""
-- Installing: /home/wego/Downloads/py_bt_ros_spy/install/yolo_msgs/lib/libyolo_msgs__rosidl_typesupport_cpp.so
-- Set runtime path of "/home/wego/Downloads/py_bt_ros_spy/install/yolo_msgs/lib/libyolo_msgs__rosidl_typesupport_cpp.so" to ""
Listing '/home/wego/Downloads/py_bt_ros_spy/install/yolo_msgs/local/lib/python3.10/dist-packages/yolo_msgs'...
Compiling '/home/wego/Downloads/py_bt_ros_spy/install/yolo_msgs/local/lib/python3.10/dist-packages/yolo_msgs/__init__.py'...
Listing '/home/wego/Downloads/py_bt_ros_spy/install/yolo_msgs/local/lib/python3.10/dist-packages/yolo_msgs/msg'...
Compiling '/home/wego/Downloads/py_bt_ros_spy/install/yolo_msgs/local/lib/python3.10/dist-packages/yolo_msgs/msg/__init__.py'...
Compiling '/home/wego/Downloads/py_bt_ros_spy/install/yolo_msgs/local/lib/python3.10/dist-packages/yolo_msgs/msg/_bounding_box2_d.py'...
Compiling '/home/wego/Downloads/py_bt_ros_spy/install/yolo_msgs/local/lib/python3.10/dist-packages/yolo_msgs/msg/_bounding_box3_d.py'...
Compiling '/home/wego/Downloads/py_bt_ros_spy/install/yolo_msgs/local/lib/python3.10/dist-packages/yolo_msgs/msg/_detection.py'...
Compiling '/home/wego/Downloads/py_bt_ros_spy/install/yolo_msgs/local/lib/python3.10/dist-packages/yolo_msgs/msg/_detection_array.py'...
Compiling '/home/wego/Downloads/py_bt_ros_spy/install/yolo_msgs/local/lib/python3.10/dist-packages/yolo_msgs/msg/_key_point2_d.py'...
Compiling '/home/wego/Downloads/py_bt_ros_spy/install/yolo_msgs/local/lib/python3.10/dist-packages/yolo_msgs/msg/_key_point2_d_array.py'...
Compiling '/home/wego/Downloads/py_bt_ros_spy/install/yolo_msgs/local/lib/python3.10/dist-packages/yolo_msgs/msg/_key_point3_d.py'...
Compiling '/home/wego/Downloads/py_bt_ros_spy/install/yolo_msgs/local/lib/python3.10/dist-packages/yolo_msgs/msg/_key_point3_d_array.py'...
Compiling '/home/wego/Downloads/py_bt_ros_spy/install/yolo_msgs/local/lib/python3.10/dist-packages/yolo_msgs/msg/_mask.py'...
Compiling '/home/wego/Downloads/py_bt_ros_spy/install/yolo_msgs/local/lib/python3.10/dist-packages/yolo_msgs/msg/_point2_d.py'...
Compiling '/home/wego/Downloads/py_bt_ros_spy/install/yolo_msgs/local/lib/python3.10/dist-packages/yolo_msgs/msg/_pose2_d.py'...
Compiling '/home/wego/Downloads/py_bt_ros_spy/install/yolo_msgs/local/lib/python3.10/dist-packages/yolo_msgs/msg/_vector2.py'...
Listing '/home/wego/Downloads/py_bt_ros_spy/install/yolo_msgs/local/lib/python3.10/dist-packages/yolo_msgs/srv'...
Compiling '/home/wego/Downloads/py_bt_ros_spy/install/yolo_msgs/local/lib/python3.10/dist-packages/yolo_msgs/srv/__init__.py'...
Compiling '/home/wego/Downloads/py_bt_ros_spy/install/yolo_msgs/local/lib/python3.10/dist-packages/yolo_msgs/srv/_set_classes.py'...
-- Installing: /home/wego/Downloads/py_bt_ros_spy/install/yolo_msgs/lib/libyolo_msgs__rosidl_generator_py.so
-- Set runtime path of "/home/wego/Downloads/py_bt_ros_spy/install/yolo_msgs/lib/libyolo_msgs__rosidl_generator_py.so" to ""
-- Installing: /home/wego/Downloads/py_bt_ros_spy/install/yolo_msgs/share/yolo_msgs/cmake/export_yolo_msgs__rosidl_generator_cExport.cmake
-- Installing: /home/wego/Downloads/py_bt_ros_spy/install/yolo_msgs/share/yolo_msgs/cmake/export_yolo_msgs__rosidl_generator_cExport-noconfig.cmake
-- Installing: /home/wego/Downloads/py_bt_ros_spy/install/yolo_msgs/share/yolo_msgs/cmake/export_yolo_msgs__rosidl_typesupport_fastrtps_cExport.cmake
-- Installing: /home/wego/Downloads/py_bt_ros_spy/install/yolo_msgs/share/yolo_msgs/cmake/export_yolo_msgs__rosidl_typesupport_fastrtps_cExport-noconfig.cmake
-- Installing: /home/wego/Downloads/py_bt_ros_spy/install/yolo_msgs/share/yolo_msgs/cmake/yolo_msgs__rosidl_typesupport_introspection_cExport.cmake
-- Installing: /home/wego/Downloads/py_bt_ros_spy/install/yolo_msgs/share/yolo_msgs/cmake/yolo_msgs__rosidl_typesupport_introspection_cExport-noconfig.cmake
-- Installing: /home/wego/Downloads/py_bt_ros_spy/install/yolo_msgs/share/yolo_msgs/cmake/yolo_msgs__rosidl_typesupport_cExport.cmake
-- Installing: /home/wego/Downloads/py_bt_ros_spy/install/yolo_msgs/share/yolo_msgs/cmake/yolo_msgs__rosidl_typesupport_cExport-noconfig.cmake
-- Installing: /home/wego/Downloads/py_bt_ros_spy/install/yolo_msgs/share/yolo_msgs/cmake/export_yolo_msgs__rosidl_generator_cppExport.cmake
-- Installing: /home/wego/Downloads/py_bt_ros_spy/install/yolo_msgs/share/yolo_msgs/cmake/export_yolo_msgs__rosidl_typesupport_fastrtps_cppExport.cmake
-- Installing: /home/wego/Downloads/py_bt_ros_spy/install/yolo_msgs/share/yolo_msgs/cmake/export_yolo_msgs__rosidl_typesupport_fastrtps_cppExport-noconfig.cmake
-- Installing: /home/wego/Downloads/py_bt_ros_spy/install/yolo_msgs/share/yolo_msgs/cmake/yolo_msgs__rosidl_typesupport_introspection_cppExport.cmake
-- Installing: /home/wego/Downloads/py_bt_ros_spy/install/yolo_msgs/share/yolo_msgs/cmake/yolo_msgs__rosidl_typesupport_introspection_cppExport-noconfig.cmake
-- Installing: /home/wego/Downloads/py_bt_ros_spy/install/yolo_msgs/share/yolo_msgs/cmake/yolo_msgs__rosidl_typesupport_cppExport.cmake
-- Installing: /home/wego/Downloads/py_bt_ros_spy/install/yolo_msgs/share/yolo_msgs/cmake/yolo_msgs__rosidl_typesupport_cppExport-noconfig.cmake
-- Old export file "/home/wego/Downloads/py_bt_ros_spy/install/yolo_msgs/share/yolo_msgs/cmake/export_yolo_msgs__rosidl_generator_pyExport.cmake" will be replaced.  Removing files [/home/wego/Downloads/py_bt_ros_spy/install/yolo_msgs/share/yolo_msgs/cmake/export_yolo_msgs__rosidl_generator_pyExport-noconfig.cmake].
-- Installing: /home/wego/Downloads/py_bt_ros_spy/install/yolo_msgs/share/yolo_msgs/cmake/export_yolo_msgs__rosidl_generator_pyExport.cmake
-- Installing: /home/wego/Downloads/py_bt_ros_spy/install/yolo_msgs/share/yolo_msgs/cmake/export_yolo_msgs__rosidl_generator_pyExport-noconfig.cmake
