[0.016s] Invoking command in '/home/psh/py_bt_ros/build/yolo_msgs': CMAKE_PREFIX_PATH=${CMAKE_PREFIX_PATH}:/opt/ros/humble /usr/bin/cmake /home/psh/py_bt_ros/src/yolo_ros/yolo_msgs -DCMAKE_INSTALL_PREFIX=/home/psh/py_bt_ros/install/yolo_msgs
[0.143s] -- The C compiler identification is GNU 11.4.0
[0.273s] -- The CXX compiler identification is GNU 11.4.0
[0.289s] -- Detecting C compiler ABI info
[0.388s] -- Detecting C compiler ABI info - done
[0.399s] -- Check for working C compiler: /usr/bin/cc - skipped
[0.399s] -- Detecting C compile features
[0.401s] -- Detecting C compile features - done
[0.406s] -- Detecting CXX compiler ABI info
[0.514s] -- Detecting CXX compiler ABI info - done
[0.524s] -- Check for working CXX compiler: /usr/bin/c++ - skipped
[0.524s] -- Detecting CXX compile features
[0.524s] -- Detecting CXX compile features - done
[0.533s] -- Found ament_cmake: 1.3.12 (/opt/ros/humble/share/ament_cmake/cmake)
[0.752s] -- Found Python3: /usr/bin/python3 (found version "3.10.12") found components: Interpreter 
[0.913s] -- Found rosidl_default_generators: 1.2.0 (/opt/ros/humble/share/rosidl_default_generators/cmake)
[0.923s] -- Using all available rosidl_typesupport_c: rosidl_typesupport_fastrtps_c;rosidl_typesupport_introspection_c
[0.939s] -- Found rosidl_adapter: 3.1.7 (/opt/ros/humble/share/rosidl_adapter/cmake)
[1.027s] -- Using all available rosidl_typesupport_cpp: rosidl_typesupport_fastrtps_cpp;rosidl_typesupport_introspection_cpp
[1.094s] -- Found std_msgs: 4.9.0 (/opt/ros/humble/share/std_msgs/cmake)
[1.150s] -- Found geometry_msgs: 4.9.0 (/opt/ros/humble/share/geometry_msgs/cmake)
[1.580s] -- Found ament_cmake_ros: 0.10.0 (/opt/ros/humble/share/ament_cmake_ros/cmake)
[1.892s] -- Using all available rosidl_typesupport_c: rosidl_typesupport_fastrtps_c;rosidl_typesupport_introspection_c
[2.309s] -- Using all available rosidl_typesupport_cpp: rosidl_typesupport_fastrtps_cpp;rosidl_typesupport_introspection_cpp
[2.343s] -- Found PythonInterp: /usr/bin/python3 (found suitable version "3.10.12", minimum required is "3.6") 
[2.347s] -- Found python_cmake_module: 0.10.0 (/opt/ros/humble/share/python_cmake_module/cmake)
[2.391s] -- Found PythonLibs: /usr/lib/x86_64-linux-gnu/libpython3.10.so (found suitable version "3.10.12", minimum required is "3.5") 
[2.391s] -- Using PYTHON_EXECUTABLE: /usr/bin/python3
[2.391s] -- Using PYTHON_INCLUDE_DIRS: /usr/include/python3.10
[2.392s] -- Using PYTHON_LIBRARIES: /usr/lib/x86_64-linux-gnu/libpython3.10.so
[2.420s] -- Found PythonExtra: .so  
[2.513s] -- Configuring done
[2.570s] -- Generating done
[2.584s] -- Build files have been written to: /home/psh/py_bt_ros/build/yolo_msgs
[2.595s] Invoked command in '/home/psh/py_bt_ros/build/yolo_msgs' returned '0': CMAKE_PREFIX_PATH=${CMAKE_PREFIX_PATH}:/opt/ros/humble /usr/bin/cmake /home/psh/py_bt_ros/src/yolo_ros/yolo_msgs -DCMAKE_INSTALL_PREFIX=/home/psh/py_bt_ros/install/yolo_msgs
[2.598s] Invoking command in '/home/psh/py_bt_ros/build/yolo_msgs': CMAKE_PREFIX_PATH=${CMAKE_PREFIX_PATH}:/opt/ros/humble /usr/bin/cmake --build /home/psh/py_bt_ros/build/yolo_msgs -- -j22 -l22
[2.663s] [  1%] [34m[1mGenerating C code for ROS interfaces[0m
[2.680s] [  1%] [34m[1mGenerating C++ code for ROS interfaces[0m
[2.686s] [  1%] Built target ament_cmake_python_copy_yolo_msgs
[2.970s] running egg_info
[2.971s] creating yolo_msgs.egg-info
[2.971s] writing yolo_msgs.egg-info/PKG-INFO
[2.972s] writing dependency_links to yolo_msgs.egg-info/dependency_links.txt
[2.972s] writing top-level names to yolo_msgs.egg-info/top_level.txt
[2.972s] writing manifest file 'yolo_msgs.egg-info/SOURCES.txt'
[2.975s] reading manifest file 'yolo_msgs.egg-info/SOURCES.txt'
[2.975s] writing manifest file 'yolo_msgs.egg-info/SOURCES.txt'
[3.007s] [  1%] Built target ament_cmake_python_build_yolo_msgs_egg
[3.835s] [  1%] Built target yolo_msgs__cpp
[3.846s] [  2%] [32mBuilding C object CMakeFiles/yolo_msgs__rosidl_generator_c.dir/rosidl_generator_c/yolo_msgs/msg/detail/mask__functions.c.o[0m
[3.846s] [  2%] [32mBuilding C object CMakeFiles/yolo_msgs__rosidl_generator_c.dir/rosidl_generator_c/yolo_msgs/msg/detail/vector2__functions.c.o[0m
[3.846s] [  3%] [32mBuilding C object CMakeFiles/yolo_msgs__rosidl_generator_c.dir/rosidl_generator_c/yolo_msgs/msg/detail/bounding_box2_d__functions.c.o[0m
[3.846s] [  3%] [34m[1mGenerating C++ introspection for ROS interfaces[0m
[3.847s] [  4%] [32mBuilding C object CMakeFiles/yolo_msgs__rosidl_generator_c.dir/rosidl_generator_c/yolo_msgs/msg/detail/pose2_d__functions.c.o[0m
[3.847s] [  5%] [32mBuilding C object CMakeFiles/yolo_msgs__rosidl_generator_c.dir/rosidl_generator_c/yolo_msgs/msg/detail/point2_d__functions.c.o[0m
[3.848s] [  6%] [32mBuilding C object CMakeFiles/yolo_msgs__rosidl_generator_c.dir/rosidl_generator_c/yolo_msgs/srv/detail/set_classes__functions.c.o[0m
[3.848s] [  7%] [34m[1mGenerating C++ type support for eProsima Fast-RTPS[0m
[3.848s] [  8%] [34m[1mGenerating C++ type support dispatch for ROS interfaces[0m
[3.848s] [  8%] [32mBuilding C object CMakeFiles/yolo_msgs__rosidl_generator_c.dir/rosidl_generator_c/yolo_msgs/msg/detail/key_point2_d__functions.c.o[0m
[3.849s] [  9%] [32mBuilding C object CMakeFiles/yolo_msgs__rosidl_generator_c.dir/rosidl_generator_c/yolo_msgs/msg/detail/detection__functions.c.o[0m
[3.849s] [  9%] [32mBuilding C object CMakeFiles/yolo_msgs__rosidl_generator_c.dir/rosidl_generator_c/yolo_msgs/msg/detail/detection_array__functions.c.o[0m
[3.850s] [ 10%] [32mBuilding C object CMakeFiles/yolo_msgs__rosidl_generator_c.dir/rosidl_generator_c/yolo_msgs/msg/detail/key_point3_d_array__functions.c.o[0m
[3.850s] [ 11%] [32mBuilding C object CMakeFiles/yolo_msgs__rosidl_generator_c.dir/rosidl_generator_c/yolo_msgs/msg/detail/key_point3_d__functions.c.o[0m
[3.856s] [ 13%] [32mBuilding C object CMakeFiles/yolo_msgs__rosidl_generator_c.dir/rosidl_generator_c/yolo_msgs/msg/detail/bounding_box3_d__functions.c.o[0m
[3.856s] [ 13%] [32mBuilding C object CMakeFiles/yolo_msgs__rosidl_generator_c.dir/rosidl_generator_c/yolo_msgs/msg/detail/key_point2_d_array__functions.c.o[0m
[3.953s] [ 14%] [32m[1mLinking C shared library libyolo_msgs__rosidl_generator_c.so[0m
[4.014s] [ 14%] Built target yolo_msgs__rosidl_generator_c
[4.029s] [ 15%] [34m[1mGenerating C introspection for ROS interfaces[0m
[4.031s] [ 17%] [34m[1mGenerating C type support dispatch for ROS interfaces[0m
[4.031s] [ 17%] [34m[1mGenerating C type support for eProsima Fast-RTPS[0m
[4.624s] [ 18%] [32mBuilding CXX object CMakeFiles/yolo_msgs__rosidl_typesupport_cpp.dir/rosidl_typesupport_cpp/yolo_msgs/msg/pose2_d__type_support.cpp.o[0m
[4.625s] [ 18%] [32mBuilding CXX object CMakeFiles/yolo_msgs__rosidl_typesupport_cpp.dir/rosidl_typesupport_cpp/yolo_msgs/msg/key_point2_d_array__type_support.cpp.o[0m
[4.625s] [ 19%] [32mBuilding CXX object CMakeFiles/yolo_msgs__rosidl_typesupport_cpp.dir/rosidl_typesupport_cpp/yolo_msgs/msg/point2_d__type_support.cpp.o[0m
[4.625s] [ 19%] [32mBuilding CXX object CMakeFiles/yolo_msgs__rosidl_typesupport_cpp.dir/rosidl_typesupport_cpp/yolo_msgs/msg/bounding_box3_d__type_support.cpp.o[0m
[4.625s] [ 20%] [32mBuilding CXX object CMakeFiles/yolo_msgs__rosidl_typesupport_cpp.dir/rosidl_typesupport_cpp/yolo_msgs/msg/mask__type_support.cpp.o[0m
[4.625s] [ 22%] [32mBuilding CXX object CMakeFiles/yolo_msgs__rosidl_typesupport_cpp.dir/rosidl_typesupport_cpp/yolo_msgs/msg/key_point2_d__type_support.cpp.o[0m
[4.625s] [ 22%] [32mBuilding CXX object CMakeFiles/yolo_msgs__rosidl_typesupport_cpp.dir/rosidl_typesupport_cpp/yolo_msgs/msg/vector2__type_support.cpp.o[0m
[4.625s] [ 23%] [32mBuilding CXX object CMakeFiles/yolo_msgs__rosidl_typesupport_cpp.dir/rosidl_typesupport_cpp/yolo_msgs/msg/bounding_box2_d__type_support.cpp.o[0m
[4.625s] [ 24%] [32mBuilding CXX object CMakeFiles/yolo_msgs__rosidl_typesupport_cpp.dir/rosidl_typesupport_cpp/yolo_msgs/msg/key_point3_d__type_support.cpp.o[0m
[4.625s] [ 25%] [32mBuilding CXX object CMakeFiles/yolo_msgs__rosidl_typesupport_cpp.dir/rosidl_typesupport_cpp/yolo_msgs/msg/key_point3_d_array__type_support.cpp.o[0m
[4.625s] [ 26%] [32mBuilding CXX object CMakeFiles/yolo_msgs__rosidl_typesupport_cpp.dir/rosidl_typesupport_cpp/yolo_msgs/msg/detection__type_support.cpp.o[0m
[4.625s] [ 26%] [32mBuilding CXX object CMakeFiles/yolo_msgs__rosidl_typesupport_cpp.dir/rosidl_typesupport_cpp/yolo_msgs/srv/set_classes__type_support.cpp.o[0m
[4.625s] [ 27%] [32mBuilding CXX object CMakeFiles/yolo_msgs__rosidl_typesupport_cpp.dir/rosidl_typesupport_cpp/yolo_msgs/msg/detection_array__type_support.cpp.o[0m
[4.831s] [ 28%] [32mBuilding CXX object CMakeFiles/yolo_msgs__rosidl_typesupport_introspection_cpp.dir/rosidl_typesupport_introspection_cpp/yolo_msgs/msg/detail/vector2__type_support.cpp.o[0m
[4.832s] [ 29%] [32mBuilding CXX object CMakeFiles/yolo_msgs__rosidl_typesupport_introspection_cpp.dir/rosidl_typesupport_introspection_cpp/yolo_msgs/msg/detail/pose2_d__type_support.cpp.o[0m
[4.850s] [ 30%] [32mBuilding CXX object CMakeFiles/yolo_msgs__rosidl_typesupport_introspection_cpp.dir/rosidl_typesupport_introspection_cpp/yolo_msgs/msg/detail/point2_d__type_support.cpp.o[0m
[4.857s] [ 31%] [32mBuilding CXX object CMakeFiles/yolo_msgs__rosidl_typesupport_introspection_cpp.dir/rosidl_typesupport_introspection_cpp/yolo_msgs/msg/detail/bounding_box2_d__type_support.cpp.o[0m
[4.857s] [ 31%] [32mBuilding CXX object CMakeFiles/yolo_msgs__rosidl_typesupport_introspection_cpp.dir/rosidl_typesupport_introspection_cpp/yolo_msgs/msg/detail/bounding_box3_d__type_support.cpp.o[0m
[4.888s] [ 31%] [32mBuilding CXX object CMakeFiles/yolo_msgs__rosidl_typesupport_c.dir/rosidl_typesupport_c/yolo_msgs/msg/point2_d__type_support.cpp.o[0m
[4.967s] [ 32%] [32mBuilding CXX object CMakeFiles/yolo_msgs__rosidl_typesupport_c.dir/rosidl_typesupport_c/yolo_msgs/msg/vector2__type_support.cpp.o[0m
[5.044s] [ 33%] [32mBuilding CXX object CMakeFiles/yolo_msgs__rosidl_typesupport_c.dir/rosidl_typesupport_c/yolo_msgs/msg/pose2_d__type_support.cpp.o[0m
[5.084s] [ 34%] [32mBuilding CXX object CMakeFiles/yolo_msgs__rosidl_typesupport_introspection_cpp.dir/rosidl_typesupport_introspection_cpp/yolo_msgs/msg/detail/mask__type_support.cpp.o[0m
[5.088s] [ 35%] [32mBuilding CXX object CMakeFiles/yolo_msgs__rosidl_typesupport_introspection_cpp.dir/rosidl_typesupport_introspection_cpp/yolo_msgs/msg/detail/key_point2_d__type_support.cpp.o[0m
[5.096s] [ 36%] [32mBuilding CXX object CMakeFiles/yolo_msgs__rosidl_typesupport_c.dir/rosidl_typesupport_c/yolo_msgs/msg/bounding_box2_d__type_support.cpp.o[0m
[5.115s] [ 37%] [32mBuilding CXX object CMakeFiles/yolo_msgs__rosidl_typesupport_introspection_cpp.dir/rosidl_typesupport_introspection_cpp/yolo_msgs/msg/detail/key_point2_d_array__type_support.cpp.o[0m
[5.130s] [ 38%] [32mBuilding CXX object CMakeFiles/yolo_msgs__rosidl_typesupport_c.dir/rosidl_typesupport_c/yolo_msgs/msg/bounding_box3_d__type_support.cpp.o[0m
[5.137s] [ 38%] [32mBuilding CXX object CMakeFiles/yolo_msgs__rosidl_typesupport_c.dir/rosidl_typesupport_c/yolo_msgs/msg/mask__type_support.cpp.o[0m
[5.165s] [ 39%] [32mBuilding CXX object CMakeFiles/yolo_msgs__rosidl_typesupport_introspection_cpp.dir/rosidl_typesupport_introspection_cpp/yolo_msgs/msg/detail/key_point3_d__type_support.cpp.o[0m
[5.173s] [ 40%] [32mBuilding CXX object CMakeFiles/yolo_msgs__rosidl_typesupport_introspection_cpp.dir/rosidl_typesupport_introspection_cpp/yolo_msgs/msg/detail/key_point3_d_array__type_support.cpp.o[0m
[5.173s] [ 40%] [32mBuilding CXX object CMakeFiles/yolo_msgs__rosidl_typesupport_c.dir/rosidl_typesupport_c/yolo_msgs/msg/key_point2_d__type_support.cpp.o[0m
[5.176s] [ 41%] [32mBuilding CXX object CMakeFiles/yolo_msgs__rosidl_typesupport_introspection_cpp.dir/rosidl_typesupport_introspection_cpp/yolo_msgs/msg/detail/detection__type_support.cpp.o[0m
[5.186s] [ 42%] [32mBuilding CXX object CMakeFiles/yolo_msgs__rosidl_typesupport_c.dir/rosidl_typesupport_c/yolo_msgs/msg/key_point2_d_array__type_support.cpp.o[0m
[5.198s] [ 43%] [32mBuilding CXX object CMakeFiles/yolo_msgs__rosidl_typesupport_introspection_cpp.dir/rosidl_typesupport_introspection_cpp/yolo_msgs/msg/detail/detection_array__type_support.cpp.o[0m
[5.199s] [ 44%] [32mBuilding CXX object CMakeFiles/yolo_msgs__rosidl_typesupport_introspection_cpp.dir/rosidl_typesupport_introspection_cpp/yolo_msgs/srv/detail/set_classes__type_support.cpp.o[0m
[5.210s] [ 45%] [32mBuilding CXX object CMakeFiles/yolo_msgs__rosidl_typesupport_c.dir/rosidl_typesupport_c/yolo_msgs/msg/key_point3_d__type_support.cpp.o[0m
[5.211s] [ 46%] [32mBuilding CXX object CMakeFiles/yolo_msgs__rosidl_typesupport_c.dir/rosidl_typesupport_c/yolo_msgs/msg/key_point3_d_array__type_support.cpp.o[0m
[5.243s] [ 46%] [32mBuilding CXX object CMakeFiles/yolo_msgs__rosidl_typesupport_c.dir/rosidl_typesupport_c/yolo_msgs/msg/detection__type_support.cpp.o[0m
[5.252s] [ 47%] [32mBuilding CXX object CMakeFiles/yolo_msgs__rosidl_typesupport_c.dir/rosidl_typesupport_c/yolo_msgs/msg/detection_array__type_support.cpp.o[0m
[5.255s] [ 48%] [32mBuilding CXX object CMakeFiles/yolo_msgs__rosidl_typesupport_c.dir/rosidl_typesupport_c/yolo_msgs/srv/set_classes__type_support.cpp.o[0m
[5.261s] [ 50%] [32mBuilding CXX object CMakeFiles/yolo_msgs__rosidl_typesupport_fastrtps_cpp.dir/rosidl_typesupport_fastrtps_cpp/yolo_msgs/msg/detail/dds_fastrtps/point2_d__type_support.cpp.o[0m
[5.261s] [ 50%] [32m[1mLinking CXX shared library libyolo_msgs__rosidl_typesupport_cpp.so[0m
[5.280s] [ 51%] [32mBuilding CXX object CMakeFiles/yolo_msgs__rosidl_typesupport_fastrtps_cpp.dir/rosidl_typesupport_fastrtps_cpp/yolo_msgs/msg/detail/dds_fastrtps/pose2_d__type_support.cpp.o[0m
[5.293s] [ 52%] [32mBuilding CXX object CMakeFiles/yolo_msgs__rosidl_typesupport_fastrtps_cpp.dir/rosidl_typesupport_fastrtps_cpp/yolo_msgs/msg/detail/dds_fastrtps/vector2__type_support.cpp.o[0m
[5.310s] [ 52%] [32mBuilding CXX object CMakeFiles/yolo_msgs__rosidl_typesupport_fastrtps_cpp.dir/rosidl_typesupport_fastrtps_cpp/yolo_msgs/msg/detail/dds_fastrtps/bounding_box2_d__type_support.cpp.o[0m
[5.322s] [ 53%] [32m[1mLinking CXX shared library libyolo_msgs__rosidl_typesupport_c.so[0m
[5.322s] [ 54%] [32mBuilding CXX object CMakeFiles/yolo_msgs__rosidl_typesupport_fastrtps_cpp.dir/rosidl_typesupport_fastrtps_cpp/yolo_msgs/msg/detail/dds_fastrtps/bounding_box3_d__type_support.cpp.o[0m
[5.340s] [ 54%] Built target yolo_msgs__rosidl_typesupport_cpp
[5.356s] [ 55%] [32mBuilding CXX object CMakeFiles/yolo_msgs__rosidl_typesupport_fastrtps_cpp.dir/rosidl_typesupport_fastrtps_cpp/yolo_msgs/msg/detail/dds_fastrtps/mask__type_support.cpp.o[0m
[5.362s] [ 56%] [32mBuilding C object CMakeFiles/yolo_msgs__rosidl_typesupport_introspection_c.dir/rosidl_typesupport_introspection_c/yolo_msgs/msg/detail/point2_d__type_support.c.o[0m
[5.414s] [ 56%] Built target yolo_msgs__rosidl_typesupport_c
[5.418s] [ 57%] [32mBuilding C object CMakeFiles/yolo_msgs__rosidl_typesupport_introspection_c.dir/rosidl_typesupport_introspection_c/yolo_msgs/msg/detail/vector2__type_support.c.o[0m
[5.425s] [ 57%] [32mBuilding C object CMakeFiles/yolo_msgs__rosidl_typesupport_introspection_c.dir/rosidl_typesupport_introspection_c/yolo_msgs/msg/detail/pose2_d__type_support.c.o[0m
[5.436s] [ 58%] [32mBuilding C object CMakeFiles/yolo_msgs__rosidl_typesupport_introspection_c.dir/rosidl_typesupport_introspection_c/yolo_msgs/msg/detail/bounding_box2_d__type_support.c.o[0m
[5.448s] [ 59%] [32mBuilding CXX object CMakeFiles/yolo_msgs__rosidl_typesupport_fastrtps_cpp.dir/rosidl_typesupport_fastrtps_cpp/yolo_msgs/msg/detail/dds_fastrtps/key_point2_d__type_support.cpp.o[0m
[5.469s] [ 60%] [32mBuilding C object CMakeFiles/yolo_msgs__rosidl_typesupport_introspection_c.dir/rosidl_typesupport_introspection_c/yolo_msgs/msg/detail/bounding_box3_d__type_support.c.o[0m
[5.487s] [ 61%] [32mBuilding C object CMakeFiles/yolo_msgs__rosidl_typesupport_introspection_c.dir/rosidl_typesupport_introspection_c/yolo_msgs/msg/detail/mask__type_support.c.o[0m
[5.524s] [ 62%] [32mBuilding CXX object CMakeFiles/yolo_msgs__rosidl_typesupport_fastrtps_cpp.dir/rosidl_typesupport_fastrtps_cpp/yolo_msgs/msg/detail/dds_fastrtps/key_point2_d_array__type_support.cpp.o[0m
[5.525s] [ 63%] [32mBuilding C object CMakeFiles/yolo_msgs__rosidl_typesupport_introspection_c.dir/rosidl_typesupport_introspection_c/yolo_msgs/msg/detail/key_point2_d__type_support.c.o[0m
[5.541s] [ 63%] [32mBuilding CXX object CMakeFiles/yolo_msgs__rosidl_typesupport_fastrtps_c.dir/rosidl_typesupport_fastrtps_c/yolo_msgs/msg/detail/vector2__type_support_c.cpp.o[0m
[5.551s] [ 64%] [32mBuilding CXX object CMakeFiles/yolo_msgs__rosidl_typesupport_fastrtps_c.dir/rosidl_typesupport_fastrtps_c/yolo_msgs/msg/detail/point2_d__type_support_c.cpp.o[0m
[5.552s] [ 65%] [32mBuilding CXX object CMakeFiles/yolo_msgs__rosidl_typesupport_fastrtps_c.dir/rosidl_typesupport_fastrtps_c/yolo_msgs/msg/detail/pose2_d__type_support_c.cpp.o[0m
[5.626s] [ 65%] [32mBuilding C object CMakeFiles/yolo_msgs__rosidl_typesupport_introspection_c.dir/rosidl_typesupport_introspection_c/yolo_msgs/msg/detail/key_point2_d_array__type_support.c.o[0m
[5.649s] [ 66%] [32mBuilding C object CMakeFiles/yolo_msgs__rosidl_typesupport_introspection_c.dir/rosidl_typesupport_introspection_c/yolo_msgs/msg/detail/key_point3_d__type_support.c.o[0m
[5.680s] [ 67%] [32mBuilding CXX object CMakeFiles/yolo_msgs__rosidl_typesupport_fastrtps_c.dir/rosidl_typesupport_fastrtps_c/yolo_msgs/msg/detail/bounding_box2_d__type_support_c.cpp.o[0m
[5.703s] [ 67%] [32mBuilding CXX object CMakeFiles/yolo_msgs__rosidl_typesupport_fastrtps_cpp.dir/rosidl_typesupport_fastrtps_cpp/yolo_msgs/msg/detail/dds_fastrtps/key_point3_d__type_support.cpp.o[0m
[5.742s] [ 68%] [32mBuilding C object CMakeFiles/yolo_msgs__rosidl_typesupport_introspection_c.dir/rosidl_typesupport_introspection_c/yolo_msgs/msg/detail/key_point3_d_array__type_support.c.o[0m
[5.759s] [ 69%] [32mBuilding CXX object CMakeFiles/yolo_msgs__rosidl_typesupport_fastrtps_cpp.dir/rosidl_typesupport_fastrtps_cpp/yolo_msgs/msg/detail/dds_fastrtps/key_point3_d_array__type_support.cpp.o[0m
[5.825s] [ 70%] [32mBuilding C object CMakeFiles/yolo_msgs__rosidl_typesupport_introspection_c.dir/rosidl_typesupport_introspection_c/yolo_msgs/msg/detail/detection_array__type_support.c.o[0m
[5.837s] [ 71%] [32mBuilding C object CMakeFiles/yolo_msgs__rosidl_typesupport_introspection_c.dir/rosidl_typesupport_introspection_c/yolo_msgs/msg/detail/detection__type_support.c.o[0m
[5.844s] [ 71%] [32mBuilding C object CMakeFiles/yolo_msgs__rosidl_typesupport_introspection_c.dir/rosidl_typesupport_introspection_c/yolo_msgs/srv/detail/set_classes__type_support.c.o[0m
[5.923s] [ 72%] [32mBuilding CXX object CMakeFiles/yolo_msgs__rosidl_typesupport_fastrtps_cpp.dir/rosidl_typesupport_fastrtps_cpp/yolo_msgs/msg/detail/dds_fastrtps/detection_array__type_support.cpp.o[0m
[5.924s] [ 73%] [32mBuilding CXX object CMakeFiles/yolo_msgs__rosidl_typesupport_fastrtps_cpp.dir/rosidl_typesupport_fastrtps_cpp/yolo_msgs/msg/detail/dds_fastrtps/detection__type_support.cpp.o[0m
[5.924s] [ 74%] [32mBuilding CXX object CMakeFiles/yolo_msgs__rosidl_typesupport_fastrtps_cpp.dir/rosidl_typesupport_fastrtps_cpp/yolo_msgs/srv/detail/dds_fastrtps/set_classes__type_support.cpp.o[0m
[5.937s] [ 75%] [32mBuilding CXX object CMakeFiles/yolo_msgs__rosidl_typesupport_fastrtps_c.dir/rosidl_typesupport_fastrtps_c/yolo_msgs/msg/detail/bounding_box3_d__type_support_c.cpp.o[0m
[5.956s] [ 76%] [32m[1mLinking C shared library libyolo_msgs__rosidl_typesupport_introspection_c.so[0m
[5.960s] [ 77%] [32mBuilding CXX object CMakeFiles/yolo_msgs__rosidl_typesupport_fastrtps_c.dir/rosidl_typesupport_fastrtps_c/yolo_msgs/msg/detail/mask__type_support_c.cpp.o[0m
[6.015s] [ 77%] [32mBuilding CXX object CMakeFiles/yolo_msgs__rosidl_typesupport_fastrtps_c.dir/rosidl_typesupport_fastrtps_c/yolo_msgs/msg/detail/key_point2_d__type_support_c.cpp.o[0m
[6.015s] [ 78%] [32mBuilding CXX object CMakeFiles/yolo_msgs__rosidl_typesupport_fastrtps_c.dir/rosidl_typesupport_fastrtps_c/yolo_msgs/msg/detail/key_point2_d_array__type_support_c.cpp.o[0m
[6.035s] [ 78%] Built target yolo_msgs__rosidl_typesupport_introspection_c
[6.040s] [ 79%] [32mBuilding CXX object CMakeFiles/yolo_msgs__rosidl_typesupport_fastrtps_c.dir/rosidl_typesupport_fastrtps_c/yolo_msgs/msg/detail/key_point3_d__type_support_c.cpp.o[0m
[6.044s] [ 80%] [32mBuilding CXX object CMakeFiles/yolo_msgs__rosidl_typesupport_fastrtps_c.dir/rosidl_typesupport_fastrtps_c/yolo_msgs/msg/detail/key_point3_d_array__type_support_c.cpp.o[0m
[6.048s] [ 81%] [32mBuilding CXX object CMakeFiles/yolo_msgs__rosidl_typesupport_fastrtps_c.dir/rosidl_typesupport_fastrtps_c/yolo_msgs/msg/detail/detection__type_support_c.cpp.o[0m
[6.078s] [ 81%] [32mBuilding CXX object CMakeFiles/yolo_msgs__rosidl_typesupport_fastrtps_c.dir/rosidl_typesupport_fastrtps_c/yolo_msgs/msg/detail/detection_array__type_support_c.cpp.o[0m
[6.079s] [ 82%] [32mBuilding CXX object CMakeFiles/yolo_msgs__rosidl_typesupport_fastrtps_c.dir/rosidl_typesupport_fastrtps_c/yolo_msgs/srv/detail/set_classes__type_support_c.cpp.o[0m
[6.221s] [ 83%] [32m[1mLinking CXX shared library libyolo_msgs__rosidl_typesupport_introspection_cpp.so[0m
[6.423s] [ 83%] Built target yolo_msgs__rosidl_typesupport_introspection_cpp
[6.613s] [ 84%] [32m[1mLinking CXX shared library libyolo_msgs__rosidl_typesupport_fastrtps_c.so[0m
[6.706s] [ 84%] Built target yolo_msgs__rosidl_typesupport_fastrtps_c
[6.715s] [ 84%] [32m[1mLinking CXX shared library libyolo_msgs__rosidl_typesupport_fastrtps_cpp.so[0m
[6.815s] [ 84%] Built target yolo_msgs__rosidl_typesupport_fastrtps_cpp
[6.844s] [ 84%] Built target yolo_msgs
[6.875s] [ 85%] [34m[1mGenerating Python code for ROS interfaces[0m
[8.758s] [ 85%] Built target yolo_msgs__py
[8.785s] [ 86%] [32mBuilding C object CMakeFiles/yolo_msgs__rosidl_generator_py.dir/rosidl_generator_py/yolo_msgs/msg/_key_point3_d_s.c.o[0m
[8.785s] [ 87%] [32mBuilding C object CMakeFiles/yolo_msgs__rosidl_generator_py.dir/rosidl_generator_py/yolo_msgs/msg/_mask_s.c.o[0m
[8.785s] [ 88%] [32mBuilding C object CMakeFiles/yolo_msgs__rosidl_generator_py.dir/rosidl_generator_py/yolo_msgs/msg/_bounding_box3_d_s.c.o[0m
[8.786s] [ 89%] [32mBuilding C object CMakeFiles/yolo_msgs__rosidl_generator_py.dir/rosidl_generator_py/yolo_msgs/msg/_vector2_s.c.o[0m
[8.787s] [ 89%] [32mBuilding C object CMakeFiles/yolo_msgs__rosidl_generator_py.dir/rosidl_generator_py/yolo_msgs/msg/_point2_d_s.c.o[0m
[8.787s] [ 90%] [32mBuilding C object CMakeFiles/yolo_msgs__rosidl_generator_py.dir/rosidl_generator_py/yolo_msgs/msg/_pose2_d_s.c.o[0m
[8.788s] [ 91%] [32mBuilding C object CMakeFiles/yolo_msgs__rosidl_generator_py.dir/rosidl_generator_py/yolo_msgs/msg/_detection_s.c.o[0m
[8.789s] [ 92%] [32mBuilding C object CMakeFiles/yolo_msgs__rosidl_generator_py.dir/rosidl_generator_py/yolo_msgs/msg/_bounding_box2_d_s.c.o[0m
[8.789s] [ 92%] [32mBuilding C object CMakeFiles/yolo_msgs__rosidl_generator_py.dir/rosidl_generator_py/yolo_msgs/msg/_key_point2_d_s.c.o[0m
[8.789s] [ 93%] [32mBuilding C object CMakeFiles/yolo_msgs__rosidl_generator_py.dir/rosidl_generator_py/yolo_msgs/msg/_key_point3_d_array_s.c.o[0m
[8.790s] [ 94%] [32mBuilding C object CMakeFiles/yolo_msgs__rosidl_generator_py.dir/rosidl_generator_py/yolo_msgs/msg/_key_point2_d_array_s.c.o[0m
[8.790s] [ 95%] [32mBuilding C object CMakeFiles/yolo_msgs__rosidl_generator_py.dir/rosidl_generator_py/yolo_msgs/msg/_detection_array_s.c.o[0m
[8.790s] [ 95%] [32mBuilding C object CMakeFiles/yolo_msgs__rosidl_generator_py.dir/rosidl_generator_py/yolo_msgs/srv/_set_classes_s.c.o[0m
[8.978s] [ 96%] [32m[1mLinking C shared library rosidl_generator_py/yolo_msgs/libyolo_msgs__rosidl_generator_py.so[0m
[9.032s] [ 96%] Built target yolo_msgs__rosidl_generator_py
[9.058s] [ 98%] [32mBuilding C object CMakeFiles/yolo_msgs__rosidl_typesupport_fastrtps_c__pyext.dir/rosidl_generator_py/yolo_msgs/_yolo_msgs_s.ep.rosidl_typesupport_fastrtps_c.c.o[0m
[9.058s] [ 98%] [32mBuilding C object CMakeFiles/yolo_msgs__rosidl_typesupport_introspection_c__pyext.dir/rosidl_generator_py/yolo_msgs/_yolo_msgs_s.ep.rosidl_typesupport_introspection_c.c.o[0m
[9.058s] [ 99%] [32mBuilding C object CMakeFiles/yolo_msgs__rosidl_typesupport_c__pyext.dir/rosidl_generator_py/yolo_msgs/_yolo_msgs_s.ep.rosidl_typesupport_c.c.o[0m
[9.195s] [ 99%] [32m[1mLinking C shared library rosidl_generator_py/yolo_msgs/yolo_msgs_s__rosidl_typesupport_c.cpython-310-x86_64-linux-gnu.so[0m
[9.197s] [100%] [32m[1mLinking C shared library rosidl_generator_py/yolo_msgs/yolo_msgs_s__rosidl_typesupport_introspection_c.cpython-310-x86_64-linux-gnu.so[0m
[9.199s] [100%] [32m[1mLinking C shared library rosidl_generator_py/yolo_msgs/yolo_msgs_s__rosidl_typesupport_fastrtps_c.cpython-310-x86_64-linux-gnu.so[0m
[9.242s] [100%] Built target yolo_msgs__rosidl_typesupport_introspection_c__pyext
[9.243s] [100%] Built target yolo_msgs__rosidl_typesupport_fastrtps_c__pyext
[9.244s] [100%] Built target yolo_msgs__rosidl_typesupport_c__pyext
[9.260s] Invoked command in '/home/psh/py_bt_ros/build/yolo_msgs' returned '0': CMAKE_PREFIX_PATH=${CMAKE_PREFIX_PATH}:/opt/ros/humble /usr/bin/cmake --build /home/psh/py_bt_ros/build/yolo_msgs -- -j22 -l22
[9.271s] Invoking command in '/home/psh/py_bt_ros/build/yolo_msgs': CMAKE_PREFIX_PATH=${CMAKE_PREFIX_PATH}:/opt/ros/humble /usr/bin/cmake --install /home/psh/py_bt_ros/build/yolo_msgs
[9.279s] -- Install configuration: ""
[9.279s] -- Installing: /home/psh/py_bt_ros/install/yolo_msgs/share/ament_index/resource_index/rosidl_interfaces/yolo_msgs
[9.279s] -- Installing: /home/psh/py_bt_ros/install/yolo_msgs/include/yolo_msgs/yolo_msgs
[9.280s] -- Installing: /home/psh/py_bt_ros/install/yolo_msgs/include/yolo_msgs/yolo_msgs/msg
[9.280s] -- Installing: /home/psh/py_bt_ros/install/yolo_msgs/include/yolo_msgs/yolo_msgs/msg/bounding_box3_d.h
[9.280s] -- Installing: /home/psh/py_bt_ros/install/yolo_msgs/include/yolo_msgs/yolo_msgs/msg/key_point3_d.h
[9.280s] -- Installing: /home/psh/py_bt_ros/install/yolo_msgs/include/yolo_msgs/yolo_msgs/msg/pose2_d.h
[9.280s] -- Installing: /home/psh/py_bt_ros/install/yolo_msgs/include/yolo_msgs/yolo_msgs/msg/bounding_box2_d.h
[9.280s] -- Installing: /home/psh/py_bt_ros/install/yolo_msgs/include/yolo_msgs/yolo_msgs/msg/detection.h
[9.280s] -- Installing: /home/psh/py_bt_ros/install/yolo_msgs/include/yolo_msgs/yolo_msgs/msg/key_point2_d_array.h
[9.280s] -- Installing: /home/psh/py_bt_ros/install/yolo_msgs/include/yolo_msgs/yolo_msgs/msg/vector2.h
[9.280s] -- Installing: /home/psh/py_bt_ros/install/yolo_msgs/include/yolo_msgs/yolo_msgs/msg/key_point3_d_array.h
[9.280s] -- Installing: /home/psh/py_bt_ros/install/yolo_msgs/include/yolo_msgs/yolo_msgs/msg/rosidl_generator_c__visibility_control.h
[9.280s] -- Installing: /home/psh/py_bt_ros/install/yolo_msgs/include/yolo_msgs/yolo_msgs/msg/key_point2_d.h
[9.281s] -- Installing: /home/psh/py_bt_ros/install/yolo_msgs/include/yolo_msgs/yolo_msgs/msg/mask.h
[9.281s] -- Installing: /home/psh/py_bt_ros/install/yolo_msgs/include/yolo_msgs/yolo_msgs/msg/detection_array.h
[9.281s] -- Installing: /home/psh/py_bt_ros/install/yolo_msgs/include/yolo_msgs/yolo_msgs/msg/point2_d.h
[9.281s] -- Installing: /home/psh/py_bt_ros/install/yolo_msgs/include/yolo_msgs/yolo_msgs/msg/detail
[9.281s] -- Installing: /home/psh/py_bt_ros/install/yolo_msgs/include/yolo_msgs/yolo_msgs/msg/detail/key_point3_d_array__functions.c
[9.281s] -- Installing: /home/psh/py_bt_ros/install/yolo_msgs/include/yolo_msgs/yolo_msgs/msg/detail/key_point2_d__struct.h
[9.281s] -- Installing: /home/psh/py_bt_ros/install/yolo_msgs/include/yolo_msgs/yolo_msgs/msg/detail/key_point3_d_array__functions.h
[9.281s] -- Installing: /home/psh/py_bt_ros/install/yolo_msgs/include/yolo_msgs/yolo_msgs/msg/detail/detection_array__struct.h
[9.281s] -- Installing: /home/psh/py_bt_ros/install/yolo_msgs/include/yolo_msgs/yolo_msgs/msg/detail/key_point3_d__functions.c
[9.281s] -- Installing: /home/psh/py_bt_ros/install/yolo_msgs/include/yolo_msgs/yolo_msgs/msg/detail/key_point2_d__functions.c
[9.281s] -- Installing: /home/psh/py_bt_ros/install/yolo_msgs/include/yolo_msgs/yolo_msgs/msg/detail/key_point2_d_array__functions.h
[9.281s] -- Installing: /home/psh/py_bt_ros/install/yolo_msgs/include/yolo_msgs/yolo_msgs/msg/detail/vector2__functions.h
[9.282s] -- Installing: /home/psh/py_bt_ros/install/yolo_msgs/include/yolo_msgs/yolo_msgs/msg/detail/pose2_d__type_support.h
[9.282s] -- Installing: /home/psh/py_bt_ros/install/yolo_msgs/include/yolo_msgs/yolo_msgs/msg/detail/point2_d__functions.c
[9.282s] -- Installing: /home/psh/py_bt_ros/install/yolo_msgs/include/yolo_msgs/yolo_msgs/msg/detail/pose2_d__functions.h
[9.282s] -- Installing: /home/psh/py_bt_ros/install/yolo_msgs/include/yolo_msgs/yolo_msgs/msg/detail/key_point3_d__type_support.h
[9.282s] -- Installing: /home/psh/py_bt_ros/install/yolo_msgs/include/yolo_msgs/yolo_msgs/msg/detail/detection__type_support.h
[9.282s] -- Installing: /home/psh/py_bt_ros/install/yolo_msgs/include/yolo_msgs/yolo_msgs/msg/detail/vector2__struct.h
[9.282s] -- Installing: /home/psh/py_bt_ros/install/yolo_msgs/include/yolo_msgs/yolo_msgs/msg/detail/key_point2_d__type_support.h
[9.282s] -- Installing: /home/psh/py_bt_ros/install/yolo_msgs/include/yolo_msgs/yolo_msgs/msg/detail/bounding_box3_d__type_support.h
[9.282s] -- Installing: /home/psh/py_bt_ros/install/yolo_msgs/include/yolo_msgs/yolo_msgs/msg/detail/point2_d__struct.h
[9.282s] -- Installing: /home/psh/py_bt_ros/install/yolo_msgs/include/yolo_msgs/yolo_msgs/msg/detail/bounding_box3_d__struct.h
[9.282s] -- Installing: /home/psh/py_bt_ros/install/yolo_msgs/include/yolo_msgs/yolo_msgs/msg/detail/bounding_box2_d__type_support.h
[9.283s] -- Installing: /home/psh/py_bt_ros/install/yolo_msgs/include/yolo_msgs/yolo_msgs/msg/detail/vector2__type_support.h
[9.283s] -- Installing: /home/psh/py_bt_ros/install/yolo_msgs/include/yolo_msgs/yolo_msgs/msg/detail/mask__struct.h
[9.283s] -- Installing: /home/psh/py_bt_ros/install/yolo_msgs/include/yolo_msgs/yolo_msgs/msg/detail/detection_array__functions.h
[9.283s] -- Installing: /home/psh/py_bt_ros/install/yolo_msgs/include/yolo_msgs/yolo_msgs/msg/detail/key_point2_d__functions.h
[9.283s] -- Installing: /home/psh/py_bt_ros/install/yolo_msgs/include/yolo_msgs/yolo_msgs/msg/detail/detection_array__type_support.h
[9.283s] -- Installing: /home/psh/py_bt_ros/install/yolo_msgs/include/yolo_msgs/yolo_msgs/msg/detail/mask__functions.c
[9.283s] -- Installing: /home/psh/py_bt_ros/install/yolo_msgs/include/yolo_msgs/yolo_msgs/msg/detail/key_point2_d_array__type_support.h
[9.283s] -- Installing: /home/psh/py_bt_ros/install/yolo_msgs/include/yolo_msgs/yolo_msgs/msg/detail/key_point2_d_array__functions.c
[9.284s] -- Installing: /home/psh/py_bt_ros/install/yolo_msgs/include/yolo_msgs/yolo_msgs/msg/detail/bounding_box2_d__functions.c
[9.284s] -- Installing: /home/psh/py_bt_ros/install/yolo_msgs/include/yolo_msgs/yolo_msgs/msg/detail/bounding_box3_d__functions.h
[9.284s] -- Installing: /home/psh/py_bt_ros/install/yolo_msgs/include/yolo_msgs/yolo_msgs/msg/detail/detection__functions.h
[9.284s] -- Installing: /home/psh/py_bt_ros/install/yolo_msgs/include/yolo_msgs/yolo_msgs/msg/detail/key_point3_d_array__struct.h
[9.284s] -- Installing: /home/psh/py_bt_ros/install/yolo_msgs/include/yolo_msgs/yolo_msgs/msg/detail/key_point2_d_array__struct.h
[9.284s] -- Installing: /home/psh/py_bt_ros/install/yolo_msgs/include/yolo_msgs/yolo_msgs/msg/detail/detection__functions.c
[9.284s] -- Installing: /home/psh/py_bt_ros/install/yolo_msgs/include/yolo_msgs/yolo_msgs/msg/detail/vector2__functions.c
[9.284s] -- Installing: /home/psh/py_bt_ros/install/yolo_msgs/include/yolo_msgs/yolo_msgs/msg/detail/bounding_box3_d__functions.c
[9.284s] -- Installing: /home/psh/py_bt_ros/install/yolo_msgs/include/yolo_msgs/yolo_msgs/msg/detail/mask__type_support.h
[9.284s] -- Installing: /home/psh/py_bt_ros/install/yolo_msgs/include/yolo_msgs/yolo_msgs/msg/detail/point2_d__type_support.h
[9.284s] -- Installing: /home/psh/py_bt_ros/install/yolo_msgs/include/yolo_msgs/yolo_msgs/msg/detail/bounding_box2_d__struct.h
[9.284s] -- Installing: /home/psh/py_bt_ros/install/yolo_msgs/include/yolo_msgs/yolo_msgs/msg/detail/pose2_d__functions.c
[9.284s] -- Installing: /home/psh/py_bt_ros/install/yolo_msgs/include/yolo_msgs/yolo_msgs/msg/detail/point2_d__functions.h
[9.285s] -- Installing: /home/psh/py_bt_ros/install/yolo_msgs/include/yolo_msgs/yolo_msgs/msg/detail/key_point3_d__struct.h
[9.285s] -- Installing: /home/psh/py_bt_ros/install/yolo_msgs/include/yolo_msgs/yolo_msgs/msg/detail/mask__functions.h
[9.285s] -- Installing: /home/psh/py_bt_ros/install/yolo_msgs/include/yolo_msgs/yolo_msgs/msg/detail/bounding_box2_d__functions.h
[9.285s] -- Installing: /home/psh/py_bt_ros/install/yolo_msgs/include/yolo_msgs/yolo_msgs/msg/detail/key_point3_d__functions.h
[9.285s] -- Installing: /home/psh/py_bt_ros/install/yolo_msgs/include/yolo_msgs/yolo_msgs/msg/detail/detection__struct.h
[9.285s] -- Installing: /home/psh/py_bt_ros/install/yolo_msgs/include/yolo_msgs/yolo_msgs/msg/detail/pose2_d__struct.h
[9.285s] -- Installing: /home/psh/py_bt_ros/install/yolo_msgs/include/yolo_msgs/yolo_msgs/msg/detail/detection_array__functions.c
[9.285s] -- Installing: /home/psh/py_bt_ros/install/yolo_msgs/include/yolo_msgs/yolo_msgs/msg/detail/key_point3_d_array__type_support.h
[9.285s] -- Installing: /home/psh/py_bt_ros/install/yolo_msgs/include/yolo_msgs/yolo_msgs/srv
[9.285s] -- Installing: /home/psh/py_bt_ros/install/yolo_msgs/include/yolo_msgs/yolo_msgs/srv/set_classes.h
[9.285s] -- Installing: /home/psh/py_bt_ros/install/yolo_msgs/include/yolo_msgs/yolo_msgs/srv/detail
[9.285s] -- Installing: /home/psh/py_bt_ros/install/yolo_msgs/include/yolo_msgs/yolo_msgs/srv/detail/set_classes__functions.c
[9.285s] -- Installing: /home/psh/py_bt_ros/install/yolo_msgs/include/yolo_msgs/yolo_msgs/srv/detail/set_classes__type_support.h
[9.286s] -- Installing: /home/psh/py_bt_ros/install/yolo_msgs/include/yolo_msgs/yolo_msgs/srv/detail/set_classes__functions.h
[9.286s] -- Installing: /home/psh/py_bt_ros/install/yolo_msgs/include/yolo_msgs/yolo_msgs/srv/detail/set_classes__struct.h
[9.286s] -- Installing: /home/psh/py_bt_ros/install/yolo_msgs/share/yolo_msgs/environment/library_path.sh
[9.286s] -- Installing: /home/psh/py_bt_ros/install/yolo_msgs/share/yolo_msgs/environment/library_path.dsv
[9.286s] -- Installing: /home/psh/py_bt_ros/install/yolo_msgs/lib/libyolo_msgs__rosidl_generator_c.so
[9.286s] -- Set runtime path of "/home/psh/py_bt_ros/install/yolo_msgs/lib/libyolo_msgs__rosidl_generator_c.so" to ""
[9.286s] -- Up-to-date: /home/psh/py_bt_ros/install/yolo_msgs/include/yolo_msgs/yolo_msgs
[9.286s] -- Up-to-date: /home/psh/py_bt_ros/install/yolo_msgs/include/yolo_msgs/yolo_msgs/msg
[9.287s] -- Installing: /home/psh/py_bt_ros/install/yolo_msgs/include/yolo_msgs/yolo_msgs/msg/rosidl_typesupport_fastrtps_c__visibility_control.h
[9.287s] -- Up-to-date: /home/psh/py_bt_ros/install/yolo_msgs/include/yolo_msgs/yolo_msgs/msg/detail
[9.287s] -- Installing: /home/psh/py_bt_ros/install/yolo_msgs/include/yolo_msgs/yolo_msgs/msg/detail/bounding_box3_d__rosidl_typesupport_fastrtps_c.h
[9.287s] -- Installing: /home/psh/py_bt_ros/install/yolo_msgs/include/yolo_msgs/yolo_msgs/msg/detail/mask__rosidl_typesupport_fastrtps_c.h
[9.287s] -- Installing: /home/psh/py_bt_ros/install/yolo_msgs/include/yolo_msgs/yolo_msgs/msg/detail/detection__rosidl_typesupport_fastrtps_c.h
[9.287s] -- Installing: /home/psh/py_bt_ros/install/yolo_msgs/include/yolo_msgs/yolo_msgs/msg/detail/key_point2_d__rosidl_typesupport_fastrtps_c.h
[9.287s] -- Installing: /home/psh/py_bt_ros/install/yolo_msgs/include/yolo_msgs/yolo_msgs/msg/detail/vector2__rosidl_typesupport_fastrtps_c.h
[9.287s] -- Installing: /home/psh/py_bt_ros/install/yolo_msgs/include/yolo_msgs/yolo_msgs/msg/detail/point2_d__rosidl_typesupport_fastrtps_c.h
[9.287s] -- Installing: /home/psh/py_bt_ros/install/yolo_msgs/include/yolo_msgs/yolo_msgs/msg/detail/detection_array__rosidl_typesupport_fastrtps_c.h
[9.287s] -- Installing: /home/psh/py_bt_ros/install/yolo_msgs/include/yolo_msgs/yolo_msgs/msg/detail/pose2_d__rosidl_typesupport_fastrtps_c.h
[9.287s] -- Installing: /home/psh/py_bt_ros/install/yolo_msgs/include/yolo_msgs/yolo_msgs/msg/detail/key_point2_d_array__rosidl_typesupport_fastrtps_c.h
[9.288s] -- Installing: /home/psh/py_bt_ros/install/yolo_msgs/include/yolo_msgs/yolo_msgs/msg/detail/key_point3_d__rosidl_typesupport_fastrtps_c.h
[9.288s] -- Installing: /home/psh/py_bt_ros/install/yolo_msgs/include/yolo_msgs/yolo_msgs/msg/detail/bounding_box2_d__rosidl_typesupport_fastrtps_c.h
[9.288s] -- Installing: /home/psh/py_bt_ros/install/yolo_msgs/include/yolo_msgs/yolo_msgs/msg/detail/key_point3_d_array__rosidl_typesupport_fastrtps_c.h
[9.288s] -- Up-to-date: /home/psh/py_bt_ros/install/yolo_msgs/include/yolo_msgs/yolo_msgs/srv
[9.288s] -- Up-to-date: /home/psh/py_bt_ros/install/yolo_msgs/include/yolo_msgs/yolo_msgs/srv/detail
[9.288s] -- Installing: /home/psh/py_bt_ros/install/yolo_msgs/include/yolo_msgs/yolo_msgs/srv/detail/set_classes__rosidl_typesupport_fastrtps_c.h
[9.288s] -- Installing: /home/psh/py_bt_ros/install/yolo_msgs/lib/libyolo_msgs__rosidl_typesupport_fastrtps_c.so
[9.288s] -- Set runtime path of "/home/psh/py_bt_ros/install/yolo_msgs/lib/libyolo_msgs__rosidl_typesupport_fastrtps_c.so" to ""
[9.288s] -- Up-to-date: /home/psh/py_bt_ros/install/yolo_msgs/include/yolo_msgs/yolo_msgs
[9.288s] -- Up-to-date: /home/psh/py_bt_ros/install/yolo_msgs/include/yolo_msgs/yolo_msgs/msg
[9.288s] -- Installing: /home/psh/py_bt_ros/install/yolo_msgs/include/yolo_msgs/yolo_msgs/msg/rosidl_typesupport_introspection_c__visibility_control.h
[9.288s] -- Up-to-date: /home/psh/py_bt_ros/install/yolo_msgs/include/yolo_msgs/yolo_msgs/msg/detail
[9.289s] -- Installing: /home/psh/py_bt_ros/install/yolo_msgs/include/yolo_msgs/yolo_msgs/msg/detail/point2_d__rosidl_typesupport_introspection_c.h
[9.289s] -- Installing: /home/psh/py_bt_ros/install/yolo_msgs/include/yolo_msgs/yolo_msgs/msg/detail/detection_array__type_support.c
[9.289s] -- Installing: /home/psh/py_bt_ros/install/yolo_msgs/include/yolo_msgs/yolo_msgs/msg/detail/key_point2_d__rosidl_typesupport_introspection_c.h
[9.289s] -- Installing: /home/psh/py_bt_ros/install/yolo_msgs/include/yolo_msgs/yolo_msgs/msg/detail/detection__type_support.c
[9.289s] -- Installing: /home/psh/py_bt_ros/install/yolo_msgs/include/yolo_msgs/yolo_msgs/msg/detail/bounding_box3_d__rosidl_typesupport_introspection_c.h
[9.289s] -- Installing: /home/psh/py_bt_ros/install/yolo_msgs/include/yolo_msgs/yolo_msgs/msg/detail/key_point3_d_array__rosidl_typesupport_introspection_c.h
[9.289s] -- Installing: /home/psh/py_bt_ros/install/yolo_msgs/include/yolo_msgs/yolo_msgs/msg/detail/vector2__type_support.c
[9.289s] -- Installing: /home/psh/py_bt_ros/install/yolo_msgs/include/yolo_msgs/yolo_msgs/msg/detail/bounding_box3_d__type_support.c
[9.289s] -- Installing: /home/psh/py_bt_ros/install/yolo_msgs/include/yolo_msgs/yolo_msgs/msg/detail/key_point3_d__type_support.c
[9.289s] -- Installing: /home/psh/py_bt_ros/install/yolo_msgs/include/yolo_msgs/yolo_msgs/msg/detail/key_point3_d_array__type_support.c
[9.290s] -- Installing: /home/psh/py_bt_ros/install/yolo_msgs/include/yolo_msgs/yolo_msgs/msg/detail/detection__rosidl_typesupport_introspection_c.h
[9.290s] -- Installing: /home/psh/py_bt_ros/install/yolo_msgs/include/yolo_msgs/yolo_msgs/msg/detail/vector2__rosidl_typesupport_introspection_c.h
[9.290s] -- Installing: /home/psh/py_bt_ros/install/yolo_msgs/include/yolo_msgs/yolo_msgs/msg/detail/pose2_d__type_support.c
[9.290s] -- Installing: /home/psh/py_bt_ros/install/yolo_msgs/include/yolo_msgs/yolo_msgs/msg/detail/mask__rosidl_typesupport_introspection_c.h
[9.290s] -- Installing: /home/psh/py_bt_ros/install/yolo_msgs/include/yolo_msgs/yolo_msgs/msg/detail/mask__type_support.c
[9.290s] -- Installing: /home/psh/py_bt_ros/install/yolo_msgs/include/yolo_msgs/yolo_msgs/msg/detail/pose2_d__rosidl_typesupport_introspection_c.h
[9.290s] -- Installing: /home/psh/py_bt_ros/install/yolo_msgs/include/yolo_msgs/yolo_msgs/msg/detail/key_point3_d__rosidl_typesupport_introspection_c.h
[9.290s] -- Installing: /home/psh/py_bt_ros/install/yolo_msgs/include/yolo_msgs/yolo_msgs/msg/detail/bounding_box2_d__type_support.c
[9.290s] -- Installing: /home/psh/py_bt_ros/install/yolo_msgs/include/yolo_msgs/yolo_msgs/msg/detail/key_point2_d_array__rosidl_typesupport_introspection_c.h
[9.290s] -- Installing: /home/psh/py_bt_ros/install/yolo_msgs/include/yolo_msgs/yolo_msgs/msg/detail/point2_d__type_support.c
[9.290s] -- Installing: /home/psh/py_bt_ros/install/yolo_msgs/include/yolo_msgs/yolo_msgs/msg/detail/key_point2_d_array__type_support.c
[9.290s] -- Installing: /home/psh/py_bt_ros/install/yolo_msgs/include/yolo_msgs/yolo_msgs/msg/detail/key_point2_d__type_support.c
[9.290s] -- Installing: /home/psh/py_bt_ros/install/yolo_msgs/include/yolo_msgs/yolo_msgs/msg/detail/detection_array__rosidl_typesupport_introspection_c.h
[9.291s] -- Installing: /home/psh/py_bt_ros/install/yolo_msgs/include/yolo_msgs/yolo_msgs/msg/detail/bounding_box2_d__rosidl_typesupport_introspection_c.h
[9.291s] -- Up-to-date: /home/psh/py_bt_ros/install/yolo_msgs/include/yolo_msgs/yolo_msgs/srv
[9.291s] -- Up-to-date: /home/psh/py_bt_ros/install/yolo_msgs/include/yolo_msgs/yolo_msgs/srv/detail
[9.291s] -- Installing: /home/psh/py_bt_ros/install/yolo_msgs/include/yolo_msgs/yolo_msgs/srv/detail/set_classes__rosidl_typesupport_introspection_c.h
[9.291s] -- Installing: /home/psh/py_bt_ros/install/yolo_msgs/include/yolo_msgs/yolo_msgs/srv/detail/set_classes__type_support.c
[9.291s] -- Installing: /home/psh/py_bt_ros/install/yolo_msgs/lib/libyolo_msgs__rosidl_typesupport_introspection_c.so
[9.291s] -- Set runtime path of "/home/psh/py_bt_ros/install/yolo_msgs/lib/libyolo_msgs__rosidl_typesupport_introspection_c.so" to ""
[9.291s] -- Installing: /home/psh/py_bt_ros/install/yolo_msgs/lib/libyolo_msgs__rosidl_typesupport_c.so
[9.291s] -- Set runtime path of "/home/psh/py_bt_ros/install/yolo_msgs/lib/libyolo_msgs__rosidl_typesupport_c.so" to ""
[9.291s] -- Up-to-date: /home/psh/py_bt_ros/install/yolo_msgs/include/yolo_msgs/yolo_msgs
[9.291s] -- Up-to-date: /home/psh/py_bt_ros/install/yolo_msgs/include/yolo_msgs/yolo_msgs/msg
[9.292s] -- Installing: /home/psh/py_bt_ros/install/yolo_msgs/include/yolo_msgs/yolo_msgs/msg/key_point2_d_array.hpp
[9.292s] -- Installing: /home/psh/py_bt_ros/install/yolo_msgs/include/yolo_msgs/yolo_msgs/msg/vector2.hpp
[9.292s] -- Installing: /home/psh/py_bt_ros/install/yolo_msgs/include/yolo_msgs/yolo_msgs/msg/key_point3_d.hpp
[9.292s] -- Installing: /home/psh/py_bt_ros/install/yolo_msgs/include/yolo_msgs/yolo_msgs/msg/key_point2_d.hpp
[9.292s] -- Installing: /home/psh/py_bt_ros/install/yolo_msgs/include/yolo_msgs/yolo_msgs/msg/pose2_d.hpp
[9.292s] -- Installing: /home/psh/py_bt_ros/install/yolo_msgs/include/yolo_msgs/yolo_msgs/msg/detection_array.hpp
[9.292s] -- Installing: /home/psh/py_bt_ros/install/yolo_msgs/include/yolo_msgs/yolo_msgs/msg/mask.hpp
[9.292s] -- Installing: /home/psh/py_bt_ros/install/yolo_msgs/include/yolo_msgs/yolo_msgs/msg/bounding_box3_d.hpp
[9.292s] -- Installing: /home/psh/py_bt_ros/install/yolo_msgs/include/yolo_msgs/yolo_msgs/msg/bounding_box2_d.hpp
[9.292s] -- Installing: /home/psh/py_bt_ros/install/yolo_msgs/include/yolo_msgs/yolo_msgs/msg/detection.hpp
[9.292s] -- Installing: /home/psh/py_bt_ros/install/yolo_msgs/include/yolo_msgs/yolo_msgs/msg/key_point3_d_array.hpp
[9.292s] -- Installing: /home/psh/py_bt_ros/install/yolo_msgs/include/yolo_msgs/yolo_msgs/msg/rosidl_generator_cpp__visibility_control.hpp
[9.292s] -- Up-to-date: /home/psh/py_bt_ros/install/yolo_msgs/include/yolo_msgs/yolo_msgs/msg/detail
[9.293s] -- Installing: /home/psh/py_bt_ros/install/yolo_msgs/include/yolo_msgs/yolo_msgs/msg/detail/point2_d__builder.hpp
[9.293s] -- Installing: /home/psh/py_bt_ros/install/yolo_msgs/include/yolo_msgs/yolo_msgs/msg/detail/point2_d__type_support.hpp
[9.293s] -- Installing: /home/psh/py_bt_ros/install/yolo_msgs/include/yolo_msgs/yolo_msgs/msg/detail/detection__type_support.hpp
[9.293s] -- Installing: /home/psh/py_bt_ros/install/yolo_msgs/include/yolo_msgs/yolo_msgs/msg/detail/bounding_box3_d__traits.hpp
[9.293s] -- Installing: /home/psh/py_bt_ros/install/yolo_msgs/include/yolo_msgs/yolo_msgs/msg/detail/point2_d__traits.hpp
[9.293s] -- Installing: /home/psh/py_bt_ros/install/yolo_msgs/include/yolo_msgs/yolo_msgs/msg/detail/vector2__traits.hpp
[9.293s] -- Installing: /home/psh/py_bt_ros/install/yolo_msgs/include/yolo_msgs/yolo_msgs/msg/detail/detection_array__type_support.hpp
[9.293s] -- Installing: /home/psh/py_bt_ros/install/yolo_msgs/include/yolo_msgs/yolo_msgs/msg/detail/key_point2_d_array__struct.hpp
[9.293s] -- Installing: /home/psh/py_bt_ros/install/yolo_msgs/include/yolo_msgs/yolo_msgs/msg/detail/key_point3_d_array__traits.hpp
[9.293s] -- Installing: /home/psh/py_bt_ros/install/yolo_msgs/include/yolo_msgs/yolo_msgs/msg/detail/key_point3_d__traits.hpp
[9.293s] -- Installing: /home/psh/py_bt_ros/install/yolo_msgs/include/yolo_msgs/yolo_msgs/msg/detail/bounding_box3_d__struct.hpp
[9.293s] -- Installing: /home/psh/py_bt_ros/install/yolo_msgs/include/yolo_msgs/yolo_msgs/msg/detail/key_point2_d_array__type_support.hpp
[9.293s] -- Installing: /home/psh/py_bt_ros/install/yolo_msgs/include/yolo_msgs/yolo_msgs/msg/detail/bounding_box2_d__type_support.hpp
[9.294s] -- Installing: /home/psh/py_bt_ros/install/yolo_msgs/include/yolo_msgs/yolo_msgs/msg/detail/key_point2_d__struct.hpp
[9.294s] -- Installing: /home/psh/py_bt_ros/install/yolo_msgs/include/yolo_msgs/yolo_msgs/msg/detail/key_point3_d_array__struct.hpp
[9.294s] -- Installing: /home/psh/py_bt_ros/install/yolo_msgs/include/yolo_msgs/yolo_msgs/msg/detail/key_point3_d__type_support.hpp
[9.294s] -- Installing: /home/psh/py_bt_ros/install/yolo_msgs/include/yolo_msgs/yolo_msgs/msg/detail/bounding_box2_d__builder.hpp
[9.294s] -- Installing: /home/psh/py_bt_ros/install/yolo_msgs/include/yolo_msgs/yolo_msgs/msg/detail/detection__builder.hpp
[9.294s] -- Installing: /home/psh/py_bt_ros/install/yolo_msgs/include/yolo_msgs/yolo_msgs/msg/detail/key_point3_d__builder.hpp
[9.294s] -- Installing: /home/psh/py_bt_ros/install/yolo_msgs/include/yolo_msgs/yolo_msgs/msg/detail/key_point2_d__type_support.hpp
[9.294s] -- Installing: /home/psh/py_bt_ros/install/yolo_msgs/include/yolo_msgs/yolo_msgs/msg/detail/detection_array__traits.hpp
[9.294s] -- Installing: /home/psh/py_bt_ros/install/yolo_msgs/include/yolo_msgs/yolo_msgs/msg/detail/pose2_d__builder.hpp
[9.294s] -- Installing: /home/psh/py_bt_ros/install/yolo_msgs/include/yolo_msgs/yolo_msgs/msg/detail/pose2_d__traits.hpp
[9.294s] -- Installing: /home/psh/py_bt_ros/install/yolo_msgs/include/yolo_msgs/yolo_msgs/msg/detail/detection_array__builder.hpp
[9.294s] -- Installing: /home/psh/py_bt_ros/install/yolo_msgs/include/yolo_msgs/yolo_msgs/msg/detail/bounding_box3_d__builder.hpp
[9.295s] -- Installing: /home/psh/py_bt_ros/install/yolo_msgs/include/yolo_msgs/yolo_msgs/msg/detail/bounding_box3_d__type_support.hpp
[9.295s] -- Installing: /home/psh/py_bt_ros/install/yolo_msgs/include/yolo_msgs/yolo_msgs/msg/detail/key_point2_d_array__traits.hpp
[9.295s] -- Installing: /home/psh/py_bt_ros/install/yolo_msgs/include/yolo_msgs/yolo_msgs/msg/detail/key_point2_d__builder.hpp
[9.295s] -- Installing: /home/psh/py_bt_ros/install/yolo_msgs/include/yolo_msgs/yolo_msgs/msg/detail/key_point3_d_array__type_support.hpp
[9.295s] -- Installing: /home/psh/py_bt_ros/install/yolo_msgs/include/yolo_msgs/yolo_msgs/msg/detail/key_point3_d_array__builder.hpp
[9.295s] -- Installing: /home/psh/py_bt_ros/install/yolo_msgs/include/yolo_msgs/yolo_msgs/msg/detail/mask__builder.hpp
[9.295s] -- Installing: /home/psh/py_bt_ros/install/yolo_msgs/include/yolo_msgs/yolo_msgs/msg/detail/mask__struct.hpp
[9.295s] -- Installing: /home/psh/py_bt_ros/install/yolo_msgs/include/yolo_msgs/yolo_msgs/msg/detail/detection__traits.hpp
[9.295s] -- Installing: /home/psh/py_bt_ros/install/yolo_msgs/include/yolo_msgs/yolo_msgs/msg/detail/bounding_box2_d__traits.hpp
[9.295s] -- Installing: /home/psh/py_bt_ros/install/yolo_msgs/include/yolo_msgs/yolo_msgs/msg/detail/vector2__struct.hpp
[9.295s] -- Installing: /home/psh/py_bt_ros/install/yolo_msgs/include/yolo_msgs/yolo_msgs/msg/detail/mask__type_support.hpp
[9.295s] -- Installing: /home/psh/py_bt_ros/install/yolo_msgs/include/yolo_msgs/yolo_msgs/msg/detail/point2_d__struct.hpp
[9.295s] -- Installing: /home/psh/py_bt_ros/install/yolo_msgs/include/yolo_msgs/yolo_msgs/msg/detail/key_point3_d__struct.hpp
[9.295s] -- Installing: /home/psh/py_bt_ros/install/yolo_msgs/include/yolo_msgs/yolo_msgs/msg/detail/bounding_box2_d__struct.hpp
[9.296s] -- Installing: /home/psh/py_bt_ros/install/yolo_msgs/include/yolo_msgs/yolo_msgs/msg/detail/detection_array__struct.hpp
[9.296s] -- Installing: /home/psh/py_bt_ros/install/yolo_msgs/include/yolo_msgs/yolo_msgs/msg/detail/pose2_d__type_support.hpp
[9.296s] -- Installing: /home/psh/py_bt_ros/install/yolo_msgs/include/yolo_msgs/yolo_msgs/msg/detail/mask__traits.hpp
[9.296s] -- Installing: /home/psh/py_bt_ros/install/yolo_msgs/include/yolo_msgs/yolo_msgs/msg/detail/key_point2_d__traits.hpp
[9.296s] -- Installing: /home/psh/py_bt_ros/install/yolo_msgs/include/yolo_msgs/yolo_msgs/msg/detail/key_point2_d_array__builder.hpp
[9.296s] -- Installing: /home/psh/py_bt_ros/install/yolo_msgs/include/yolo_msgs/yolo_msgs/msg/detail/vector2__builder.hpp
[9.296s] -- Installing: /home/psh/py_bt_ros/install/yolo_msgs/include/yolo_msgs/yolo_msgs/msg/detail/pose2_d__struct.hpp
[9.296s] -- Installing: /home/psh/py_bt_ros/install/yolo_msgs/include/yolo_msgs/yolo_msgs/msg/detail/vector2__type_support.hpp
[9.296s] -- Installing: /home/psh/py_bt_ros/install/yolo_msgs/include/yolo_msgs/yolo_msgs/msg/detail/detection__struct.hpp
[9.296s] -- Installing: /home/psh/py_bt_ros/install/yolo_msgs/include/yolo_msgs/yolo_msgs/msg/point2_d.hpp
[9.296s] -- Up-to-date: /home/psh/py_bt_ros/install/yolo_msgs/include/yolo_msgs/yolo_msgs/srv
[9.296s] -- Installing: /home/psh/py_bt_ros/install/yolo_msgs/include/yolo_msgs/yolo_msgs/srv/set_classes.hpp
[9.297s] -- Up-to-date: /home/psh/py_bt_ros/install/yolo_msgs/include/yolo_msgs/yolo_msgs/srv/detail
[9.297s] -- Installing: /home/psh/py_bt_ros/install/yolo_msgs/include/yolo_msgs/yolo_msgs/srv/detail/set_classes__type_support.hpp
[9.297s] -- Installing: /home/psh/py_bt_ros/install/yolo_msgs/include/yolo_msgs/yolo_msgs/srv/detail/set_classes__builder.hpp
[9.297s] -- Installing: /home/psh/py_bt_ros/install/yolo_msgs/include/yolo_msgs/yolo_msgs/srv/detail/set_classes__struct.hpp
[9.297s] -- Installing: /home/psh/py_bt_ros/install/yolo_msgs/include/yolo_msgs/yolo_msgs/srv/detail/set_classes__traits.hpp
[9.297s] -- Up-to-date: /home/psh/py_bt_ros/install/yolo_msgs/include/yolo_msgs/yolo_msgs
[9.297s] -- Up-to-date: /home/psh/py_bt_ros/install/yolo_msgs/include/yolo_msgs/yolo_msgs/msg
[9.297s] -- Installing: /home/psh/py_bt_ros/install/yolo_msgs/include/yolo_msgs/yolo_msgs/msg/rosidl_typesupport_fastrtps_cpp__visibility_control.h
[9.297s] -- Up-to-date: /home/psh/py_bt_ros/install/yolo_msgs/include/yolo_msgs/yolo_msgs/msg/detail
[9.297s] -- Installing: /home/psh/py_bt_ros/install/yolo_msgs/include/yolo_msgs/yolo_msgs/msg/detail/point2_d__rosidl_typesupport_fastrtps_cpp.hpp
[9.297s] -- Installing: /home/psh/py_bt_ros/install/yolo_msgs/include/yolo_msgs/yolo_msgs/msg/detail/bounding_box2_d__rosidl_typesupport_fastrtps_cpp.hpp
[9.297s] -- Installing: /home/psh/py_bt_ros/install/yolo_msgs/include/yolo_msgs/yolo_msgs/msg/detail/key_point3_d_array__rosidl_typesupport_fastrtps_cpp.hpp
[9.297s] -- Installing: /home/psh/py_bt_ros/install/yolo_msgs/include/yolo_msgs/yolo_msgs/msg/detail/dds_fastrtps
[9.298s] -- Installing: /home/psh/py_bt_ros/install/yolo_msgs/include/yolo_msgs/yolo_msgs/msg/detail/key_point2_d__rosidl_typesupport_fastrtps_cpp.hpp
[9.298s] -- Installing: /home/psh/py_bt_ros/install/yolo_msgs/include/yolo_msgs/yolo_msgs/msg/detail/pose2_d__rosidl_typesupport_fastrtps_cpp.hpp
[9.298s] -- Installing: /home/psh/py_bt_ros/install/yolo_msgs/include/yolo_msgs/yolo_msgs/msg/detail/bounding_box3_d__rosidl_typesupport_fastrtps_cpp.hpp
[9.298s] -- Installing: /home/psh/py_bt_ros/install/yolo_msgs/include/yolo_msgs/yolo_msgs/msg/detail/vector2__rosidl_typesupport_fastrtps_cpp.hpp
[9.298s] -- Installing: /home/psh/py_bt_ros/install/yolo_msgs/include/yolo_msgs/yolo_msgs/msg/detail/detection__rosidl_typesupport_fastrtps_cpp.hpp
[9.298s] -- Installing: /home/psh/py_bt_ros/install/yolo_msgs/include/yolo_msgs/yolo_msgs/msg/detail/key_point2_d_array__rosidl_typesupport_fastrtps_cpp.hpp
[9.298s] -- Installing: /home/psh/py_bt_ros/install/yolo_msgs/include/yolo_msgs/yolo_msgs/msg/detail/key_point3_d__rosidl_typesupport_fastrtps_cpp.hpp
[9.298s] -- Installing: /home/psh/py_bt_ros/install/yolo_msgs/include/yolo_msgs/yolo_msgs/msg/detail/mask__rosidl_typesupport_fastrtps_cpp.hpp
[9.298s] -- Installing: /home/psh/py_bt_ros/install/yolo_msgs/include/yolo_msgs/yolo_msgs/msg/detail/detection_array__rosidl_typesupport_fastrtps_cpp.hpp
[9.298s] -- Up-to-date: /home/psh/py_bt_ros/install/yolo_msgs/include/yolo_msgs/yolo_msgs/srv
[9.298s] -- Up-to-date: /home/psh/py_bt_ros/install/yolo_msgs/include/yolo_msgs/yolo_msgs/srv/detail
[9.298s] -- Installing: /home/psh/py_bt_ros/install/yolo_msgs/include/yolo_msgs/yolo_msgs/srv/detail/set_classes__rosidl_typesupport_fastrtps_cpp.hpp
[9.298s] -- Installing: /home/psh/py_bt_ros/install/yolo_msgs/include/yolo_msgs/yolo_msgs/srv/detail/dds_fastrtps
[9.298s] -- Installing: /home/psh/py_bt_ros/install/yolo_msgs/lib/libyolo_msgs__rosidl_typesupport_fastrtps_cpp.so
[9.298s] -- Set runtime path of "/home/psh/py_bt_ros/install/yolo_msgs/lib/libyolo_msgs__rosidl_typesupport_fastrtps_cpp.so" to ""
[9.298s] -- Up-to-date: /home/psh/py_bt_ros/install/yolo_msgs/include/yolo_msgs/yolo_msgs
[9.299s] -- Up-to-date: /home/psh/py_bt_ros/install/yolo_msgs/include/yolo_msgs/yolo_msgs/msg
[9.299s] -- Up-to-date: /home/psh/py_bt_ros/install/yolo_msgs/include/yolo_msgs/yolo_msgs/msg/detail
[9.299s] -- Installing: /home/psh/py_bt_ros/install/yolo_msgs/include/yolo_msgs/yolo_msgs/msg/detail/key_point3_d__type_support.cpp
[9.299s] -- Installing: /home/psh/py_bt_ros/install/yolo_msgs/include/yolo_msgs/yolo_msgs/msg/detail/pose2_d__type_support.cpp
[9.299s] -- Installing: /home/psh/py_bt_ros/install/yolo_msgs/include/yolo_msgs/yolo_msgs/msg/detail/point2_d__type_support.cpp
[9.299s] -- Installing: /home/psh/py_bt_ros/install/yolo_msgs/include/yolo_msgs/yolo_msgs/msg/detail/mask__type_support.cpp
[9.299s] -- Installing: /home/psh/py_bt_ros/install/yolo_msgs/include/yolo_msgs/yolo_msgs/msg/detail/bounding_box2_d__type_support.cpp
[9.299s] -- Installing: /home/psh/py_bt_ros/install/yolo_msgs/include/yolo_msgs/yolo_msgs/msg/detail/key_point3_d__rosidl_typesupport_introspection_cpp.hpp
[9.299s] -- Installing: /home/psh/py_bt_ros/install/yolo_msgs/include/yolo_msgs/yolo_msgs/msg/detail/key_point3_d_array__type_support.cpp
[9.299s] -- Installing: /home/psh/py_bt_ros/install/yolo_msgs/include/yolo_msgs/yolo_msgs/msg/detail/detection_array__type_support.cpp
[9.299s] -- Installing: /home/psh/py_bt_ros/install/yolo_msgs/include/yolo_msgs/yolo_msgs/msg/detail/pose2_d__rosidl_typesupport_introspection_cpp.hpp
[9.299s] -- Installing: /home/psh/py_bt_ros/install/yolo_msgs/include/yolo_msgs/yolo_msgs/msg/detail/bounding_box3_d__type_support.cpp
[9.299s] -- Installing: /home/psh/py_bt_ros/install/yolo_msgs/include/yolo_msgs/yolo_msgs/msg/detail/key_point2_d__type_support.cpp
[9.299s] -- Installing: /home/psh/py_bt_ros/install/yolo_msgs/include/yolo_msgs/yolo_msgs/msg/detail/bounding_box3_d__rosidl_typesupport_introspection_cpp.hpp
[9.300s] -- Installing: /home/psh/py_bt_ros/install/yolo_msgs/include/yolo_msgs/yolo_msgs/msg/detail/mask__rosidl_typesupport_introspection_cpp.hpp
[9.300s] -- Installing: /home/psh/py_bt_ros/install/yolo_msgs/include/yolo_msgs/yolo_msgs/msg/detail/vector2__type_support.cpp
[9.300s] -- Installing: /home/psh/py_bt_ros/install/yolo_msgs/include/yolo_msgs/yolo_msgs/msg/detail/key_point2_d_array__rosidl_typesupport_introspection_cpp.hpp
[9.300s] -- Installing: /home/psh/py_bt_ros/install/yolo_msgs/include/yolo_msgs/yolo_msgs/msg/detail/key_point3_d_array__rosidl_typesupport_introspection_cpp.hpp
[9.300s] -- Installing: /home/psh/py_bt_ros/install/yolo_msgs/include/yolo_msgs/yolo_msgs/msg/detail/key_point2_d__rosidl_typesupport_introspection_cpp.hpp
[9.300s] -- Installing: /home/psh/py_bt_ros/install/yolo_msgs/include/yolo_msgs/yolo_msgs/msg/detail/detection__type_support.cpp
[9.300s] -- Installing: /home/psh/py_bt_ros/install/yolo_msgs/include/yolo_msgs/yolo_msgs/msg/detail/key_point2_d_array__type_support.cpp
[9.300s] -- Installing: /home/psh/py_bt_ros/install/yolo_msgs/include/yolo_msgs/yolo_msgs/msg/detail/detection__rosidl_typesupport_introspection_cpp.hpp
[9.300s] -- Installing: /home/psh/py_bt_ros/install/yolo_msgs/include/yolo_msgs/yolo_msgs/msg/detail/bounding_box2_d__rosidl_typesupport_introspection_cpp.hpp
[9.300s] -- Installing: /home/psh/py_bt_ros/install/yolo_msgs/include/yolo_msgs/yolo_msgs/msg/detail/vector2__rosidl_typesupport_introspection_cpp.hpp
[9.300s] -- Installing: /home/psh/py_bt_ros/install/yolo_msgs/include/yolo_msgs/yolo_msgs/msg/detail/detection_array__rosidl_typesupport_introspection_cpp.hpp
[9.300s] -- Installing: /home/psh/py_bt_ros/install/yolo_msgs/include/yolo_msgs/yolo_msgs/msg/detail/point2_d__rosidl_typesupport_introspection_cpp.hpp
[9.300s] -- Up-to-date: /home/psh/py_bt_ros/install/yolo_msgs/include/yolo_msgs/yolo_msgs/srv
[9.300s] -- Up-to-date: /home/psh/py_bt_ros/install/yolo_msgs/include/yolo_msgs/yolo_msgs/srv/detail
[9.301s] -- Installing: /home/psh/py_bt_ros/install/yolo_msgs/include/yolo_msgs/yolo_msgs/srv/detail/set_classes__rosidl_typesupport_introspection_cpp.hpp
[9.301s] -- Installing: /home/psh/py_bt_ros/install/yolo_msgs/include/yolo_msgs/yolo_msgs/srv/detail/set_classes__type_support.cpp
[9.301s] -- Installing: /home/psh/py_bt_ros/install/yolo_msgs/lib/libyolo_msgs__rosidl_typesupport_introspection_cpp.so
[9.301s] -- Set runtime path of "/home/psh/py_bt_ros/install/yolo_msgs/lib/libyolo_msgs__rosidl_typesupport_introspection_cpp.so" to ""
[9.301s] -- Installing: /home/psh/py_bt_ros/install/yolo_msgs/lib/libyolo_msgs__rosidl_typesupport_cpp.so
[9.301s] -- Set runtime path of "/home/psh/py_bt_ros/install/yolo_msgs/lib/libyolo_msgs__rosidl_typesupport_cpp.so" to ""
[9.301s] -- Installing: /home/psh/py_bt_ros/install/yolo_msgs/share/yolo_msgs/environment/pythonpath.sh
[9.301s] -- Installing: /home/psh/py_bt_ros/install/yolo_msgs/share/yolo_msgs/environment/pythonpath.dsv
[9.301s] -- Installing: /home/psh/py_bt_ros/install/yolo_msgs/local/lib/python3.10/dist-packages/yolo_msgs-4.3.1-py3.10.egg-info
[9.301s] -- Installing: /home/psh/py_bt_ros/install/yolo_msgs/local/lib/python3.10/dist-packages/yolo_msgs-4.3.1-py3.10.egg-info/PKG-INFO
[9.302s] -- Installing: /home/psh/py_bt_ros/install/yolo_msgs/local/lib/python3.10/dist-packages/yolo_msgs-4.3.1-py3.10.egg-info/top_level.txt
[9.302s] -- Installing: /home/psh/py_bt_ros/install/yolo_msgs/local/lib/python3.10/dist-packages/yolo_msgs-4.3.1-py3.10.egg-info/SOURCES.txt
[9.302s] -- Installing: /home/psh/py_bt_ros/install/yolo_msgs/local/lib/python3.10/dist-packages/yolo_msgs-4.3.1-py3.10.egg-info/dependency_links.txt
[9.302s] -- Installing: /home/psh/py_bt_ros/install/yolo_msgs/local/lib/python3.10/dist-packages/yolo_msgs
[9.302s] -- Installing: /home/psh/py_bt_ros/install/yolo_msgs/local/lib/python3.10/dist-packages/yolo_msgs/_yolo_msgs_s.ep.rosidl_typesupport_fastrtps_c.c
[9.302s] -- Installing: /home/psh/py_bt_ros/install/yolo_msgs/local/lib/python3.10/dist-packages/yolo_msgs/msg
[9.302s] -- Installing: /home/psh/py_bt_ros/install/yolo_msgs/local/lib/python3.10/dist-packages/yolo_msgs/msg/_key_point3_d_array.py
[9.302s] -- Installing: /home/psh/py_bt_ros/install/yolo_msgs/local/lib/python3.10/dist-packages/yolo_msgs/msg/_bounding_box3_d_s.c
[9.302s] -- Installing: /home/psh/py_bt_ros/install/yolo_msgs/local/lib/python3.10/dist-packages/yolo_msgs/msg/_key_point3_d.py
[9.302s] -- Installing: /home/psh/py_bt_ros/install/yolo_msgs/local/lib/python3.10/dist-packages/yolo_msgs/msg/_mask.py
[9.302s] -- Installing: /home/psh/py_bt_ros/install/yolo_msgs/local/lib/python3.10/dist-packages/yolo_msgs/msg/_mask_s.c
[9.303s] -- Installing: /home/psh/py_bt_ros/install/yolo_msgs/local/lib/python3.10/dist-packages/yolo_msgs/msg/_bounding_box3_d.py
[9.303s] -- Installing: /home/psh/py_bt_ros/install/yolo_msgs/local/lib/python3.10/dist-packages/yolo_msgs/msg/_vector2_s.c
[9.303s] -- Installing: /home/psh/py_bt_ros/install/yolo_msgs/local/lib/python3.10/dist-packages/yolo_msgs/msg/_point2_d.py
[9.303s] -- Installing: /home/psh/py_bt_ros/install/yolo_msgs/local/lib/python3.10/dist-packages/yolo_msgs/msg/_pose2_d_s.c
[9.303s] -- Installing: /home/psh/py_bt_ros/install/yolo_msgs/local/lib/python3.10/dist-packages/yolo_msgs/msg/_detection_array.py
[9.303s] -- Installing: /home/psh/py_bt_ros/install/yolo_msgs/local/lib/python3.10/dist-packages/yolo_msgs/msg/__init__.py
[9.303s] -- Installing: /home/psh/py_bt_ros/install/yolo_msgs/local/lib/python3.10/dist-packages/yolo_msgs/msg/_key_point2_d_s.c
[9.303s] -- Installing: /home/psh/py_bt_ros/install/yolo_msgs/local/lib/python3.10/dist-packages/yolo_msgs/msg/_key_point3_d_s.c
[9.303s] -- Installing: /home/psh/py_bt_ros/install/yolo_msgs/local/lib/python3.10/dist-packages/yolo_msgs/msg/_detection_s.c
[9.303s] -- Installing: /home/psh/py_bt_ros/install/yolo_msgs/local/lib/python3.10/dist-packages/yolo_msgs/msg/_detection_array_s.c
[9.303s] -- Installing: /home/psh/py_bt_ros/install/yolo_msgs/local/lib/python3.10/dist-packages/yolo_msgs/msg/_bounding_box2_d.py
[9.303s] -- Installing: /home/psh/py_bt_ros/install/yolo_msgs/local/lib/python3.10/dist-packages/yolo_msgs/msg/_key_point2_d.py
[9.303s] -- Installing: /home/psh/py_bt_ros/install/yolo_msgs/local/lib/python3.10/dist-packages/yolo_msgs/msg/_detection.py
[9.304s] -- Installing: /home/psh/py_bt_ros/install/yolo_msgs/local/lib/python3.10/dist-packages/yolo_msgs/msg/_bounding_box2_d_s.c
[9.304s] -- Installing: /home/psh/py_bt_ros/install/yolo_msgs/local/lib/python3.10/dist-packages/yolo_msgs/msg/_key_point2_d_array.py
[9.304s] -- Installing: /home/psh/py_bt_ros/install/yolo_msgs/local/lib/python3.10/dist-packages/yolo_msgs/msg/_key_point2_d_array_s.c
[9.304s] -- Installing: /home/psh/py_bt_ros/install/yolo_msgs/local/lib/python3.10/dist-packages/yolo_msgs/msg/_key_point3_d_array_s.c
[9.304s] -- Installing: /home/psh/py_bt_ros/install/yolo_msgs/local/lib/python3.10/dist-packages/yolo_msgs/msg/_point2_d_s.c
[9.304s] -- Installing: /home/psh/py_bt_ros/install/yolo_msgs/local/lib/python3.10/dist-packages/yolo_msgs/msg/_pose2_d.py
[9.304s] -- Installing: /home/psh/py_bt_ros/install/yolo_msgs/local/lib/python3.10/dist-packages/yolo_msgs/msg/_vector2.py
[9.304s] -- Installing: /home/psh/py_bt_ros/install/yolo_msgs/local/lib/python3.10/dist-packages/yolo_msgs/libyolo_msgs__rosidl_generator_py.so
[9.304s] -- Installing: /home/psh/py_bt_ros/install/yolo_msgs/local/lib/python3.10/dist-packages/yolo_msgs/yolo_msgs_s__rosidl_typesupport_fastrtps_c.cpython-310-x86_64-linux-gnu.so
[9.304s] -- Installing: /home/psh/py_bt_ros/install/yolo_msgs/local/lib/python3.10/dist-packages/yolo_msgs/srv
[9.304s] -- Installing: /home/psh/py_bt_ros/install/yolo_msgs/local/lib/python3.10/dist-packages/yolo_msgs/srv/__init__.py
[9.304s] -- Installing: /home/psh/py_bt_ros/install/yolo_msgs/local/lib/python3.10/dist-packages/yolo_msgs/srv/_set_classes_s.c
[9.304s] -- Installing: /home/psh/py_bt_ros/install/yolo_msgs/local/lib/python3.10/dist-packages/yolo_msgs/srv/_set_classes.py
[9.305s] -- Installing: /home/psh/py_bt_ros/install/yolo_msgs/local/lib/python3.10/dist-packages/yolo_msgs/__init__.py
[9.305s] -- Installing: /home/psh/py_bt_ros/install/yolo_msgs/local/lib/python3.10/dist-packages/yolo_msgs/_yolo_msgs_s.ep.rosidl_typesupport_introspection_c.c
[9.305s] -- Installing: /home/psh/py_bt_ros/install/yolo_msgs/local/lib/python3.10/dist-packages/yolo_msgs/_yolo_msgs_s.ep.rosidl_typesupport_c.c
[9.305s] -- Installing: /home/psh/py_bt_ros/install/yolo_msgs/local/lib/python3.10/dist-packages/yolo_msgs/yolo_msgs_s__rosidl_typesupport_introspection_c.cpython-310-x86_64-linux-gnu.so
[9.305s] -- Installing: /home/psh/py_bt_ros/install/yolo_msgs/local/lib/python3.10/dist-packages/yolo_msgs/yolo_msgs_s__rosidl_typesupport_c.cpython-310-x86_64-linux-gnu.so
[9.356s] Listing '/home/psh/py_bt_ros/install/yolo_msgs/local/lib/python3.10/dist-packages/yolo_msgs'...
[9.356s] Compiling '/home/psh/py_bt_ros/install/yolo_msgs/local/lib/python3.10/dist-packages/yolo_msgs/__init__.py'...
[9.356s] Listing '/home/psh/py_bt_ros/install/yolo_msgs/local/lib/python3.10/dist-packages/yolo_msgs/msg'...
[9.356s] Compiling '/home/psh/py_bt_ros/install/yolo_msgs/local/lib/python3.10/dist-packages/yolo_msgs/msg/__init__.py'...
[9.356s] Compiling '/home/psh/py_bt_ros/install/yolo_msgs/local/lib/python3.10/dist-packages/yolo_msgs/msg/_bounding_box2_d.py'...
[9.356s] Compiling '/home/psh/py_bt_ros/install/yolo_msgs/local/lib/python3.10/dist-packages/yolo_msgs/msg/_bounding_box3_d.py'...
[9.356s] Compiling '/home/psh/py_bt_ros/install/yolo_msgs/local/lib/python3.10/dist-packages/yolo_msgs/msg/_detection.py'...
[9.356s] Compiling '/home/psh/py_bt_ros/install/yolo_msgs/local/lib/python3.10/dist-packages/yolo_msgs/msg/_detection_array.py'...
[9.356s] Compiling '/home/psh/py_bt_ros/install/yolo_msgs/local/lib/python3.10/dist-packages/yolo_msgs/msg/_key_point2_d.py'...
[9.357s] Compiling '/home/psh/py_bt_ros/install/yolo_msgs/local/lib/python3.10/dist-packages/yolo_msgs/msg/_key_point2_d_array.py'...
[9.357s] Compiling '/home/psh/py_bt_ros/install/yolo_msgs/local/lib/python3.10/dist-packages/yolo_msgs/msg/_key_point3_d.py'...
[9.357s] Compiling '/home/psh/py_bt_ros/install/yolo_msgs/local/lib/python3.10/dist-packages/yolo_msgs/msg/_key_point3_d_array.py'...
[9.357s] Compiling '/home/psh/py_bt_ros/install/yolo_msgs/local/lib/python3.10/dist-packages/yolo_msgs/msg/_mask.py'...
[9.357s] Compiling '/home/psh/py_bt_ros/install/yolo_msgs/local/lib/python3.10/dist-packages/yolo_msgs/msg/_point2_d.py'...
[9.357s] Compiling '/home/psh/py_bt_ros/install/yolo_msgs/local/lib/python3.10/dist-packages/yolo_msgs/msg/_pose2_d.py'...
[9.357s] Compiling '/home/psh/py_bt_ros/install/yolo_msgs/local/lib/python3.10/dist-packages/yolo_msgs/msg/_vector2.py'...
[9.357s] Listing '/home/psh/py_bt_ros/install/yolo_msgs/local/lib/python3.10/dist-packages/yolo_msgs/srv'...
[9.357s] Compiling '/home/psh/py_bt_ros/install/yolo_msgs/local/lib/python3.10/dist-packages/yolo_msgs/srv/__init__.py'...
[9.357s] Compiling '/home/psh/py_bt_ros/install/yolo_msgs/local/lib/python3.10/dist-packages/yolo_msgs/srv/_set_classes.py'...
[9.361s] -- Installing: /home/psh/py_bt_ros/install/yolo_msgs/local/lib/python3.10/dist-packages/yolo_msgs/yolo_msgs_s__rosidl_typesupport_fastrtps_c.cpython-310-x86_64-linux-gnu.so
[9.362s] -- Set runtime path of "/home/psh/py_bt_ros/install/yolo_msgs/local/lib/python3.10/dist-packages/yolo_msgs/yolo_msgs_s__rosidl_typesupport_fastrtps_c.cpython-310-x86_64-linux-gnu.so" to ""
[9.362s] -- Installing: /home/psh/py_bt_ros/install/yolo_msgs/local/lib/python3.10/dist-packages/yolo_msgs/yolo_msgs_s__rosidl_typesupport_introspection_c.cpython-310-x86_64-linux-gnu.so
[9.362s] -- Set runtime path of "/home/psh/py_bt_ros/install/yolo_msgs/local/lib/python3.10/dist-packages/yolo_msgs/yolo_msgs_s__rosidl_typesupport_introspection_c.cpython-310-x86_64-linux-gnu.so" to ""
[9.362s] -- Installing: /home/psh/py_bt_ros/install/yolo_msgs/local/lib/python3.10/dist-packages/yolo_msgs/yolo_msgs_s__rosidl_typesupport_c.cpython-310-x86_64-linux-gnu.so
[9.363s] -- Set runtime path of "/home/psh/py_bt_ros/install/yolo_msgs/local/lib/python3.10/dist-packages/yolo_msgs/yolo_msgs_s__rosidl_typesupport_c.cpython-310-x86_64-linux-gnu.so" to ""
[9.363s] -- Installing: /home/psh/py_bt_ros/install/yolo_msgs/lib/libyolo_msgs__rosidl_generator_py.so
[9.363s] -- Set runtime path of "/home/psh/py_bt_ros/install/yolo_msgs/lib/libyolo_msgs__rosidl_generator_py.so" to ""
[9.363s] -- Installing: /home/psh/py_bt_ros/install/yolo_msgs/share/yolo_msgs/msg/Point2D.idl
[9.363s] -- Installing: /home/psh/py_bt_ros/install/yolo_msgs/share/yolo_msgs/msg/Vector2.idl
[9.364s] -- Installing: /home/psh/py_bt_ros/install/yolo_msgs/share/yolo_msgs/msg/Pose2D.idl
[9.364s] -- Installing: /home/psh/py_bt_ros/install/yolo_msgs/share/yolo_msgs/msg/BoundingBox2D.idl
[9.364s] -- Installing: /home/psh/py_bt_ros/install/yolo_msgs/share/yolo_msgs/msg/BoundingBox3D.idl
[9.364s] -- Installing: /home/psh/py_bt_ros/install/yolo_msgs/share/yolo_msgs/msg/Mask.idl
[9.364s] -- Installing: /home/psh/py_bt_ros/install/yolo_msgs/share/yolo_msgs/msg/KeyPoint2D.idl
[9.364s] -- Installing: /home/psh/py_bt_ros/install/yolo_msgs/share/yolo_msgs/msg/KeyPoint2DArray.idl
[9.364s] -- Installing: /home/psh/py_bt_ros/install/yolo_msgs/share/yolo_msgs/msg/KeyPoint3D.idl
[9.364s] -- Installing: /home/psh/py_bt_ros/install/yolo_msgs/share/yolo_msgs/msg/KeyPoint3DArray.idl
[9.364s] -- Installing: /home/psh/py_bt_ros/install/yolo_msgs/share/yolo_msgs/msg/Detection.idl
[9.364s] -- Installing: /home/psh/py_bt_ros/install/yolo_msgs/share/yolo_msgs/msg/DetectionArray.idl
[9.364s] -- Installing: /home/psh/py_bt_ros/install/yolo_msgs/share/yolo_msgs/srv/SetClasses.idl
[9.365s] -- Installing: /home/psh/py_bt_ros/install/yolo_msgs/share/yolo_msgs/msg/Point2D.msg
[9.365s] -- Installing: /home/psh/py_bt_ros/install/yolo_msgs/share/yolo_msgs/msg/Vector2.msg
[9.365s] -- Installing: /home/psh/py_bt_ros/install/yolo_msgs/share/yolo_msgs/msg/Pose2D.msg
[9.365s] -- Installing: /home/psh/py_bt_ros/install/yolo_msgs/share/yolo_msgs/msg/BoundingBox2D.msg
[9.365s] -- Installing: /home/psh/py_bt_ros/install/yolo_msgs/share/yolo_msgs/msg/BoundingBox3D.msg
[9.365s] -- Installing: /home/psh/py_bt_ros/install/yolo_msgs/share/yolo_msgs/msg/Mask.msg
[9.365s] -- Installing: /home/psh/py_bt_ros/install/yolo_msgs/share/yolo_msgs/msg/KeyPoint2D.msg
[9.365s] -- Installing: /home/psh/py_bt_ros/install/yolo_msgs/share/yolo_msgs/msg/KeyPoint2DArray.msg
[9.365s] -- Installing: /home/psh/py_bt_ros/install/yolo_msgs/share/yolo_msgs/msg/KeyPoint3D.msg
[9.366s] -- Installing: /home/psh/py_bt_ros/install/yolo_msgs/share/yolo_msgs/msg/KeyPoint3DArray.msg
[9.366s] -- Installing: /home/psh/py_bt_ros/install/yolo_msgs/share/yolo_msgs/msg/Detection.msg
[9.366s] -- Installing: /home/psh/py_bt_ros/install/yolo_msgs/share/yolo_msgs/msg/DetectionArray.msg
[9.366s] -- Installing: /home/psh/py_bt_ros/install/yolo_msgs/share/yolo_msgs/srv/SetClasses.srv
[9.366s] -- Installing: /home/psh/py_bt_ros/install/yolo_msgs/share/yolo_msgs/srv/SetClasses_Request.msg
[9.366s] -- Installing: /home/psh/py_bt_ros/install/yolo_msgs/share/yolo_msgs/srv/SetClasses_Response.msg
[9.366s] -- Installing: /home/psh/py_bt_ros/install/yolo_msgs/share/ament_index/resource_index/package_run_dependencies/yolo_msgs
[9.366s] -- Installing: /home/psh/py_bt_ros/install/yolo_msgs/share/ament_index/resource_index/parent_prefix_path/yolo_msgs
[9.366s] -- Installing: /home/psh/py_bt_ros/install/yolo_msgs/share/yolo_msgs/environment/ament_prefix_path.sh
[9.367s] -- Installing: /home/psh/py_bt_ros/install/yolo_msgs/share/yolo_msgs/environment/ament_prefix_path.dsv
[9.367s] -- Installing: /home/psh/py_bt_ros/install/yolo_msgs/share/yolo_msgs/environment/path.sh
[9.367s] -- Installing: /home/psh/py_bt_ros/install/yolo_msgs/share/yolo_msgs/environment/path.dsv
[9.367s] -- Installing: /home/psh/py_bt_ros/install/yolo_msgs/share/yolo_msgs/local_setup.bash
[9.367s] -- Installing: /home/psh/py_bt_ros/install/yolo_msgs/share/yolo_msgs/local_setup.sh
[9.367s] -- Installing: /home/psh/py_bt_ros/install/yolo_msgs/share/yolo_msgs/local_setup.zsh
[9.367s] -- Installing: /home/psh/py_bt_ros/install/yolo_msgs/share/yolo_msgs/local_setup.dsv
[9.367s] -- Installing: /home/psh/py_bt_ros/install/yolo_msgs/share/yolo_msgs/package.dsv
[9.368s] -- Installing: /home/psh/py_bt_ros/install/yolo_msgs/share/ament_index/resource_index/packages/yolo_msgs
[9.368s] -- Installing: /home/psh/py_bt_ros/install/yolo_msgs/share/yolo_msgs/cmake/export_yolo_msgs__rosidl_generator_cExport.cmake
[9.368s] -- Installing: /home/psh/py_bt_ros/install/yolo_msgs/share/yolo_msgs/cmake/export_yolo_msgs__rosidl_generator_cExport-noconfig.cmake
[9.368s] -- Installing: /home/psh/py_bt_ros/install/yolo_msgs/share/yolo_msgs/cmake/export_yolo_msgs__rosidl_typesupport_fastrtps_cExport.cmake
[9.368s] -- Installing: /home/psh/py_bt_ros/install/yolo_msgs/share/yolo_msgs/cmake/export_yolo_msgs__rosidl_typesupport_fastrtps_cExport-noconfig.cmake
[9.368s] -- Installing: /home/psh/py_bt_ros/install/yolo_msgs/share/yolo_msgs/cmake/yolo_msgs__rosidl_typesupport_introspection_cExport.cmake
[9.368s] -- Installing: /home/psh/py_bt_ros/install/yolo_msgs/share/yolo_msgs/cmake/yolo_msgs__rosidl_typesupport_introspection_cExport-noconfig.cmake
[9.368s] -- Installing: /home/psh/py_bt_ros/install/yolo_msgs/share/yolo_msgs/cmake/yolo_msgs__rosidl_typesupport_cExport.cmake
[9.369s] -- Installing: /home/psh/py_bt_ros/install/yolo_msgs/share/yolo_msgs/cmake/yolo_msgs__rosidl_typesupport_cExport-noconfig.cmake
[9.369s] -- Installing: /home/psh/py_bt_ros/install/yolo_msgs/share/yolo_msgs/cmake/export_yolo_msgs__rosidl_generator_cppExport.cmake
[9.369s] -- Installing: /home/psh/py_bt_ros/install/yolo_msgs/share/yolo_msgs/cmake/export_yolo_msgs__rosidl_typesupport_fastrtps_cppExport.cmake
[9.369s] -- Installing: /home/psh/py_bt_ros/install/yolo_msgs/share/yolo_msgs/cmake/export_yolo_msgs__rosidl_typesupport_fastrtps_cppExport-noconfig.cmake
[9.369s] -- Installing: /home/psh/py_bt_ros/install/yolo_msgs/share/yolo_msgs/cmake/yolo_msgs__rosidl_typesupport_introspection_cppExport.cmake
[9.369s] -- Installing: /home/psh/py_bt_ros/install/yolo_msgs/share/yolo_msgs/cmake/yolo_msgs__rosidl_typesupport_introspection_cppExport-noconfig.cmake
[9.369s] -- Installing: /home/psh/py_bt_ros/install/yolo_msgs/share/yolo_msgs/cmake/yolo_msgs__rosidl_typesupport_cppExport.cmake
[9.369s] -- Installing: /home/psh/py_bt_ros/install/yolo_msgs/share/yolo_msgs/cmake/yolo_msgs__rosidl_typesupport_cppExport-noconfig.cmake
[9.370s] -- Installing: /home/psh/py_bt_ros/install/yolo_msgs/share/yolo_msgs/cmake/export_yolo_msgs__rosidl_generator_pyExport.cmake
[9.370s] -- Installing: /home/psh/py_bt_ros/install/yolo_msgs/share/yolo_msgs/cmake/export_yolo_msgs__rosidl_generator_pyExport-noconfig.cmake
[9.370s] -- Installing: /home/psh/py_bt_ros/install/yolo_msgs/share/yolo_msgs/cmake/rosidl_cmake-extras.cmake
[9.370s] -- Installing: /home/psh/py_bt_ros/install/yolo_msgs/share/yolo_msgs/cmake/ament_cmake_export_dependencies-extras.cmake
[9.370s] -- Installing: /home/psh/py_bt_ros/install/yolo_msgs/share/yolo_msgs/cmake/ament_cmake_export_include_directories-extras.cmake
[9.370s] -- Installing: /home/psh/py_bt_ros/install/yolo_msgs/share/yolo_msgs/cmake/ament_cmake_export_libraries-extras.cmake
[9.370s] -- Installing: /home/psh/py_bt_ros/install/yolo_msgs/share/yolo_msgs/cmake/ament_cmake_export_targets-extras.cmake
[9.370s] -- Installing: /home/psh/py_bt_ros/install/yolo_msgs/share/yolo_msgs/cmake/rosidl_cmake_export_typesupport_targets-extras.cmake
[9.371s] -- Installing: /home/psh/py_bt_ros/install/yolo_msgs/share/yolo_msgs/cmake/rosidl_cmake_export_typesupport_libraries-extras.cmake
[9.371s] -- Installing: /home/psh/py_bt_ros/install/yolo_msgs/share/yolo_msgs/cmake/yolo_msgsConfig.cmake
[9.371s] -- Installing: /home/psh/py_bt_ros/install/yolo_msgs/share/yolo_msgs/cmake/yolo_msgsConfig-version.cmake
[9.371s] -- Installing: /home/psh/py_bt_ros/install/yolo_msgs/share/yolo_msgs/package.xml
[9.375s] Invoked command in '/home/psh/py_bt_ros/build/yolo_msgs' returned '0': CMAKE_PREFIX_PATH=${CMAKE_PREFIX_PATH}:/opt/ros/humble /usr/bin/cmake --install /home/psh/py_bt_ros/build/yolo_msgs
