[0.013s] Invoking command in '/home/psh/py_bt_ros/build/yolo_bringup': AMENT_PREFIX_PATH=/home/psh/py_bt_ros/install/yolo_ros:/home/psh/py_bt_ros/install/yolo_msgs:${AMENT_PREFIX_PATH} CMAKE_PREFIX_PATH=/home/psh/py_bt_ros/install/yolo_msgs:/home/psh/wego_ws/install/ydlidar_sdk:/home/psh/wego_ws/install/ydlidar_ros2_driver:/home/psh/wego_ws/install/slam_toolbox:/home/psh/wego_ws/install/orbbec_description:/home/psh/wego_ws/install/orbbec_camera:/home/psh/wego_ws/install/orbbec_camera_msgs:/home/psh/wego_ws/install/limo_base:/home/psh/wego_ws/install/limo_msgs:/home/psh/wego_ws/install/limo_description:/home/psh/wego_ws/install/limo_car:/opt/ros/humble LD_LIBRARY_PATH=/home/psh/py_bt_ros/install/yolo_msgs/lib:${LD_LIBRARY_PATH} PYTHONPATH=/home/psh/py_bt_ros/install/yolo_ros/lib/python3.10/site-packages:/home/psh/py_bt_ros/install/yolo_msgs/local/lib/python3.10/dist-packages:${PYTHONPATH} /usr/bin/cmake /home/psh/py_bt_ros/src/yolo_ros/yolo_bringup -DCMAKE_INSTALL_PREFIX=/home/psh/py_bt_ros/install/yolo_bringup
[0.086s] -- The C compiler identification is GNU 11.4.0
[0.156s] -- The CXX compiler identification is GNU 11.4.0
[0.165s] -- Detecting C compiler ABI info
[0.254s] -- Detecting C compiler ABI info - done
[0.264s] -- Check for working C compiler: /usr/bin/cc - skipped
[0.264s] -- Detecting C compile features
[0.264s] -- Detecting C compile features - done
[0.268s] -- Detecting CXX compiler ABI info
[0.371s] -- Detecting CXX compiler ABI info - done
[0.381s] -- Check for working CXX compiler: /usr/bin/c++ - skipped
[0.381s] -- Detecting CXX compile features
[0.382s] -- Detecting CXX compile features - done
[0.386s] -- Found ament_cmake: 1.3.12 (/opt/ros/humble/share/ament_cmake/cmake)
[0.596s] -- Found Python3: /usr/bin/python3 (found version "3.10.12") found components: Interpreter 
[0.797s] -- Configuring done
[0.800s] -- Generating done
[0.801s] -- Build files have been written to: /home/psh/py_bt_ros/build/yolo_bringup
[0.807s] Invoked command in '/home/psh/py_bt_ros/build/yolo_bringup' returned '0': AMENT_PREFIX_PATH=/home/psh/py_bt_ros/install/yolo_ros:/home/psh/py_bt_ros/install/yolo_msgs:${AMENT_PREFIX_PATH} CMAKE_PREFIX_PATH=/home/psh/py_bt_ros/install/yolo_msgs:/home/psh/wego_ws/install/ydlidar_sdk:/home/psh/wego_ws/install/ydlidar_ros2_driver:/home/psh/wego_ws/install/slam_toolbox:/home/psh/wego_ws/install/orbbec_description:/home/psh/wego_ws/install/orbbec_camera:/home/psh/wego_ws/install/orbbec_camera_msgs:/home/psh/wego_ws/install/limo_base:/home/psh/wego_ws/install/limo_msgs:/home/psh/wego_ws/install/limo_description:/home/psh/wego_ws/install/limo_car:/opt/ros/humble LD_LIBRARY_PATH=/home/psh/py_bt_ros/install/yolo_msgs/lib:${LD_LIBRARY_PATH} PYTHONPATH=/home/psh/py_bt_ros/install/yolo_ros/lib/python3.10/site-packages:/home/psh/py_bt_ros/install/yolo_msgs/local/lib/python3.10/dist-packages:${PYTHONPATH} /usr/bin/cmake /home/psh/py_bt_ros/src/yolo_ros/yolo_bringup -DCMAKE_INSTALL_PREFIX=/home/psh/py_bt_ros/install/yolo_bringup
[0.809s] Invoking command in '/home/psh/py_bt_ros/build/yolo_bringup': AMENT_PREFIX_PATH=/home/psh/py_bt_ros/install/yolo_ros:/home/psh/py_bt_ros/install/yolo_msgs:${AMENT_PREFIX_PATH} CMAKE_PREFIX_PATH=/home/psh/py_bt_ros/install/yolo_msgs:/home/psh/wego_ws/install/ydlidar_sdk:/home/psh/wego_ws/install/ydlidar_ros2_driver:/home/psh/wego_ws/install/slam_toolbox:/home/psh/wego_ws/install/orbbec_description:/home/psh/wego_ws/install/orbbec_camera:/home/psh/wego_ws/install/orbbec_camera_msgs:/home/psh/wego_ws/install/limo_base:/home/psh/wego_ws/install/limo_msgs:/home/psh/wego_ws/install/limo_description:/home/psh/wego_ws/install/limo_car:/opt/ros/humble LD_LIBRARY_PATH=/home/psh/py_bt_ros/install/yolo_msgs/lib:${LD_LIBRARY_PATH} PYTHONPATH=/home/psh/py_bt_ros/install/yolo_ros/lib/python3.10/site-packages:/home/psh/py_bt_ros/install/yolo_msgs/local/lib/python3.10/dist-packages:${PYTHONPATH} /usr/bin/cmake --build /home/psh/py_bt_ros/build/yolo_bringup -- -j22 -l22
[0.858s] Invoked command in '/home/psh/py_bt_ros/build/yolo_bringup' returned '0': AMENT_PREFIX_PATH=/home/psh/py_bt_ros/install/yolo_ros:/home/psh/py_bt_ros/install/yolo_msgs:${AMENT_PREFIX_PATH} CMAKE_PREFIX_PATH=/home/psh/py_bt_ros/install/yolo_msgs:/home/psh/wego_ws/install/ydlidar_sdk:/home/psh/wego_ws/install/ydlidar_ros2_driver:/home/psh/wego_ws/install/slam_toolbox:/home/psh/wego_ws/install/orbbec_description:/home/psh/wego_ws/install/orbbec_camera:/home/psh/wego_ws/install/orbbec_camera_msgs:/home/psh/wego_ws/install/limo_base:/home/psh/wego_ws/install/limo_msgs:/home/psh/wego_ws/install/limo_description:/home/psh/wego_ws/install/limo_car:/opt/ros/humble LD_LIBRARY_PATH=/home/psh/py_bt_ros/install/yolo_msgs/lib:${LD_LIBRARY_PATH} PYTHONPATH=/home/psh/py_bt_ros/install/yolo_ros/lib/python3.10/site-packages:/home/psh/py_bt_ros/install/yolo_msgs/local/lib/python3.10/dist-packages:${PYTHONPATH} /usr/bin/cmake --build /home/psh/py_bt_ros/build/yolo_bringup -- -j22 -l22
[0.860s] Invoking command in '/home/psh/py_bt_ros/build/yolo_bringup': AMENT_PREFIX_PATH=/home/psh/py_bt_ros/install/yolo_ros:/home/psh/py_bt_ros/install/yolo_msgs:${AMENT_PREFIX_PATH} CMAKE_PREFIX_PATH=/home/psh/py_bt_ros/install/yolo_msgs:/home/psh/wego_ws/install/ydlidar_sdk:/home/psh/wego_ws/install/ydlidar_ros2_driver:/home/psh/wego_ws/install/slam_toolbox:/home/psh/wego_ws/install/orbbec_description:/home/psh/wego_ws/install/orbbec_camera:/home/psh/wego_ws/install/orbbec_camera_msgs:/home/psh/wego_ws/install/limo_base:/home/psh/wego_ws/install/limo_msgs:/home/psh/wego_ws/install/limo_description:/home/psh/wego_ws/install/limo_car:/opt/ros/humble LD_LIBRARY_PATH=/home/psh/py_bt_ros/install/yolo_msgs/lib:${LD_LIBRARY_PATH} PYTHONPATH=/home/psh/py_bt_ros/install/yolo_ros/lib/python3.10/site-packages:/home/psh/py_bt_ros/install/yolo_msgs/local/lib/python3.10/dist-packages:${PYTHONPATH} /usr/bin/cmake --install /home/psh/py_bt_ros/build/yolo_bringup
[0.870s] -- Install configuration: ""
[0.870s] -- Installing: /home/psh/py_bt_ros/install/yolo_bringup/share/yolo_bringup//launch
[0.870s] -- Installing: /home/psh/py_bt_ros/install/yolo_bringup/share/yolo_bringup//launch/yolo-world.launch.py
[0.871s] -- Installing: /home/psh/py_bt_ros/install/yolo_bringup/share/yolo_bringup//launch/yolov10.launch.py
[0.871s] -- Installing: /home/psh/py_bt_ros/install/yolo_bringup/share/yolo_bringup//launch/yolo.launch.py
[0.871s] -- Installing: /home/psh/py_bt_ros/install/yolo_bringup/share/yolo_bringup//launch/yolov11.launch.py
[0.871s] -- Installing: /home/psh/py_bt_ros/install/yolo_bringup/share/yolo_bringup//launch/yolov12.launch.py
[0.871s] -- Installing: /home/psh/py_bt_ros/install/yolo_bringup/share/yolo_bringup//launch/yoloe.launch.py
[0.871s] -- Installing: /home/psh/py_bt_ros/install/yolo_bringup/share/yolo_bringup//launch/yolov8.launch.py
[0.871s] -- Installing: /home/psh/py_bt_ros/install/yolo_bringup/share/yolo_bringup//launch/yolov5.launch.py
[0.871s] -- Installing: /home/psh/py_bt_ros/install/yolo_bringup/share/yolo_bringup//launch/yolov9.launch.py
[0.872s] -- Installing: /home/psh/py_bt_ros/install/yolo_bringup/share/ament_index/resource_index/package_run_dependencies/yolo_bringup
[0.872s] -- Installing: /home/psh/py_bt_ros/install/yolo_bringup/share/ament_index/resource_index/parent_prefix_path/yolo_bringup
[0.872s] -- Installing: /home/psh/py_bt_ros/install/yolo_bringup/share/yolo_bringup/environment/ament_prefix_path.sh
[0.872s] -- Installing: /home/psh/py_bt_ros/install/yolo_bringup/share/yolo_bringup/environment/ament_prefix_path.dsv
[0.872s] -- Installing: /home/psh/py_bt_ros/install/yolo_bringup/share/yolo_bringup/environment/path.sh
[0.872s] -- Installing: /home/psh/py_bt_ros/install/yolo_bringup/share/yolo_bringup/environment/path.dsv
[0.873s] -- Installing: /home/psh/py_bt_ros/install/yolo_bringup/share/yolo_bringup/local_setup.bash
[0.873s] -- Installing: /home/psh/py_bt_ros/install/yolo_bringup/share/yolo_bringup/local_setup.sh
[0.873s] -- Installing: /home/psh/py_bt_ros/install/yolo_bringup/share/yolo_bringup/local_setup.zsh
[0.873s] -- Installing: /home/psh/py_bt_ros/install/yolo_bringup/share/yolo_bringup/local_setup.dsv
[0.873s] -- Installing: /home/psh/py_bt_ros/install/yolo_bringup/share/yolo_bringup/package.dsv
[0.873s] -- Installing: /home/psh/py_bt_ros/install/yolo_bringup/share/ament_index/resource_index/packages/yolo_bringup
[0.873s] -- Installing: /home/psh/py_bt_ros/install/yolo_bringup/share/yolo_bringup/cmake/yolo_bringupConfig.cmake
[0.873s] -- Installing: /home/psh/py_bt_ros/install/yolo_bringup/share/yolo_bringup/cmake/yolo_bringupConfig-version.cmake
[0.873s] -- Installing: /home/psh/py_bt_ros/install/yolo_bringup/share/yolo_bringup/package.xml
[0.876s] Invoked command in '/home/psh/py_bt_ros/build/yolo_bringup' returned '0': AMENT_PREFIX_PATH=/home/psh/py_bt_ros/install/yolo_ros:/home/psh/py_bt_ros/install/yolo_msgs:${AMENT_PREFIX_PATH} CMAKE_PREFIX_PATH=/home/psh/py_bt_ros/install/yolo_msgs:/home/psh/wego_ws/install/ydlidar_sdk:/home/psh/wego_ws/install/ydlidar_ros2_driver:/home/psh/wego_ws/install/slam_toolbox:/home/psh/wego_ws/install/orbbec_description:/home/psh/wego_ws/install/orbbec_camera:/home/psh/wego_ws/install/orbbec_camera_msgs:/home/psh/wego_ws/install/limo_base:/home/psh/wego_ws/install/limo_msgs:/home/psh/wego_ws/install/limo_description:/home/psh/wego_ws/install/limo_car:/opt/ros/humble LD_LIBRARY_PATH=/home/psh/py_bt_ros/install/yolo_msgs/lib:${LD_LIBRARY_PATH} PYTHONPATH=/home/psh/py_bt_ros/install/yolo_ros/lib/python3.10/site-packages:/home/psh/py_bt_ros/install/yolo_msgs/local/lib/python3.10/dist-packages:${PYTHONPATH} /usr/bin/cmake --install /home/psh/py_bt_ros/build/yolo_bringup
