[1.268s] Invoking command in '/home/psh/py_bt_ros/src/yolo_ros/yolo_ros': AMENT_PREFIX_PATH=/home/psh/py_bt_ros/install/yolo_msgs:${AMENT_PREFIX_PATH} CMAKE_PREFIX_PATH=/home/psh/py_bt_ros/install/yolo_msgs:${CMAKE_PREFIX_PATH} LD_LIBRARY_PATH=/home/psh/py_bt_ros/install/yolo_msgs/lib:${LD_LIBRARY_PATH} PYTHONPATH=/home/psh/py_bt_ros/build/yolo_ros/prefix_override:/usr/lib/python3/dist-packages/colcon_core/task/python/colcon_distutils_commands:/home/psh/py_bt_ros/install/yolo_ros/lib/python3.10/site-packages:/home/psh/py_bt_ros/install/yolo_msgs/local/lib/python3.10/dist-packages:${PYTHONPATH} /usr/bin/python3 -W ignore:setup.py install is deprecated -W ignore:easy_install command is deprecated setup.py egg_info --egg-base ../../../build/yolo_ros build --build-base /home/psh/py_bt_ros/build/yolo_ros/build install --record /home/psh/py_bt_ros/build/yolo_ros/install.log --single-version-externally-managed install_data
[1.581s] running egg_info
[1.582s] writing ../../../build/yolo_ros/yolo_ros.egg-info/PKG-INFO
[1.582s] writing dependency_links to ../../../build/yolo_ros/yolo_ros.egg-info/dependency_links.txt
[1.582s] writing entry points to ../../../build/yolo_ros/yolo_ros.egg-info/entry_points.txt
[1.583s] writing requirements to ../../../build/yolo_ros/yolo_ros.egg-info/requires.txt
[1.583s] writing top-level names to ../../../build/yolo_ros/yolo_ros.egg-info/top_level.txt
[1.585s] reading manifest file '../../../build/yolo_ros/yolo_ros.egg-info/SOURCES.txt'
[1.585s] writing manifest file '../../../build/yolo_ros/yolo_ros.egg-info/SOURCES.txt'
[1.585s] running build
[1.586s] running build_py
[1.586s] running install
[1.587s] running install_lib
[1.588s] running install_data
[1.588s] running install_egg_info
[1.590s] removing '/home/psh/py_bt_ros/install/yolo_ros/lib/python3.10/site-packages/yolo_ros-0.0.0-py3.10.egg-info' (and everything under it)
[1.591s] Copying ../../../build/yolo_ros/yolo_ros.egg-info to /home/psh/py_bt_ros/install/yolo_ros/lib/python3.10/site-packages/yolo_ros-0.0.0-py3.10.egg-info
[1.591s] running install_scripts
[1.619s] Installing debug_node script to /home/psh/py_bt_ros/install/yolo_ros/lib/yolo_ros
[1.620s] Installing detect_3d_node script to /home/psh/py_bt_ros/install/yolo_ros/lib/yolo_ros
[1.620s] Installing tracking_node script to /home/psh/py_bt_ros/install/yolo_ros/lib/yolo_ros
[1.620s] Installing yolo_node script to /home/psh/py_bt_ros/install/yolo_ros/lib/yolo_ros
[1.620s] writing list of installed files to '/home/psh/py_bt_ros/build/yolo_ros/install.log'
[1.668s] Invoked command in '/home/psh/py_bt_ros/src/yolo_ros/yolo_ros' returned '0': AMENT_PREFIX_PATH=/home/psh/py_bt_ros/install/yolo_msgs:${AMENT_PREFIX_PATH} CMAKE_PREFIX_PATH=/home/psh/py_bt_ros/install/yolo_msgs:${CMAKE_PREFIX_PATH} LD_LIBRARY_PATH=/home/psh/py_bt_ros/install/yolo_msgs/lib:${LD_LIBRARY_PATH} PYTHONPATH=/home/psh/py_bt_ros/build/yolo_ros/prefix_override:/usr/lib/python3/dist-packages/colcon_core/task/python/colcon_distutils_commands:/home/psh/py_bt_ros/install/yolo_ros/lib/python3.10/site-packages:/home/psh/py_bt_ros/install/yolo_msgs/local/lib/python3.10/dist-packages:${PYTHONPATH} /usr/bin/python3 -W ignore:setup.py install is deprecated -W ignore:easy_install command is deprecated setup.py egg_info --egg-base ../../../build/yolo_ros build --build-base /home/psh/py_bt_ros/build/yolo_ros/build install --record /home/psh/py_bt_ros/build/yolo_ros/install.log --single-version-externally-managed install_data
