[0.764s] Invoking command in '/home/psh/py_bt_ros/src/yolo_ros/yolo_ros': AMENT_PREFIX_PATH=/home/psh/py_bt_ros/install/yolo_msgs:${AMENT_PREFIX_PATH} CMAKE_PREFIX_PATH=/home/psh/py_bt_ros/install/yolo_msgs:${CMAKE_PREFIX_PATH} LD_LIBRARY_PATH=/home/psh/py_bt_ros/install/yolo_msgs/lib:${LD_LIBRARY_PATH} PYTHONPATH=/home/psh/py_bt_ros/build/yolo_ros/prefix_override:/usr/lib/python3/dist-packages/colcon_core/task/python/colcon_distutils_commands:/home/psh/py_bt_ros/install/yolo_ros/lib/python3.10/site-packages:/home/psh/py_bt_ros/install/yolo_msgs/local/lib/python3.10/dist-packages:${PYTHONPATH} /usr/bin/python3 -W ignore:setup.py install is deprecated -W ignore:easy_install command is deprecated setup.py egg_info --egg-base ../../../build/yolo_ros build --build-base /home/psh/py_bt_ros/build/yolo_ros/build install --record /home/psh/py_bt_ros/build/yolo_ros/install.log --single-version-externally-managed install_data
[1.017s] running egg_info
[1.017s] creating ../../../build/yolo_ros/yolo_ros.egg-info
[1.017s] writing ../../../build/yolo_ros/yolo_ros.egg-info/PKG-INFO
[1.017s] writing dependency_links to ../../../build/yolo_ros/yolo_ros.egg-info/dependency_links.txt
[1.017s] writing entry points to ../../../build/yolo_ros/yolo_ros.egg-info/entry_points.txt
[1.018s] writing requirements to ../../../build/yolo_ros/yolo_ros.egg-info/requires.txt
[1.018s] writing top-level names to ../../../build/yolo_ros/yolo_ros.egg-info/top_level.txt
[1.018s] writing manifest file '../../../build/yolo_ros/yolo_ros.egg-info/SOURCES.txt'
[1.020s] reading manifest file '../../../build/yolo_ros/yolo_ros.egg-info/SOURCES.txt'
[1.020s] writing manifest file '../../../build/yolo_ros/yolo_ros.egg-info/SOURCES.txt'
[1.020s] running build
[1.021s] running build_py
[1.021s] creating /home/psh/py_bt_ros/build/yolo_ros/build
[1.021s] creating /home/psh/py_bt_ros/build/yolo_ros/build/lib
[1.021s] creating /home/psh/py_bt_ros/build/yolo_ros/build/lib/yolo_ros
[1.021s] copying yolo_ros/detect_3d_node.py -> /home/psh/py_bt_ros/build/yolo_ros/build/lib/yolo_ros
[1.021s] copying yolo_ros/yolo_node.py -> /home/psh/py_bt_ros/build/yolo_ros/build/lib/yolo_ros
[1.021s] copying yolo_ros/__init__.py -> /home/psh/py_bt_ros/build/yolo_ros/build/lib/yolo_ros
[1.021s] copying yolo_ros/tracking_node.py -> /home/psh/py_bt_ros/build/yolo_ros/build/lib/yolo_ros
[1.021s] copying yolo_ros/debug_node.py -> /home/psh/py_bt_ros/build/yolo_ros/build/lib/yolo_ros
[1.021s] running install
[1.021s] running install_lib
[1.022s] creating /home/psh/py_bt_ros/install/yolo_ros/lib/python3.10/site-packages/yolo_ros
[1.022s] copying /home/psh/py_bt_ros/build/yolo_ros/build/lib/yolo_ros/detect_3d_node.py -> /home/psh/py_bt_ros/install/yolo_ros/lib/python3.10/site-packages/yolo_ros
[1.022s] copying /home/psh/py_bt_ros/build/yolo_ros/build/lib/yolo_ros/yolo_node.py -> /home/psh/py_bt_ros/install/yolo_ros/lib/python3.10/site-packages/yolo_ros
[1.022s] copying /home/psh/py_bt_ros/build/yolo_ros/build/lib/yolo_ros/__init__.py -> /home/psh/py_bt_ros/install/yolo_ros/lib/python3.10/site-packages/yolo_ros
[1.022s] copying /home/psh/py_bt_ros/build/yolo_ros/build/lib/yolo_ros/tracking_node.py -> /home/psh/py_bt_ros/install/yolo_ros/lib/python3.10/site-packages/yolo_ros
[1.022s] copying /home/psh/py_bt_ros/build/yolo_ros/build/lib/yolo_ros/debug_node.py -> /home/psh/py_bt_ros/install/yolo_ros/lib/python3.10/site-packages/yolo_ros
[1.023s] byte-compiling /home/psh/py_bt_ros/install/yolo_ros/lib/python3.10/site-packages/yolo_ros/detect_3d_node.py to detect_3d_node.cpython-310.pyc
[1.025s] byte-compiling /home/psh/py_bt_ros/install/yolo_ros/lib/python3.10/site-packages/yolo_ros/yolo_node.py to yolo_node.cpython-310.pyc
[1.027s] byte-compiling /home/psh/py_bt_ros/install/yolo_ros/lib/python3.10/site-packages/yolo_ros/__init__.py to __init__.cpython-310.pyc
[1.028s] byte-compiling /home/psh/py_bt_ros/install/yolo_ros/lib/python3.10/site-packages/yolo_ros/tracking_node.py to tracking_node.cpython-310.pyc
[1.029s] byte-compiling /home/psh/py_bt_ros/install/yolo_ros/lib/python3.10/site-packages/yolo_ros/debug_node.py to debug_node.cpython-310.pyc
[1.031s] running install_data
[1.031s] creating /home/psh/py_bt_ros/install/yolo_ros/share/ament_index
[1.031s] creating /home/psh/py_bt_ros/install/yolo_ros/share/ament_index/resource_index
[1.031s] creating /home/psh/py_bt_ros/install/yolo_ros/share/ament_index/resource_index/packages
[1.031s] copying resource/yolo_ros -> /home/psh/py_bt_ros/install/yolo_ros/share/ament_index/resource_index/packages
[1.031s] copying package.xml -> /home/psh/py_bt_ros/install/yolo_ros/share/yolo_ros
[1.031s] running install_egg_info
[1.033s] Copying ../../../build/yolo_ros/yolo_ros.egg-info to /home/psh/py_bt_ros/install/yolo_ros/lib/python3.10/site-packages/yolo_ros-0.0.0-py3.10.egg-info
[1.033s] running install_scripts
[1.055s] Installing debug_node script to /home/psh/py_bt_ros/install/yolo_ros/lib/yolo_ros
[1.055s] Installing detect_3d_node script to /home/psh/py_bt_ros/install/yolo_ros/lib/yolo_ros
[1.055s] Installing tracking_node script to /home/psh/py_bt_ros/install/yolo_ros/lib/yolo_ros
[1.055s] Installing yolo_node script to /home/psh/py_bt_ros/install/yolo_ros/lib/yolo_ros
[1.055s] writing list of installed files to '/home/psh/py_bt_ros/build/yolo_ros/install.log'
[1.083s] Invoked command in '/home/psh/py_bt_ros/src/yolo_ros/yolo_ros' returned '0': AMENT_PREFIX_PATH=/home/psh/py_bt_ros/install/yolo_msgs:${AMENT_PREFIX_PATH} CMAKE_PREFIX_PATH=/home/psh/py_bt_ros/install/yolo_msgs:${CMAKE_PREFIX_PATH} LD_LIBRARY_PATH=/home/psh/py_bt_ros/install/yolo_msgs/lib:${LD_LIBRARY_PATH} PYTHONPATH=/home/psh/py_bt_ros/build/yolo_ros/prefix_override:/usr/lib/python3/dist-packages/colcon_core/task/python/colcon_distutils_commands:/home/psh/py_bt_ros/install/yolo_ros/lib/python3.10/site-packages:/home/psh/py_bt_ros/install/yolo_msgs/local/lib/python3.10/dist-packages:${PYTHONPATH} /usr/bin/python3 -W ignore:setup.py install is deprecated -W ignore:easy_install command is deprecated setup.py egg_info --egg-base ../../../build/yolo_ros build --build-base /home/psh/py_bt_ros/build/yolo_ros/build install --record /home/psh/py_bt_ros/build/yolo_ros/install.log --single-version-externally-managed install_data
